#CMT---> Warning: package not found: TDAQCPolicyExt v* TDAQCPolicy (requested by DataCollection)
#CMT---> Warning: package not found: DBRelease current (requested by AtlasDBRelease)
#CMT---> Warning: package not found: AtlasCoreRunTime AtlasCoreRunTime-00-00-49 (requested by AtlasCoreRelease)
Creating setup scripts.
Creating cleanup scripts.
#CMT---> Warning: package not found: TDAQCPolicyExt v* TDAQCPolicy (requested by DataCollection)
#CMT---> Warning: package not found: DBRelease current (requested by AtlasDBRelease)
#CMT---> Warning: package not found: AtlasCoreRunTime AtlasCoreRunTime-00-00-49 (requested by AtlasCoreRelease)
#CMT---> Warning: package not found: TDAQCPolicyExt v* TDAQCPolicy (requested by DataCollection)
#CMT---> Warning: package not found: DBRelease current (requested by AtlasDBRelease)
#CMT---> Warning: package not found: AtlasCoreRunTime AtlasCoreRunTime-00-00-49 (requested by AtlasCoreRelease)
Creating setup scripts.
Creating cleanup scripts.
Creating setup scripts.
Creating cleanup scripts.
Creating setup scripts.
Creating cleanup scripts.
Creating setup scripts.
Creating cleanup scripts.
Creating setup scripts.
Creating cleanup scripts.
Creating setup scripts.
Creating cleanup scripts.
Creating setup scripts.
Creating cleanup scripts.
Creating setup scripts.
Creating cleanup scripts.
Creating native_version file.
Creating setup scripts.
Creating cleanup scripts.
Creating setup scripts.
Creating cleanup scripts.
Creating setup scripts.
Creating cleanup scripts.
Creating setup scripts.
Creating cleanup scripts.
Creating native_version file.
Creating setup scripts.
Creating cleanup scripts.
Creating native_version file.
Creating setup scripts.
Creating cleanup scripts.
Creating setup scripts.
Creating cleanup scripts.
Creating setup scripts.
Creating cleanup scripts.
Creating setup scripts.
Creating cleanup scripts.
Creating native_version file.
Creating setup scripts.
Creating cleanup scripts.
Creating native_version file.
Creating setup scripts.
Creating cleanup scripts.
Creating setup scripts.
Creating cleanup scripts.
Creating setup scripts.
Creating cleanup scripts.
Creating native_version file.
#CMT---> Warning: package not found: DBRelease current (requested by AtlasDBRelease)
Creating setup scripts.
Creating cleanup scripts.
Creating native_version file.
Creating setup scripts.
Creating cleanup scripts.
Creating setup scripts.
Creating cleanup scripts.
Creating native_version file.
Creating setup scripts.
Creating cleanup scripts.
Creating setup scripts.
Creating cleanup scripts.
Creating native_version file.
Creating setup scripts.
Creating cleanup scripts.
Creating native_version file.
Creating setup scripts.
Creating cleanup scripts.
Creating native_version file.
Creating setup scripts.
Creating cleanup scripts.
Creating native_version file.
Creating setup scripts.
Creating cleanup scripts.
Creating setup scripts.
Creating cleanup scripts.
Creating native_version file.
Creating setup scripts.
Creating cleanup scripts.
Creating setup scripts.
Creating cleanup scripts.
Creating setup scripts.
Creating cleanup scripts.
Creating setup scripts.
Creating cleanup scripts.
Creating setup scripts.
Creating cleanup scripts.
Creating native_version file.
Creating setup scripts.
Creating cleanup scripts.
Creating setup scripts.
Creating cleanup scripts.
Creating setup scripts.
Creating cleanup scripts.
Creating setup scripts.
Creating cleanup scripts.
Creating setup scripts.
Creating cleanup scripts.
Creating setup scripts.
Creating cleanup scripts.
Creating setup scripts.
Creating cleanup scripts.
Creating setup scripts.
Creating cleanup scripts.
Creating setup scripts.
Creating cleanup scripts.
Creating setup scripts.
Creating cleanup scripts.
Creating setup scripts.
Creating cleanup scripts.
#CMT---> Warning: package not found: TDAQCPolicyExt v* TDAQCPolicy (requested by DataCollection)
Creating setup scripts.
Creating cleanup scripts.
Creating setup scripts.
Creating cleanup scripts.
Creating setup scripts.
Creating cleanup scripts.
Creating setup scripts.
Creating cleanup scripts.
Creating setup scripts.
Creating cleanup scripts.
Creating setup scripts.
Creating cleanup scripts.
Creating setup scripts.
Creating cleanup scripts.
Creating setup scripts.
Creating cleanup scripts.
Creating setup scripts.
Creating cleanup scripts.
Creating setup scripts.
Creating cleanup scripts.
Creating setup scripts.
Creating cleanup scripts.
Creating setup scripts.
Creating cleanup scripts.
Creating setup scripts.
Creating cleanup scripts.
Creating setup scripts.
Creating cleanup scripts.
Creating native_version file.
Creating setup scripts.
Creating cleanup scripts.
Creating native_version file.
Creating setup scripts.
Creating cleanup scripts.
Creating native_version file.
Creating setup scripts.
Creating cleanup scripts.
Creating setup scripts.
Creating cleanup scripts.
Creating setup scripts.
Creating cleanup scripts.
Creating native_version file.
Creating setup scripts.
Creating cleanup scripts.
Creating setup scripts.
Creating cleanup scripts.
Creating setup scripts.
Creating cleanup scripts.
Creating setup scripts.
Creating cleanup scripts.
Creating setup scripts.
Creating cleanup scripts.
Creating setup scripts.
Creating cleanup scripts.
Creating setup scripts.
Creating cleanup scripts.
Creating setup scripts.
Creating cleanup scripts.
Creating setup scripts.
Creating cleanup scripts.
Creating setup scripts.
Creating cleanup scripts.
Creating setup scripts.
Creating cleanup scripts.
Creating setup scripts.
Creating cleanup scripts.
Creating setup scripts.
Creating cleanup scripts.
Creating setup scripts.
Creating cleanup scripts.
Creating setup scripts.
Creating cleanup scripts.
Creating setup scripts.
Creating cleanup scripts.
Creating setup scripts.
Creating cleanup scripts.
Creating setup scripts.
Creating cleanup scripts.
Creating setup scripts.
Creating cleanup scripts.
Creating setup scripts.
Creating cleanup scripts.
Creating setup scripts.
Creating cleanup scripts.
Creating setup scripts.
Creating cleanup scripts.
Creating setup scripts.
Creating cleanup scripts.
Creating setup scripts.
Creating cleanup scripts.
Creating setup scripts.
Creating cleanup scripts.
Creating setup scripts.
Creating cleanup scripts.
Creating setup scripts.
Creating cleanup scripts.
Creating setup scripts.
Creating cleanup scripts.
Creating setup scripts.
Creating cleanup scripts.
Creating setup scripts.
Creating cleanup scripts.
Creating setup scripts.
Creating cleanup scripts.
Creating setup scripts.
Creating cleanup scripts.
Creating setup scripts.
Creating cleanup scripts.
Creating setup scripts.
Creating cleanup scripts.
Creating setup scripts.
Creating cleanup scripts.
Creating setup scripts.
Creating cleanup scripts.
Creating setup scripts.
Creating cleanup scripts.
Creating setup scripts.
Creating cleanup scripts.
Creating setup scripts.
Creating cleanup scripts.
Creating setup scripts.
Creating cleanup scripts.
Creating setup scripts.
Creating cleanup scripts.
Creating setup scripts.
Creating cleanup scripts.
Creating setup scripts.
Creating cleanup scripts.
Creating setup scripts.
Creating cleanup scripts.
Creating setup scripts.
Creating cleanup scripts.
Creating setup scripts.
Creating cleanup scripts.
Creating setup scripts.
Creating cleanup scripts.
Creating setup scripts.
Creating cleanup scripts.
Creating setup scripts.
Creating cleanup scripts.
Creating setup scripts.
Creating cleanup scripts.
Creating setup scripts.
Creating cleanup scripts.
Creating setup scripts.
Creating cleanup scripts.
Creating setup scripts.
Creating cleanup scripts.
Creating setup scripts.
Creating cleanup scripts.
Creating setup scripts.
Creating cleanup scripts.
Creating setup scripts.
Creating cleanup scripts.
Creating setup scripts.
Creating cleanup scripts.
Creating setup scripts.
Creating cleanup scripts.
Creating setup scripts.
Creating cleanup scripts.
Creating setup scripts.
Creating cleanup scripts.
Creating setup scripts.
Creating cleanup scripts.
Creating setup scripts.
Creating cleanup scripts.
Creating setup scripts.
Creating cleanup scripts.
Creating setup scripts.
Creating cleanup scripts.
Creating setup scripts.
Creating cleanup scripts.
Creating setup scripts.
Creating cleanup scripts.
Creating setup scripts.
Creating cleanup scripts.
Creating setup scripts.
Creating cleanup scripts.
Creating setup scripts.
Creating cleanup scripts.
Creating setup scripts.
Creating cleanup scripts.
Creating setup scripts.
Creating cleanup scripts.
Creating setup scripts.
Creating cleanup scripts.
Creating setup scripts.
Creating cleanup scripts.
Creating setup scripts.
Creating cleanup scripts.
Creating setup scripts.
Creating cleanup scripts.
Creating setup scripts.
Creating cleanup scripts.
Creating setup scripts.
Creating cleanup scripts.
Creating setup scripts.
Creating cleanup scripts.
Creating setup scripts.
Creating cleanup scripts.
Creating setup scripts.
Creating cleanup scripts.
Creating setup scripts.
Creating cleanup scripts.
Creating setup scripts.
Creating cleanup scripts.
Creating setup scripts.
Creating cleanup scripts.
Creating setup scripts.
Creating cleanup scripts.
#CMT---> Warning: package not found: TDAQCPolicyExt v* TDAQCPolicy (requested by DataCollection)
Creating setup scripts.
Creating cleanup scripts.
Creating setup scripts.
Creating cleanup scripts.
Creating setup scripts.
Creating cleanup scripts.
Creating setup scripts.
Creating cleanup scripts.
Creating setup scripts.
Creating cleanup scripts.
Creating setup scripts.
Creating cleanup scripts.
Creating setup scripts.
Creating cleanup scripts.
Creating setup scripts.
Creating cleanup scripts.
Creating setup scripts.
Creating cleanup scripts.
Creating setup scripts.
Creating cleanup scripts.
Creating setup scripts.
Creating cleanup scripts.
Creating setup scripts.
Creating cleanup scripts.
Creating setup scripts.
Creating cleanup scripts.
Creating setup scripts.
Creating cleanup scripts.
Creating setup scripts.
Creating cleanup scripts.
Creating setup scripts.
Creating cleanup scripts.
Creating setup scripts.
Creating cleanup scripts.
Creating setup scripts.
Creating cleanup scripts.
Creating setup scripts.
Creating cleanup scripts.
Creating setup scripts.
Creating cleanup scripts.
Creating setup scripts.
Creating cleanup scripts.
Creating setup scripts.
Creating cleanup scripts.
Creating setup scripts.
Creating cleanup scripts.
Creating setup scripts.
Creating cleanup scripts.
Creating setup scripts.
Creating cleanup scripts.
Creating setup scripts.
Creating cleanup scripts.
#CMT---> Warning: package not found: TDAQCPolicyExt v* TDAQCPolicy (requested by DataCollection)
Creating setup scripts.
Creating cleanup scripts.
Creating setup scripts.
Creating cleanup scripts.
Creating setup scripts.
Creating cleanup scripts.
Creating setup scripts.
Creating cleanup scripts.
Creating setup scripts.
Creating cleanup scripts.
Creating setup scripts.
Creating cleanup scripts.
Creating setup scripts.
Creating cleanup scripts.
Creating setup scripts.
Creating cleanup scripts.
Creating setup scripts.
Creating cleanup scripts.
Creating setup scripts.
Creating cleanup scripts.
Creating setup scripts.
Creating cleanup scripts.
Creating setup scripts.
Creating cleanup scripts.
Creating setup scripts.
Creating cleanup scripts.
Creating setup scripts.
Creating cleanup scripts.
Creating setup scripts.
Creating cleanup scripts.
Creating setup scripts.
Creating cleanup scripts.
Creating setup scripts.
Creating cleanup scripts.
#CMT---> Warning: package not found: TDAQCPolicyExt v* TDAQCPolicy (requested by DataCollection)
Creating setup scripts.
Creating cleanup scripts.
#CMT---> Warning: package not found: TDAQCPolicyExt v* TDAQCPolicy (requested by DataCollection)
Creating setup scripts.
Creating cleanup scripts.
Creating setup scripts.
Creating cleanup scripts.
Creating setup scripts.
Creating cleanup scripts.
Creating setup scripts.
Creating cleanup scripts.
Creating setup scripts.
Creating cleanup scripts.
Creating setup scripts.
Creating cleanup scripts.
Creating setup scripts.
Creating cleanup scripts.
Creating setup scripts.
Creating cleanup scripts.
Creating setup scripts.
Creating cleanup scripts.
Creating setup scripts.
Creating cleanup scripts.
Creating setup scripts.
Creating cleanup scripts.
Creating setup scripts.
Creating cleanup scripts.
Creating setup scripts.
Creating cleanup scripts.
Creating setup scripts.
Creating cleanup scripts.
Creating setup scripts.
Creating cleanup scripts.
Creating setup scripts.
Creating cleanup scripts.
Creating setup scripts.
Creating cleanup scripts.
Creating setup scripts.
Creating cleanup scripts.
Creating setup scripts.
Creating cleanup scripts.
Creating setup scripts.
Creating cleanup scripts.
Creating setup scripts.
Creating cleanup scripts.
Creating setup scripts.
Creating cleanup scripts.
#CMT---> Warning: package not found: TDAQCPolicyExt v* TDAQCPolicy (requested by DataCollection)
#CMT---> Warning: package not found: DBRelease current (requested by AtlasDBRelease)
#CMT---> Warning: package not found: AtlasCoreRunTime AtlasCoreRunTime-00-00-49 (requested by AtlasCoreRelease)
Creating setup scripts.
Creating cleanup scripts.
#CMT---> Warning: package not found: TDAQCPolicyExt v* TDAQCPolicy (requested by DataCollection)
#CMT---> Warning: package not found: DBRelease current (requested by AtlasDBRelease)
#CMT---> Warning: package not found: AtlasCoreRunTime AtlasCoreRunTime-00-00-49 (requested by AtlasCoreRelease)
#CMT---> (constituents.make) install_headers: No rule for such target
#CMT---> (constituents.make) install_headers: No rule for such target
#CMT---> (constituents.make) install_headers: No rule for such target
#CMT---> (constituents.make) install_headers: No rule for such target
#CMT---> (constituents.make) install_headers: No rule for such target
#CMT---> (constituents.make) install_headers: No rule for such target
#CMT---> (constituents.make) install_headers: No rule for such target
#CMT---> (constituents.make) install_headers: No rule for such target
#CMT---> (constituents.make) install_headers: No rule for such target
#CMT---> (constituents.make) install_headers: No rule for such target
#CMT---> (constituents.make) install_headers: No rule for such target
#CMT---> (constituents.make) install_headers: No rule for such target
#CMT---> (constituents.make) install_headers: No rule for such target
#CMT---> (constituents.make) install_headers: No rule for such target
#CMT---> (constituents.make) install_headers: No rule for such target
#CMT---> (constituents.make) install_headers: No rule for such target
#CMT---> (constituents.make) install_headers: No rule for such target
#CMT---> (constituents.make) install_headers: No rule for such target
#CMT---> (constituents.make) install_headers: No rule for such target
#CMT---> (constituents.make) install_headers: No rule for such target
#CMT---> (constituents.make) install_headers: No rule for such target
#CMT---> Warning: package not found: DBRelease current (requested by AtlasDBRelease)
#CMT---> (constituents.make) install_headers: No rule for such target
#CMT---> (constituents.make) install_headers: No rule for such target
#CMT---> (constituents.make) install_headers: No rule for such target
#CMT---> (constituents.make) install_headers: No rule for such target
#CMT---> (constituents.make) install_headers: No rule for such target
#CMT---> (constituents.make) install_headers: No rule for such target
#CMT---> (constituents.make) install_headers: No rule for such target
#CMT---> (constituents.make) install_headers: No rule for such target
#CMT---> (constituents.make) install_headers: No rule for such target
#CMT---> (constituents.make) install_headers: No rule for such target
#CMT---> (constituents.make) install_headers: No rule for such target
#CMT---> (constituents.make) install_headers: No rule for such target
#CMT---> (constituents.make) install_headers: No rule for such target
#CMT---> (constituents.make) install_headers: No rule for such target
#CMT---> (constituents.make) install_headers: No rule for such target
#CMT---> (constituents.make) install_headers: No rule for such target
#CMT---> (constituents.make) install_headers: No rule for such target
#CMT---> (constituents.make) install_headers: No rule for such target
#CMT---> (constituents.make) install_headers: No rule for such target
#CMT---> (constituents.make) install_headers: No rule for such target
#CMT---> (constituents.make) install_headers: No rule for such target
#CMT---> (constituents.make) install_headers: No rule for such target
#CMT---> (constituents.make) install_headers: No rule for such target
#CMT---> (constituents.make) install_headers: No rule for such target
#CMT---> (constituents.make) install_headers: No rule for such target
#CMT---> (constituents.make) install_headers: No rule for such target
#CMT---> Warning: package not found: TDAQCPolicyExt v* TDAQCPolicy (requested by DataCollection)
#CMT---> (constituents.make) install_headers: No rule for such target
#CMT---> (constituents.make) install_headers: No rule for such target
#CMT---> (constituents.make) install_headers: No rule for such target
#CMT---> (constituents.make) install_headers: No rule for such target
#CMT---> (constituents.make) install_headers: No rule for such target
#CMT---> (constituents.make) install_headers: No rule for such target
#CMT---> (constituents.make) install_headers: No rule for such target
#CMT---> (constituents.make) install_headers: No rule for such target
#CMT---> (constituents.make) install_headers: No rule for such target
#CMT---> (constituents.make) install_headers: No rule for such target
#CMT---> (constituents.make) install_headers: No rule for such target
#CMT---> (constituents.make) install_headers: No rule for such target
#CMT---> (constituents.make) install_headers: No rule for such target
#CMT---> (constituents.make) install_headers: No rule for such target
#CMT---> (constituents.make) install_headers: No rule for such target
#CMT---> (constituents.make) install_headers: No rule for such target
#CMT---> (constituents.make) install_headers: No rule for such target
#CMT---> (constituents.make) install_headers: No rule for such target
#CMT---> (constituents.make) install_headers: No rule for such target
#CMT---> (constituents.make) install_headers: No rule for such target
#CMT---> (constituents.make) install_headers: No rule for such target
#CMT---> (constituents.make) install_headers: No rule for such target
#CMT---> (constituents.make) install_headers: No rule for such target
#CMT---> (constituents.make) install_headers: No rule for such target
#CMT---> (constituents.make) install_headers: No rule for such target
#CMT---> (constituents.make) install_headers: No rule for such target
#CMT---> (constituents.make) install_headers: No rule for such target
#CMT---> (constituents.make) install_headers: No rule for such target
#CMT---> (constituents.make) install_headers: No rule for such target
#CMT---> (constituents.make) install_headers: No rule for such target
#CMT---> (constituents.make) install_headers: No rule for such target
#CMT---> (constituents.make) install_headers: No rule for such target
#CMT---> (constituents.make) install_headers: No rule for such target
#CMT---> (constituents.make) install_headers: No rule for such target
#CMT---> (constituents.make) install_headers: No rule for such target
#CMT---> (constituents.make) install_headers: No rule for such target
#CMT---> (constituents.make) install_headers: No rule for such target
#CMT---> (constituents.make) install_headers: No rule for such target
#CMT---> (constituents.make) install_headers: No rule for such target
#CMT---> (constituents.make) install_headers: No rule for such target
#CMT---> (constituents.make) install_headers: No rule for such target
#CMT---> (constituents.make) install_headers: No rule for such target
#CMT---> (constituents.make) install_headers: No rule for such target
#CMT---> (constituents.make) install_headers: No rule for such target
#CMT---> (constituents.make) install_headers: No rule for such target
#CMT---> (constituents.make) install_headers: No rule for such target
#CMT---> (constituents.make) install_headers: No rule for such target
#CMT---> (constituents.make) install_headers: No rule for such target
#CMT---> (constituents.make) install_headers: No rule for such target
#CMT---> (constituents.make) install_headers: No rule for such target
#CMT---> (constituents.make) install_headers: No rule for such target
#CMT---> (constituents.make) install_headers: No rule for such target
#CMT---> (constituents.make) install_headers: No rule for such target
#CMT---> (constituents.make) install_headers: No rule for such target
#CMT---> (constituents.make) install_headers: No rule for such target
#CMT---> (constituents.make) install_headers: No rule for such target
#CMT---> (constituents.make) install_headers: No rule for such target
#CMT---> (constituents.make) install_headers: No rule for such target
#CMT---> (constituents.make) install_headers: No rule for such target
#CMT---> (constituents.make) install_headers: No rule for such target
#CMT---> (constituents.make) install_headers: No rule for such target
#CMT---> (constituents.make) install_headers: No rule for such target
#CMT---> (constituents.make) install_headers: No rule for such target
#CMT---> (constituents.make) install_headers: No rule for such target
#CMT---> (constituents.make) install_headers: No rule for such target
#CMT---> (constituents.make) install_headers: No rule for such target
#CMT---> (constituents.make) install_headers: No rule for such target
#CMT---> (constituents.make) install_headers: No rule for such target
#CMT---> (constituents.make) install_headers: No rule for such target
#CMT---> (constituents.make) install_headers: No rule for such target
#CMT---> (constituents.make) install_headers: No rule for such target
#CMT---> (constituents.make) install_headers: No rule for such target
#CMT---> (constituents.make) install_headers: No rule for such target
#CMT---> (constituents.make) install_headers: No rule for such target
#CMT---> (constituents.make) install_headers: No rule for such target
#CMT---> (constituents.make) install_headers: No rule for such target
#CMT---> (constituents.make) install_headers: No rule for such target
#CMT---> (constituents.make) install_headers: No rule for such target
#CMT---> (constituents.make) install_headers: No rule for such target
#CMT---> (constituents.make) install_headers: No rule for such target
#CMT---> (constituents.make) install_headers: No rule for such target
#CMT---> (constituents.make) install_headers: No rule for such target
#CMT---> (constituents.make) install_headers: No rule for such target
#CMT---> (constituents.make) install_headers: No rule for such target
#CMT---> (constituents.make) install_headers: No rule for such target
#CMT---> (constituents.make) install_headers: No rule for such target
#CMT---> (constituents.make) install_headers: No rule for such target
#CMT---> (constituents.make) install_headers: No rule for such target
#CMT---> (constituents.make) install_headers: No rule for such target
#CMT---> (constituents.make) install_headers: No rule for such target
#CMT---> (constituents.make) install_headers: No rule for such target
#CMT---> (constituents.make) install_headers: No rule for such target
#CMT---> (constituents.make) install_headers: No rule for such target
#CMT---> (constituents.make) install_headers: No rule for such target
#CMT---> (constituents.make) install_headers: No rule for such target
#CMT---> (constituents.make) install_headers: No rule for such target
#CMT---> (constituents.make) install_headers: No rule for such target
#CMT---> (constituents.make) install_headers: No rule for such target
#CMT---> (constituents.make) install_headers: No rule for such target
#CMT---> (constituents.make) install_headers: No rule for such target
#CMT---> (constituents.make) install_headers: No rule for such target
#CMT---> (constituents.make) install_headers: No rule for such target
#CMT---> (constituents.make) install_headers: No rule for such target
#CMT---> Warning: package not found: TDAQCPolicyExt v* TDAQCPolicy (requested by DataCollection)
#CMT---> (constituents.make) install_headers: No rule for such target
#CMT---> (constituents.make) install_headers: No rule for such target
#CMT---> (constituents.make) install_headers: No rule for such target
#CMT---> (constituents.make) install_headers: No rule for such target
#CMT---> (constituents.make) install_headers: No rule for such target
#CMT---> (constituents.make) install_headers: No rule for such target
#CMT---> (constituents.make) install_headers: No rule for such target
#CMT---> (constituents.make) install_headers: No rule for such target
#CMT---> (constituents.make) install_headers: No rule for such target
#CMT---> (constituents.make) install_headers: No rule for such target
#CMT---> (constituents.make) install_headers: No rule for such target
#CMT---> (constituents.make) install_headers: No rule for such target
#CMT---> (constituents.make) install_headers: No rule for such target
#CMT---> (constituents.make) install_headers: No rule for such target
#CMT---> (constituents.make) install_headers: No rule for such target
#CMT---> (constituents.make) install_headers: No rule for such target
#CMT---> (constituents.make) install_headers: No rule for such target
#CMT---> (constituents.make) install_headers: No rule for such target
#CMT---> (constituents.make) install_headers: No rule for such target
#CMT---> (constituents.make) install_headers: No rule for such target
#CMT---> (constituents.make) install_headers: No rule for such target
#CMT---> (constituents.make) install_headers: No rule for such target
#CMT---> (constituents.make) install_headers: No rule for such target
#CMT---> (constituents.make) install_headers: No rule for such target
#CMT---> (constituents.make) install_headers: No rule for such target
#CMT---> (constituents.make) install_headers: No rule for such target
#CMT---> Warning: package not found: TDAQCPolicyExt v* TDAQCPolicy (requested by DataCollection)
#CMT---> (constituents.make) install_headers: No rule for such target
#CMT---> (constituents.make) install_headers: No rule for such target
#CMT---> (constituents.make) install_headers: No rule for such target
#CMT---> (constituents.make) install_headers: No rule for such target
#CMT---> (constituents.make) install_headers: No rule for such target
#CMT---> (constituents.make) install_headers: No rule for such target
#CMT---> (constituents.make) install_headers: No rule for such target
#CMT---> (constituents.make) install_headers: No rule for such target
#CMT---> (constituents.make) install_headers: No rule for such target
#CMT---> (constituents.make) install_headers: No rule for such target
#CMT---> (constituents.make) install_headers: No rule for such target
#CMT---> (constituents.make) install_headers: No rule for such target
#CMT---> (constituents.make) install_headers: No rule for such target
#CMT---> (constituents.make) install_headers: No rule for such target
#CMT---> (constituents.make) install_headers: No rule for such target
#CMT---> (constituents.make) install_headers: No rule for such target
#CMT---> (constituents.make) install_headers: No rule for such target
#CMT---> Warning: package not found: TDAQCPolicyExt v* TDAQCPolicy (requested by DataCollection)
#CMT---> (constituents.make) install_headers: No rule for such target
#CMT---> Warning: package not found: TDAQCPolicyExt v* TDAQCPolicy (requested by DataCollection)
#CMT---> (constituents.make) install_headers: No rule for such target
#CMT---> (constituents.make) install_headers: No rule for such target
#CMT---> (constituents.make) install_headers: No rule for such target
#CMT---> (constituents.make) install_headers: No rule for such target
#CMT---> (constituents.make) install_headers: No rule for such target
#CMT---> (constituents.make) install_headers: No rule for such target
#CMT---> (constituents.make) install_headers: No rule for such target
#CMT---> (constituents.make) install_headers: No rule for such target
#CMT---> (constituents.make) install_headers: No rule for such target
#CMT---> (constituents.make) install_headers: No rule for such target
#CMT---> (constituents.make) install_headers: No rule for such target
#CMT---> (constituents.make) install_headers: No rule for such target
#CMT---> (constituents.make) install_headers: No rule for such target
#CMT---> (constituents.make) install_headers: No rule for such target
#CMT---> (constituents.make) install_headers: No rule for such target
#CMT---> (constituents.make) install_headers: No rule for such target
#CMT---> (constituents.make) install_headers: No rule for such target
#CMT---> (constituents.make) install_headers: No rule for such target
#CMT---> (constituents.make) install_headers: No rule for such target
#CMT---> (constituents.make) install_headers: No rule for such target
#CMT---> (constituents.make) install_headers: No rule for such target
#CMT---> (constituents.make) install_headers: No rule for such target
#CMT---> Warning: package not found: TDAQCPolicyExt v* TDAQCPolicy (requested by DataCollection)
#CMT---> Warning: package not found: DBRelease current (requested by AtlasDBRelease)
#CMT---> Warning: package not found: AtlasCoreRunTime AtlasCoreRunTime-00-00-49 (requested by AtlasCoreRelease)
#CMT---> (constituents.make) install_headers: No rule for such target
#CMT---> Warning: package not found: TDAQCPolicyExt v* TDAQCPolicy (requested by DataCollection)
#CMT---> Warning: package not found: DBRelease current (requested by AtlasDBRelease)
#CMT---> Warning: package not found: AtlasCoreRunTime AtlasCoreRunTime-00-00-49 (requested by AtlasCoreRelease)
#CMT---> Info: Document checkreq
#CMT---> Info: Document checkreq
#CMT---> Info: Document checkreq
#CMT---> Info: Document checkreq
#CMT---> Info: Document dpm_symlink
#CMT---> Info: Document checkreq
#CMT---> Info: Document checkreq
#CMT---> Info: Document checkreq
#CMT---> Info: Document checkreq
#CMT---> Info: Document checkreq
#CMT---> Info: Document install_scripts
#CMT---> Info: Document checkreq
#CMT---> Info: Document checkreq
#CMT---> Info: Document checkreq
#CMT---> Info: Document check_install_
#CMT---> Info: Document install_
#CMT---> Info: Document checkreq
#CMT---> Info: Document checkreq
#CMT---> Info: Document checkreq
#CMT---> Info: Document checkreq
#CMT---> Info: Document install_scripts
#CMT---> Info: Document install_runtime
#CMT---> Info: Document checkreq
#CMT---> Info: Document checkreq
#CMT---> Info: Document check_install_
#CMT---> Info: Document install_
#CMT---> Info: Document checkreq
#CMT---> Info: Document check_install_
#CMT---> Info: Document install_
#CMT---> Info: Document checkreq
#CMT---> Info: Application taginfo
#CMT---> Info: calculating dependencies for ../src/taginfo.java
#CMT---> Info: Document check_install_
#CMT---> Info: Document checkreq
#CMT---> Info: Document install_
#CMT---> Info: Document checkreq
#CMT---> Info: Document install_jars
#CMT---> Warning: Source file /sw/lcg/external/Java/mysql-connector/5.0.5/share/mysql-connector-java-5.0.5-bin.jar not found
#CMT---> Info: Document check_install_
#CMT---> (install_jars.make) /sw/lcg/external/Java/mysql-connector/5.0.5/share/mysql-connector-java-5.0.5-bin.jar: No rule for such target
#CMT---> Info: Document install_
#CMT---> Info: Document checkreq
#CMT---> Info: Document install_jars
#CMT---> Warning: Source file /sw/lcg/external/Java/axis/1.4/share/lib/axis.jar not found
#CMT---> Warning: Source file /sw/lcg/external/Java/axis/1.4/share/lib/axis-ant.jar not found
#CMT---> Warning: Source file /sw/lcg/external/Java/axis/1.4/share/lib/jaxrpc.jar not found
#CMT---> Warning: Source file /sw/lcg/external/Java/axis/1.4/share/lib/commons-logging-1.0.4.jar not found
#CMT---> Warning: Source file /sw/lcg/external/Java/axis/1.4/share/lib/commons-discovery-0.2.jar not found
#CMT---> Warning: Source file /sw/lcg/external/Java/axis/1.4/share/lib/saaj.jar not found
#CMT---> Warning: Source file /sw/lcg/external/Java/axis/1.4/share/lib/wsdl4j-1.5.1.jar not found
#CMT---> Warning: Source file /sw/lcg/external/Java/axis/1.4/share/lib/log4j-1.2.8.jar not found
#CMT---> Info: Document check_install_
#CMT---> (install_jars.make) /sw/lcg/external/Java/axis/1.4/share/lib/axis.jar: No rule for such target
#CMT---> (install_jars.make) /sw/lcg/external/Java/axis/1.4/share/lib/axis-ant.jar: No rule for such target
#CMT---> (install_jars.make) /sw/lcg/external/Java/axis/1.4/share/lib/jaxrpc.jar: No rule for such target
#CMT---> (install_jars.make) /sw/lcg/external/Java/axis/1.4/share/lib/commons-discovery-0.2.jar: No rule for such target
#CMT---> (install_jars.make) /sw/lcg/external/Java/axis/1.4/share/lib/commons-logging-1.0.4.jar: No rule for such target
#CMT---> (install_jars.make) /sw/lcg/external/Java/axis/1.4/share/lib/saaj.jar: No rule for such target
#CMT---> (install_jars.make) /sw/lcg/external/Java/axis/1.4/share/lib/wsdl4j-1.5.1.jar: No rule for such target
#CMT---> (install_jars.make) /sw/lcg/external/Java/axis/1.4/share/lib/log4j-1.2.8.jar: No rule for such target
#CMT---> Info: Document install_
#CMT---> Info: Document install_runtime
#CMT---> Info: Document checkreq
#CMT---> Info: Document checkreq
#CMT---> Info: Document checkreq
#CMT---> Info: Document checkreq
#CMT---> Info: Document checkreq
#CMT---> Info: Document checkreq
#CMT---> Info: Document checkreq
   Creating reference file /home/jwsmith/HDD/AtlasOfflineBuild-framework/InstallArea/AtlasCore/AtlasCore-18.9.0/InstallArea/armv7l-fc21-gcc49-opt/lib/libdSFMT-sse2.a.cmtref
   Symlinking /external/dSFMT/dSFMT-2.1/armv7l-fc21-gcc49-opt/libdSFMT-sse2.a to /home/jwsmith/HDD/AtlasOfflineBuild-framework/InstallArea/AtlasCore/AtlasCore-18.9.0/InstallArea/armv7l-fc21-gcc49-opt/lib/libdSFMT-sse2.a
#CMT---> Info: Document check_install_AtlasDSFMT_home
#CMT---> Info: Document checkreq
#CMT---> Info: Document install_AtlasDSFMT_home
#CMT---> Warning: Source file /external/dSFMT not found
/bin/sh: line 2: cd: /external: No such file or directory
#CMT---> Info: Document checkreq
#CMT---> Info: Document checkreq
#CMT---> Info: Document checkreq
#CMT---> Info: Document checkreq
#CMT---> Info: Document checkreq
#CMT---> Info: Document checkreq
#CMT---> Info: Document checkreq
#CMT---> Info: Document checkreq
#CMT---> Info: Document STLRflxMergeRelaxMap
#CMT---> Info: Document STLAddRflxMergeRelaxMap
#CMT---> Info: Document checkreq
#CMT---> Info: Document checkreq
#CMT---> Info: Document checkreq
#CMT---> Info: Document checkreq
#CMT---> Info: Document checkreq
#CMT---> Info: Document check_install_scripts
#CMT---> Info: Document install_scripts
#CMT---> Info: Document checkreq
#CMT---> Info: Document check_install_joboptions
#CMT---> Info: Document install_includes#CMT--->
 Info: Document check_install_runtime
#CMT---> Info: Document install_runtime
#CMT---> Info: Document install_joboptions
#CMT---> Info: #CMT---> Info: Document check_install_python_modules
Document checkreq
#CMT---> Info: Document check_install_trfruntime
#CMT---> Info: Document check_install_scripts
#CMT---> Info: Document install_includes
#CMT---> Info: Document install_trfruntime
#CMT---> Info: Document install_scripts
#CMT---> Info: Document install_python_modules
#CMT--->#CMT---> Info: Document check_install_python_modules
 Info: Document checkreq
#CMT---> Info: Document check_install_trfs_exe
#CMT---> Info: Document check_install_scripts
#CMT---> Info: Document check_install_trfs_pyt
#CMT---> Info: Document install_includes
#CMT---> Info: Document check_install_trfs_jop
#CMT---> Info: Document install_python_modules
#CMT---> Info: Document install_scripts
#CMT---> Info: Document install_trfs_exe
#CMT---> Info: Document install_trfs_pyt
#CMT---> Info: Document install_trfs_jop
#CMT---> Info: Document PyJobTransformsMisc_python_init
#CMT---> Info: Document checkreq
#CMT---> Info: Document install_includes
#CMT---> Info: Library PmbCxxUtils
#CMT---> Info: Document PmbCxxUtils_optdebug_library
#CMT---> Info: Document check_install_python_modules
#CMT---> Info: Document checkreq
#CMT---> Info: Document install_includes
#CMT---> Info: Document check_install_scripts
#CMT---> Info: Document install_python_modules
#CMT---> Info: Document install_scripts
#CMT---> Info: Document checkreq
#CMT---> Info: Document check_install_python_modules
#CMT---> Info: Document check_install_scripts
#CMT---> Info: Document install_includes
#CMT---> Info: Document install_scripts
#CMT---> Info: Document install_python_modules
#CMT---> Info: Application lwhists_validate
#CMT---> Info: Library LWHists
#CMT---> Info: Document checkreq
#CMT---> Info: Application lwhists_benchmark
#CMT---> Info: Application lwhists_comphistfiles
#CMT---> Info: Document install_includes
#CMT---> Info: Document LWHists_optdebug_library
#CMT---> Info: Document checkreq
#CMT---> Info: Document check_install_runtime
#CMT---> Info: Document check_install_joboptions
#CMT---> Info: Document check_install_python_modules
#CMT---> Info: Document check_install_scripts
#CMT---> Info: Document check_install_xmls
#CMT---> Info: Document install_includes
#CMT---> Info: Document install_joboptions
#CMT---> Info: Document install_runtime
#CMT---> Info: Document install_scripts
#CMT---> Info: Document install_xmls
#CMT---> Info: Document install_python_modules
#CMT---> Info: Document checkreq
#CMT---> Info: Document check_install_runtime
#CMT---> Info: Document install_includes
#CMT---> Info: Application ChkLib
#CMT---> Info: Document install_runtime
#CMT---> Info: Document checkreq
#CMT---> Info: Document check_install_runtime#CMT---> Info: Document install_includes

#CMT---> Info: Document check_install_scripts
#CMT---> Info: Document install_scripts
#CMT---> Info: Document install_runtime
#CMT---> Info: Document checkreq
#CMT---> Info: Document check_install_pygraphics_binariesbinaries
#CMT---> Info: Document install_includes
#CMT---> Info: Document check_install_pygraphics_pymodulepython_modules
#CMT---> Info: Document install_pygraphics_binariesbinaries
#CMT---> Info: Document install_pygraphics_pymodulepython_modules
#CMT---> Info: Document install_includes
#CMT---> Info: Document checkreq
#CMT---> Info: Document checkreq
#CMT---> Info: Document install_includes
#CMT---> Info: Document install_includes
#CMT---> Info: Document checkreq
#CMT---> Info: Document checkreq
#CMT---> Info: Document install_includes
#CMT---> Info: Document checkreq
#CMT---> Info: Application MemoryScanner
#CMT---> Info: Document install_includes
#CMT---> Info: Document check_install_python_modules
#CMT---> Info: Document MemoryMarker
#CMT---> Info: calculating dependencies for ../src/MemoryMarker.c
#CMT---> Info: Document install_python_modules
#CMT---> Info: Document check_install_xmls
#CMT---> Info: Document checkreq
#CMT---> Info: Document check_install_scripts
#CMT---> Info: Document check_install_runtime
#CMT---> Info: Document check_install_
#CMT---> Info: Document install_includes
#CMT---> Info: Document install_xmls
#CMT---> Info: Document install_runtime
#CMT---> Info: Document install_scripts
#CMT---> Info: Document install_
#CMT---> Warning: Source file /external/AtlasAuth/v16/authentication.xml not found
/bin/sh: line 2: cd: /external/AtlasAuth/v16: No such file or directory
#CMT---> Info: Document checkreq
#CMT---> Info: Document install_includes
#CMT---> Info: Library GeoModelKernel
#CMT---> Info: Document GeoModelKernel_optdebug_library
#CMT---> Info: Library XMLCoreParser
#CMT---> Info: Application example1
#CMT---> Info: Document checkreq
#CMT---> Info: Application example2
#CMT--->#CMT---> Info: Document install_includes
 Info: Application texpat
#CMT---> Info: Application example4
#CMT---> Info: Document XMLCoreParser_optdebug_library
#CMT---> Info: Document install_includes
#CMT---> Info: Library Identifier
#CMT---> Info: Document checkreq
#CMT---> Info: Document Identifier_optdebug_library
#CMT---> Info: Document checkreq
#CMT---> Info: Library IdDict
#CMT---> Info: Document install_includes
#CMT---> Info: Document IdDict_optdebug_library
#CMT---> Info: Document checkreq
#CMT---> Info: Application tid
#CMT---> Info: Library IdDictParser
#CMT---> Info: Document check_install_xmls
#CMT---> Info: Application test_det_id
#CMT---> Info: Document install_includes
#CMT---> Info: Document install_xmls
#CMT---> Info: Document IdDictParser_optdebug_library
#CMT---> Info: Document checkreq
#CMT---> Info: Library PerfMonKernel
#CMT---> Info: Document install_includes
#CMT---> Info: Document PerfMonKernel_optdebug_library
#CMT---> Info: Document check_install_scripts
#CMT---> Info: Document check_install_python_modules
#CMT---> Info: Document install_includes
#CMT---> Info: Document checkreq
#CMT---> Info: Document install_scripts
#CMT---> Info: Document install_python_modules
#CMT---> Info: Document checkreq
#CMT---> Info: Document make_pkgbuild_lzo
Py:PkgBuilder        INFO building [lzo-2.0.3]... (armv7l-fc21-gcc49-opt)
#CMT---> Info: Document checkreq
#CMT---> Info: Document make_pkgbuild_szip
Py:PkgBuilder        INFO building [szip-2.1]... (armv7l-fc21-gcc49-opt)
#CMT---> Info: Document checkreq
#CMT---> Info: Document install_includes
#CMT---> Info: Document distutils_build_nose
Py:DistUtils         INFO building [nose] (logfile /home/jwsmith/HDD/AtlasOfflineBuild-framework/InstallArea/AtlasCore/AtlasCore-18.9.0/External/AtlasNose/armv7l-fc21-gcc49-opt/nose-build/distutils-logfile-nose-ghpQBS.txt)
#CMT---> Info: Document checkreq
#CMT---> Info: Document make_pkgbuild_eigen
Py:PkgBuilder        INFO building [eigen-3.1.3]... (armv7l-fc21-gcc49-opt)
#CMT---> Info: Document make_pkgbuild_libunwind
#CMT---> Info: Document checkreq
#CMT---> Info: Document install_includes
Py:PkgBuilder        INFO building [libunwind-1.1]... (armv7l-fc21-gcc49-opt)
#CMT--->#CMT---> Info: Document checkreq
 Info: Document make_pkgbuild_gperftools
#CMT---> Info: Document install_includes
#CMT---> Info: Document check_install_scripts
#CMT---> Info: Document install_scripts
Py:PkgBuilder        INFO building [gperftools-2.1]... (armv7l-fc21-gcc49-opt)
#CMT--->#CMT---> Info: Document checkreq
 Info: Document check_install_python_modules
#CMT---> Info: Application hephprof
#CMT---> Info: Document install_includes
#CMT---> Info: Document install_python_modules
#CMT---> Info: Document MemoryTracker
#CMT---> Info: calculating dependencies for ../src/HashTable.c
#CMT---> Info: Document checkreq
#CMT---> Info: Document install_includes
#CMT---> Info: Document make_pkgbuild_tbb
Py:PkgBuilder        INFO building [tbb-4.1-20130314oss]... (armv7l-fc21-gcc49-opt)
#CMT---> Info: Application test-tbb
../src/test-tbb.cxx:3:30: fatal error: tbb/parallel_for.h: No such file or directory
 #include <tbb/parallel_for.h>
                              ^
compilation terminated.
make[2]: [../armv7l-fc21-gcc49-opt/test-tbb.o] Error 1 (ignored)
../src/test-tbb.cxx:3:30: fatal error: tbb/parallel_for.h: No such file or directory
 #include <tbb/parallel_for.h>
                              ^
compilation terminated.
make[2]: [../armv7l-fc21-gcc49-opt/test-tbb.o] Error 1 (ignored)
lcg-g++-4.9.2: error: ../armv7l-fc21-gcc49-opt/test-tbb.o: No such file or directory
make[2]: [../armv7l-fc21-gcc49-opt/test-tbb.exe] Error 1 (ignored)
objcopy: stimbGIj: debuglink section already exists
#CMT---> Info: Document checkreq
#CMT---> Info: Document make_pkgbuild_bzip2
Py:PkgBuilder        INFO building [bzip2-1.0.5]... (armv7l-fc21-gcc49-opt)
#CMT---> Info: Document checkreq
#CMT---> Info: Document check_install_python_modules
#CMT---> Info: Document check_install_scripts
#CMT---> Info: Document make_pkgbuild_gdb
#CMT---> Info: Document install_includes
#CMT---> Info: Document install_python_modules
#CMT---> Info: Document install_scripts
Py:PkgBuilder        INFO building [gdb-7.4.1]... (armv7l-fc21-gcc49-opt)
#CMT---> Info: Application resolveAtlasAddr2Line
#CMT---> Info: Document checkreq
#CMT---> Info: Library SGAudCore
#CMT---> Info: Document install_includes
#CMT---> Info: Document SGAudCore_optdebug_library
#CMT---> Info: Document checkreq
#CMT---> Info: Document install_includes
#CMT---> Info: Document check_install_scripts
#CMT---> Info: Document install_scripts
#CMT---> Info: Document checkreq
#CMT---> Info: Document check_install_scripts
#CMT---> Info: Document install_includes
#CMT---> Info: Library gccxml_plugin
#CMT---> Info: Document install_scripts
In file included from /usr/lib/gcc/armv7hl-redhat-linux-gnueabi/4.9.2/plugin/include/tm.h:23:0,
                 from ../gccxml_plugin/xml.cxx:66:
/usr/lib/gcc/armv7hl-redhat-linux-gnueabi/4.9.2/plugin/include/config/elfos.h:102:21: warning: invalid suffix on literal; C++11 requires a space between literal and string macro [-Wliteral-suffix]
    fprintf ((FILE), "%s"HOST_WIDE_INT_PRINT_UNSIGNED"\n",\
                     ^
/usr/lib/gcc/armv7hl-redhat-linux-gnueabi/4.9.2/plugin/include/config/elfos.h:170:24: warning: invalid suffix on literal; C++11 requires a space between literal and string macro [-Wliteral-suffix]
       fprintf ((FILE), ","HOST_WIDE_INT_PRINT_UNSIGNED",%u\n",  \
                        ^
In file included from /usr/lib/gcc/armv7hl-redhat-linux-gnueabi/4.9.2/plugin/include/tm.h:44:0,
                 from ../gccxml_plugin/xml.cxx:66:
/usr/lib/gcc/armv7hl-redhat-linux-gnueabi/4.9.2/plugin/include/defaults.h:126:24: warning: invalid suffix on literal; C++11 requires a space between literal and string macro [-Wliteral-suffix]
       fprintf ((FILE), ","HOST_WIDE_INT_PRINT_UNSIGNED",%u\n",  \
                        ^
../gccxml_plugin/gccxml_plugin.cxx:164:19: warning: ISO C++ does not allow C99 designated initializers [-Wpedantic]
 xml_plugin_info = {
                   ^
../gccxml_plugin/gccxml_plugin.cxx:165:40: warning: ISO C++ does not allow C99 designated initializers [-Wpedantic]
   .version = GCCXML_PLUGIN_VERSION_FULL,
                                        ^
../gccxml_plugin/xml.cxx: In function ‘tree_node* xml_get_attrib_arg_helper(tree, char**)’:
../gccxml_plugin/xml.cxx:1721:59: warning: format ‘%ld’ expects argument of type ‘long int’, but argument 4 has type ‘long long int’ [-Wformat=]
       snprintf(*arg, 1, "%ld", TREE_INT_CST(cst).to_shwi());
                                                           ^
../gccxml_plugin/xml.cxx:1721:59: warning: format ‘%ld’ expects argument of type ‘long int’, but argument 4 has type ‘long long int’ [-Wformat=]
#CMT---> Info: Document checkreq
#CMT--->#CMT---> Info: Library AraTool
 Info: Document install_includes
#CMT---> Info: Document check_install_python_modules
#CMT---> Info: Document install_python_modules
#CMT---> Info: Document AraTool_optdebug_library
#CMT---> Info: Document checkreq
#CMT---> Info: Document install_includes
#CMT---> Info: Document AtlasSTLAddReflexGen
#CMT---> Info: calculating dependencies for ../AtlasSTLAddReflex/AtlasSTLAddReflexDict.h
#CMT---> Info: Document check_install_AtlasSTLAddReflexDict_AtlasSTLAddReflexdictrootmap
#CMT---> Info: Library AtlasSTLAddReflexDict
#CMT---> Info: Document install_AtlasSTLAddReflexDict_AtlasSTLAddReflexdictrootmap
#CMT--->#CMT---> Info: Document AtlasSTLAddReflexDict_optdebug_library
 Info: Document AtlasSTLAddReflexDictMerge
#CMT---> Info: calculating dependencies for ../AtlasSTLAddReflex/AtlasSTLAddReflexDict.h
#CMT---> Info: Document checkreq
#CMT---> Info: Document install_includes
#CMT---> Info: Library AthenaRootKernel
#CMT---> Info: Document AthenaRootKernel_optdebug_library
#CMT---> Info: Document checkreq
#CMT---> Info: Document check_install_python_modules
#CMT---> Info: Document check_install_joboptions
#CMT---> Info: Library PyKernel
#CMT---> Info: Document install_includes
#CMT---> Info: Document install_joboptions
#CMT---> Info: Document PyKernelGen
#CMT---> Info: Document install_python_modules
#CMT---> Info: calculating dependencies for ../PyKernel/PyKernelDict.h
#CMT---> Info: Document PyKernel_optdebug_library
#CMT---> Info: Document check_install_PyKernelDict_PyKerneldictrootmap
#CMT---> Info: Library PyKernelDict
#CMT---> Info: Document install_PyKernelDict_PyKerneldictrootmap
#CMT---> Info: Document PyKernelDict_optdebug_library
#CMT---> Info: Document PyKernelDictMerge
#CMT---> Info: calculating dependencies for ../PyKernel/PyKernelDict.h
#CMT---> Info: Document checkreq
#CMT---> Info: Document checkreq
#CMT---> Info: Document checkreq
#CMT---> Info: Library PerfMonEvent
#CMT---> Info: Document install_includes
#CMT---> Info: Document PerfMonEventGen
#CMT---> Info: calculating dependencies for ../PerfMonEvent/PerfMonEventDict.h
../src/MemStatsHooks.cxx: In static member function ‘static void PerfMon::MemStats::installHooks()’:
../src/MemStatsHooks.cxx:86:3: warning: ‘__free_hook’ is deprecated (declared at /usr/include/malloc.h:150) [-Wdeprecated-declarations]
   __free_hook    = pmon_mem_free;
   ^
../src/MemStatsHooks.cxx:87:3: warning: ‘__realloc_hook’ is deprecated (declared at /usr/include/malloc.h:156) [-Wdeprecated-declarations]
   __realloc_hook = pmon_mem_realloc;
   ^
../src/MemStatsHooks.cxx:88:3: warning: ‘__malloc_hook’ is deprecated (declared at /usr/include/malloc.h:153) [-Wdeprecated-declarations]
   __malloc_hook  = pmon_mem_malloc;
   ^
../src/MemStatsHooks.cxx: In static member function ‘static void PerfMon::MemStats::uninstallHooks()’:
../src/MemStatsHooks.cxx:95:3: warning: ‘__free_hook’ is deprecated (declared at /usr/include/malloc.h:150) [-Wdeprecated-declarations]
   __free_hook    = orig_free;
   ^
../src/MemStatsHooks.cxx:96:3: warning: ‘__realloc_hook’ is deprecated (declared at /usr/include/malloc.h:156) [-Wdeprecated-declarations]
   __realloc_hook = orig_realloc;
   ^
../src/MemStatsHooks.cxx:97:3: warning: ‘__malloc_hook’ is deprecated (declared at /usr/include/malloc.h:153) [-Wdeprecated-declarations]
   __malloc_hook  = orig_malloc;
   ^
../src/MemStatsHooks.cxx: In static member function ‘static void PerfMon::MemStats::saveHooks()’:
../src/MemStatsHooks.cxx:104:8: warning: ‘__malloc_hook’ is deprecated (declared at /usr/include/malloc.h:153) [-Wdeprecated-declarations]
   if ( __malloc_hook != pmon_mem_malloc ) {
        ^
../src/MemStatsHooks.cxx:105:20: warning: ‘__malloc_hook’ is deprecated (declared at /usr/include/malloc.h:153) [-Wdeprecated-declarations]
     orig_malloc  = __malloc_hook;
                    ^
../src/MemStatsHooks.cxx:108:8: warning: ‘__realloc_hook’ is deprecated (declared at /usr/include/malloc.h:156) [-Wdeprecated-declarations]
   if ( __realloc_hook != pmon_mem_realloc ) {
        ^
../src/MemStatsHooks.cxx:109:20: warning: ‘__realloc_hook’ is deprecated (declared at /usr/include/malloc.h:156) [-Wdeprecated-declarations]
     orig_realloc = __realloc_hook;
                    ^
../src/MemStatsHooks.cxx:112:8: warning: ‘__free_hook’ is deprecated (declared at /usr/include/malloc.h:150) [-Wdeprecated-declarations]
   if ( __free_hook != pmon_mem_free ) { 
        ^
../src/MemStatsHooks.cxx:113:17: warning: ‘__free_hook’ is deprecated (declared at /usr/include/malloc.h:150) [-Wdeprecated-declarations]
     orig_free = __free_hook;
                 ^
#CMT---> Info: Library PerfMonEventDict
#CMT---> Info: Document check_install_PerfMonEventDict_PerfMonEventdictrootmap
#CMT---> Info: Document install_PerfMonEventDict_PerfMonEventdictrootmap
#CMT---> Info: Document PerfMonEvent_optdebug_library
#CMT---> Info: Document PerfMonEventDictMerge
#CMT---> Info: Document PerfMonEventDict_optdebug_library
#CMT---> Info: calculating dependencies for ../PerfMonEvent/PerfMonEventDict.h
#CMT--->#CMT---> Info: Document check_install_python_modules
 Info: Document checkreq
#CMT---> Info: Library RootUtils
#CMT---> Info: Library RootUtilsPyROOT
#CMT---> Info: Document install_includes
#CMT---> Info: Document install_python_modules
#CMT---> Info: Document RootUtils_optdebug_library
#CMT---> Info: Document RootUtilsPyROOT_optdebug_library
#CMT---> Info: Document RootUtilsPyROOTGen
#CMT---> Info: calculating dependencies for ../RootUtils/RootUtilsPyROOTDict.h
#CMT---> Info: Library RootUtilsPyROOTDict
#CMT---> Info: Document check_install_RootUtilsPyROOTDict_RootUtilsPyROOTdictrootmap
#CMT---> Info: Document install_RootUtilsPyROOTDict_RootUtilsPyROOTdictrootmap
#CMT---> Info: Document RootUtilsPyROOTDictMerge
#CMT---> Info: Document RootUtilsPyROOTDict_optdebug_library
#CMT---> Info: calculating dependencies for ../RootUtils/RootUtilsPyROOTDict.h
#CMT---> Info: Document install_includes
#CMT---> Info: Document checkreq
#CMT---> Info: Document checkreq
#CMT---> Info: Document check_install_scripts
#CMT---> Info: Document Tier0ChainTests_validateXML
#CMT---> Info: Document check_install_python_modules
#CMT---> Info: Document install_includes
#CMT---> Info: Document check_install_runtime
#CMT---> Info: Document install_scripts
#CMT---> Info: Document install_runtime
#CMT---> Info: Document install_python_modules
#CMT---> Info: Document checkreq
#CMT---> Info: Document CoolDozer_validateXML
#CMT---> Info: Document check_install_python_modules
#CMT---> Info: Document check_install_joboptions
#CMT---> Info: Document check_install_runtime
#CMT---> Info: Document check_install_xmls
#CMT---> Info: Document check_install_scripts
#CMT---> Info: Document install_includes
#CMT---> Info: Document install_joboptions
#CMT---> Info: Document install_runtime
#CMT---> Info: Document install_scripts
#CMT---> Info: Document install_xmls
#CMT---> Info: Document install_python_modules
#CMT---> Info: Document checkreq
#CMT---> Info: Document make_pkgbuild_protobuf
Py:PkgBuilder        INFO building [protobuf-2.5.0]... (armv7l-fc21-gcc49-opt)
#CMT---> Info: Document checkreq
#CMT---> Info: Document check_install_runtime
#CMT---> Info: Document make_pkgbuild_hdf5
#CMT---> Info: Document check_install_scripts
#CMT---> Info: Document install_scripts
#CMT---> Info: Document install_runtime
Py:PkgBuilder        INFO building [hdf5-1.8.10]... (armv7l-fc21-gcc49-opt)
Py:PkgBuilder       ERROR problem executing ['./configure', '--prefix=/home/jwsmith/HDD/AtlasOfflineBuild-framework/InstallArea/AtlasCore/AtlasCore-18.9.0/External/AtlasHdf5/armv7l-fc21-gcc49-opt/pkg-build-install-hdf5', '--enable-hl', '--enable-linux-lfs', '--enable-direct-vfd', '--enable-production', '--with-pthread', '--with-zlib', '--disable-static', '--enable-shared', '--enable-cxx', '--disable-fortran', '--with-szlib']
Py:PkgBuilder       ERROR dumping build log:
Traceback (most recent call last):
  File "/home/jwsmith/HDD/AtlasOfflineBuild-framework/InstallArea/AtlasCore/AtlasCore-18.9.0/Tools/PyCmt/bin/make_pkgbuild.py", line 55, in <module>
    sys.exit(main())
  File "/home/jwsmith/HDD/AtlasOfflineBuild-framework/InstallArea/AtlasCore/AtlasCore-18.9.0/Tools/PyCmt/bin/make_pkgbuild.py", line 51, in main
    return pkgbuild.build_package(opts.fname, env=env, msg=msg)
  File "/home/jwsmith/HDD/AtlasOfflineBuild-framework/InstallArea/AtlasCore/AtlasCore-18.9.0/InstallArea/python/PyCmt/pkgbuild/__init__.py", line 302, in build_package
    sc = pkg.pkg_build()
  File "/home/jwsmith/HDD/AtlasOfflineBuild-framework/InstallArea/AtlasCore/AtlasCore-18.9.0/InstallArea/python/PyCmt/pkgbuild/__init__.py", line 474, in pkg_build
    self.build()
  File "/home/jwsmith/HDD/AtlasOfflineBuild-framework/InstallArea/AtlasCore/AtlasCore-18.9.0/InstallArea/python/PyCmt/pkgbuild/__init__.py", line 525, in build
    self.configure_impl()
  File "/home/jwsmith/HDD/AtlasOfflineBuild-framework/InstallArea/AtlasCore/AtlasCore-18.9.0/External/AtlasHdf5/cmt/pkgbuild_hdf5.py", line 73, in configure
    self.run(cmd)
  File "/home/jwsmith/HDD/AtlasOfflineBuild-framework/InstallArea/AtlasCore/AtlasCore-18.9.0/InstallArea/python/PyCmt/pkgbuild/__init__.py", line 428, in run
    return run(cmd)
  File "/home/jwsmith/HDD/lcgcmake-install/Python/2.7.6/armv7l-fc21-gcc49-opt/lib/python2.7/subprocess.py", line 540, in check_call
    raise CalledProcessError(retcode, cmd)
subprocess.CalledProcessError: Command '['./configure', '--prefix=/home/jwsmith/HDD/AtlasOfflineBuild-framework/InstallArea/AtlasCore/AtlasCore-18.9.0/External/AtlasHdf5/armv7l-fc21-gcc49-opt/pkg-build-install-hdf5', '--enable-hl', '--enable-linux-lfs', '--enable-direct-vfd', '--enable-production', '--with-pthread', '--with-zlib', '--disable-static', '--enable-shared', '--enable-cxx', '--disable-fortran', '--with-szlib']' returned non-zero exit status 77
make[2]: [make_pkgbuild_hdf5] Error 1 (ignored)
#CMT---> Info: Document checkreq
#CMT---> Info: Document make_pkgbuild_uncertainties
#CMT---> Info: Document install_includes
Py:PkgBuilder        INFO building [uncertainties-1.7]... (armv7l-fc21-gcc49-opt)
#CMT---> Info: Document install_includes
#CMT---> Info: Document checkreq
#CMT---> Info: Document checkreq
#CMT---> Info: Document install_includes
#CMT---> Info: Document make_pkgbuild_numexpr
Py:PkgBuilder        INFO building [numexpr-1.4.2]... (armv7l-fc21-gcc49-opt)
#CMT---> Info: Document make_pkgbuild_pytables
Py:PkgBuilder        INFO building [tables-2.3]... (armv7l-fc21-gcc49-opt)
Traceback (most recent call last):
  File "/home/jwsmith/HDD/AtlasOfflineBuild-framework/InstallArea/AtlasCore/AtlasCore-18.9.0/Tools/PyCmt/bin/make_pkgbuild.py", line 55, in <module>
    sys.exit(main())
  File "/home/jwsmith/HDD/AtlasOfflineBuild-framework/InstallArea/AtlasCore/AtlasCore-18.9.0/Tools/PyCmt/bin/make_pkgbuild.py", line 51, in main
    return pkgbuild.build_package(opts.fname, env=env, msg=msg)
  File "/home/jwsmith/HDD/AtlasOfflineBuild-framework/InstallArea/AtlasCore/AtlasCore-18.9.0/InstallArea/python/PyCmt/pkgbuild/__init__.py", line 302, in build_package
    sc = pkg.pkg_build()
  File "/home/jwsmith/HDD/AtlasOfflineBuild-framework/InstallArea/AtlasCore/AtlasCore-18.9.0/InstallArea/python/PyCmt/pkgbuild/__init__.py", line 474, in pkg_build
    self.build()
  File "/home/jwsmith/HDD/AtlasOfflineBuild-framework/InstallArea/AtlasCore/AtlasCore-18.9.0/InstallArea/python/PyCmt/pkgbuild/__init__.py", line 525, in build
    self.configure_impl()
  File "/home/jwsmith/HDD/AtlasOfflineBuild-framework/InstallArea/AtlasCore/AtlasCore-18.9.0/External/AtlasPyTables/cmt/pkgbuild_pytables.py", line 48, in configure
    assert hdf5_dir, "could not find hdf5_dir"
AssertionError: could not find hdf5_dir
make[2]: [make_pkgbuild_pytables] Error 1 (ignored)
#CMT---> Info: Document checkreq
#CMT---> Info: Document install_includes
#CMT---> Info: Document make_pkgbuild_cython
Py:PkgBuilder        INFO building [Cython-0.15.1]... (armv7l-fc21-gcc49-opt)
#CMT---> Info: Document make_pkgbuild_h5py
#CMT---> Info: Document install_includes
#CMT---> Info: Document checkreq
Py:PkgBuilder        INFO building [h5py-2.0.0]... (armv7l-fc21-gcc49-opt)
#CMT---> Info: Document checkreq
#CMT---> Info: Document make_pkgbuild_nested_dict
#CMT---> Info: Document make_pkgbuild_abc
#CMT---> Info: Document make_pkgbuild_itertools
#CMT---> Info: Document check_install_scripts
#CMT---> Info: Document install_includes
#CMT---> Info: Document install_scripts
Py:PkgBuilder        INFO building [abc-2.6.1.0]... (armv7l-fc21-gcc49-opt)
Py:PkgBuilder        INFO building [nested_dict-1.0.9]... (armv7l-fc21-gcc49-opt)
#CMT---> Info: Document make_pkgbuild_collections
Py:PkgBuilder        INFO building [itertools-1.1]... (armv7l-fc21-gcc49-opt)
Py:PkgBuilder        INFO building [collections-1.1]... (armv7l-fc21-gcc49-opt)
#CMT---> Info: Document make_pkgbuild_ordereddict
#CMT---> Info: Document make_pkgbuild_mercurial
#CMT---> Info: Document make_pkgbuild_distribute
#CMT---> Info: Document make_pkgbuild_extensions
#CMT---> Info: Document make_pkgbuild_pyflakes
Py:PkgBuilder       ERROR problem executing ['python', 'setup.py', 'build']
Py:PkgBuilder       ERROR dumping build log:
Traceback (most recent call last):
  File "/home/jwsmith/HDD/AtlasOfflineBuild-framework/InstallArea/AtlasCore/AtlasCore-18.9.0/Tools/PyCmt/bin/make_pkgbuild.py", line 55, in <module>
    sys.exit(main())
  File "/home/jwsmith/HDD/AtlasOfflineBuild-framework/InstallArea/AtlasCore/AtlasCore-18.9.0/Tools/PyCmt/bin/make_pkgbuild.py", line 51, in main
    return pkgbuild.build_package(opts.fname, env=env, msg=msg)
  File "/home/jwsmith/HDD/AtlasOfflineBuild-framework/InstallArea/AtlasCore/AtlasCore-18.9.0/InstallArea/python/PyCmt/pkgbuild/__init__.py", line 302, in build_package
    sc = pkg.pkg_build()
  File "/home/jwsmith/HDD/AtlasOfflineBuild-framework/InstallArea/AtlasCore/AtlasCore-18.9.0/InstallArea/python/PyCmt/pkgbuild/__init__.py", line 474, in pkg_build
    self.build()
  File "/home/jwsmith/HDD/AtlasOfflineBuild-framework/InstallArea/AtlasCore/AtlasCore-18.9.0/InstallArea/python/PyCmt/pkgbuild/__init__.py", line 526, in build
    self.build_impl()
  File "/home/jwsmith/HDD/AtlasOfflineBuild-framework/InstallArea/AtlasCore/AtlasCore-18.9.0/InstallArea/python/PyCmt/pkgbuild/distutils_support.py", line 90, in build
    self.run(cmd)
  File "/home/jwsmith/HDD/AtlasOfflineBuild-framework/InstallArea/AtlasCore/AtlasCore-18.9.0/InstallArea/python/PyCmt/pkgbuild/__init__.py", line 428, in run
    return run(cmd)
  File "/home/jwsmith/HDD/lcgcmake-install/Python/2.7.6/armv7l-fc21-gcc49-opt/lib/python2.7/subprocess.py", line 540, in check_call
    raise CalledProcessError(retcode, cmd)
subprocess.CalledProcessError: Command '['python', 'setup.py', 'build']' returned non-zero exit status 1
make[2]: [make_pkgbuild_nested_dict] Error 1 (ignored)
Py:PkgBuilder        INFO building [mercurial-2.1.2]... (armv7l-fc21-gcc49-opt)
Py:PkgBuilder        INFO building [distribute-0.6.25]... (armv7l-fc21-gcc49-opt)
Py:PkgBuilder        INFO building [ordereddict-1.1]... (armv7l-fc21-gcc49-opt)
#CMT---> Info: Document make_pkgbuild_affinity
#CMT---> Info: Document make_pkgbuild_keyring
#CMT---> Info: Document make_pkgbuild_pyinotify
#CMT---> Info: Document make_pkgbuild_pyyaml
#CMT---> Info: Document make_pkgbuild_pycrypto
#CMT---> Info: Document make_pkgbuild_beaker
#CMT---> Info: Document make_pkgbuild_pip
#CMT---> Info: Document make_pkgbuild_futures
#CMT---> Info: Document make_pkgbuild_datadiff
#CMT---> Info: Document make_pkgbuild_bunch
#CMT---> Info: Document make_pkgbuild_iterutils
#CMT---> Info: Document make_pkgbuild_simplejson
#CMT---> Info: Document make_pkgbuild_argparse
#CMT---> Info: Document make_pkgbuild_hgsvn
Py:PkgBuilder        INFO building [pyflakes-0.4.0]... (armv7l-fc21-gcc49-opt)
Py:PkgBuilder        INFO building [extensions-0.4]... (armv7l-fc21-gcc49-opt)
Py:PkgBuilder        INFO building [affinity-0.1.0]... (armv7l-fc21-gcc49-opt)
Py:PkgBuilder       ERROR problem executing ['python', 'setup.py', 'build']
Py:PkgBuilder       ERROR dumping build log:
Traceback (most recent call last):
  File "/home/jwsmith/HDD/AtlasOfflineBuild-framework/InstallArea/AtlasCore/AtlasCore-18.9.0/Tools/PyCmt/bin/make_pkgbuild.py", line 55, in <module>
    sys.exit(main())
  File "/home/jwsmith/HDD/AtlasOfflineBuild-framework/InstallArea/AtlasCore/AtlasCore-18.9.0/Tools/PyCmt/bin/make_pkgbuild.py", line 51, in main
    return pkgbuild.build_package(opts.fname, env=env, msg=msg)
  File "/home/jwsmith/HDD/AtlasOfflineBuild-framework/InstallArea/AtlasCore/AtlasCore-18.9.0/InstallArea/python/PyCmt/pkgbuild/__init__.py", line 302, in build_package
    sc = pkg.pkg_build()
  File "/home/jwsmith/HDD/AtlasOfflineBuild-framework/InstallArea/AtlasCore/AtlasCore-18.9.0/InstallArea/python/PyCmt/pkgbuild/__init__.py", line 474, in pkg_build
    self.build()
  File "/home/jwsmith/HDD/AtlasOfflineBuild-framework/InstallArea/AtlasCore/AtlasCore-18.9.0/InstallArea/python/PyCmt/pkgbuild/__init__.py", line 526, in build
    self.build_impl()
  File "/home/jwsmith/HDD/AtlasOfflineBuild-framework/InstallArea/AtlasCore/AtlasCore-18.9.0/InstallArea/python/PyCmt/pkgbuild/distutils_support.py", line 90, in build
    self.run(cmd)
  File "/home/jwsmith/HDD/AtlasOfflineBuild-framework/InstallArea/AtlasCore/AtlasCore-18.9.0/InstallArea/python/PyCmt/pkgbuild/__init__.py", line 428, in run
    return run(cmd)
  File "/home/jwsmith/HDD/lcgcmake-install/Python/2.7.6/armv7l-fc21-gcc49-opt/lib/python2.7/subprocess.py", line 540, in check_call
    raise CalledProcessError(retcode, cmd)
subprocess.CalledProcessError: Command '['python', 'setup.py', 'build']' returned non-zero exit status 1
make[2]: [make_pkgbuild_affinity] Error 1 (ignored)
Py:PkgBuilder        INFO building [keyring-0.5.1]... (armv7l-fc21-gcc49-opt)
Py:PkgBuilder        INFO building [pyinotify-0.9.1]... (armv7l-fc21-gcc49-opt)
Py:PkgBuilder        INFO building [pyyaml-3.10]... (armv7l-fc21-gcc49-opt)
Py:PkgBuilder        INFO building [pycrypto-2.1.0]... (armv7l-fc21-gcc49-opt)
Py:PkgBuilder        INFO building [Beaker-1.5.4]... (armv7l-fc21-gcc49-opt)
Py:PkgBuilder        INFO building [pip-1.1]... (armv7l-fc21-gcc49-opt)
Py:PkgBuilder        INFO building [futures-2.1.2]... (armv7l-fc21-gcc49-opt)
Py:PkgBuilder        INFO building [datadiff-1.1.1]... (armv7l-fc21-gcc49-opt)
Py:PkgBuilder        INFO building [bunch-1.0.0]... (armv7l-fc21-gcc49-opt)
Py:PkgBuilder        INFO building [iterutils-0.1.6]... (armv7l-fc21-gcc49-opt)
Py:PkgBuilder        INFO building [simplejson-2.1.6]... (armv7l-fc21-gcc49-opt)
#CMT---> Info: Document make_pkgbuild_virtualenv
#CMT---> Info: Document make_pkgbuild_ruffus
#CMT---> Info: Document make_pkgbuild_jsonpickle
Py:PkgBuilder        INFO building [argparse-1.2.1]... (armv7l-fc21-gcc49-opt)
#CMT---> Info: Document make_pkgbuild_grin
Py:PkgBuilder        INFO building [hgsvn-0.1.9]... (armv7l-fc21-gcc49-opt)
Py:PkgBuilder        INFO building [virtualenv-1.6.4]... (armv7l-fc21-gcc49-opt)
Py:PkgBuilder        INFO building [ruffus-2.2]... (armv7l-fc21-gcc49-opt)
Py:PkgBuilder        INFO building [jsonpickle-0.4.0]... (armv7l-fc21-gcc49-opt)
#CMT---> Info: Document make_pkgbuild_paramiko
Py:PkgBuilder        INFO building [grin-1.2.1]... (armv7l-fc21-gcc49-opt)
Py:PkgBuilder        INFO building [paramiko-1.7.6]... (armv7l-fc21-gcc49-opt)
#CMT--->#CMT---> Info: Document checkreq
#CMT---> Info: Document check_install_scripts
 Info: Document check_install_tfs_jop
#CMT---> Info: Document check_install_python_modules
#CMT---> Info: Document check_install_trfruntime
#CMT---> Info: Document check_install_tfs_exe
#CMT---> Info: Document check_install_tfs_pyt
#CMT---> Info: Document check_install_test
#CMT---> Info: Document check_install_runtime
#CMT---> Info: Document install_includes
#CMT---> Info: Document install_tfs_jop
#CMT---> Info: Document install_scripts
#CMT---> Info: Document install_trfruntime
#CMT---> Info: Document install_tfs_exe
#CMT---> Info: Document install_tfs_pyt
#CMT---> Info: Document install_runtime
#CMT---> Info: Document install_python_modules
#CMT---> Info: Document makeTrfSignatures
#CMT---> Info: Document PyJobTransforms_python_init
makeTrfSignatures.py:INFO:Will process this list of transforms: Archive_tf Sleep_tf ValidateFiles_tf EVNTMerge_tf Echo_tf Athena_tf Cat_tf ExeWrap_tf
makeTrfSignatures.py:INFO:Processing argument signatures for Archive_tf
Archive_tf.py:INFO:logging set in ../scripts/makeTrfSignatures.py
makeTrfSignatures.py:WARNING:Failed to import transform Archive_tf - ignored
makeTrfSignatures.py:INFO:Processing argument signatures for Sleep_tf
Sleep_tf.py:INFO:logging set in ../scripts/makeTrfSignatures.py
makeTrfSignatures.py:WARNING:Failed to import transform Sleep_tf - ignored
makeTrfSignatures.py:INFO:Processing argument signatures for ValidateFiles_tf
ValidateFiles_tf.py:INFO:logging set in ../scripts/makeTrfSignatures.py
makeTrfSignatures.py:WARNING:Failed to import transform ValidateFiles_tf - ignored
makeTrfSignatures.py:INFO:Processing argument signatures for EVNTMerge_tf
EVNTMerge_tf.py:INFO:logging set in ../scripts/makeTrfSignatures.py
makeTrfSignatures.py:WARNING:Failed to import transform EVNTMerge_tf - ignored
makeTrfSignatures.py:INFO:Processing argument signatures for Echo_tf
Echo_tf.py:INFO:logging set in ../scripts/makeTrfSignatures.py
makeTrfSignatures.py:WARNING:Failed to import transform Echo_tf - ignored
makeTrfSignatures.py:INFO:Processing argument signatures for Athena_tf
Athena_tf.py:INFO:logging set in ../scripts/makeTrfSignatures.py
makeTrfSignatures.py:WARNING:Failed to import transform Athena_tf - ignored
makeTrfSignatures.py:INFO:Processing argument signatures for Cat_tf
Cat_tf.py:INFO:logging set in ../scripts/makeTrfSignatures.py
makeTrfSignatures.py:WARNING:Failed to import transform Cat_tf - ignored
makeTrfSignatures.py:INFO:Processing argument signatures for ExeWrap_tf
ExeWrap_tf.py:INFO:logging set in ../scripts/makeTrfSignatures.py
makeTrfSignatures.py:WARNING:Failed to import transform ExeWrap_tf - ignored
makeTrfSignatures.py:INFO:Writing JSON signatures to ../share/PyJobTransformsSignatures.json
makeTrfSignatures.py:INFO:Successfully generated signature file "../share/PyJobTransformsSignatures.json" for transforms []
#CMT---> Info: Document check_install_json
#CMT---> Info: Document install_test
#CMT---> Info: Document install_json
#CMT---> Info: Document checkreq
#CMT---> Info: Document install_includes
#CMT---> Info: Document make_pkgbuild_pyAMI
Py:PkgBuilder        INFO building [pyAMI-4.0.3]... (armv7l-fc21-gcc49-opt)
#CMT---> Info: #CMT--->Document checkreq
 Info: Document install_includes#CMT--->
 Info: Document make_pkgbuild_rootpy
#CMT---> Info: Document make_pkgbuild_rootplot
Py:PkgBuilder        INFO building [rootpy-1.0]... (armv7l-fc21-gcc49-opt)
Py:PkgBuilder        INFO building [rootplot-2.2.1]... (armv7l-fc21-gcc49-opt)
Py:PkgBuilder       ERROR problem executing ['python', 'setup.py', 'build']
Py:PkgBuilder       ERROR dumping build log:
Traceback (most recent call last):
  File "/home/jwsmith/HDD/AtlasOfflineBuild-framework/InstallArea/AtlasCore/AtlasCore-18.9.0/Tools/PyCmt/bin/make_pkgbuild.py", line 55, in <module>
    sys.exit(main())
  File "/home/jwsmith/HDD/AtlasOfflineBuild-framework/InstallArea/AtlasCore/AtlasCore-18.9.0/Tools/PyCmt/bin/make_pkgbuild.py", line 51, in main
    return pkgbuild.build_package(opts.fname, env=env, msg=msg)
  File "/home/jwsmith/HDD/AtlasOfflineBuild-framework/InstallArea/AtlasCore/AtlasCore-18.9.0/InstallArea/python/PyCmt/pkgbuild/__init__.py", line 302, in build_package
    sc = pkg.pkg_build()
  File "/home/jwsmith/HDD/AtlasOfflineBuild-framework/InstallArea/AtlasCore/AtlasCore-18.9.0/InstallArea/python/PyCmt/pkgbuild/__init__.py", line 474, in pkg_build
    self.build()
  File "/home/jwsmith/HDD/AtlasOfflineBuild-framework/InstallArea/AtlasCore/AtlasCore-18.9.0/InstallArea/python/PyCmt/pkgbuild/__init__.py", line 526, in build
    self.build_impl()
  File "/home/jwsmith/HDD/AtlasOfflineBuild-framework/InstallArea/AtlasCore/AtlasCore-18.9.0/InstallArea/python/PyCmt/pkgbuild/distutils_support.py", line 90, in build
    self.run(cmd)
  File "/home/jwsmith/HDD/AtlasOfflineBuild-framework/InstallArea/AtlasCore/AtlasCore-18.9.0/InstallArea/python/PyCmt/pkgbuild/__init__.py", line 428, in run
    return run(cmd)
  File "/home/jwsmith/HDD/lcgcmake-install/Python/2.7.6/armv7l-fc21-gcc49-opt/lib/python2.7/subprocess.py", line 540, in check_call
    raise CalledProcessError(retcode, cmd)
subprocess.CalledProcessError: Command '['python', 'setup.py', 'build']' returned non-zero exit status 1
make[2]: [make_pkgbuild_rootplot] Error 1 (ignored)
#CMT--->#CMT---> Info: Document check_install_scripts
 Info: Document checkreq
#CMT---> Info: #CMT---> Info: Document check_install_python_modules
Document install_includes
#CMT---> Info: Document install_python_modules
#CMT---> Info: Document install_scripts
#CMT--->#CMT---> Info: Document check_install_scripts
#CMT---> Info: Document checkreq
#CMT---> Info: Document install_includes
 Info: Document check_install_python_modules
#CMT---> Info: Document install_scripts
#CMT---> Info: Document install_python_modules
#CMT---> Info: #CMT--->Document check_install_scripts Info: Document install_includes
#CMT---> Info: Document check_install_python_modules

#CMT---> Info: Document checkreq
#CMT---> Info: Document install_scripts
#CMT---> Info: Document install_python_modules
#CMT---> Info: Document checkreq
#CMT---> Info: Document check_install_joboptions
#CMT---> Info: Document check_install_python_modules
#CMT---> Info: Document check_install_scripts
#CMT---> Info: Document install_includes
#CMT---> Info: Document install_joboptions
#CMT---> Info: Document install_scripts
#CMT---> Info: Document install_python_modules
#CMT---> Info: Document checkreq#CMT---> Info: Document check_install_scripts

#CMT---> Info: Library TestTools
#CMT---> Info: Document check_install_python_modules
#CMT---> Info: Document install_includes
#CMT---> Info: Document check_install_joboptions
#CMT---> Info: Document install_scripts
#CMT---> Info: Document install_python_modules
#CMT---> Info: Document install_joboptions
#CMT---> Info: Document TestTools_optdebug_library
#CMT---> Info: Library RootConversions
#CMT---> Info: Document checkreq
#CMT---> Info: Document install_includes
#CMT---> Info: Document RootConversionsGen
#CMT---> Info: calculating dependencies for ../RootConversions/RootConversionsDict.h
#CMT---> Info: Document RootConversions_optdebug_library
#CMT---> Info: Document check_install_RootConversionsDict_RootConversionsdictrootmap
#CMT---> Info: Library RootConversionsDict
#CMT---> Info: Document install_RootConversionsDict_RootConversionsdictrootmap
#CMT---> Info: Document RootConversionsDict_optdebug_library
#CMT---> Info: Document RootConversionsDictMerge
#CMT---> Info: calculating dependencies for ../RootConversions/RootConversionsDict.h
#CMT---> Info: Document checkreq
#CMT---> Info: Document install_includes
#CMT---> Info: Document checkreq
#CMT---> Info: Library POOLCore
#CMT---> Info: Document get_files
#CMT---> Info: Document install_includes
#CMT---> Info: Document POOLCore_optdebug_library
#CMT---> Info: Library FileCatalog#CMT--->
#CMT--->#CMT---> Info: Application FCaddMetaData Info: Document get_files

 Info: Document checkreq
#CMT---> Info: Application FCaddReplica
#CMT---> Info: Application FCcreateMetaDataSpec
#CMT---> Info: Application FCdeleteEntry
#CMT---> Info: Application FCdeleteLFN
#CMT---> Info: Application FCdeleteMetaData
#CMT---> Info: Application FCdeletePFN
#CMT---> Info: Application FCdescribeMetaData
#CMT---> Info: Application FCdropMetaData
#CMT---> Info: Application FClistGUID
#CMT---> Info: Application FClistLFN
#CMT---> Info: Application FClistMetaData
#CMT---> Info: Application FClistPFN
#CMT---> Info: Application FCpublish
#CMT---> Info: Application FCregisterLFN
#CMT---> Info: Application FCregisterPFN
#CMT---> Info: Application FCrenamePFN
#CMT---> Info: Application FCupdateMetaDataSpec
#CMT---> Info: Document install_includes
#CMT---> Info: Document FileCatalog_optdebug_library
#CMT---> Info: Document checkreq
#CMT---> Info: Library CxxUtils
#CMT---> Info: Library exctrace_collector
#CMT---> Info: Library AthDSoCallBacks
#CMT---> Info: Library calg
#CMT---> Info: Document install_includes
#CMT---> Info: Document CxxUtils_optdebug_library
#CMT---> Info: Document exctrace_collector_optdebug_library
#CMT---> Info: Document calg_optdebug_library
#CMT---> Info: Document AthDSoCallBacks_optdebug_library
#CMT---> Info: Document install_includes
#CMT---> Info: Library AthAllocators
#CMT---> Info: Document checkreq
#CMT---> Info: Document AthAllocatorsGen
#CMT---> Info: calculating dependencies for ../AthAllocators/AthAllocatorsDict.h
#CMT---> Info: Library AthAllocatorsDict
#CMT---> Info: Document check_install_AthAllocatorsDict_AthAllocatorsdictrootmap
#CMT---> Info: Document install_AthAllocatorsDict_AthAllocatorsdictrootmap
#CMT---> Info: Document AthAllocators_optdebug_library
#CMT---> Info: Document AthAllocatorsDict_optdebug_library
#CMT---> Info: Document AthAllocatorsDictMerge
#CMT---> Info: calculating dependencies for ../AthAllocators/AthAllocatorsDict.h
#CMT---> Info: Document checkreq
#CMT---> Info: Application genCLIDDB
#CMT---> Info: Document install_includes
#CMT---> Info: Library AthenaKernel
#CMT---> Info: Document AthenaKernelGen
#CMT---> Info: calculating dependencies for ../AthenaKernel/AthenaKernelDict.h
#CMT---> Info: Library AthenaKernelDict
#CMT---> Info: Document check_install_AthenaKernelDict_AthenaKerneldictrootmap
#CMT---> Info: Document install_AthenaKernelDict_AthenaKerneldictrootmap
#CMT---> Info: Document AthenaKernel_optdebug_library
#CMT---> (genCLIDDB.make) /home/jwsmith/HDD/Gaudi/GaudiKernel/armv7l-fc21-gcc49-opt/GaudiKernel.stamp: No rule for such target
#CMT---> Info: Document AthenaKernelDict_optdebug_library
#CMT---> Info: Document AthenaKernelDictMerge
#CMT---> Info: calculating dependencies for ../AthenaKernel/AthenaKernelDict.h
#CMT---> Info: Library SGTools
#CMT---> Info: Document install_includes
#CMT---> Info: Document checkreq
#CMT---> Info: Document SGToolsGen
#CMT---> Info: calculating dependencies for /home/jwsmith/HDD/AtlasOfflineBuild-framework/InstallArea/AtlasCore/AtlasCore-18.9.0/Control/SGTools/SGTools/SGToolsDict.h
#CMT---> Info: Library SGToolsDict
#CMT---> Info: Document check_install_SGToolsDict_SGToolsdictrootmap
#CMT---> Info: Document install_SGToolsDict_SGToolsdictrootmap
#CMT---> Info: Document SGTools_optdebug_library
#CMT---> Info: Document SGToolsDict_optdebug_library
#CMT---> Info: Document SGToolsDictMerge
#CMT---> Info: calculating dependencies for /home/jwsmith/HDD/AtlasOfflineBuild-framework/InstallArea/AtlasCore/AtlasCore-18.9.0/Control/SGTools/SGTools/SGToolsDict.h
#CMT---> Info: Document checkreq
#CMT---> Info: Document install_includes
#CMT---> Info: Document get_files
#CMT---> Info: Document checkreq
#CMT---> Info: Document install_includes
#CMT---> Info: Application testIdCont
#CMT---> (testIdCont.make) /home/jwsmith/HDD/Gaudi/GaudiKernel/armv7l-fc21-gcc49-opt/GaudiKernel.stamp: No rule for such target
#CMT---> Info: Document checkreq
#CMT---> Info: Document install_includes
#CMT---> Info: Library CondDBObjects
#CMT---> Info: Document CondDBObjects_optdebug_library
#CMT---> Info: Document checkreq
#CMT---> Info: Library AthenaInterprocess
#CMT---> Info: Document install_includes
#CMT---> Info: Document AthenaInterprocess_optdebug_library
#CMT---> Info: Document checkreq
#CMT---> Info: Document install_includes
#CMT---> Info: Document checkreq
#CMT---> Info: Document install_includes
#CMT---> Info: Library AtlasDetDescr
#CMT---> Info: Document AtlasDetDescr_optdebug_library
#CMT---> Info: Library IdDictDetDescr
#CMT---> Info: Document checkreq
#CMT---> Info: Document install_includes
#CMT---> Info: Document IdDictDetDescr_optdebug_library
#CMT---> Info: Document checkreq
#CMT---> Info: Document install_includes
#CMT---> Info: Library PersistentDataModel
#CMT---> Info: Document PersistentDataModelGen
#CMT---> Info: calculating dependencies for /home/jwsmith/HDD/AtlasOfflineBuild-framework/InstallArea/AtlasCore/AtlasCore-18.9.0/Database/PersistentDataModel/PersistentDataModel/PersistentDataModelDict.h
#CMT---> Info: Library PersistentDataModelDict
#CMT---> Info: Document check_install_PersistentDataModelDict_PersistentDataModeldictrootmap
#CMT---> Info: Document PersistentDataModel_optdebug_library
#CMT---> Info: Document install_PersistentDataModelDict_PersistentDataModeldictrootmap
#CMT---> Info: Document PersistentDataModelDict_optdebug_library
#CMT---> Info: Document PersistentDataModelDictMerge
#CMT---> Info: calculating dependencies for /home/jwsmith/HDD/AtlasOfflineBuild-framework/InstallArea/AtlasCore/AtlasCore-18.9.0/Database/PersistentDataModel/PersistentDataModel/PersistentDataModelDict.h
#CMT---> Info: Document checkreq
#CMT---> Info: Document install_includes
#CMT---> Info: Library PersistentDataModelTPCnv
#CMT---> Info: Document PersistentDataModelTPCnvGen
#CMT---> Info: calculating dependencies for /home/jwsmith/HDD/AtlasOfflineBuild-framework/InstallArea/AtlasCore/AtlasCore-18.9.0/Database/PersistentDataModelTPCnv/PersistentDataModelTPCnv/PersistentDataModelTPCnvDict.h
#CMT---> Info: Library PersistentDataModelTPCnvDict
#CMT---> Info: Document check_install_PersistentDataModelTPCnvDict_PersistentDataModelTPCnvdictrootmap
#CMT---> Info: Document install_PersistentDataModelTPCnvDict_PersistentDataModelTPCnvdictrootmap
#CMT---> Info: Document PersistentDataModelTPCnv_optdebug_library
#CMT---> Info: Document PersistentDataModelTPCnvDict_optdebug_library
#CMT---> Info: Document PersistentDataModelTPCnvDictMerge
#CMT---> Info: calculating dependencies for /home/jwsmith/HDD/AtlasOfflineBuild-framework/InstallArea/AtlasCore/AtlasCore-18.9.0/Database/PersistentDataModelTPCnv/PersistentDataModelTPCnv/PersistentDataModelTPCnvDict.h
#CMT---> Info: #CMT---> Info: Document get_files
Document checkreq
#CMT--->#CMT---> Info: Library StorageSvc
 Info: Document install_includes
#CMT---> Info: Document StorageSvcGen
#CMT---> Info: calculating dependencies for ../StorageSvc/dict.h
#CMT---> Info: Library StorageSvcDict
#CMT---> Info: Document check_install_StorageSvcDict_StorageSvcdictrootmap
#CMT---> Info: Document install_StorageSvcDict_StorageSvcdictrootmap
#CMT---> Info: Document StorageSvc_optdebug_library
#CMT---> Info: Document StorageSvcDict_optdebug_library
#CMT---> Info: Document StorageSvcDictMerge
#CMT---> Info: calculating dependencies for ../StorageSvc/dict.h
#CMT---> Info: Document checkreq
#CMT---> Info: Document warning_depr_rootmap
#CMT---> Info: Document install_includes
#CMT---> Info: Library RootStorageSvc
#CMT---> Info: Document RootStorageSvc_optdebug_library
#CMT---> Info: Document RootStorageSvcComponentsList
#CMT---> Info: Document RootStorageSvcMergeComponentsList
#CMT--->#CMT---> Info: Library PersistencySvc
 Info: Document checkreq
#CMT---> Info: Application pool_insertFileToCatalog
#CMT---> Info: Application pool_extractFileIdentifier
#CMT---> Info: Document install_includes
#CMT---> Info: Document PersistencySvc_optdebug_library
#CMT---> (pool_extractFileIdentifier.make) /home/jwsmith/HDD/Gaudi/GaudiKernel/armv7l-fc21-gcc49-opt/GaudiKernel.stamp: No rule for such target
#CMT---> (pool_insertFileToCatalog.make) /home/jwsmith/HDD/Gaudi/GaudiKernel/armv7l-fc21-gcc49-opt/GaudiKernel.stamp: No rule for such target
#CMT---> Info: Document checkreq#CMT---> Info: Application StorageSvc_BasicFunctionality_test

#CMT---> Info: Document install_includes
#CMT---> Info: Application StorageSvc_MultipleIterators_test
#CMT---> Info: #CMT---> Info: Application StorageSvc_ParallelReadWrite_test
Application StorageSvc_TransientMembers_test
#CMT---> Info: Application FileCatalog_Functionality_test
#CMT---> Info: Application PersistencySvc_Functionality_test
#CMT---> Info: Application PersistencySvc_FileCatalogOperations_test
#CMT---> Info: Application PersistencySvc_FileOpenWithoutCatalog_test
#CMT---> Info: Application PersistencySvc_Parameters_test
#CMT---> Info: Application PersistencySvc_NoClassID_test
#CMT---> Info: Document test_StorageSvc_TransientMembersGen
../FileCatalog_Functionality/FCtest.cpp:6:44: fatal error: cppunit/extensions/HelperMacros.h: No such file or directory
 #include<cppunit/extensions/HelperMacros.h>
                                            ^
compilation terminated.
make[2]: [../armv7l-fc21-gcc49-opt/FCtest_FileCatalog_Functionality.o] Error 1 (ignored)
#CMT---> Info: Document test_PersistencySvc_NoClassIDGen
#CMT---> Info: Document test_TestDictionaryGen
#CMT---> (StorageSvc_BasicFunctionality_test.make) /home/jwsmith/HDD/Gaudi/GaudiKernel/armv7l-fc21-gcc49-opt/GaudiKernel.stamp: No rule for such target
#CMT---> (StorageSvc_MultipleIterators_test.make) /home/jwsmith/HDD/Gaudi/GaudiKernel/armv7l-fc21-gcc49-opt/GaudiKernel.stamp: No rule for such target
/usr/bin/ld: cannot find -lcppunit
collect2: error: ld returned 1 exit status
make[2]: [../armv7l-fc21-gcc49-opt/StorageSvc_BasicFunctionality_test.exe] Error 1 (ignored)
/usr/bin/ld: cannot find -lcppunit
objcopy: '../armv7l-fc21-gcc49-opt/StorageSvc_BasicFunctionality_test.exe': No such file
make[2]: [../armv7l-fc21-gcc49-opt/StorageSvc_BasicFunctionality_test.exe] Error 1 (ignored)
objcopy: '../armv7l-fc21-gcc49-opt/StorageSvc_BasicFunctionality_test.exe': No such file
make[2]: [../armv7l-fc21-gcc49-opt/StorageSvc_BasicFunctionality_test.exe] Error 1 (ignored)
collect2: error: ld returned 1 exit status
make[2]: [../armv7l-fc21-gcc49-opt/StorageSvc_MultipleIterators_test.exe] Error 1 (ignored)
objcopy: 'StorageSvc_BasicFunctionality_test.exe': No such file
make[2]: [../armv7l-fc21-gcc49-opt/StorageSvc_BasicFunctionality_test.exe] Error 1 (ignored)
objcopy: '../armv7l-fc21-gcc49-opt/StorageSvc_MultipleIterators_test.exe': No such file
make[2]: [../armv7l-fc21-gcc49-opt/StorageSvc_MultipleIterators_test.exe] Error 1 (ignored)
objcopy: '../armv7l-fc21-gcc49-opt/StorageSvc_MultipleIterators_test.exe': No such file
make[2]: [../armv7l-fc21-gcc49-opt/StorageSvc_MultipleIterators_test.exe] Error 1 (ignored)
objcopy: 'StorageSvc_MultipleIterators_test.exe': No such file
make[2]: [../armv7l-fc21-gcc49-opt/StorageSvc_MultipleIterators_test.exe] Error 1 (ignored)
#CMT---> (StorageSvc_ParallelReadWrite_test.make) /home/jwsmith/HDD/Gaudi/GaudiKernel/armv7l-fc21-gcc49-opt/GaudiKernel.stamp: No rule for such target
#CMT---> Info: calculating dependencies for ../StorageSvc_TransientMembers/TestClassWithTransients.h
/usr/bin/ld: cannot find -lcppunit
collect2: error: ld returned 1 exit status
make[2]: [../armv7l-fc21-gcc49-opt/StorageSvc_ParallelReadWrite_test.exe] Error 1 (ignored)
objcopy: '../armv7l-fc21-gcc49-opt/StorageSvc_ParallelReadWrite_test.exe': No such file
make[2]: [../armv7l-fc21-gcc49-opt/StorageSvc_ParallelReadWrite_test.exe] Error 1 (ignored)
objcopy: '../armv7l-fc21-gcc49-opt/StorageSvc_ParallelReadWrite_test.exe': No such file
make[2]: [../armv7l-fc21-gcc49-opt/StorageSvc_ParallelReadWrite_test.exe] Error 1 (ignored)
objcopy: 'StorageSvc_ParallelReadWrite_test.exe': No such file
make[2]: [../armv7l-fc21-gcc49-opt/StorageSvc_ParallelReadWrite_test.exe] Error 1 (ignored)
#CMT---> (StorageSvc_TransientMembers_test.make) /home/jwsmith/HDD/Gaudi/GaudiKernel/armv7l-fc21-gcc49-opt/GaudiKernel.stamp: No rule for such target
../FileCatalog_Functionality/FCtest.cpp:6:44: fatal error: cppunit/extensions/HelperMacros.h: No such file or directory
 #include<cppunit/extensions/HelperMacros.h>
                                            ^
compilation terminated.
/usr/bin/ld: cannot find -lcppunit
make[2]: [../armv7l-fc21-gcc49-opt/FCtest_FileCatalog_Functionality.o] Error 1 (ignored)
#CMT---> (FileCatalog_Functionality_test.make) /home/jwsmith/HDD/Gaudi/GaudiKernel/armv7l-fc21-gcc49-opt/GaudiKernel.stamp: No rule for such target
collect2: error: ld returned 1 exit status
make[2]: [../armv7l-fc21-gcc49-opt/StorageSvc_TransientMembers_test.exe] Error 1 (ignored)
objcopy: '../armv7l-fc21-gcc49-opt/StorageSvc_TransientMembers_test.exe': No such file
make[2]: [../armv7l-fc21-gcc49-opt/StorageSvc_TransientMembers_test.exe] Error 1 (ignored)
objcopy: '../armv7l-fc21-gcc49-opt/StorageSvc_TransientMembers_test.exe': No such file
make[2]: [../armv7l-fc21-gcc49-opt/StorageSvc_TransientMembers_test.exe] Error 1 (ignored)
lcg-g++-4.9.2: error: ../armv7l-fc21-gcc49-opt/FCtest_FileCatalog_Functionality.o: No such file or directory
make[2]: [../armv7l-fc21-gcc49-opt/FileCatalog_Functionality_test.exe] Error 1 (ignored)
objcopy: 'StorageSvc_TransientMembers_test.exe': No such file
make[2]: [../armv7l-fc21-gcc49-opt/StorageSvc_TransientMembers_test.exe] Error 1 (ignored)
objcopy: '../armv7l-fc21-gcc49-opt/FileCatalog_Functionality_test.exe': No such file
make[2]: [../armv7l-fc21-gcc49-opt/FileCatalog_Functionality_test.exe] Error 1 (ignored)
objcopy: '../armv7l-fc21-gcc49-opt/FileCatalog_Functionality_test.exe': No such file
#CMT---> (PersistencySvc_FileCatalogOperations_test.make) /home/jwsmith/HDD/Gaudi/GaudiKernel/armv7l-fc21-gcc49-opt/GaudiKernel.stamp: No rule for such target
make[2]: [../armv7l-fc21-gcc49-opt/FileCatalog_Functionality_test.exe] Error 1 (ignored)
objcopy: 'FileCatalog_Functionality_test.exe': No such file
make[2]: [../armv7l-fc21-gcc49-opt/FileCatalog_Functionality_test.exe] Error 1 (ignored)
#CMT---> (PersistencySvc_FileOpenWithoutCatalog_test.make) /home/jwsmith/HDD/Gaudi/GaudiKernel/armv7l-fc21-gcc49-opt/GaudiKernel.stamp: No rule for such target
#CMT---> (PersistencySvc_Parameters_test.make) /home/jwsmith/HDD/Gaudi/GaudiKernel/armv7l-fc21-gcc49-opt/GaudiKernel.stamp: No rule for such target
/usr/bin/ld: cannot find -lcppunit
collect2: error: ld returned 1 exit status
make[2]: [../armv7l-fc21-gcc49-opt/PersistencySvc_FileCatalogOperations_test.exe] Error 1 (ignored)
objcopy: '../armv7l-fc21-gcc49-opt/PersistencySvc_FileCatalogOperations_test.exe': No such file
make[2]: [../armv7l-fc21-gcc49-opt/PersistencySvc_FileCatalogOperations_test.exe] Error 1 (ignored)
objcopy: '../armv7l-fc21-gcc49-opt/PersistencySvc_FileCatalogOperations_test.exe': No such file
make[2]: [../armv7l-fc21-gcc49-opt/PersistencySvc_FileCatalogOperations_test.exe] Error 1 (ignored)
/usr/bin/ld: cannot find -lcppunit
/usr/bin/ld: cannot find -lcppunit
collect2: error: ld returned 1 exit status
make[2]: [../armv7l-fc21-gcc49-opt/PersistencySvc_FileOpenWithoutCatalog_test.exe] Error 1 (ignored)
objcopy: 'PersistencySvc_FileCatalogOperations_test.exe': No such file
make[2]: [../armv7l-fc21-gcc49-opt/PersistencySvc_FileCatalogOperations_test.exe] Error 1 (ignored)
collect2: error: ld returned 1 exit status
make[2]: [../armv7l-fc21-gcc49-opt/PersistencySvc_Parameters_test.exe] Error 1 (ignored)
objcopy: '../armv7l-fc21-gcc49-opt/PersistencySvc_FileOpenWithoutCatalog_test.exe': No such file
make[2]: [../armv7l-fc21-gcc49-opt/PersistencySvc_FileOpenWithoutCatalog_test.exe] Error 1 (ignored)
objcopy: '../armv7l-fc21-gcc49-opt/PersistencySvc_Parameters_test.exe': No such file
make[2]: [../armv7l-fc21-gcc49-opt/PersistencySvc_Parameters_test.exe] Error 1 (ignored)
objcopy: '../armv7l-fc21-gcc49-opt/PersistencySvc_FileOpenWithoutCatalog_test.exe': No such file
make[2]: [../armv7l-fc21-gcc49-opt/PersistencySvc_FileOpenWithoutCatalog_test.exe] Error 1 (ignored)
objcopy: '../armv7l-fc21-gcc49-opt/PersistencySvc_Parameters_test.exe': No such file
make[2]: [../armv7l-fc21-gcc49-opt/PersistencySvc_Parameters_test.exe] Error 1 (ignored)
objcopy: 'PersistencySvc_FileOpenWithoutCatalog_test.exe': No such file
make[2]: [../armv7l-fc21-gcc49-opt/PersistencySvc_FileOpenWithoutCatalog_test.exe] Error 1 (ignored)
objcopy: 'PersistencySvc_Parameters_test.exe': No such file
make[2]: [../armv7l-fc21-gcc49-opt/PersistencySvc_Parameters_test.exe] Error 1 (ignored)
#CMT---> Info: calculating dependencies for ../PersistencySvc_NoClassID/MyTestClass.h
#CMT---> (PersistencySvc_NoClassID_test.make) /home/jwsmith/HDD/Gaudi/GaudiKernel/armv7l-fc21-gcc49-opt/GaudiKernel.stamp: No rule for such target
#CMT---> Info: calculating dependencies for ../TestDictionary/dict_all.h
/usr/bin/ld: cannot find -lcppunit
collect2: error: ld returned 1 exit status
make[2]: [../armv7l-fc21-gcc49-opt/PersistencySvc_NoClassID_test.exe] Error 1 (ignored)
objcopy: '../armv7l-fc21-gcc49-opt/PersistencySvc_NoClassID_test.exe': No such file
make[2]: [../armv7l-fc21-gcc49-opt/PersistencySvc_NoClassID_test.exe] Error 1 (ignored)
objcopy: '../armv7l-fc21-gcc49-opt/PersistencySvc_NoClassID_test.exe': No such file
make[2]: [../armv7l-fc21-gcc49-opt/PersistencySvc_NoClassID_test.exe] Error 1 (ignored)
objcopy: 'PersistencySvc_NoClassID_test.exe': No such file
make[2]: [../armv7l-fc21-gcc49-opt/PersistencySvc_NoClassID_test.exe] Error 1 (ignored)
#CMT---> Info: Library test_StorageSvc_TransientMembersDict
#CMT---> Info: Document check_install_test_StorageSvc_TransientMembersDict_test_StorageSvc_TransientMembersdictrootmap
#CMT---> Info: Library test_PersistencySvc_NoClassIDDict
#CMT---> Info: Document check_install_test_PersistencySvc_NoClassIDDict_test_PersistencySvc_NoClassIDdictrootmap
#CMT---> Info: Document install_test_StorageSvc_TransientMembersDict_test_StorageSvc_TransientMembersdictrootmap
#CMT---> (PersistencySvc_Functionality_test.make) /home/jwsmith/HDD/Gaudi/GaudiKernel/armv7l-fc21-gcc49-opt/GaudiKernel.stamp: No rule for such target
/usr/bin/ld: cannot find -lcppunit
collect2: error: ld returned 1 exit status
make[2]: [../armv7l-fc21-gcc49-opt/PersistencySvc_Functionality_test.exe] Error 1 (ignored)
objcopy: '../armv7l-fc21-gcc49-opt/PersistencySvc_Functionality_test.exe': No such file
make[2]: [../armv7l-fc21-gcc49-opt/PersistencySvc_Functionality_test.exe] Error 1 (ignored)
objcopy: '../armv7l-fc21-gcc49-opt/PersistencySvc_Functionality_test.exe': No such file
make[2]: [../armv7l-fc21-gcc49-opt/PersistencySvc_Functionality_test.exe] Error 1 (ignored)
objcopy: 'PersistencySvc_Functionality_test.exe': No such file
make[2]: [../armv7l-fc21-gcc49-opt/PersistencySvc_Functionality_test.exe] Error 1 (ignored)
#CMT---> Info: Document install_test_PersistencySvc_NoClassIDDict_test_PersistencySvc_NoClassIDdictrootmap
/usr/bin/ld: cannot find -lcppunit
collect2: error: ld returned 1 exit status
make[2]: [../armv7l-fc21-gcc49-opt/libtest_PersistencySvc_NoClassIDDict.so] Error 1 (ignored)
#CMT---> Info: Document test_PersistencySvc_NoClassIDDict_optdebug_library
#CMT---> (test_PersistencySvc_NoClassIDDict_optdebug_library.make) ../armv7l-fc21-gcc49-opt/libtest_PersistencySvc_NoClassIDDict.so: No rule for such target
objcopy: '../armv7l-fc21-gcc49-opt/libtest_PersistencySvc_NoClassIDDict.so': No such file
make[2]: [../armv7l-fc21-gcc49-opt/libtest_PersistencySvc_NoClassIDDict.so.debug] Error 1 (ignored)
objcopy: '../armv7l-fc21-gcc49-opt/libtest_PersistencySvc_NoClassIDDict.so': No such file
make[2]: [../armv7l-fc21-gcc49-opt/libtest_PersistencySvc_NoClassIDDict.so.debug] Error 1 (ignored)
objcopy: 'libtest_PersistencySvc_NoClassIDDict.so': No such file
make[2]: [../armv7l-fc21-gcc49-opt/libtest_PersistencySvc_NoClassIDDict.so.debug] Error 1 (ignored)
/usr/bin/ld: cannot find -lcppunit
collect2: error: ld returned 1 exit status
make[2]: [../armv7l-fc21-gcc49-opt/libtest_StorageSvc_TransientMembersDict.so] Error 1 (ignored)
#CMT---> Info: Document test_StorageSvc_TransientMembersDict_optdebug_library
#CMT---> (test_StorageSvc_TransientMembersDict_optdebug_library.make) ../armv7l-fc21-gcc49-opt/libtest_StorageSvc_TransientMembersDict.so: No rule for such target
objcopy: '../armv7l-fc21-gcc49-opt/libtest_StorageSvc_TransientMembersDict.so': No such file
make[2]: [../armv7l-fc21-gcc49-opt/libtest_StorageSvc_TransientMembersDict.so.debug] Error 1 (ignored)
objcopy: '../armv7l-fc21-gcc49-opt/libtest_StorageSvc_TransientMembersDict.so': No such file
make[2]: [../armv7l-fc21-gcc49-opt/libtest_StorageSvc_TransientMembersDict.so.debug] Error 1 (ignored)
objcopy: 'libtest_StorageSvc_TransientMembersDict.so': No such file
make[2]: [../armv7l-fc21-gcc49-opt/libtest_StorageSvc_TransientMembersDict.so.debug] Error 1 (ignored)
#CMT---> Info: Library test_TestDictionaryDict
#CMT---> Info: Document check_install_test_TestDictionaryDict_test_TestDictionarydictrootmap
#CMT---> Info: Document install_test_TestDictionaryDict_test_TestDictionarydictrootmap
/usr/bin/ld: cannot find -lcppunit
collect2: error: ld returned 1 exit status
make[2]: [../armv7l-fc21-gcc49-opt/libtest_TestDictionaryDict.so] Error 1 (ignored)
#CMT---> Info: Document test_TestDictionaryDict_optdebug_library
#CMT---> (test_TestDictionaryDict_optdebug_library.make) ../armv7l-fc21-gcc49-opt/libtest_TestDictionaryDict.so: No rule for such target
objcopy: '../armv7l-fc21-gcc49-opt/libtest_TestDictionaryDict.so': No such file
make[2]: [../armv7l-fc21-gcc49-opt/libtest_TestDictionaryDict.so.debug] Error 1 (ignored)
objcopy: '../armv7l-fc21-gcc49-opt/libtest_TestDictionaryDict.so': No such file
make[2]: [../armv7l-fc21-gcc49-opt/libtest_TestDictionaryDict.so.debug] Error 1 (ignored)
objcopy: 'libtest_TestDictionaryDict.so': No such file
make[2]: [../armv7l-fc21-gcc49-opt/libtest_TestDictionaryDict.so.debug] Error 1 (ignored)
#CMT---> Info: Document checkreq#CMT---> Info: Document install_includes

#CMT---> Info: Library CollectionBase#CMT--->
 Info: Document get_files
#CMT---> Info: Document CollectionGen
#CMT---> Info: calculating dependencies for ../CollectionBase/CollectionDict.h
#CMT---> Info: Library CollectionDict
#CMT---> Info: Document check_install_CollectionDict_Collectiondictrootmap
#CMT---> Info: Document install_CollectionDict_Collectiondictrootmap
#CMT---> Info: Document CollectionBase_optdebug_library
#CMT---> Info: Document CollectionDictMerge
#CMT---> Info: Document CollectionDict_optdebug_library
#CMT---> Info: calculating dependencies for ../CollectionBase/CollectionDict.h
#CMT--->#CMT---> Info: Document RootCollectionDict
#CMT---> Info: Document checkreq
 Info: Document get_files
#CMT---> Info: Document warning_depr_rootmap
#CMT---> Info: Document install_includes
#CMT---> Info: Library RootCollection
#CMT---> Info: Document RootCollection_optdebug_library
#CMT---> Info: Document RootCollectionComponentsList
#CMT---> Info: Document RootCollectionMergeComponentsList
#CMT---> Info: Document checkreq
#CMT---> Info: Application WriteRead_test#CMT--->
#CMT---> Info:  Info: Document install_includes
Document warning_depr_rootmap
#CMT---> Info: Application WriteUpdate_test
#CMT---> Info: Library RelationalCollection
#CMT---> (WriteUpdate_test.make) /home/jwsmith/HDD/Gaudi/GaudiKernel/armv7l-fc21-gcc49-opt/GaudiKernel.stamp: No rule for such target
#CMT---> (WriteRead_test.make) /home/jwsmith/HDD/Gaudi/GaudiKernel/armv7l-fc21-gcc49-opt/GaudiKernel.stamp: No rule for such target
#CMT---> Info: Document RelationalCollection_optdebug_library
#CMT---> Info: Document RelationalCollectionComponentsList
#CMT---> Info: Document RelationalCollectionMergeComponentsList
#CMT---> Info: Document checkreq
#CMT---> Info: Document install_includes
#CMT---> Info: Document warning_depr_rootmap
#CMT---> Info: Library ImplicitCollection
#CMT---> Info: Document ImplicitCollectionComponentsList
#CMT---> Info: Document ImplicitCollection_optdebug_library
#CMT---> Info: Document ImplicitCollectionMergeComponentsList
#CMT---> Info: Document checkreq
#CMT--->#CMT---> Info: Document install_includes Info: Library AthLinks

#CMT---> Info: Document AthLinksGen
#CMT---> Info: calculating dependencies for ../AthLinks/AthLinksDict.h
#CMT---> Info: Document AthLinks_optdebug_library
#CMT---> Info: Document check_install_AthLinksDict_AthLinksdictrootmap
#CMT---> Info: Library AthLinksDict
#CMT---> Info: Document install_AthLinksDict_AthLinksdictrootmap
#CMT---> Info: Document AthLinksDictMerge
#CMT---> Info: Document AthLinksDict_optdebug_library
#CMT---> Info: calculating dependencies for ../AthLinks/AthLinksDict.h
#CMT---> Info: Document checkreq#CMT---> Info: Document warning_depr_rootmap#CMT--->

 Info: #CMT--->Library CLIDComps
 Info: Document check_install_python_modules
#CMT---> Info: Document check_install_runtime
#CMT---> Info: Document check_install_scripts
#CMT---> Info: Document get_files
#CMT---> Info: Document install_includes
#CMT---> Info: Document install_python_modules
#CMT---> Info: Document install_scripts
#CMT---> Info: Document install_runtime
#CMT---> Info: Document CLIDCompsComponentsList
#CMT---> Info: Document CLIDComps_optdebug_library
#CMT---> Info: Document CLIDCompsConf
#CMT---> Info: Document CLIDCompsMergeComponentsList
#CMT---> Info: Document CLIDComps_python_init
#CMT---> Info: Document CLIDCompsConfDbMerge
#CMT---> Info: Document checkreq
#CMT---> Info: Library DBReplicaSvc
#CMT---> Info: Document install_includes
#CMT---> Info: Document warning_depr_rootmap
#CMT---> Info: Document DBReplicaSvcConf
#CMT---> Info: Document DBReplicaSvcComponentsList
#CMT---> Info: Document DBReplicaSvcCLIDDB
#CMT---> Info: Document DBReplicaSvc_optdebug_library
#CMT---> Info: Document DBReplicaSvcMergeComponentsList
#CMT---> Info: Document DBReplicaSvc_python_init
#CMT---> Info: Document DBReplicaSvcConfDbMerge
#CMT---> Info: Document checkreq
#CMT---> Info: Library TrigCollQueryLib
#CMT---> Info: Document warning_depr_rootmap
#CMT---> Info: Library TrigCollQuery
#CMT---> Info: Document check_install_joboptions
#CMT---> Info: Application runCollUtil
#CMT---> Info: Document install_includes
#CMT---> Info: Application decodeTriggerQuery
#CMT---> Info: Document install_joboptions
#CMT---> Info: Document TrigCollQueryLib_optdebug_library
#CMT---> (runCollUtil.make) /home/jwsmith/HDD/Gaudi/GaudiKernel/armv7l-fc21-gcc49-opt/GaudiKernel.stamp: No rule for such target
#CMT---> (decodeTriggerQuery.make) /home/jwsmith/HDD/Gaudi/GaudiKernel/armv7l-fc21-gcc49-opt/GaudiKernel.stamp: No rule for such target
#CMT---> Info: Document TrigCollQueryComponentsList
#CMT---> Info: Document TrigCollQueryConf
#CMT---> Info: Document TrigCollQueryCLIDDB
#CMT---> Info: Document TrigCollQuery_optdebug_library
#CMT---> Info: Document TrigCollQueryMergeComponentsList
#CMT---> Info: Document TrigCollQuery_python_init
#CMT---> Info: Document TrigCollQueryConfDbMerge
#CMT--->#CMT---> Info: Document checkreq
#CMT---> Info: Library CollectionUtilities
 Info: Application coll_insertGuidToCatalog
#CMT---> Info: Application CollAppend
#CMT---> Info: Application CollListAttrib
#CMT---> Info: Application CollListFileGUID
#CMT---> Info: Application CollListMetadata
#CMT---> Info: Application CollListPFN
#CMT---> Info: Application CollListToken
#CMT---> Info: Application CollRemove
#CMT---> Info: Application CollQuery
#CMT---> Info: Application CollSplitByGUID
#CMT---> Info: Document install_includes
#CMT---> Info: Document check_install_scripts
#CMT---> Info: Document install_scripts
#CMT---> Info: Document CollectionUtilities_optdebug_library
#CMT---> (coll_insertGuidToCatalog.make) /home/jwsmith/HDD/Gaudi/GaudiKernel/armv7l-fc21-gcc49-opt/GaudiKernel.stamp: No rule for such target
#CMT---> (CollAppend.make) /home/jwsmith/HDD/Gaudi/GaudiKernel/armv7l-fc21-gcc49-opt/GaudiKernel.stamp: No rule for such target
#CMT---> (CollListAttrib.make) /home/jwsmith/HDD/Gaudi/GaudiKernel/armv7l-fc21-gcc49-opt/GaudiKernel.stamp: No rule for such target
#CMT---> (CollListFileGUID.make) /home/jwsmith/HDD/Gaudi/GaudiKernel/armv7l-fc21-gcc49-opt/GaudiKernel.stamp: No rule for such target
#CMT---> (CollListPFN.make) /home/jwsmith/HDD/Gaudi/GaudiKernel/armv7l-fc21-gcc49-opt/GaudiKernel.stamp: No rule for such target
#CMT---> (CollListToken.make) /home/jwsmith/HDD/Gaudi/GaudiKernel/armv7l-fc21-gcc49-opt/GaudiKernel.stamp: No rule for such target
#CMT---> (CollQuery.make) /home/jwsmith/HDD/Gaudi/GaudiKernel/armv7l-fc21-gcc49-opt/GaudiKernel.stamp: No rule for such target
#CMT---> (CollListMetadata.make) /home/jwsmith/HDD/Gaudi/GaudiKernel/armv7l-fc21-gcc49-opt/GaudiKernel.stamp: No rule for such target
#CMT---> (CollRemove.make) /home/jwsmith/HDD/Gaudi/GaudiKernel/armv7l-fc21-gcc49-opt/GaudiKernel.stamp: No rule for such target
#CMT---> (CollSplitByGUID.make) /home/jwsmith/HDD/Gaudi/GaudiKernel/armv7l-fc21-gcc49-opt/GaudiKernel.stamp: No rule for such target
#CMT---> Info: Document checkreq
#CMT---> Info: Document check_install_runtime
#CMT---> Info: Document install_includes
#CMT---> Info: Document install_runtime
#CMT--->#CMT---> Info: Document warning_depr_rootmap
 Info: #CMT---> Info: Library AthenaRootStreamerSvc
Document checkreq
#CMT---> Info: Document check_install_joboptions
#CMT---> Info: Document install_includes
#CMT---> Info: Document install_joboptions
../src/AthenaRootStreamerSvc.cxx:17:40: fatal error: RootUtils/StdHackGenerator.h: No such file or directory
 #include "RootUtils/StdHackGenerator.h"
                                        ^
compilation terminated.
make[2]: [../armv7l-fc21-gcc49-opt/AthenaRootStreamerSvc.o] Error 1 (ignored)
../src/AthenaRootStreamerSvc.cxx:17:40: fatal error: RootUtils/StdHackGenerator.h: No such file or directory
 #include "RootUtils/StdHackGenerator.h"
                                        ^
compilation terminated.
make[2]: [../armv7l-fc21-gcc49-opt/AthenaRootStreamerSvc.o] Error 1 (ignored)
lcg-g++-4.9.2: error: ../armv7l-fc21-gcc49-opt/AthenaRootStreamerSvc.o: No such file or directory
make[2]: [../armv7l-fc21-gcc49-opt/libAthenaRootStreamerSvc.so] Error 1 (ignored)
#CMT---> Info: Document AthenaRootStreamerSvcConf
#CMT---> Warning: Source file ../armv7l-fc21-gcc49-opt/libAthenaRootStreamerSvc.so not found
#CMT---> Info: Document AthenaRootStreamerSvcComponentsList
#CMT---> Info: Document AthenaRootStreamerSvcCLIDDB
#CMT---> Info: Document AthenaRootStreamerSvc_optdebug_library
#CMT---> (AthenaRootStreamerSvcComponentsList.make) ../armv7l-fc21-gcc49-opt/libAthenaRootStreamerSvc.so: No rule for such target
#CMT---> (AthenaRootStreamerSvcConf.make) ../armv7l-fc21-gcc49-opt/libAthenaRootStreamerSvc.so: No rule for such target
#CMT---> (AthenaRootStreamerSvc_optdebug_library.make) ../armv7l-fc21-gcc49-opt/libAthenaRootStreamerSvc.so: No rule for such target
#CMT---> (AthenaRootStreamerSvcCLIDDB.make) ../armv7l-fc21-gcc49-opt/libAthenaRootStreamerSvc.so: No rule for such target
objcopy: '../armv7l-fc21-gcc49-opt/libAthenaRootStreamerSvc.so': No such file
make[2]: [../armv7l-fc21-gcc49-opt/libAthenaRootStreamerSvc.so.debug] Error 1 (ignored)
objcopy: '../armv7l-fc21-gcc49-opt/libAthenaRootStreamerSvc.so': No such file
ERROR: failed to load make[2]: [../armv7l-fc21-gcc49-opt/libAthenaRootStreamerSvc.so.debug] Error 1 (ignored)
libAthenaRootStreamerSvc.so
make[2]: [../armv7l-fc21-gcc49-opt/AthenaRootStreamerSvc.components] Error 1 (ignored)
objcopy: 'libAthenaRootStreamerSvc.so': No such file
make[2]: [../armv7l-fc21-gcc49-opt/libAthenaRootStreamerSvc.so.debug] Error 1 (ignored)
#CMT---> Info: Document AthenaRootStreamerSvcMergeComponentsList
#CMT---> Warning: Source file ../armv7l-fc21-gcc49-opt/libAthenaRootStreamerSvc.so not found
make[2]: [/home/jwsmith/HDD/AtlasOfflineBuild-framework/InstallArea/AtlasCore/AtlasCore-18.9.0/Database/AthenaPOOL/AthenaPoolServices/genConf/AthenaPoolServices/AthenaRootStreamerSvcConf.py] Error 1 (ignored)
#CMT---> Info: Document AthenaPoolServices_python_init
#CMT---> Info: Document AthenaRootStreamerSvcConfDbMerge
#CMT---> Warning: Source file ../armv7l-fc21-gcc49-opt/libAthenaRootStreamerSvc.so not found
#CMT---> (AthenaRootStreamerSvcConfDbMerge.make) /home/jwsmith/HDD/AtlasOfflineBuild-framework/InstallArea/AtlasCore/AtlasCore-18.9.0/Database/AthenaPOOL/AthenaPoolServices/genConf/AthenaPoolServices/AthenaRootStreamerSvc.confdb: No rule for such target
Traceback (most recent call last):
  File "/home/jwsmith/HDD/Gaudi/GaudiPolicy/scripts/merge_files.py", line 180, in <module>
    ignoreMissing = options.ignoreMissing)
  File "/home/jwsmith/HDD/Gaudi/GaudiPolicy/scripts/merge_files.py", line 66, in mergeFiles
    fileData = open(f, 'r').read()
IOError: [Errno 2] No such file or directory: '/home/jwsmith/HDD/AtlasOfflineBuild-framework/InstallArea/AtlasCore/AtlasCore-18.9.0/Database/AthenaPOOL/AthenaPoolServices/genConf/AthenaPoolServices/AthenaRootStreamerSvc.confdb'
make[2]: [/home/jwsmith/HDD/AtlasOfflineBuild-framework/InstallArea/AtlasCore/AtlasCore-18.9.0/Database/AthenaPOOL/AthenaPoolServices/genConf/AthenaPoolServices/AthenaRootStreamerSvc.confdb.stamp] Error 1 (ignored)
make[2]: [/home/jwsmith/HDD/AtlasOfflineBuild-framework/InstallArea/AtlasCore/AtlasCore-18.9.0/InstallArea/share/AthenaRootStreamerSvc_clid.db] Error 3 (ignored)
Traceback (most recent call last):
  File "/home/jwsmith/HDD/Gaudi/GaudiPolicy/scripts/merge_files.py", line 180, in <module>
    ignoreMissing = options.ignoreMissing)
  File "/home/jwsmith/HDD/Gaudi/GaudiPolicy/scripts/merge_files.py", line 66, in mergeFiles
    fileData = open(f, 'r').read()
IOError: [Errno 2] No such file or directory: '/home/jwsmith/HDD/AtlasOfflineBuild-framework/InstallArea/AtlasCore/AtlasCore-18.9.0/Database/AthenaPOOL/AthenaPoolServices/genConf/AthenaPoolServices/AthenaRootStreamerSvc.confdb'
make[2]: [/home/jwsmith/HDD/AtlasOfflineBuild-framework/InstallArea/AtlasCore/AtlasCore-18.9.0/InstallArea/armv7l-fc21-gcc49-opt/lib/jwsmith.confdb] Error 1 (ignored)
#CMT---> Info: Document checkreq
#CMT---> Info: Library AtlasSealCLHEP
#CMT---> Info: Document check_install_joboptions
#CMT---> Info: Document install_includes
#CMT---> Info: Document check_install_python_modules
#CMT---> Info: Document AtlasSealCLHEPGen
#CMT---> Info: Document install_joboptions
#CMT---> Info: calculating dependencies for ../AtlasSealCLHEP/AtlasSealCLHEPDict.h
#CMT---> Info: Document install_python_modules
In file included from /home/jwsmith/HDD/AtlasOfflineBuild-framework/InstallArea/AtlasCore/AtlasCore-18.9.0/Database/AtlasSealCLHEP/AtlasSealCLHEP/CLHEP_Matrix.h:1:0,
                 from ../armv7l-fc21-gcc49-opt/dict/AtlasSealCLHEP/AtlasSealCLHEPDict_gen.h:17:
/home/jwsmith/HDD/lcgcmake-install/clhep/1.9.4.7/armv7l-fc21-gcc49-opt/include/CLHEP/Matrix/DiagMatrix.h:268:27: fatal error: /DiagMatrix.icc: No such file or directory
 #include "/DiagMatrix.icc"
                           ^
compilation terminated.
../src/OldCLHEPStreamers.cxx: In member function ‘virtual void CLHEPMatrixStreamer::CopyOldToNew(const OldHepMatrix&, CLHEP::HepMatrix&)’:
../src/OldCLHEPStreamers.cxx:22:15: error: ‘class CLHEP::HepMatrix’ has no member named ‘size_’
      new_matx.size_ = old_matx.size;
               ^
make[2]: [../armv7l-fc21-gcc49-opt/OldCLHEPStreamers.o] Error 1 (ignored)
Traceback (most recent call last):
  File "/home/jwsmith/HDD/AtlasOfflineBuild-framework/InstallArea/AtlasCore/AtlasCore-18.9.0/External/AtlasReflex/genreflex/lib/python/genreflex/genreflex.py", line 427, in <module>
    l.process_files()
  File "/home/jwsmith/HDD/AtlasOfflineBuild-framework/InstallArea/AtlasCore/AtlasCore-18.9.0/External/AtlasReflex/genreflex/lib/python/genreflex/genreflex.py", line 355, in process_files
    dg.parse(xmlfile)
  File "/home/jwsmith/HDD/AtlasOfflineBuild-framework/InstallArea/AtlasCore/AtlasCore-18.9.0/External/AtlasReflex/genreflex/lib/python/genreflex/gendict.py", line 201, in parse
    f = open(file)
IOError: [Errno 2] No such file or directory: '../armv7l-fc21-gcc49-opt/dict/AtlasSealCLHEP/AtlasSealCLHEPDict_gen_gccxmlout.xml'
make[2]: [../armv7l-fc21-gcc49-opt/dict/AtlasSealCLHEP/AtlasSealCLHEPDict.xml.stamp] Error 1 (ignored)
#CMT---> Info: Library AtlasSealCLHEPDict
#CMT---> Info: Document check_install_AtlasSealCLHEPDict_AtlasSealCLHEPdictrootmap
#CMT---> Info: Document install_AtlasSealCLHEPDict_AtlasSealCLHEPdictrootmap
#CMT---> Warning: Source file ../armv7l-fc21-gcc49-opt/dict/AtlasSealCLHEP/AtlasSealCLHEPDict.dsomap not found
../src/OldCLHEPStreamers.cxx: In member function ‘virtual void CLHEPMatrixStreamer::CopyOldToNew(const OldHepMatrix&, CLHEP::HepMatrix&)’:
../src/OldCLHEPStreamers.cxx:22:15: error: ‘class CLHEP::HepMatrix’ has no member named ‘size_’
      new_matx.size_ = old_matx.size;
               ^
make[2]: [../armv7l-fc21-gcc49-opt/OldCLHEPStreamers.o] Error 1 (ignored)
lcg-g++-4.9.2: error: ../armv7l-fc21-gcc49-opt/OldCLHEPStreamers.o: No such file or directory
make[2]: [../armv7l-fc21-gcc49-opt/libAtlasSealCLHEP.so] Error 1 (ignored)
#CMT---> Info: Document AtlasSealCLHEP_optdebug_library
#CMT---> (AtlasSealCLHEPDict.make) AtlasSealCLHEPDictinstall: No rule for such target
#CMT---> (AtlasSealCLHEP_optdebug_library.make) ../armv7l-fc21-gcc49-opt/libAtlasSealCLHEP.so: No rule for such target
#CMT---> Info: Document AtlasSealCLHEPDictMerge
#CMT---> Info: Document AtlasSealCLHEPDict_optdebug_library
objcopy: '../armv7l-fc21-gcc49-opt/libAtlasSealCLHEP.so': No such file
make[2]: [../armv7l-fc21-gcc49-opt/libAtlasSealCLHEP.so.debug] Error 1 (ignored)
objcopy: '../armv7l-fc21-gcc49-opt/libAtlasSealCLHEP.so': No such file
make[2]: [../armv7l-fc21-gcc49-opt/libAtlasSealCLHEP.so.debug] Error 1 (ignored)
objcopy: 'libAtlasSealCLHEP.so': No such file
make[2]: [../armv7l-fc21-gcc49-opt/libAtlasSealCLHEP.so.debug] Error 1 (ignored)
#CMT---> (AtlasSealCLHEPDict_optdebug_library.make) ../armv7l-fc21-gcc49-opt/libAtlasSealCLHEPDict.so: No rule for such target
#CMT---> Info: calculating dependencies for ../AtlasSealCLHEP/AtlasSealCLHEPDict.h
objcopy: '../armv7l-fc21-gcc49-opt/libAtlasSealCLHEPDict.so': No such file
make[2]: [../armv7l-fc21-gcc49-opt/libAtlasSealCLHEPDict.so.debug] Error 1 (ignored)
objcopy: '../armv7l-fc21-gcc49-opt/libAtlasSealCLHEPDict.so': No such file
make[2]: [../armv7l-fc21-gcc49-opt/libAtlasSealCLHEPDict.so.debug] Error 1 (ignored)
objcopy: 'libAtlasSealCLHEPDict.so': No such file
make[2]: [../armv7l-fc21-gcc49-opt/libAtlasSealCLHEPDict.so.debug] Error 1 (ignored)
#CMT---> Info: Document checkreq
#CMT---> Info: Document warning_depr_rootmap
#CMT---> Info: Library ToyConversionLib
#CMT---> Info: Library ToyConversion
#CMT---> Info: Document check_install_joboptions
#CMT---> Info: Document install_includes
#CMT---> Info: Document install_joboptions
#CMT---> Info: Document ToyConversionLib_optdebug_library
#CMT---> Info: Document ToyConversionConf
#CMT---> Info: Document ToyConversion_optdebug_library
#CMT---> Info: Document ToyConversionCLIDDB
#CMT---> Info: Document ToyConversionComponentsList
#CMT---> Info: Document ToyConversionMergeComponentsList
#CMT---> Info: Document ToyConversionConfDbMerge
#CMT---> Info: Document ToyConversion_python_init
#CMT---> Info: Document install_includes
#CMT---> Info: Document checkreq
#CMT---> Info: Document checkreq
#CMT---> Info: Document install_includes
#CMT---> Info: Library AthContainers
#CMT---> Info: Document AthContainersGen
#CMT---> Info: calculating dependencies for ../AthContainers/AthContainersDict.h
#CMT---> Info: Library AthContainersDict
#CMT---> Info: Document check_install_AthContainersDict_AthContainersdictrootmap
#CMT---> Info: Document install_AthContainersDict_AthContainersdictrootmap
#CMT---> Info: Document AthContainers_optdebug_library
#CMT---> Info: Document AthContainersDictMerge
#CMT---> Info: Document AthContainersDict_optdebug_library
#CMT---> Info: calculating dependencies for ../AthContainers/AthContainersDict.h
#CMT---> Info: Document checkreq
#CMT---> Info: Document install_includes
#CMT---> Info: #CMT---> Info: Library ByteStreamData_test
#CMT---> Info: Document install_includes
Library ByteStreamData
#CMT---> Info: Document checkreq
#CMT---> Info: Document ByteStreamDataGen
In file included from ../src/ROBData_t.cxx:1:0:
/home/jwsmith/HDD/AtlasOfflineBuild-framework/InstallArea/AtlasCore/AtlasCore-18.9.0/Event/ByteStreamData/ByteStreamData/ROBData.h:22:38: fatal error: eformat/SourceIdentifier.h: No such file or directory
 #include "eformat/SourceIdentifier.h"
                                      ^
compilation terminated.
#CMT---> Info: calculating dependencies for /home/jwsmith/HDD/AtlasOfflineBuild-framework/InstallArea/AtlasCore/AtlasCore-18.9.0/Event/ByteStreamData/ByteStreamData/ByteStreamDataDict.h
In file included from ../src/ROBData.cxx:1:0:
/home/jwsmith/HDD/AtlasOfflineBuild-framework/InstallArea/AtlasCore/AtlasCore-18.9.0/Event/ByteStreamData/ByteStreamData/ROBData.h:22:38: fatal error: eformat/SourceIdentifier.h: No such file or directory
 #include "eformat/SourceIdentifier.h"
                                      ^
compilation terminated.
make[2]: [../armv7l-fc21-gcc49-opt/ROBData_t.o] Error 1 (ignored)
make[2]: [../armv7l-fc21-gcc49-opt/ROBData.o] Error 1 (ignored)
In file included from ../src/ROBData.cxx:1:0:
/home/jwsmith/HDD/AtlasOfflineBuild-framework/InstallArea/AtlasCore/AtlasCore-18.9.0/Event/ByteStreamData/ByteStreamData/ROBData.h:22:38: fatal error: eformat/SourceIdentifier.h: No such file or directory
 #include "eformat/SourceIdentifier.h"
                                      ^
compilation terminated.
make[2]: [../armv7l-fc21-gcc49-opt/ROBData.o] Error 1 (ignored)
lcg-g++-4.9.2: error: ../armv7l-fc21-gcc49-opt/ROBData.o: No such file or directory
make[2]: [../armv7l-fc21-gcc49-opt/libByteStreamData.so] Error 1 (ignored)
#CMT---> Info: Document ByteStreamData_optdebug_library
#CMT---> (ByteStreamData_optdebug_library.make) ../armv7l-fc21-gcc49-opt/libByteStreamData.so: No rule for such target
objcopy: '../armv7l-fc21-gcc49-opt/libByteStreamData.so': No such file
make[2]: [../armv7l-fc21-gcc49-opt/libByteStreamData.so.debug] Error 1 (ignored)
objcopy: '../armv7l-fc21-gcc49-opt/libByteStreamData.so': No such file
make[2]: [../armv7l-fc21-gcc49-opt/libByteStreamData.so.debug] Error 1 (ignored)
In file included from ../src/ROBData_t.cxx:1:0:
/home/jwsmith/HDD/AtlasOfflineBuild-framework/InstallArea/AtlasCore/AtlasCore-18.9.0/Event/ByteStreamData/ByteStreamData/ROBData.h:22:38: fatal error: eformat/SourceIdentifier.h: No such file or directory
 #include "eformat/SourceIdentifier.h"
                                      ^
compilation terminated.
objcopy: 'libByteStreamData.so': No such file
make[2]: [../armv7l-fc21-gcc49-opt/libByteStreamData.so.debug] Error 1 (ignored)
make[2]: [../armv7l-fc21-gcc49-opt/ROBData_t.o] Error 1 (ignored)
lcg-g++-4.9.2: error: ../armv7l-fc21-gcc49-opt/ROBData_t.o: No such file or directory
make[2]: [../armv7l-fc21-gcc49-opt/libByteStreamData_test.so] Error 1 (ignored)
#CMT---> Info: Document ByteStreamData_test_optdebug_library
#CMT---> (ByteStreamData_test_optdebug_library.make) ../armv7l-fc21-gcc49-opt/libByteStreamData_test.so: No rule for such target
objcopy: '../armv7l-fc21-gcc49-opt/libByteStreamData_test.so': No such file
make[2]: [../armv7l-fc21-gcc49-opt/libByteStreamData_test.so.debug] Error 1 (ignored)
objcopy: '../armv7l-fc21-gcc49-opt/libByteStreamData_test.so': No such file
make[2]: [../armv7l-fc21-gcc49-opt/libByteStreamData_test.so.debug] Error 1 (ignored)
objcopy: 'libByteStreamData_test.so': No such file
make[2]: [../armv7l-fc21-gcc49-opt/libByteStreamData_test.so.debug] Error 1 (ignored)
#CMT---> Info: Library ByteStreamDataDict
#CMT---> Info: Document check_install_ByteStreamDataDict_ByteStreamDatadictrootmap
#CMT---> Info: Document install_ByteStreamDataDict_ByteStreamDatadictrootmap
/usr/bin/ld: cannot find -lByteStreamData
/usr/bin/ld: cannot find -lByteStreamData_test
/usr/bin/ld: cannot find -leformat
/usr/bin/ld: cannot find -leformat_write
/usr/bin/ld: cannot find -lDataReader
/usr/bin/ld: cannot find -leformat_old
/usr/bin/ld: cannot find -lRawFileName
/usr/bin/ld: cannot find -lDataWriter
/usr/bin/ld: cannot find -lers
collect2: error: ld returned 1 exit status
make[2]: [../armv7l-fc21-gcc49-opt/libByteStreamDataDict.so] Error 1 (ignored)
#CMT---> Info: Document ByteStreamDataDict_optdebug_library
#CMT---> Info: Document ByteStreamDataDictMerge
#CMT---> (ByteStreamDataDict_optdebug_library.make) ../armv7l-fc21-gcc49-opt/libByteStreamDataDict.so: No rule for such target
objcopy: '../armv7l-fc21-gcc49-opt/libByteStreamDataDict.so': No such file
make[2]: [../armv7l-fc21-gcc49-opt/libByteStreamDataDict.so.debug] Error 1 (ignored)
#CMT---> Info: calculating dependencies for /home/jwsmith/HDD/AtlasOfflineBuild-framework/InstallArea/AtlasCore/AtlasCore-18.9.0/Event/ByteStreamData/ByteStreamData/ByteStreamDataDict.h
objcopy: '../armv7l-fc21-gcc49-opt/libByteStreamDataDict.so': No such file
make[2]: [../armv7l-fc21-gcc49-opt/libByteStreamDataDict.so.debug] Error 1 (ignored)
objcopy: 'libByteStreamDataDict.so': No such file
make[2]: [../armv7l-fc21-gcc49-opt/libByteStreamDataDict.so.debug] Error 1 (ignored)
#CMT---> Info: Document checkreq
#CMT---> Info: Library DBDataModel
#CMT---> Info: Document install_includes
#CMT---> Info: Document DBDataModelGen
#CMT---> Info: calculating dependencies for /home/jwsmith/HDD/AtlasOfflineBuild-framework/InstallArea/AtlasCore/AtlasCore-18.9.0/Database/AthenaPOOL/DBDataModel/DBDataModel/DBDataModelDict.h
#CMT---> Info: Document DBDataModel_optdebug_library
#CMT---> Info: Library DBDataModelDict
#CMT---> Info: Document check_install_DBDataModelDict_DBDataModeldictrootmap
#CMT---> Info: Document install_DBDataModelDict_DBDataModeldictrootmap
#CMT---> Info: Document DBDataModelDictMerge
#CMT---> Info: Document DBDataModelDict_optdebug_library
#CMT---> Info: calculating dependencies for /home/jwsmith/HDD/AtlasOfflineBuild-framework/InstallArea/AtlasCore/AtlasCore-18.9.0/Database/AthenaPOOL/DBDataModel/DBDataModel/DBDataModelDict.h
#CMT---> Info: Document get_files
#CMT---> Info: #CMT---> Info: Document checkreq
Document install_includes
#CMT---> Info: Document AthenaPoolUtilitiesGen
#CMT---> Info: calculating dependencies for ../AthenaPoolUtilities/AthenaPoolUtilitiesDict.h
#CMT---> Info: Document check_install_AthenaPoolUtilitiesDict_AthenaPoolUtilitiesdictrootmap
#CMT---> Info: Library AthenaPoolUtilitiesDict
#CMT---> Info: Document install_AthenaPoolUtilitiesDict_AthenaPoolUtilitiesdictrootmap
#CMT---> Info: Document AthenaPoolUtilitiesDict_optdebug_library
#CMT---> Info: Document AthenaPoolUtilitiesDictMerge
#CMT---> Info: calculating dependencies for ../AthenaPoolUtilities/AthenaPoolUtilitiesDict.h
#CMT---> Info: Document checkreq
#CMT---> Info: Library IOVDbDataModel
#CMT---> Info: Document install_includes
#CMT---> Info: Document IOVDbDataModelGen
#CMT---> Info: calculating dependencies for ../IOVDbDataModel/IOVDbDataModelDict.h
#CMT---> Info: Document IOVDbDataModel_optdebug_library
#CMT---> Info: Library IOVDbDataModelDict
#CMT---> Info: Document check_install_IOVDbDataModelDict_IOVDbDataModeldictrootmap
#CMT---> Info: Document install_IOVDbDataModelDict_IOVDbDataModeldictrootmap
#CMT---> Info: Document IOVDbDataModelDict_optdebug_library
#CMT---> Info: Document IOVDbDataModelDictMerge
#CMT---> Info: calculating dependencies for ../IOVDbDataModel/IOVDbDataModelDict.h
#CMT---> Info: Library EventInfo
#CMT---> Info: Document check_install_python_modules
#CMT---> Info: Document checkreq
#CMT---> Info: Document check_install_joboptions
#CMT---> Info: Document get_files
#CMT---> Info: Document install_includes
#CMT---> Info: Document install_joboptions
#CMT---> Info: Document install_python_modules
#CMT---> Info: Document EventInfoGen
#CMT---> Info: calculating dependencies for ../EventInfo/EventInfoDict.h
#CMT---> Info: Library EventInfoDict
#CMT---> Info: Document check_install_EventInfoDict_EventInfodictrootmap
#CMT---> Info: Document install_EventInfoDict_EventInfodictrootmap
#CMT---> Info: Document EventInfo_optdebug_library
#CMT---> Info: Document EventInfoDictMerge
#CMT---> Info: Document EventInfoDict_optdebug_library
#CMT---> Info: calculating dependencies for ../EventInfo/EventInfoDict.h
#CMT--->#CMT---> Info:  Info: Document warning_depr_rootmap
#CMT---> Info: Document install_includes
Document checkreq
#CMT---> Info: Library McEventSelector
#CMT---> Info: Document McEventSelectorConf
#CMT---> Info: Document McEventSelectorCLIDDB
#CMT---> Info: Document McEventSelectorComponentsList
#CMT---> Info: Document McEventSelector_optdebug_library
#CMT---> Info: Document McEventSelectorMergeComponentsList
#CMT---> Info: Document McEventSelector_python_init
#CMT---> Info: Document McEventSelectorConfDbMerge
#CMT---> Info: Document checkreq
#CMT--->#CMT---> Info: Document get_files
 Info: Document install_includes
#CMT---> Info: Library Navigation
#CMT---> Info: Document NavigationGen
#CMT---> Info: calculating dependencies for ../Navigation/NavigationDict.h
#CMT---> Info: Document Navigation_optdebug_library
#CMT---> Info: Library NavigationDict
#CMT---> Info: Document check_install_NavigationDict_Navigationdictrootmap
#CMT---> Info: Document install_NavigationDict_Navigationdictrootmap
#CMT---> Info: Document NavigationDict_optdebug_library
#CMT---> Info: Document NavigationDictMerge
#CMT---> Info: calculating dependencies for ../Navigation/NavigationDict.h
#CMT---> Info: Document checkreq
#CMT---> Info: Document warning_depr_rootmap
#CMT---> Info: Library StoreGateLib
#CMT---> Info: Library StoreGate
#CMT---> Info: Document check_install_python_modules
#CMT---> Info: Document get_files
#CMT---> Info: Library SGtests
#CMT---> Info: Document check_install_joboptions
#CMT---> Info: Document install_includes
#CMT---> Info: Document install_python_modules
#CMT---> Info: Document install_joboptions
#CMT---> Info: Document StoreGateLib_optdebug_library
#CMT---> Info: Document StoreGateConf
#CMT---> Info: Document StoreGateComponentsList
#CMT---> Info: Document StoreGateCLIDDB
#CMT---> Info: Document StoreGate_optdebug_library
#CMT---> Info: Document StoreGateMergeComponentsList
#CMT---> Info: Document StoreGate_python_init
#CMT---> Info: Document StoreGateConfDbMerge
#CMT---> Info: Document checkreq
#CMT---> Info: Document get_files
#CMT---> Info: Library AthenaPoolTools
#CMT---> Info: Document warning_depr_rootmap
#CMT---> Info: Document check_install_joboptions
#CMT---> Info: Document install_includes
#CMT---> Info: Document check_install_runtime
#CMT---> Info: Document install_joboptions
#CMT---> Info: Document install_runtime
#CMT---> Info: Document AthenaPoolToolsConf
#CMT---> Info: Document AthenaPoolToolsComponentsList
#CMT---> Info: Document AthenaPoolToolsCLIDDB
#CMT---> Info: Document AthenaPoolTools_optdebug_library
#CMT---> Info: Document AthenaPoolToolsMergeComponentsList
#CMT---> Info: Document AthenaPoolToolsConfDbMerge
#CMT---> Info: Document AthenaPoolTools_python_init
#CMT---> Info: Document checkreq
#CMT---> Info: Document warning_depr_rootmap
#CMT---> Info: Document get_files
#CMT---> Info: Document install_includes
#CMT---> Info: Library XMLCatalog
/usr/bin/ld: cannot find -lcppunit
collect2: error: ld returned 1 exit status
make[2]: [../armv7l-fc21-gcc49-opt/libXMLCatalog.so] Error 1 (ignored)
#CMT---> Info: Document XMLCatalogComponentsList
#CMT---> Info: Document XMLCatalog_optdebug_library
#CMT---> (XMLCatalogComponentsList.make) ../armv7l-fc21-gcc49-opt/libXMLCatalog.so: No rule for such target
#CMT---> (XMLCatalog_optdebug_library.make) ../armv7l-fc21-gcc49-opt/libXMLCatalog.so: No rule for such target
objcopy: '../armv7l-fc21-gcc49-opt/libXMLCatalog.so': No such file
make[2]: [../armv7l-fc21-gcc49-opt/libXMLCatalog.so.debug] Error 1 (ignored)
objcopy: '../armv7l-fc21-gcc49-opt/libXMLCatalog.so': No such file
make[2]: [../armv7l-fc21-gcc49-opt/libXMLCatalog.so.debug] Error 1 (ignored)
ERROR: failed to load libXMLCatalog.so
make[2]: [../armv7l-fc21-gcc49-opt/XMLCatalog.components] Error 1 (ignored)
objcopy: 'libXMLCatalog.so': No such file
make[2]: [../armv7l-fc21-gcc49-opt/libXMLCatalog.so.debug] Error 1 (ignored)
#CMT---> Info: Document XMLCatalogMergeComponentsList
#CMT---> Warning: Source file ../armv7l-fc21-gcc49-opt/libXMLCatalog.so not found
#CMT---> Info: Document checkreq
#CMT---> Info: Document check_install_python_modules
#CMT---> Info: Document install_includes
#CMT---> Info: Library StoreGateBindings
#CMT---> Info: Document StoreGateBindingsGen
#CMT---> Info: calculating dependencies for ../src/StoreGateBindingsDict.h
#CMT---> Info: Document install_python_modules
#CMT---> Info: Document StoreGateBindings_optdebug_library
#CMT---> Info: Library StoreGateBindingsDict
#CMT---> Info: Document check_install_StoreGateBindingsDict_StoreGateBindingsdictrootmap
#CMT---> Info: Document install_StoreGateBindingsDict_StoreGateBindingsdictrootmap
#CMT---> Info: Document StoreGateBindingsDict_optdebug_library
#CMT---> Info: Document StoreGateBindingsDictMerge
#CMT---> Info: calculating dependencies for ../src/StoreGateBindingsDict.h
#CMT---> Info: Document checkreq
#CMT--->#CMT---> Info: Document warning_depr_rootmap
 Info: Library SGAudSvc
#CMT---> Info: Document check_install_python_modules
#CMT---> Info: Document check_install_scripts
#CMT---> Info: Document install_includes
#CMT---> Info: Document install_python_modules
#CMT---> Info: Document install_scripts
#CMT---> Info: Document SGAudSvc_optdebug_library
#CMT---> Info: Document SGAudSvcConf
#CMT---> Info: Document SGAudSvcComponentsList
#CMT---> Info: Document SGAudSvcCLIDDB
#CMT---> Info: Document SGAudSvcMergeComponentsList
#CMT---> Info: Document SGAudSvcConfDbMerge
#CMT---> Info: Document SGAudSvc_python_init
#CMT---> Info: Document checkreq
#CMT---> Info: Document install_includes
#CMT---> Info: Document checkreq
#CMT---> Info: Document install_includes
#CMT---> Info: Document checkreq
#CMT---> Info: Document warning_depr_rootmap
#CMT---> Info: Library IOVSvcLib
#CMT---> Info: Document check_install_joboptions
#CMT---> Info: Library IOVSvc
#CMT---> Info: Document install_includes
#CMT---> Info: Document install_joboptions
#CMT---> Info: Document IOVSvcLib_optdebug_library
#CMT--->#CMT---> Info: Document IOVSvcCLIDDB
 Info: Document IOVSvcConf
#CMT---> Info: Document IOVSvc_optdebug_library
#CMT---> Info: Document IOVSvcComponentsList
#CMT---> Info: Document IOVSvcConfDbMerge
#CMT---> Info: Document IOVSvc_python_init
#CMT---> Info: Document IOVSvcMergeComponentsList
#CMT---> Info: Document warning_depr_rootmap
#CMT---> Info: Library DetDescrCnvSvcLib
#CMT---> Info: Library DetDescrCnvSvc
#CMT---> Info: Document checkreq
#CMT---> Info: Document check_install_python_modules
#CMT---> Info: Document install_includes
#CMT---> Info: Document check_install_joboptions
#CMT---> Info: Document install_python_modules
#CMT---> Info: Document install_joboptions
#CMT---> Info: Document DetDescrCnvSvcLib_optdebug_library
#CMT---> Info: Document DetDescrCnvSvcCLIDDB
#CMT---> Info: Document DetDescrCnvSvcComponentsList
#CMT---> Info: Document DetDescrCnvSvcConf
#CMT---> Info: Document DetDescrCnvSvc_optdebug_library
#CMT---> Info: Document DetDescrCnvSvcMergeComponentsList
#CMT---> Info: Document DetDescrCnvSvc_python_init
#CMT---> Info: Document DetDescrCnvSvcConfDbMerge
#CMT---> Info: Document checkreq
#CMT---> Info: Document install_includes
#CMT---> Info: Library AthenaBaseComps
../src/AthCnvSvc.cxx: In member function ‘virtual IConverter* AthCnvSvc::createConverter(long int, const CLID&, const ICnvFactory*)’:
../src/AthCnvSvc.cxx:518:1: warning: no return statement in function returning non-void [-Wreturn-type]
 }
 ^
../src/AthCnvSvc.cxx: At global scope:
../src/AthCnvSvc.cxx:493:34: warning: unused parameter ‘typ’ [-Wunused-parameter]
 AthCnvSvc::createConverter (long typ,
                                  ^
../src/AthCnvSvc.cxx:494:41: warning: unused parameter ‘clid’ [-Wunused-parameter]
                             const CLID& clid, 
                                         ^
#CMT---> Info: Document AthenaBaseComps_optdebug_library
#CMT---> Info: Document checkreq
#CMT---> Info: Document check_install_python_modules
#CMT---> Info: Document warning_depr_rootmap
#CMT---> Info: Library IOVDbMetaDataTools
#CMT---> Info: Document install_includes
#CMT---> Info: Document install_python_modules
#CMT---> Info: Document IOVDbMetaDataToolsComponentsList#CMT---> Info: Document IOVDbMetaDataToolsCLIDDB
#CMT---> Info: Document IOVDbMetaDataTools_optdebug_library

#CMT---> Info: Document IOVDbMetaDataToolsConf
#CMT---> Info: Document IOVDbMetaDataToolsMergeComponentsList
#CMT---> Info: Document IOVDbMetaDataToolsConfDbMerge
#CMT---> Info: Document IOVDbMetaDataTools_python_init
#CMT---> Info: Document checkreq
#CMT---> Info: Document warning_depr_rootmap
#CMT---> Info: Library EventInfoMgt
#CMT---> Info: Document check_install_python_modules
#CMT---> Info: Document check_install_scripts
#CMT---> Info: Document check_install_joboptions
#CMT---> Info: Document install_includes
#CMT---> Info: Document install_python_modules
#CMT---> Info: Document install_joboptions
#CMT---> Info: Document install_scripts
#CMT--->#CMT---> Info: Document EventInfoMgtConf
 Info: Document EventInfoMgtComponentsList
#CMT--->#CMT---> Info: Document EventInfoMgtCLIDDB
 Info: Document EventInfoMgt_optdebug_library
#CMT---> Info: Document EventInfoMgtMergeComponentsList
#CMT---> Info: Document EventInfoMgt_python_init
#CMT---> Info: Document EventInfoMgtConfDbMerge
#CMT---> Info: Document checkreq
#CMT---> Info: Document warning_depr_rootmap
#CMT---> Info: Document check_install_scripts
#CMT---> Info: Document releaseFileCache
#CMT---> Info: Application mergePOOL
#CMT--->#CMT---> Info: Application checkCache
#CMT---> Info: Application mergeD3PD
 Info: Library RootFileTools
#CMT---> Info: Document install_includes
#CMT---> Info: Document check_install_python_modules
#CMT---> Info: Document install_scripts
#CMT---> (checkCache.make) /home/jwsmith/HDD/Gaudi/GaudiKernel/armv7l-fc21-gcc49-opt/GaudiKernel.stamp: No rule for such target
#CMT---> Info: Document install_python_modules
#CMT---> Info: Document RootFileToolsGen
#CMT---> (mergeD3PD.make) /home/jwsmith/HDD/Gaudi/GaudiKernel/armv7l-fc21-gcc49-opt/GaudiKernel.stamp: No rule for such target
#CMT---> Info: calculating dependencies for ../RootFileTools/RootFileToolsDict.h
#CMT---> (mergePOOL.make) /home/jwsmith/HDD/Gaudi/GaudiKernel/armv7l-fc21-gcc49-opt/GaudiKernel.stamp: No rule for such target
../src/DumpAll.cxx: In member function ‘void DumpAll::Inspect(TClass*, const char*, void*)’:
../src/DumpAll.cxx:320:16: warning: variable ‘memberTitle’ set but not used [-Wunused-but-set-variable]
    const char *memberTitle;
                ^
#CMT---> Info: Document check_install_RootFileToolsDict_RootFileToolsdictrootmap
#CMT---> Info: Library RootFileToolsDict
#CMT---> Info: Document install_RootFileToolsDict_RootFileToolsdictrootmap
#CMT---> Info: Document RootFileToolsConf
#CMT---> Info: Document RootFileToolsCLIDDB
#CMT--->#CMT---> Info: Document RootFileTools_optdebug_library
 Info: Document RootFileToolsComponentsList
#CMT---> Info: Document RootFileToolsConfDbMerge
#CMT---> Info: Document RootFileTools_python_init
#CMT---> Info: Document RootFileToolsDict_optdebug_library
#CMT---> Info: Document RootFileToolsDictMerge
#CMT---> Info: calculating dependencies for ../RootFileTools/RootFileToolsDict.h
#CMT---> Info: Document RootFileToolsMergeComponentsList
#CMT---> Info: Document checkreq
#CMT---> Info: Document warning_depr_rootmap
#CMT---> Info: Document check_install_python_modules
#CMT---> Info: Library OutputStreamAthenaPool
#CMT---> Info: Document check_install_joboptions
#CMT---> Info: Document install_includes
#CMT---> Info: Document install_python_modules
#CMT---> Info: Document install_joboptions
#CMT---> Info: Document OutputStreamAthenaPoolConf
#CMT---> Info: Document OutputStreamAthenaPool_optdebug_library
#CMT---> Info: Document OutputStreamAthenaPoolComponentsList
#CMT---> Info: Document OutputStreamAthenaPoolCLIDDB
#CMT---> Info: Document OutputStreamAthenaPoolMergeComponentsList
#CMT---> Info: Document OutputStreamAthenaPool_python_init
#CMT---> Info: Document OutputStreamAthenaPoolConfDbMerge
#CMT---> Info: Document checkreq
#CMT---> Info: Document warning_depr_rootmap
#CMT---> Info: Library Valkyrie
#CMT---> Info: Document check_install_python_modules
#CMT---> Info: Document check_install_joboptions
#CMT---> Info: Document check_install_scripts
#CMT---> Info: Document install_includes
../src/ValgrindSvc.cxx:9:31: fatal error: valgrind/valgrind.h: No such file or directory
 #include "valgrind/valgrind.h"
                               ^
compilation terminated.
make[2]: [../armv7l-fc21-gcc49-opt/ValgrindSvc.o] Error 1 (ignored)
#CMT---> Info: Document install_python_modules
#CMT---> Info: Document install_joboptions
#CMT---> Info: Document install_scripts
../src/ValgrindSvc.cxx:9:31: fatal error: valgrind/valgrind.h: No such file or directory
 #include "valgrind/valgrind.h"
                               ^
compilation terminated.
make[2]: [../armv7l-fc21-gcc49-opt/ValgrindSvc.o] Error 1 (ignored)
lcg-g++-4.9.2: error: ../armv7l-fc21-gcc49-opt/ValgrindSvc.o: No such file or directory
make[2]: [../armv7l-fc21-gcc49-opt/libValkyrie.so] Error 1 (ignored)
#CMT---> Info: Document ValkyrieConf
#CMT---> Warning: Source file ../armv7l-fc21-gcc49-opt/libValkyrie.so not found
#CMT---> Info: Document Valkyrie_optdebug_library#CMT---> Info: Document ValkyrieCLIDDB

#CMT---> Info: Document ValkyrieComponentsList
#CMT---> (ValkyrieConf.make) ../armv7l-fc21-gcc49-opt/libValkyrie.so: No rule for such target
#CMT---> (Valkyrie_optdebug_library.make) ../armv7l-fc21-gcc49-opt/libValkyrie.so: No rule for such target
#CMT---> (ValkyrieCLIDDB.make) ../armv7l-fc21-gcc49-opt/libValkyrie.so: No rule for such target
#CMT---> (ValkyrieComponentsList.make) ../armv7l-fc21-gcc49-opt/libValkyrie.so: No rule for such target
objcopy: '../armv7l-fc21-gcc49-opt/libValkyrie.so': No such file
make[2]: [../armv7l-fc21-gcc49-opt/libValkyrie.so.debug] Error 1 (ignored)
objcopy: '../armv7l-fc21-gcc49-opt/libValkyrie.so': No such file
make[2]: [../armv7l-fc21-gcc49-opt/libValkyrie.so.debug] Error 1 (ignored)
objcopy: 'libValkyrie.so': No such file
make[2]: [../armv7l-fc21-gcc49-opt/libValkyrie.so.debug] Error 1 (ignored)
ERROR: failed to load libValkyrie.so
make[2]: [../armv7l-fc21-gcc49-opt/Valkyrie.components] Error 1 (ignored)
#CMT---> Info: Document ValkyrieMergeComponentsList
#CMT---> Warning: Source file ../armv7l-fc21-gcc49-opt/libValkyrie.so not found
make[2]: [/home/jwsmith/HDD/AtlasOfflineBuild-framework/InstallArea/AtlasCore/AtlasCore-18.9.0/Control/Valkyrie/genConf/Valkyrie/ValkyrieConf.py] Error 1 (ignored)
#CMT---> Info: Document ValkyrieConfDbMerge
#CMT---> Info: Document Valkyrie_python_init
#CMT---> Warning: Source file ../armv7l-fc21-gcc49-opt/libValkyrie.so not found
#CMT---> (ValkyrieConfDbMerge.make) /home/jwsmith/HDD/AtlasOfflineBuild-framework/InstallArea/AtlasCore/AtlasCore-18.9.0/Control/Valkyrie/genConf/Valkyrie/Valkyrie.confdb: No rule for such target
make[2]: [/home/jwsmith/HDD/AtlasOfflineBuild-framework/InstallArea/AtlasCore/AtlasCore-18.9.0/InstallArea/share/Valkyrie_clid.db] Error 3 (ignored)
Traceback (most recent call last):
  File "/home/jwsmith/HDD/Gaudi/GaudiPolicy/scripts/merge_files.py", line 180, in <module>
    ignoreMissing = options.ignoreMissing)
  File "/home/jwsmith/HDD/Gaudi/GaudiPolicy/scripts/merge_files.py", line 66, in mergeFiles
    fileData = open(f, 'r').read()
IOError: [Errno 2] No such file or directory: '/home/jwsmith/HDD/AtlasOfflineBuild-framework/InstallArea/AtlasCore/AtlasCore-18.9.0/Control/Valkyrie/genConf/Valkyrie/Valkyrie.confdb'
make[2]: [/home/jwsmith/HDD/AtlasOfflineBuild-framework/InstallArea/AtlasCore/AtlasCore-18.9.0/Control/Valkyrie/genConf/Valkyrie/Valkyrie.confdb.stamp] Error 1 (ignored)
Traceback (most recent call last):
  File "/home/jwsmith/HDD/Gaudi/GaudiPolicy/scripts/merge_files.py", line 180, in <module>
    ignoreMissing = options.ignoreMissing)
  File "/home/jwsmith/HDD/Gaudi/GaudiPolicy/scripts/merge_files.py", line 66, in mergeFiles
    fileData = open(f, 'r').read()
IOError: [Errno 2] No such file or directory: '/home/jwsmith/HDD/AtlasOfflineBuild-framework/InstallArea/AtlasCore/AtlasCore-18.9.0/Control/Valkyrie/genConf/Valkyrie/Valkyrie.confdb'
make[2]: [/home/jwsmith/HDD/AtlasOfflineBuild-framework/InstallArea/AtlasCore/AtlasCore-18.9.0/InstallArea/armv7l-fc21-gcc49-opt/lib/jwsmith.confdb] Error 1 (ignored)
#CMT---> Info: Library SGComps
#CMT---> Info: Document checkreq
#CMT---> Info: Document install_includes
#CMT---> Info: Document warning_depr_rootmap
#CMT--->#CMT---> Info: Document SGCompsConf
 Info: Document SGCompsComponentsList
#CMT---> Info: Document SGComps_optdebug_library
#CMT---> Info: Document SGCompsCLIDDB
#CMT---> Info: Document SGCompsMergeComponentsList
#CMT---> Info: Document SGComps_python_init
#CMT---> Info: Document SGCompsConfDbMerge
#CMT---> Info: Document checkreq
#CMT---> Info: Document warning_depr_rootmap
#CMT---> Info: Library PerfMonGPerfTools
#CMT---> Info: Document check_install_python_modules
#CMT---> Info: Document check_install_scripts
#CMT---> Info: Document check_install_joboptions
#CMT---> Info: Document install_includes
#CMT---> Info: Document install_python_modules
#CMT---> Info: Document install_joboptions
#CMT---> Info: Document install_scripts
#CMT---> Info: Document PerfMonGPerfToolsConf
#CMT---> Info: Document PerfMonGPerfTools_optdebug_library
#CMT---> Info: Document PerfMonGPerfToolsCLIDDB
#CMT---> Info: Document PerfMonGPerfToolsComponentsList
#CMT---> Info: Document PerfMonGPerfTools_python_init
#CMT---> Info: Document PerfMonGPerfToolsConfDbMerge
#CMT---> Info: Document PerfMonGPerfToolsMergeComponentsList
#CMT---> Info: Document checkreq
#CMT---> Info: Document warning_depr_rootmap
#CMT---> Info: Document check_install_python_modules
#CMT---> Info: Library PerfMonComps
#CMT---> Info: Document install_includes
#CMT---> Info: Document check_install_joboptions
#CMT---> Info: Document install_joboptions
#CMT---> Info: Document install_python_modules
#CMT---> Info: Document PerfMonCompsComponentsList
#CMT---> Info: Document PerfMonComps_optdebug_library
#CMT---> Info: Document PerfMonCompsCLIDDB
#CMT---> Info: Document PerfMonCompsConf
#CMT---> Info: Document PerfMonCompsMergeComponentsList
#CMT---> Info: Document PerfMonComps_python_init
#CMT---> Info: Document PerfMonCompsConfDbMerge
#CMT---> Info: Document warning_depr_rootmap
#CMT---> Info: Document checkreq
#CMT---> Info: Library GaudiSequencer#CMT---> Info: Document check_install_python_modules

#CMT---> Info: Document check_install_joboptions
#CMT---> Info: Document install_includes
#CMT---> Info: Document install_joboptions
#CMT---> Info: Document install_python_modules
../src/AthSequencer.cxx: In member function ‘virtual StatusCode AthSequencer::execute()’:
../src/AthSequencer.cxx:126:8: warning: variable ‘all_good’ might be clobbered by ‘longjmp’ or ‘vfork’ [-Wclobbered]
   bool all_good = true;
        ^
#CMT---> Info: Document GaudiSequencerConf
#CMT---> Info: Document GaudiSequencer_optdebug_library#CMT--->
 Info: Document GaudiSequencerCLIDDB
#CMT---> Info: Document GaudiSequencerComponentsList
#CMT---> Info: Document GaudiSequencerMergeComponentsList
#CMT---> Info: Document GaudiSequencerConfDbMerge
#CMT---> Info: Document GaudiSequencer_python_init
#CMT---> Info: Document checkreq
#CMT---> Info: Document warning_depr_rootmap
#CMT---> Info: Library AthenaMPTools
#CMT---> Info: Document check_install_joboptions
#CMT---> Info: Document install_includes
In file included from ../src/SingleBSReaderTool.cxx:1:0:
../src/SingleBSReaderTool.h:7:30: fatal error: yampl/Exceptions.h: No such file or directory
 #include "yampl/Exceptions.h"
                              ^
compilation terminated.
In file included from ../src/SharedEvtQueueConsumer.cxx:1:0:
../src/SharedEvtQueueConsumer.h:7:30: fatal error: yampl/Exceptions.h: No such file or directory
 #include "yampl/Exceptions.h"
                              ^
compilation terminated.
In file included from ../src/SharedEvtQueueProvider.cxx:1:0:
../src/SharedEvtQueueProvider.h:8:30: fatal error: yampl/Exceptions.h: No such file or directory
 #include "yampl/Exceptions.h"
                              ^
compilation terminated.
make[2]: [../armv7l-fc21-gcc49-opt/SharedEvtQueueConsumer.o] Error 1 (ignored)
make[2]: [../armv7l-fc21-gcc49-opt/SingleBSReaderTool.o] Error 1 (ignored)
make[2]: [../armv7l-fc21-gcc49-opt/SharedEvtQueueProvider.o] Error 1 (ignored)
#CMT---> Info: Document install_joboptions
In file included from ../src/components/AthenaMPTools_entries.cxx:2:0:
../src/components/../SharedEvtQueueProvider.h:8:30: fatal error: yampl/Exceptions.h: No such file or directory
 #include "yampl/Exceptions.h"
                              ^
compilation terminated.
make[2]: [../armv7l-fc21-gcc49-opt/AthenaMPTools_entries.o] Error 1 (ignored)
In file included from ../src/SharedEvtQueueConsumer.cxx:1:0:
../src/SharedEvtQueueConsumer.h:7:30: fatal error: yampl/Exceptions.h: No such file or directory
 #include "yampl/Exceptions.h"
                              ^
compilation terminated.
In file included from ../src/SharedEvtQueueProvider.cxx:1:0:
../src/SharedEvtQueueProvider.h:8:30: fatal error: yampl/Exceptions.h: No such file or directory
 #include "yampl/Exceptions.h"
                              ^
compilation terminated.
In file included from ../src/SingleBSReaderTool.cxx:1:0:
../src/SingleBSReaderTool.h:7:30: fatal error: yampl/Exceptions.h: No such file or directory
 #include "yampl/Exceptions.h"
                              ^
compilation terminated.
In file included from ../src/components/AthenaMPTools_entries.cxx:2:0:
../src/components/../SharedEvtQueueProvider.h:8:30: fatal error: yampl/Exceptions.h: No such file or directory
 #include "yampl/Exceptions.h"
                              ^
compilation terminated.
make[2]: [../armv7l-fc21-gcc49-opt/SharedEvtQueueConsumer.o] Error 1 (ignored)
make[2]: [../armv7l-fc21-gcc49-opt/SharedEvtQueueProvider.o] Error 1 (ignored)
make[2]: [../armv7l-fc21-gcc49-opt/SingleBSReaderTool.o] Error 1 (ignored)
make[2]: [../armv7l-fc21-gcc49-opt/AthenaMPTools_entries.o] Error 1 (ignored)
lcg-g++-4.9.2: error: ../armv7l-fc21-gcc49-opt/SingleBSReaderTool.o: No such file or directory
lcg-g++-4.9.2: error: ../armv7l-fc21-gcc49-opt/SharedEvtQueueConsumer.o: No such file or directory
lcg-g++-4.9.2: error: ../armv7l-fc21-gcc49-opt/SharedEvtQueueProvider.o: No such file or directory
lcg-g++-4.9.2: error: ../armv7l-fc21-gcc49-opt/AthenaMPTools_entries.o: No such file or directory
make[2]: [../armv7l-fc21-gcc49-opt/libAthenaMPTools.so] Error 1 (ignored)
#CMT---> Info: Document AthenaMPToolsConf
#CMT--->#CMT---> Warning: Source file ../armv7l-fc21-gcc49-opt/libAthenaMPTools.so not found#CMT--->
 Info:  Info: Document AthenaMPToolsComponentsList
Document AthenaMPTools_optdebug_library
#CMT---> Info: Document AthenaMPToolsCLIDDB
#CMT---> (AthenaMPTools_optdebug_library.make) ../armv7l-fc21-gcc49-opt/libAthenaMPTools.so: No rule for such target
#CMT---> (AthenaMPToolsComponentsList.make) ../armv7l-fc21-gcc49-opt/libAthenaMPTools.so: No rule for such target
#CMT---> (AthenaMPToolsConf.make) ../armv7l-fc21-gcc49-opt/libAthenaMPTools.so: No rule for such target
#CMT---> (AthenaMPToolsCLIDDB.make) ../armv7l-fc21-gcc49-opt/libAthenaMPTools.so: No rule for such target
objcopy: '../armv7l-fc21-gcc49-opt/libAthenaMPTools.so': No such file
make[2]: [../armv7l-fc21-gcc49-opt/libAthenaMPTools.so.debug] Error 1 (ignored)
ERROR: failed to load libAthenaMPTools.so
objcopy: '../armv7l-fc21-gcc49-opt/libAthenaMPTools.so': No such file
make[2]: [../armv7l-fc21-gcc49-opt/AthenaMPTools.components] Error 1 (ignored)
make[2]: [../armv7l-fc21-gcc49-opt/libAthenaMPTools.so.debug] Error 1 (ignored)
objcopy: 'libAthenaMPTools.so': No such file
make[2]: [../armv7l-fc21-gcc49-opt/libAthenaMPTools.so.debug] Error 1 (ignored)
#CMT---> Info: Document AthenaMPToolsMergeComponentsList
#CMT---> Warning: Source file ../armv7l-fc21-gcc49-opt/libAthenaMPTools.so not found
make[2]: [/home/jwsmith/HDD/AtlasOfflineBuild-framework/InstallArea/AtlasCore/AtlasCore-18.9.0/Control/AthenaMPTools/genConf/AthenaMPTools/AthenaMPToolsConf.py] Error 1 (ignored)
#CMT---> Info: Document AthenaMPTools_python_init
#CMT---> Info: Document AthenaMPToolsConfDbMerge
#CMT---> Warning: Source file ../armv7l-fc21-gcc49-opt/libAthenaMPTools.so not found
#CMT---> (AthenaMPToolsConfDbMerge.make) /home/jwsmith/HDD/AtlasOfflineBuild-framework/InstallArea/AtlasCore/AtlasCore-18.9.0/Control/AthenaMPTools/genConf/AthenaMPTools/AthenaMPTools.confdb: No rule for such target
make[2]: [/home/jwsmith/HDD/AtlasOfflineBuild-framework/InstallArea/AtlasCore/AtlasCore-18.9.0/InstallArea/share/AthenaMPTools_clid.db] Error 3 (ignored)
Traceback (most recent call last):
  File "/home/jwsmith/HDD/Gaudi/GaudiPolicy/scripts/merge_files.py", line 180, in <module>
    ignoreMissing = options.ignoreMissing)
  File "/home/jwsmith/HDD/Gaudi/GaudiPolicy/scripts/merge_files.py", line 66, in mergeFiles
    fileData = open(f, 'r').read()
IOError: [Errno 2] No such file or directory: '/home/jwsmith/HDD/AtlasOfflineBuild-framework/InstallArea/AtlasCore/AtlasCore-18.9.0/Control/AthenaMPTools/genConf/AthenaMPTools/AthenaMPTools.confdb'
make[2]: [/home/jwsmith/HDD/AtlasOfflineBuild-framework/InstallArea/AtlasCore/AtlasCore-18.9.0/Control/AthenaMPTools/genConf/AthenaMPTools/AthenaMPTools.confdb.stamp] Error 1 (ignored)
Traceback (most recent call last):
  File "/home/jwsmith/HDD/Gaudi/GaudiPolicy/scripts/merge_files.py", line 180, in <module>
    ignoreMissing = options.ignoreMissing)
  File "/home/jwsmith/HDD/Gaudi/GaudiPolicy/scripts/merge_files.py", line 66, in mergeFiles
    fileData = open(f, 'r').read()
IOError: [Errno 2] No such file or directory: '/home/jwsmith/HDD/AtlasOfflineBuild-framework/InstallArea/AtlasCore/AtlasCore-18.9.0/Control/AthenaMPTools/genConf/AthenaMPTools/AthenaMPTools.confdb'
make[2]: [/home/jwsmith/HDD/AtlasOfflineBuild-framework/InstallArea/AtlasCore/AtlasCore-18.9.0/InstallArea/armv7l-fc21-gcc49-opt/lib/jwsmith.confdb] Error 1 (ignored)
#CMT---> Info: Document checkreq
#CMT---> Info: Document warning_depr_rootmap
#CMT---> Info: Document check_install_python_modules
#CMT---> Info: Document check_install_joboptions
#CMT---> Info: Document check_install_scripts
#CMT---> Info: Library AthenaMP
#CMT---> Info: Document install_includes
#CMT---> Info: Document install_joboptions
#CMT---> Info: Document install_python_modules
#CMT---> Info: Document install_scripts
#CMT---> Info: Document AthenaMPConf
#CMT---> Info: Document AthenaMPComponentsList
#CMT---> Info: Document AthenaMP_optdebug_library
#CMT---> Info: Document AthenaMPCLIDDB
#CMT---> Info: Document AthenaMPMergeComponentsList
#CMT---> Info: Document AthenaMP_python_init
#CMT---> Info: Document AthenaMPConfDbMerge
#CMT---> Info: Document TBBExamples_validateXML
#CMT---> Info: Document warning_depr_rootmap
#CMT---> Info: Library TBBExamples
#CMT---> Info: Document checkreq
#CMT---> Info: Document check_install_python_modules
#CMT---> Info: Document check_install_joboptions
#CMT---> Info: Document check_install_runtime
#CMT---> Info: Document install_includes
#CMT---> Info: Document install_python_modules
#CMT---> Info: Document install_joboptions
../src/HelloParForAlg.cxx:10:30: fatal error: tbb/parallel_for.h: No such file or directory
 #include "tbb/parallel_for.h"
                              ^
compilation terminated.
In file included from ../src/HelloPipeAlg.cxx:3:0:
../src/HelloPipeAlg.h:14:26: fatal error: tbb/pipeline.h: No such file or directory
 #include "tbb/pipeline.h"
                          ^
compilation terminated.
In file included from ../src/HelloGraphAlg.cxx:2:0:
../src/HelloGraphAlg.h:10:28: fatal error: tbb/flow_graph.h: No such file or directory
 #include "tbb/flow_graph.h"
                            ^
compilation terminated.
make[2]: [../armv7l-fc21-gcc49-opt/HelloParForAlg.o] Error 1 (ignored)
make[2]: [../armv7l-fc21-gcc49-opt/HelloGraphAlg.o] Error 1 (ignored)
#CMT---> Info: Document install_runtime
make[2]: [../armv7l-fc21-gcc49-opt/HelloPipeAlg.o] Error 1 (ignored)
In file included from ../src/components/TBBExamples_entries.cxx:1:0:
../src/components/../HelloGraphAlg.h:10:28: fatal error: tbb/flow_graph.h: No such file or directory
 #include "tbb/flow_graph.h"
                            ^
compilation terminated.
make[2]: [../armv7l-fc21-gcc49-opt/TBBExamples_entries.o] Error 1 (ignored)
In file included from ../src/HelloGraphAlg.cxx:2:0:
../src/HelloGraphAlg.h:10:28: fatal error: tbb/flow_graph.h: No such file or directory
 #include "tbb/flow_graph.h"
                            ^
compilation terminated.
In file included from ../src/components/TBBExamples_entries.cxx:1:0:
../src/components/../HelloGraphAlg.h:10:28: fatal error: tbb/flow_graph.h: No such file or directory
 #include "tbb/flow_graph.h"
                            ^
compilation terminated.
../src/HelloParForAlg.cxx:10:30: fatal error: tbb/parallel_for.h: No such file or directory
 #include "tbb/parallel_for.h"
                              ^
compilation terminated.
In file included from ../src/HelloPipeAlg.cxx:3:0:
../src/HelloPipeAlg.h:14:26: fatal error: tbb/pipeline.h: No such file or directory
 #include "tbb/pipeline.h"
                          ^
compilation terminated.
make[2]: [../armv7l-fc21-gcc49-opt/HelloGraphAlg.o] Error 1 (ignored)
make[2]: [../armv7l-fc21-gcc49-opt/TBBExamples_entries.o] Error 1 (ignored)
make[2]: [../armv7l-fc21-gcc49-opt/HelloParForAlg.o] Error 1 (ignored)
make[2]: [../armv7l-fc21-gcc49-opt/HelloPipeAlg.o] Error 1 (ignored)
lcg-g++-4.9.2: error: ../armv7l-fc21-gcc49-opt/HelloParForAlg.o: No such file or directory
lcg-g++-4.9.2: error: ../armv7l-fc21-gcc49-opt/HelloPipeAlg.o: No such file or directory
lcg-g++-4.9.2: error: ../armv7l-fc21-gcc49-opt/HelloGraphAlg.o: No such file or directory
lcg-g++-4.9.2: error: ../armv7l-fc21-gcc49-opt/TBBExamples_entries.o: No such file or directory
make[2]: [../armv7l-fc21-gcc49-opt/libTBBExamples.so] Error 1 (ignored)
#CMT---> Info: Document TBBExamplesComponentsList
#CMT--->#CMT---> Info: Document TBBExamples_optdebug_library
#CMT---> Info: Document TBBExamplesCLIDDB
 Info: Document TBBExamplesConf
#CMT---> Warning: Source file ../armv7l-fc21-gcc49-opt/libTBBExamples.so not found
#CMT---> (TBBExamplesComponentsList.make) ../armv7l-fc21-gcc49-opt/libTBBExamples.so: No rule for such target
#CMT---> (TBBExamples_optdebug_library.make) ../armv7l-fc21-gcc49-opt/libTBBExamples.so: No rule for such target
#CMT---> (TBBExamplesConf.make) ../armv7l-fc21-gcc49-opt/libTBBExamples.so: No rule for such target
#CMT---> (TBBExamplesCLIDDB.make) ../armv7l-fc21-gcc49-opt/libTBBExamples.so: No rule for such target
objcopy: '../armv7l-fc21-gcc49-opt/libTBBExamples.so': No such file
make[2]: [../armv7l-fc21-gcc49-opt/libTBBExamples.so.debug] Error 1 (ignored)
ERROR: failed to load libTBBExamples.so
make[2]: [../armv7l-fc21-gcc49-opt/TBBExamples.components] Error 1 (ignored)
objcopy: '../armv7l-fc21-gcc49-opt/libTBBExamples.so': No such file
make[2]: [../armv7l-fc21-gcc49-opt/libTBBExamples.so.debug] Error 1 (ignored)
objcopy: 'libTBBExamples.so': No such file
make[2]: [../armv7l-fc21-gcc49-opt/libTBBExamples.so.debug] Error 1 (ignored)
#CMT---> Info: Document TBBExamplesMergeComponentsList
#CMT---> Warning: Source file ../armv7l-fc21-gcc49-opt/libTBBExamples.so not found
make[2]: [/home/jwsmith/HDD/AtlasOfflineBuild-framework/InstallArea/AtlasCore/AtlasCore-18.9.0/Control/AthenaExamples/TBBExamples/genConf/TBBExamples/TBBExamplesConf.py] Error 1 (ignored)
#CMT---> Info: Document TBBExamples_python_init
#CMT---> Info: Document TBBExamplesConfDbMerge
#CMT---> Warning: Source file ../armv7l-fc21-gcc49-opt/libTBBExamples.so not found
#CMT---> (TBBExamplesConfDbMerge.make) /home/jwsmith/HDD/AtlasOfflineBuild-framework/InstallArea/AtlasCore/AtlasCore-18.9.0/Control/AthenaExamples/TBBExamples/genConf/TBBExamples/TBBExamples.confdb: No rule for such target
make[2]: [/home/jwsmith/HDD/AtlasOfflineBuild-framework/InstallArea/AtlasCore/AtlasCore-18.9.0/InstallArea/share/TBBExamples_clid.db] Error 3 (ignored)
Traceback (most recent call last):
  File "/home/jwsmith/HDD/Gaudi/GaudiPolicy/scripts/merge_files.py", line 180, in <module>
    ignoreMissing = options.ignoreMissing)
  File "/home/jwsmith/HDD/Gaudi/GaudiPolicy/scripts/merge_files.py", line 66, in mergeFiles
    fileData = open(f, 'r').read()
IOError: [Errno 2] No such file or directory: '/home/jwsmith/HDD/AtlasOfflineBuild-framework/InstallArea/AtlasCore/AtlasCore-18.9.0/Control/AthenaExamples/TBBExamples/genConf/TBBExamples/TBBExamples.confdb'
make[2]: [/home/jwsmith/HDD/AtlasOfflineBuild-framework/InstallArea/AtlasCore/AtlasCore-18.9.0/Control/AthenaExamples/TBBExamples/genConf/TBBExamples/TBBExamples.confdb.stamp] Error 1 (ignored)
Traceback (most recent call last):
  File "/home/jwsmith/HDD/Gaudi/GaudiPolicy/scripts/merge_files.py", line 180, in <module>
    ignoreMissing = options.ignoreMissing)
  File "/home/jwsmith/HDD/Gaudi/GaudiPolicy/scripts/merge_files.py", line 66, in mergeFiles
    fileData = open(f, 'r').read()
IOError: [Errno 2] No such file or directory: '/home/jwsmith/HDD/AtlasOfflineBuild-framework/InstallArea/AtlasCore/AtlasCore-18.9.0/Control/AthenaExamples/TBBExamples/genConf/TBBExamples/TBBExamples.confdb'
make[2]: [/home/jwsmith/HDD/AtlasOfflineBuild-framework/InstallArea/AtlasCore/AtlasCore-18.9.0/InstallArea/armv7l-fc21-gcc49-opt/lib/jwsmith.confdb] Error 1 (ignored)
#CMT---> Info: #CMT---> Info: Library AthExJobOptions
Document checkreq
#CMT---> Info: Document warning_depr_rootmap
#CMT---> Info: Document check_install_python_modules
#CMT---> Info: Document check_install_joboptions#CMT---> Info: Document get_files

#CMT---> Info: Document install_includes
#CMT---> Info: Document install_python_modules
#CMT---> Info: Document install_joboptions
#CMT---> Info: Document AthExJobOptionsConf
#CMT---> Info: Document AthExJobOptions_optdebug_library
#CMT---> Info: Document AthExJobOptionsCLIDDB
#CMT---> Info: Document AthExJobOptionsComponentsList
#CMT---> Info: Document AthExJobOptionsMergeComponentsList
#CMT--->#CMT---> Info: Document AthExJobOptionsConfDbMerge
 Info: Document AthExJobOptions_python_init
#CMT---> Info: Document checkreq
#CMT--->#CMT---> Info: Library AthExHistNtup
 Info: Document warning_depr_rootmap
#CMT---> Info: Document check_install_joboptions
#CMT---> Info: Document install_includes
#CMT---> Info: Document install_joboptions
#CMT---> Info: Document AthExHistNtupComponentsList
#CMT---> Info: Document AthExHistNtupConf
#CMT---> Info: Document AthExHistNtup_optdebug_library
#CMT---> Info: Document AthExHistNtupCLIDDB
#CMT---> Info: Document AthExHistNtupMergeComponentsList
#CMT---> Info: Document AthExHistNtupConfDbMerge
#CMT---> Info: Document AthExHistNtup_python_init
#CMT---> Info: Document checkreq
#CMT---> Info: Document AthExHelloWorld_validateXML
#CMT---> Info: Library AthExHelloWorld
#CMT---> Info: Document warning_depr_rootmap
#CMT---> Info: Document check_install_python_modules
#CMT---> Info: Document check_install_runtime
#CMT---> Info: Document install_includes
#CMT---> Info: Document check_install_joboptions
#CMT---> Info: Document install_python_modules
#CMT---> Info: Document install_joboptions
#CMT---> Info: Document install_runtime
#CMT---> Info: Document AthExHelloWorldConf
#CMT---> Info: Document AthExHelloWorldComponentsList
#CMT---> Info: Document AthExHelloWorld_optdebug_library
#CMT---> Info: Document AthExHelloWorldCLIDDB
#CMT---> Info: Document AthExHelloWorldMergeComponentsList
#CMT---> Info: Document AthExHelloWorld_python_init
#CMT---> Info: Document AthExHelloWorldConfDbMerge
#CMT---> Info: Document checkreq
#CMT---> Info: Library PileUpToolsLib
#CMT---> Info: Document warning_depr_rootmap
#CMT---> Info: Library PileUpTools
#CMT---> Info: Document install_includes
#CMT---> Info: Document PileUpToolsLib_optdebug_library
#CMT---> Info: Document PileUpToolsComponentsList
#CMT---> Info: Document PileUpToolsCLIDDB
#CMT---> Info: Document PileUpToolsConf
#CMT---> Info: Document PileUpTools_optdebug_library
#CMT---> Info: Document PileUpToolsMergeComponentsList
#CMT---> Info: Document PileUpTools_python_init
#CMT---> Info: Document PileUpToolsConfDbMerge
#CMT---> Info: Document checkreq
#CMT---> Info: Document warning_depr_rootmap
#CMT---> Info: Library PileUpComps
#CMT---> Info: Document install_includes
#CMT---> Info: Document PileUpCompsComponentsList
#CMT---> Info: Document PileUpCompsCLIDDB
#CMT---> Info: Document PileUpComps_optdebug_library
#CMT---> Info: Document PileUpCompsConf
#CMT---> Info: Document PileUpCompsMergeComponentsList
#CMT---> Info: Document PileUpComps_python_init
#CMT---> Info: Document PileUpCompsConfDbMerge
#CMT---> Info: Document checkreq
#CMT---> Info: Document warning_depr_rootmap
#CMT---> Info: #CMT---> Info: Library AthExStoreGateExample
Library AthExDFlow
#CMT---> Info: Document check_install_joboptions
#CMT---> Info: Document install_includes
#CMT---> Info: Library SGTutorial
#CMT---> Info: Document AthExStoreGateExampleGen
#CMT---> Info: Document install_joboptions
#CMT---> Info: Library SGTutorialLib
#CMT---> Info: calculating dependencies for ../AthExStoreGateExample/AthExStoreGateExampleDict.h
#CMT---> Info: Library AthExStoreGateExampleDict
#CMT---> Info: Document check_install_AthExStoreGateExampleDict_AthExStoreGateExampledictrootmap
#CMT---> Info: Document install_AthExStoreGateExampleDict_AthExStoreGateExampledictrootmap
#CMT---> Info: Document AthExStoreGateExampleConf
#CMT---> Info: Document AthExStoreGateExampleComponentsList
#CMT---> Info: Document AthExStoreGateExample_optdebug_library
#CMT---> Info: Document AthExStoreGateExampleCLIDDB
#CMT---> Info: Document AthExStoreGateExampleConfDbMerge
#CMT---> Info: Document AthExStoreGateExampleMergeComponentsList
#CMT---> Info: Document AthExDFlowConf
#CMT---> Info: Document AthExDFlowComponentsList
#CMT---> Info: Document AthExDFlowCLIDDB
#CMT---> Info: Document AthExDFlow_optdebug_library
#CMT---> Info: Document AthExStoreGateExample_python_init
#CMT---> Info: Document AthExDFlowConfDbMerge
#CMT---> Info: Document AthExDFlowMergeComponentsList
#CMT---> Info: Document AthExStoreGateExampleDict_optdebug_library
#CMT---> Info: Document AthExStoreGateExampleDictMerge
#CMT---> Info: calculating dependencies for ../AthExStoreGateExample/AthExStoreGateExampleDict.h
#CMT---> Info: Document warning_depr_rootmap
#CMT---> Info: Document checkreq
#CMT---> Info: Library AthExFortranAlgorithm
#CMT---> Info: Document check_install_runtime
#CMT---> Info: Document check_install_scripts
#CMT---> Info: Document check_install_joboptions
#CMT---> Info: Document install_includes
#CMT---> Info: calculating dependencies for ../src/initialize.F
#CMT---> Info: calculating dependencies for ../src/finalize.F
#CMT---> Info: calculating dependencies for ../src/execute.F
#CMT---> Info: Document install_runtime
#CMT---> Info: Document install_scripts
Warning: Nonexistent include directory "/home/jwsmith/HDD/InstallArea/include"
Warning: Nonexistent include directory "/home/jwsmith/HDD/lcgcmake-install/LCGCMT/InstallArea/include"
Warning: Nonexistent include directory "/home/jwsmith/HDD/Gaudi/InstallArea/include"
Warning: Nonexistent include directory "/home/jwsmith/HDD/lcgcmake-install/LCGCMT/LCGCMT_preview/InstallArea/include"
Warning: Nonexistent include directory "/home/jwsmith/HDD/InstallArea/include"
Warning: Nonexistent include directory "/home/jwsmith/HDD/AtlasOfflineBuild-framework/InstallArea/AtlasCore/AtlasCore-18.9.0/AtlasFortranPolicy/src"
Warning: Nonexistent include directory "/home/jwsmith/HDD/lcgcmake-install/LCGCMT/InstallArea/include"
Warning: Nonexistent include directory "/home/jwsmith/HDD/AtlasOfflineBuild-framework/InstallArea/AtlasCore/AtlasCore-18.9.0/External/AtlasExternalArea/src"
Warning: Nonexistent include directory "/home/jwsmith/HDD/Gaudi/InstallArea/include"
Warning: Nonexistent include directory "/home/jwsmith/HDD/AtlasOfflineBuild-framework/InstallArea/AtlasCore/AtlasCore-18.9.0/External/PlatformPolicy/src"
Warning: Nonexistent include directory "/home/jwsmith/HDD/lcgcmake-install/LCGCMT/LCGCMT_preview/InstallArea/include"
Warning: Nonexistent include directory "/home/jwsmith/HDD/Gaudi/GaudiPolicy/src"
Warning: Nonexistent include directory "/home/jwsmith/HDD/lcgcmake-install/LCGCMT/LCGCMT_preview/LCG_Settings/../../../Boost/1.55.0_python2.7/armv7l-armv7l-gcc49/include/boost-1_55"
Warning: Nonexistent include directory "/home/jwsmith/HDD/lcgcmake-install/LCGCMT/LCGCMT_preview/LCG_Settings/../../../xrootd/3.3.6/armv7l-armv7l-gcc49/include"
Warning: Nonexistent include directory "/home/jwsmith/HDD/AtlasOfflineBuild-framework/InstallArea/AtlasCore/AtlasCore-18.9.0/AtlasFortranPolicy/src"
Warning: Nonexistent include directory "/home/jwsmith/HDD/AtlasOfflineBuild-framework/InstallArea/DetCommon/DetCommon-18.9.0/AtlasCommonPolicy/src"
Warning: Nonexistent include directory "/home/jwsmith/HDD/AtlasOfflineBuild-framework/InstallArea/AtlasCore/AtlasCore-18.9.0/External/AtlasExternalArea/src"
Warning: Nonexistent include directory "/home/jwsmith/HDD/lcgcmake-install/LCGCMT/LCGCMT_preview/LCG_Settings/../../../uuid/1.42/armv7l-armv7l-gcc49/include"
Warning: Nonexistent include directory "/home/jwsmith/HDD/AtlasOfflineBuild-framework/InstallArea/AtlasCore/AtlasCore-18.9.0/External/PlatformPolicy/src"
Warning: Nonexistent include directory "/home/jwsmith/HDD/AtlasOfflineBuild-framework/InstallArea/DetCommon/DetCommon-18.9.0/External/AtlasCompilers/src"
Warning: Nonexistent include directory "/home/jwsmith/HDD/lcgcmake-install/LCGCMT/LCGCMT_preview/LCG_Platforms/src"
Warning: Nonexistent include directory "/home/jwsmith/HDD/Gaudi/GaudiPolicy/src"
Warning: Nonexistent include directory "/home/jwsmith/HDD/lcgcmake-install/LCGCMT/LCGCMT_preview/LCG_Settings/../../../Boost/1.55.0_python2.7/armv7l-armv7l-gcc49/include/boost-1_55"
Warning: Nonexistent include directory "/home/jwsmith/HDD/lcgcmake-install/LCGCMT/LCGCMT_preview/LCG_Settings/../../../xrootd/3.3.6/armv7l-armv7l-gcc49/include"
Warning: Nonexistent include directory "/home/jwsmith/HDD/AtlasOfflineBuild-framework/InstallArea/DetCommon/DetCommon-18.9.0/AtlasCommonPolicy/src"
Warning: Nonexistent include directory "/home/jwsmith/HDD/lcgcmake-install/LCGCMT/LCGCMT_preview/LCG_Settings/../../../uuid/1.42/armv7l-armv7l-gcc49/include"
Warning: Nonexistent include directory "/home/jwsmith/HDD/AtlasOfflineBuild-framework/InstallArea/DetCommon/DetCommon-18.9.0/External/AtlasCompilers/src"
Warning: Nonexistent include directory "/home/jwsmith/HDD/lcgcmake-install/LCGCMT/LCGCMT_preview/LCG_Platforms/src"
Warning: Nonexistent include directory "/home/jwsmith/HDD/InstallArea/include"
Warning: Nonexistent include directory "/home/jwsmith/HDD/lcgcmake-install/LCGCMT/InstallArea/include"
Warning: Nonexistent include directory "/home/jwsmith/HDD/Gaudi/InstallArea/include"
Warning: Nonexistent include directory "/home/jwsmith/HDD/lcgcmake-install/LCGCMT/LCGCMT_preview/InstallArea/include"
Warning: Nonexistent include directory "/home/jwsmith/HDD/AtlasOfflineBuild-framework/InstallArea/AtlasCore/AtlasCore-18.9.0/AtlasFortranPolicy/src"
Warning: Nonexistent include directory "/home/jwsmith/HDD/AtlasOfflineBuild-framework/InstallArea/AtlasCore/AtlasCore-18.9.0/External/AtlasExternalArea/src"
Warning: Nonexistent include directory "/home/jwsmith/HDD/AtlasOfflineBuild-framework/InstallArea/AtlasCore/AtlasCore-18.9.0/External/PlatformPolicy/src"
Warning: Nonexistent include directory "/home/jwsmith/HDD/Gaudi/GaudiPolicy/src"
Warning: Nonexistent include directory "/home/jwsmith/HDD/lcgcmake-install/LCGCMT/LCGCMT_preview/LCG_Settings/../../../Boost/1.55.0_python2.7/armv7l-armv7l-gcc49/include/boost-1_55"
Warning: Nonexistent include directory "/home/jwsmith/HDD/lcgcmake-install/LCGCMT/LCGCMT_preview/LCG_Settings/../../../xrootd/3.3.6/armv7l-armv7l-gcc49/include"
Warning: Nonexistent include directory "/home/jwsmith/HDD/AtlasOfflineBuild-framework/InstallArea/DetCommon/DetCommon-18.9.0/AtlasCommonPolicy/src"
Warning: Nonexistent include directory "/home/jwsmith/HDD/lcgcmake-install/LCGCMT/LCGCMT_preview/LCG_Settings/../../../uuid/1.42/armv7l-armv7l-gcc49/include"
Warning: Nonexistent include directory "/home/jwsmith/HDD/AtlasOfflineBuild-framework/InstallArea/DetCommon/DetCommon-18.9.0/External/AtlasCompilers/src"
Warning: Nonexistent include directory "/home/jwsmith/HDD/lcgcmake-install/LCGCMT/LCGCMT_preview/LCG_Platforms/src"
#CMT---> Info: Document install_joboptions
lcg-g++-4.9.2: error: /usr/lib/libgfortran.so: No such file or directory
make[2]: [../armv7l-fc21-gcc49-opt/libAthExFortranAlgorithm.so] Error 1 (ignored)
#CMT---> Info: Document AthExFortranAlgorithmConf
#CMT---> Info: Document AthExFortranAlgorithm_optdebug_library
#CMT---> Warning: Source file ../armv7l-fc21-gcc49-opt/libAthExFortranAlgorithm.so not found
#CMT---> Info: Document AthExFortranAlgorithmComponentsList
#CMT---> Info: Document AthExFortranAlgorithmCLIDDB
#CMT---> (AthExFortranAlgorithm_optdebug_library.make) ../armv7l-fc21-gcc49-opt/libAthExFortranAlgorithm.so: No rule for such target
#CMT---> (AthExFortranAlgorithmComponentsList.make) ../armv7l-fc21-gcc49-opt/libAthExFortranAlgorithm.so: No rule for such target
#CMT---> (AthExFortranAlgorithmConf.make) ../armv7l-fc21-gcc49-opt/libAthExFortranAlgorithm.so: No rule for such target
#CMT---> (AthExFortranAlgorithmCLIDDB.make) ../armv7l-fc21-gcc49-opt/libAthExFortranAlgorithm.so: No rule for such target
objcopy: '../armv7l-fc21-gcc49-opt/libAthExFortranAlgorithm.so': No such file
make[2]: [../armv7l-fc21-gcc49-opt/libAthExFortranAlgorithm.so.debug] Error 1 (ignored)
objcopy: '../armv7l-fc21-gcc49-opt/libAthExFortranAlgorithm.so': No such file
make[2]: [../armv7l-fc21-gcc49-opt/libAthExFortranAlgorithm.so.debug] Error 1 (ignored)
ERROR: failed to load libAthExFortranAlgorithm.so
make[2]: [../armv7l-fc21-gcc49-opt/AthExFortranAlgorithm.components] Error 1 (ignored)
objcopy: 'libAthExFortranAlgorithm.so': No such file
make[2]: [../armv7l-fc21-gcc49-opt/libAthExFortranAlgorithm.so.debug] Error 1 (ignored)
#CMT---> Info: Document AthExFortranAlgorithmMergeComponentsList
#CMT---> Warning: Source file ../armv7l-fc21-gcc49-opt/libAthExFortranAlgorithm.so not found
make[2]: [/home/jwsmith/HDD/AtlasOfflineBuild-framework/InstallArea/AtlasCore/AtlasCore-18.9.0/Control/AthenaExamples/AthExFortranAlgorithm/genConf/AthExFortranAlgorithm/AthExFortranAlgorithmConf.py] Error 1 (ignored)
#CMT---> Info: Document AthExFortranAlgorithm_python_init
#CMT---> Info: Document AthExFortranAlgorithmConfDbMerge
#CMT---> Warning: Source file ../armv7l-fc21-gcc49-opt/libAthExFortranAlgorithm.so not found
#CMT---> (AthExFortranAlgorithmConfDbMerge.make) /home/jwsmith/HDD/AtlasOfflineBuild-framework/InstallArea/AtlasCore/AtlasCore-18.9.0/Control/AthenaExamples/AthExFortranAlgorithm/genConf/AthExFortranAlgorithm/AthExFortranAlgorithm.confdb: No rule for such target
make[2]: [/home/jwsmith/HDD/AtlasOfflineBuild-framework/InstallArea/AtlasCore/AtlasCore-18.9.0/InstallArea/share/AthExFortranAlgorithm_clid.db] Error 3 (ignored)
Traceback (most recent call last):
  File "/home/jwsmith/HDD/Gaudi/GaudiPolicy/scripts/merge_files.py", line 180, in <module>
    ignoreMissing = options.ignoreMissing)
  File "/home/jwsmith/HDD/Gaudi/GaudiPolicy/scripts/merge_files.py", line 66, in mergeFiles
    fileData = open(f, 'r').read()
IOError: [Errno 2] No such file or directory: '/home/jwsmith/HDD/AtlasOfflineBuild-framework/InstallArea/AtlasCore/AtlasCore-18.9.0/Control/AthenaExamples/AthExFortranAlgorithm/genConf/AthExFortranAlgorithm/AthExFortranAlgorithm.confdb'
make[2]: [/home/jwsmith/HDD/AtlasOfflineBuild-framework/InstallArea/AtlasCore/AtlasCore-18.9.0/Control/AthenaExamples/AthExFortranAlgorithm/genConf/AthExFortranAlgorithm/AthExFortranAlgorithm.confdb.stamp] Error 1 (ignored)
Traceback (most recent call last):
  File "/home/jwsmith/HDD/Gaudi/GaudiPolicy/scripts/merge_files.py", line 180, in <module>
    ignoreMissing = options.ignoreMissing)
  File "/home/jwsmith/HDD/Gaudi/GaudiPolicy/scripts/merge_files.py", line 66, in mergeFiles
    fileData = open(f, 'r').read()
IOError: [Errno 2] No such file or directory: '/home/jwsmith/HDD/AtlasOfflineBuild-framework/InstallArea/AtlasCore/AtlasCore-18.9.0/Control/AthenaExamples/AthExFortranAlgorithm/genConf/AthExFortranAlgorithm/AthExFortranAlgorithm.confdb'
make[2]: [/home/jwsmith/HDD/AtlasOfflineBuild-framework/InstallArea/AtlasCore/AtlasCore-18.9.0/InstallArea/armv7l-fc21-gcc49-opt/lib/jwsmith.confdb] Error 1 (ignored)
#CMT---> Info: Document checkreq
#CMT---> Info: Document warning_depr_rootmap
#CMT---> Info: Library AthenaPythonComps
#CMT---> Info: Library AthenaPython
#CMT---> Info: Document check_install_python_modules
#CMT---> Info: Document check_install_joboptions
#CMT---> Info: Document install_includes
#CMT---> Info: Document install_python_modules
#CMT---> Info: Document install_joboptions
#CMT---> Info: Document AthenaPythonGen
#CMT---> Info: calculating dependencies for /home/jwsmith/HDD/AtlasOfflineBuild-framework/InstallArea/AtlasCore/AtlasCore-18.9.0/Control/AthenaPython/AthenaPython/AthenaPythonDict.h
#CMT---> Info: Library AthenaPythonDict
#CMT---> Info: Document check_install_AthenaPythonDict_AthenaPythondictrootmap
#CMT---> Info: Document install_AthenaPythonDict_AthenaPythondictrootmap
#CMT---> Info: Document AthenaPython_optdebug_library
#CMT---> Info: Document AthenaPythonCompsComponentsList
#CMT---> Info: Document AthenaPythonCompsConf
#CMT---> Info: Document AthenaPythonCompsCLIDDB
#CMT---> Info: Document AthenaPythonComps_optdebug_library
#CMT---> Info: Document AthenaPython_python_init
#CMT---> Info: Document AthenaPythonCompsConfDbMerge
#CMT---> Info: Document AthenaPythonCompsMergeComponentsList
#CMT---> Info: Document AthenaPythonDictMerge
#CMT---> Info: Document AthenaPythonDict_optdebug_library
#CMT---> Info: calculating dependencies for /home/jwsmith/HDD/AtlasOfflineBuild-framework/InstallArea/AtlasCore/AtlasCore-18.9.0/Control/AthenaPython/AthenaPython/AthenaPythonDict.h
#CMT---> Info: Library AthenaRootComps#CMT---> Info: Document checkreq

#CMT---> Info: Document check_install_python_modules
#CMT---> Info: Document warning_depr_rootmap
#CMT---> Info: Document check_install_scripts
#CMT---> Info: Document check_install_joboptions
#CMT---> Info: Document install_includes
#CMT---> Info: Document install_python_modules
#CMT---> Info: Document install_joboptions
#CMT---> Info: Document install_scripts
../src/RootNtupleEventSelector.cxx:103:3: warning: ‘std::vector<std::basic_string<char> > {anonymous}::get_active_leaves(TTree*)’ defined but not used [-Wunused-function]
   get_active_leaves(TTree *tuple) 
   ^
#CMT--->#CMT---> Info: Document AthenaRootCompsComponentsList
 Info: Document AthenaRootCompsConf
#CMT---> Info: Document AthenaRootComps_optdebug_library
#CMT---> Info: Document AthenaRootCompsCLIDDB
WARNING: new factory loaded for 'CNV_2_0' with different class: Athena::LeafCnv != Athena::RootCnv
WARNING: new factory loaded for 'CNV_2_0' with different class: Athena::LeafCnv != Athena::RootCnv
#CMT---> Info: Document AthenaRootCompsMergeComponentsList
#CMT---> Info: Document AthenaRootCompsConfDbMerge
#CMT---> Info: Document AthenaRootComps_python_init
#CMT---> Info: Document checkreq
#CMT---> Info: Document check_install_python_modules
#CMT---> Info: Document warning_depr_rootmap
#CMT---> Info: Library StoreGateTests
#CMT---> Info: Document check_install_joboptions
#CMT---> Info: Document install_includes
#CMT---> Info: Document install_python_modules
#CMT---> Info: Document install_joboptions
#CMT---> Info: Document StoreGateTestsGen
#CMT---> Info: calculating dependencies for ../StoreGateTests/StoreGateTestsDict.h
#CMT---> Info: Document StoreGateTestsComponentsList
#CMT---> Info: Document StoreGateTestsConf
#CMT---> Info: Document StoreGateTests_optdebug_library
#CMT---> Info: Document StoreGateTestsCLIDDB
#CMT---> Info: Document StoreGateTestsMergeComponentsList
#CMT---> Info: Document StoreGateTests_python_init
#CMT---> Info: Document StoreGateTestsConfDbMerge
#CMT---> Info: Library StoreGateTestsDict
#CMT---> Info: Document check_install_StoreGateTestsDict_StoreGateTestsdictrootmap
#CMT---> Info: Document install_StoreGateTestsDict_StoreGateTestsdictrootmap
#CMT---> Info: Document StoreGateTestsDict_optdebug_library
#CMT---> Info: Document StoreGateTestsDictMerge
#CMT---> Info: calculating dependencies for ../StoreGateTests/StoreGateTestsDict.h
#CMT---> Info: Document warning_depr_rootmap
#CMT---> Info: Document checkreq
#CMT---> Info: Library PoolSvc
#CMT---> Info: Document check_install_joboptions
#CMT---> Info: Document install_includes
#CMT---> Info: Document install_joboptions
#CMT--->#CMT---> Info: Document PoolSvcConf
 Info: Document PoolSvcComponentsList
#CMT---> Info: Document PoolSvc_optdebug_library
#CMT---> Info: Document PoolSvcCLIDDB
#CMT---> Info: Document PoolSvcMergeComponentsList
#CMT---> Info: Document PoolSvcConfDbMerge
#CMT---> Info: Document PoolSvc_python_init
#CMT---> Info: Document checkreq
#CMT---> Info: Document warning_depr_rootmap
#CMT---> Info: Document check_install_python_modules
#CMT---> Info: Library IOVDbSvc
#CMT---> Info: Document check_install_joboptions
#CMT---> Info: Document check_install_runtime
#CMT---> Info: Document install_includes
#CMT---> Info: Document install_python_modules
#CMT---> Info: Document install_joboptions
#CMT---> Info: Document install_runtime
#CMT---> Info: Document IOVDbSvcComponentsList
#CMT---> Info: Document IOVDbSvcConf
#CMT---> Info: #CMT---> Info: Document IOVDbSvc_optdebug_library
Document IOVDbSvcCLIDDB
#CMT---> Info: Document IOVDbSvcMergeComponentsList
#CMT---> Info: Document IOVDbSvc_python_init
#CMT---> Info: Document IOVDbSvcConfDbMerge
#CMT---> Info: Document checkreq
#CMT---> Info: Document warning_depr_rootmap
#CMT---> Info: Document check_install_python_modules
#CMT---> Info: Library RegistrationServices
#CMT---> Info: Document check_install_joboptions
#CMT---> Info: Document install_includes
#CMT---> Info: Document install_python_modules
#CMT---> Info: Document install_joboptions
../src/IOVRegistrationSvc.cxx: In member function ‘StatusCode IOVRegistrationSvc::registerIOVCOOL(const string&, const string&, const string&, const string&, const IOVTime&, const IOVTime&) const’:
../src/IOVRegistrationSvc.cxx:974:35: warning: variable ‘version’ set but not used [-Wunused-but-set-variable]
      cool::FolderVersioning::Mode version=
                                   ^
#CMT---> Info: Document RegistrationServicesCLIDDB
#CMT---> Info: Document RegistrationServicesConf
#CMT---> Info: Document RegistrationServicesComponentsList
#CMT---> Info: Document RegistrationServices_optdebug_library
#CMT---> Info: Document RegistrationServicesMergeComponentsList
#CMT---> Info: Document RegistrationServices_python_init
#CMT---> Info: Document RegistrationServicesConfDbMerge
#CMT---> Info: Document checkreq
#CMT---> Info: Document warning_depr_rootmap
#CMT---> Info: Library AthenaPoolCnvSvc
#CMT---> Info: Library AthenaPoolCnvSvcLib
#CMT---> Info: Document check_install_joboptions
#CMT---> Info: Document check_install_python_modules
#CMT---> Info: Document install_includes
#CMT---> Info: Document install_python_modules
#CMT---> Info: Document install_joboptions
#CMT---> Info: Document AthenaPoolCnvSvcGen
#CMT---> Info: calculating dependencies for ../AthenaPoolCnvSvc/AthenaPoolCnvSvcDict.h
#CMT---> Info: Library AthenaPoolCnvSvcDict
#CMT---> Info: Document check_install_AthenaPoolCnvSvcDict_AthenaPoolCnvSvcdictrootmap
#CMT---> Info: Document install_AthenaPoolCnvSvcDict_AthenaPoolCnvSvcdictrootmap
#CMT---> Info: Document AthenaPoolCnvSvcLib_optdebug_library
#CMT---> Info: Document AthenaPoolCnvSvcConf
#CMT---> Info: Document AthenaPoolCnvSvc_optdebug_library
#CMT---> Info: Document AthenaPoolCnvSvcCLIDDB
#CMT---> Info: Document AthenaPoolCnvSvcComponentsList
#CMT---> Info: Document AthenaPoolCnvSvcMergeComponentsList
#CMT---> Info: Document AthenaPoolCnvSvc_python_init
#CMT---> Info: Document AthenaPoolCnvSvcConfDbMerge
#CMT---> Info: Document AthenaPoolCnvSvcDict_optdebug_library
#CMT---> Info: Document AthenaPoolCnvSvcDictMerge
#CMT---> Info: calculating dependencies for ../AthenaPoolCnvSvc/AthenaPoolCnvSvcDict.h
#CMT---> Info: Document checkreq
#CMT--->#CMT---> Info: Library EventTPCnv
 Info: Document warning_depr_rootmap
#CMT---> Info: Document install_includes
#CMT---> Info: Document EventTPCnvGen
#CMT---> Info: Document OLD_EventTPCnvGen
../src/EventTypeCnv_p1.cxx:9:52: warning: unused parameter ‘trans’ [-Wunused-parameter]
 void EventTypeCnv_p1::transToPers(const EventType* trans, EventType_p1* pers, MsgStream &) {
                                                    ^
../src/EventTypeCnv_p1.cxx:9:73: warning: unused parameter ‘pers’ [-Wunused-parameter]
 void EventTypeCnv_p1::transToPers(const EventType* trans, EventType_p1* pers, MsgStream &) {
                                                                         ^
#CMT---> Info: calculating dependencies for ../EventTPCnv/EventTPCnvDict.h
../src/EventIDCnv_p2.cxx:22:48: warning: unused parameter ‘trans’ [-Wunused-parameter]
 void EventIDCnv_p2::transToPers(const EventID* trans, std::vector<unsigned int> & pers) {
                                                ^
../src/EventIDCnv_p2.cxx:22:83: warning: unused parameter ‘pers’ [-Wunused-parameter]
 void EventIDCnv_p2::transToPers(const EventID* trans, std::vector<unsigned int> & pers) {
                                                                                   ^
#CMT---> Info: calculating dependencies for ../EventTPCnv/EventTPCnvDict.h
#CMT---> Info: Library EventTPCnvDict
#CMT---> Info: Document check_install_EventTPCnvDict_EventTPCnvdictrootmap
#CMT---> Info: Library OLD_EventTPCnvDict
#CMT---> Info: Document check_install_OLD_EventTPCnvDict_OLD_EventTPCnvdictrootmap
#CMT---> Info: Document install_EventTPCnvDict_EventTPCnvdictrootmap
#CMT---> Info: Document install_OLD_EventTPCnvDict_OLD_EventTPCnvdictrootmap
/usr/bin/ld: cannot find -lByteStreamData
/usr/bin/ld: cannot find -leformat
/usr/bin/ld: cannot find -leformat_write
/usr/bin/ld: cannot find -lDataReader
/usr/bin/ld: cannot find -leformat_old
/usr/bin/ld: cannot find -lRawFileName
/usr/bin/ld: cannot find -lDataWriter
/usr/bin/ld: cannot find -lers
collect2: error: ld returned 1 exit status
make[2]: [../armv7l-fc21-gcc49-opt/libEventTPCnv.so] Error 1 (ignored)
#CMT---> Info: Document EventTPCnvComponentsList#CMT---> Info: Document EventTPCnv_optdebug_library

#CMT---> (EventTPCnv_optdebug_library.make) ../armv7l-fc21-gcc49-opt/libEventTPCnv.so: No rule for such target
#CMT---> (EventTPCnvComponentsList.make) ../armv7l-fc21-gcc49-opt/libEventTPCnv.so: No rule for such target
objcopy: '../armv7l-fc21-gcc49-opt/libEventTPCnv.so': No such file
make[2]: [../armv7l-fc21-gcc49-opt/libEventTPCnv.so.debug] Error 1 (ignored)
objcopy: '../armv7l-fc21-gcc49-opt/libEventTPCnv.so': No such file
make[2]: [../armv7l-fc21-gcc49-opt/libEventTPCnv.so.debug] Error 1 (ignored)
ERROR: failed to load libEventTPCnv.so
make[2]: [../armv7l-fc21-gcc49-opt/EventTPCnv.components] Error 1 (ignored)
objcopy: 'libEventTPCnv.so': No such file
make[2]: [../armv7l-fc21-gcc49-opt/libEventTPCnv.so.debug] Error 1 (ignored)
#CMT---> Info: Document EventTPCnvMergeComponentsList
#CMT---> Warning: Source file ../armv7l-fc21-gcc49-opt/libEventTPCnv.so not found
/usr/bin/ld: cannot find -lEventTPCnv
/usr/bin/ld: cannot find -lByteStreamData
/usr/bin/ld: cannot find -leformat
/usr/bin/ld: cannot find -leformat_write
/usr/bin/ld: cannot find -lDataReader
/usr/bin/ld: cannot find -leformat_old
/usr/bin/ld: cannot find -lRawFileName
/usr/bin/ld: cannot find -lDataWriter
/usr/bin/ld: cannot find -lers
collect2: error: ld returned 1 exit status
make[2]: [../armv7l-fc21-gcc49-opt/libEventTPCnvDict.so] Error 1 (ignored)
#CMT---> Info: Document EventTPCnvDict_optdebug_library
#CMT---> Info: Document EventTPCnvDictMerge
#CMT---> (EventTPCnvDict_optdebug_library.make) ../armv7l-fc21-gcc49-opt/libEventTPCnvDict.so: No rule for such target
objcopy: '../armv7l-fc21-gcc49-opt/libEventTPCnvDict.so': No such file
make[2]: [../armv7l-fc21-gcc49-opt/libEventTPCnvDict.so.debug] Error 1 (ignored)
objcopy: '../armv7l-fc21-gcc49-opt/libEventTPCnvDict.so': No such file
make[2]: [../armv7l-fc21-gcc49-opt/libEventTPCnvDict.so.debug] Error 1 (ignored)
#CMT---> Info: calculating dependencies for ../EventTPCnv/EventTPCnvDict.h
objcopy: 'libEventTPCnvDict.so': No such file
make[2]: [../armv7l-fc21-gcc49-opt/libEventTPCnvDict.so.debug] Error 1 (ignored)
/usr/bin/ld: cannot find -lEventTPCnv
/usr/bin/ld: cannot find -lByteStreamData
/usr/bin/ld: cannot find -leformat
/usr/bin/ld: cannot find -leformat_write
/usr/bin/ld: cannot find -lDataReader
/usr/bin/ld: cannot find -leformat_old
/usr/bin/ld: cannot find -lRawFileName
/usr/bin/ld: cannot find -lDataWriter
/usr/bin/ld: cannot find -lers
collect2: error: ld returned 1 exit status
make[2]: [../armv7l-fc21-gcc49-opt/libOLD_EventTPCnvDict.so] Error 1 (ignored)
#CMT---> Info: Document OLD_EventTPCnvDictMerge
#CMT---> Info: Document OLD_EventTPCnvDict_optdebug_library
#CMT---> (OLD_EventTPCnvDict_optdebug_library.make) ../armv7l-fc21-gcc49-opt/libOLD_EventTPCnvDict.so: No rule for such target
objcopy: '../armv7l-fc21-gcc49-opt/libOLD_EventTPCnvDict.so': No such file
make[2]: [../armv7l-fc21-gcc49-opt/libOLD_EventTPCnvDict.so.debug] Error 1 (ignored)
objcopy: '../armv7l-fc21-gcc49-opt/libOLD_EventTPCnvDict.so': No such file
make[2]: [../armv7l-fc21-gcc49-opt/libOLD_EventTPCnvDict.so.debug] Error 1 (ignored)
#CMT---> Info: calculating dependencies for ../EventTPCnv/EventTPCnvDict.h
objcopy: 'libOLD_EventTPCnvDict.so': No such file
make[2]: [../armv7l-fc21-gcc49-opt/libOLD_EventTPCnvDict.so.debug] Error 1 (ignored)
#CMT---> Info: Document checkreq
#CMT---> Info: Document EventAthenaPoolPoolCnvGen
#CMT---> Info: Document install_includes
#CMT---> Info: Document warning_depr_rootmap
#CMT---> Info: calculating dependencies for /home/jwsmith/HDD/AtlasOfflineBuild-framework/InstallArea/AtlasCore/AtlasCore-18.9.0/Event/EventInfo/EventInfo/EventInfo.h
#CMT---> Info: calculating dependencies for /home/jwsmith/HDD/AtlasOfflineBuild-framework/InstallArea/AtlasCore/AtlasCore-18.9.0/Event/EventInfo/EventInfo/EventStreamInfo.h
#CMT---> Info: calculating dependencies for /home/jwsmith/HDD/AtlasOfflineBuild-framework/InstallArea/AtlasCore/AtlasCore-18.9.0/Event/EventInfo/EventInfo/MergedEventInfo.h
#CMT---> Info: calculating dependencies for /home/jwsmith/HDD/AtlasOfflineBuild-framework/InstallArea/AtlasCore/AtlasCore-18.9.0/Event/EventInfo/EventInfo/PileUpEventInfo.h
#CMT---> Info: calculating dependencies for /home/jwsmith/HDD/AtlasOfflineBuild-framework/InstallArea/AtlasCore/AtlasCore-18.9.0/Event/ByteStreamData/ByteStreamData/ByteStreamMetadataContainer.h
#CMT---> Warning: package not found: TDAQCPolicyExt v* TDAQCPolicy (requested by DataCollection)
#CMT---> Warning: package not found: TDAQCPolicyExt v* TDAQCPolicy (requested by DataCollection)
#CMT---> Warning: package not found: TDAQCPolicyExt v* TDAQCPolicy (requested by DataCollection)
#CMT---> Warning: package not found: TDAQCPolicyExt v* TDAQCPolicy (requested by DataCollection)
#CMT---> Warning: package not found: TDAQCPolicyExt v* TDAQCPolicy (requested by DataCollection)
#CMT---> Warning: package not found: TDAQCPolicyExt v* TDAQCPolicy (requested by DataCollection)
#CMT---> Warning: package not found: TDAQCPolicyExt v* TDAQCPolicy (requested by DataCollection)
#CMT---> Warning: package not found: TDAQCPolicyExt v* TDAQCPolicy (requested by DataCollection)
#CMT---> Warning: package not found: TDAQCPolicyExt v* TDAQCPolicy (requested by DataCollection)
#CMT---> Warning: package not found: TDAQCPolicyExt v* TDAQCPolicy (requested by DataCollection)
#CMT---> Warning: package not found: TDAQCPolicyExt v* TDAQCPolicy (requested by DataCollection)
#CMT---> Warning: package not found: TDAQCPolicyExt v* TDAQCPolicy (requested by DataCollection)
#CMT---> Warning: package not found: TDAQCPolicyExt v* TDAQCPolicy (requested by DataCollection)
#CMT---> Warning: package not found: TDAQCPolicyExt v* TDAQCPolicy (requested by DataCollection)
#CMT---> Info: Document install_pool_joboptions
#CMT---> Info: Library EventAthenaPoolPoolCnv
#CMT---> Warning: package not found: TDAQCPolicyExt v* TDAQCPolicy (requested by DataCollection)
#CMT---> Warning: package not found: TDAQCPolicyExt v* TDAQCPolicy (requested by DataCollection)
#CMT---> Warning: package not found: TDAQCPolicyExt v* TDAQCPolicy (requested by DataCollection)
#CMT---> Warning: package not found: TDAQCPolicyExt v* TDAQCPolicy (requested by DataCollection)
/usr/bin/ld: cannot find -lEventTPCnv
/usr/bin/ld: cannot find -lByteStreamData
/usr/bin/ld: cannot find -leformat
/usr/bin/ld: cannot find -leformat_write
/usr/bin/ld: cannot find -lDataReader
/usr/bin/ld: cannot find -leformat_old
/usr/bin/ld: cannot find -lRawFileName
/usr/bin/ld: cannot find -lDataWriter
/usr/bin/ld: cannot find -lers
collect2: error: ld returned 1 exit status
make[2]: [../armv7l-fc21-gcc49-opt/libEventAthenaPoolPoolCnv.so] Error 1 (ignored)
#CMT---> Info: Document EventAthenaPoolPoolCnvComponentsList
#CMT---> Info: Document EventAthenaPoolPoolCnv_optdebug_library
#CMT---> (EventAthenaPoolPoolCnvComponentsList.make) ../armv7l-fc21-gcc49-opt/libEventAthenaPoolPoolCnv.so: No rule for such target
#CMT---> (EventAthenaPoolPoolCnv_optdebug_library.make) ../armv7l-fc21-gcc49-opt/libEventAthenaPoolPoolCnv.so: No rule for such target
objcopy: '../armv7l-fc21-gcc49-opt/libEventAthenaPoolPoolCnv.so': No such file
make[2]: [../armv7l-fc21-gcc49-opt/libEventAthenaPoolPoolCnv.so.debug] Error 1 (ignored)
objcopy: '../armv7l-fc21-gcc49-opt/libEventAthenaPoolPoolCnv.so': No such file
make[2]: [../armv7l-fc21-gcc49-opt/libEventAthenaPoolPoolCnv.so.debug] Error 1 (ignored)
ERROR: failed to load libEventAthenaPoolPoolCnv.so
make[2]: [../armv7l-fc21-gcc49-opt/EventAthenaPoolPoolCnv.components] Error 1 (ignored)
objcopy: 'libEventAthenaPoolPoolCnv.so': No such file
make[2]: [../armv7l-fc21-gcc49-opt/libEventAthenaPoolPoolCnv.so.debug] Error 1 (ignored)
#CMT---> Info: Document EventAthenaPoolPoolCnvMergeComponentsList
#CMT---> Warning: Source file ../armv7l-fc21-gcc49-opt/libEventAthenaPoolPoolCnv.so not found
#CMT---> Info: Document checkreq
#CMT---> Info: Document warning_depr_rootmap
#CMT---> Info: Document PersistentDataModelAthenaPoolPoolCnvGen
#CMT---> Info: Document install_includes
#CMT---> Info: calculating dependencies for /home/jwsmith/HDD/AtlasOfflineBuild-framework/InstallArea/AtlasCore/AtlasCore-18.9.0/Database/PersistentDataModel/PersistentDataModel/DataHeader.h
#CMT---> Info: Document install_pool_joboptions
#CMT---> Info: Library PersistentDataModelAthenaPoolPoolCnv
#CMT---> Info: Document PersistentDataModelAthenaPoolPoolCnv_optdebug_library
#CMT---> Info: Document PersistentDataModelAthenaPoolPoolCnvComponentsList
#CMT---> Info: Document PersistentDataModelAthenaPoolPoolCnvMergeComponentsList
#CMT---> Info: Document warning_depr_rootmap
#CMT---> Info: Library IOVDbTPCnv
#CMT---> Info: Document install_includes#CMT---> Info: Document checkreq

#CMT---> Info: Document IOVDbTPCnvGen
#CMT---> Info: Document ARA_IOVDbTPCnvGen
#CMT---> Info: Document OLD_IOVDbTPCnvGen
#CMT---> Info: calculating dependencies for ../IOVDbTPCnv/IOVDbTPCnvDict.h
#CMT---> Info: calculating dependencies for ../IOVDbTPCnv/IOVDbTPCnvDict.h
#CMT---> Info: calculating dependencies for ../IOVDbTPCnv/IOVDbTPCnvDict.h
#CMT---> Info: Library IOVDbTPCnvDict
#CMT---> Info: Document check_install_IOVDbTPCnvDict_IOVDbTPCnvdictrootmap
#CMT---> Info: Library ARA_IOVDbTPCnvDict
#CMT---> Info: Document check_install_ARA_IOVDbTPCnvDict_ARA_IOVDbTPCnvdictrootmap
#CMT---> Info: Document install_IOVDbTPCnvDict_IOVDbTPCnvdictrootmap
#CMT---> Info: Library OLD_IOVDbTPCnvDict
#CMT---> Info: Document check_install_OLD_IOVDbTPCnvDict_OLD_IOVDbTPCnvdictrootmap
#CMT---> Info: Document install_ARA_IOVDbTPCnvDict_ARA_IOVDbTPCnvdictrootmap
#CMT---> Info: Document install_OLD_IOVDbTPCnvDict_OLD_IOVDbTPCnvdictrootmap
#CMT--->#CMT---> Info: Document IOVDbTPCnvComponentsList
 Info: Document IOVDbTPCnv_optdebug_library
#CMT---> Info: Document IOVDbTPCnvDict_optdebug_library
#CMT---> Info: Document IOVDbTPCnvDictMerge
#CMT---> Info: Document ARA_IOVDbTPCnvDict_optdebug_library
#CMT---> Info: Document ARA_IOVDbTPCnvDictMerge
#CMT---> Info: calculating dependencies for ../IOVDbTPCnv/IOVDbTPCnvDict.h
#CMT---> Info: Document OLD_IOVDbTPCnvDict_optdebug_library
#CMT---> Info: calculating dependencies for ../IOVDbTPCnv/IOVDbTPCnvDict.h
#CMT---> Info: Document OLD_IOVDbTPCnvDictMerge
#CMT---> Info: calculating dependencies for ../IOVDbTPCnv/IOVDbTPCnvDict.h
#CMT---> Info: Document IOVDbTPCnvMergeComponentsList
#CMT---> Info: Document checkreq
#CMT---> Info: Document warning_depr_rootmap
#CMT---> Info: Document IOVDbAthenaPoolPoolCnvGen
#CMT---> Info: Document install_includes
#CMT---> Info: calculating dependencies for /home/jwsmith/HDD/AtlasOfflineBuild-framework/InstallArea/AtlasCore/AtlasCore-18.9.0/Database/IOVDbDataModel/IOVDbDataModel/IOVMetaDataContainer.h
#CMT---> Info: Document install_pool_joboptions
#CMT---> Info: Library IOVDbAthenaPoolPoolCnv
#CMT---> Info: Document IOVDbAthenaPoolPoolCnvComponentsList
#CMT---> Info: Document IOVDbAthenaPoolPoolCnv_optdebug_library
#CMT---> Info: Document IOVDbAthenaPoolPoolCnvMergeComponentsList
#CMT---> Info: Document checkreq
#CMT---> Info: Document warning_depr_rootmap
#CMT---> Info: Library StlAthenaPoolCnv
#CMT---> Info: Document install_includes
#CMT---> Info: Document StlAthenaPoolCnvConf
#CMT---> Info: Document StlAthenaPoolCnv_optdebug_library
#CMT---> Info: Document StlAthenaPoolCnvComponentsList
#CMT---> Info: Document StlAthenaPoolCnvCLIDDB
#CMT---> Info: Document StlAthenaPoolCnvMergeComponentsList
#CMT---> Info: Document StlAthenaPoolCnvConfDbMerge
#CMT---> Info: Document StlAthenaPoolCnv_python_init
#CMT---> Info: Document checkreq
#CMT---> Info: Document warning_depr_rootmap
#CMT---> Info: Document check_install_python_modules
#CMT---> Info: Library EventSelectorAthenaPool
#CMT---> Info: Document check_install_joboptions
#CMT---> Info: Document install_includes
#CMT---> Info: Document install_python_modules
#CMT---> Info: Document install_joboptions
../src/AthenaPoolAddressProviderSvc.cxx:23:15: warning: ‘StatusCode {anonymous}::fetchProp(const std::vector<const Property*>*, BooleanProperty&)’ defined but not used [-Wunused-function]
    StatusCode fetchProp(const std::vector<const Property*>* properties, BooleanProperty& p) {
               ^
#CMT---> Info: Document EventSelectorAthenaPoolConf
#CMT---> Info: Document EventSelectorAthenaPool_optdebug_library
#CMT---> Info: Document EventSelectorAthenaPoolCLIDDB
#CMT---> Info: Document EventSelectorAthenaPoolComponentsList
#CMT---> Info: Document EventSelectorAthenaPoolMergeComponentsList
#CMT---> Info: Document EventSelectorAthenaPool_python_init
#CMT---> Info: Document EventSelectorAthenaPoolConfDbMerge
#CMT---> Info: Document checkreq
#CMT---> Info: Document warning_depr_rootmap
#CMT---> Info: Document install_includes
#CMT---> Info: Library DataModelAthenaPool
#CMT---> Info: Document check_install_joboptions
#CMT---> Info: Document check_install_python_modules
#CMT---> Info: Document DataModelAthenaPoolPoolCnvGen
#CMT---> Info: calculating dependencies for /home/jwsmith/HDD/AtlasOfflineBuild-framework/InstallArea/AtlasCore/AtlasCore-18.9.0/Control/AthContainers/AthContainers/UserDataStore.h
#CMT---> Info: Document DataModelAthenaPoolDictGen
#CMT---> Info: Document install_python_modules
#CMT---> Info: Document install_joboptions
#CMT---> Info: Library DataModelAthenaPoolPoolCnv
#CMT---> Info: Document install_pool_joboptions
#CMT---> Info: calculating dependencies for ../DataModelAthenaPool/DataModelAthenaPoolDict.h
#CMT---> Info: Library DataModelAthenaPoolDictDict
#CMT---> Info: Document check_install_DataModelAthenaPoolDictDict_DataModelAthenaPoolDictdictrootmap
#CMT---> Info: Document install_DataModelAthenaPoolDictDict_DataModelAthenaPoolDictdictrootmap
#CMT---> Info: Document DataModelAthenaPoolConf
#CMT---> Info: Document DataModelAthenaPoolComponentsList
#CMT---> Info: Document DataModelAthenaPool_optdebug_library
#CMT---> Info: Document DataModelAthenaPoolCLIDDB
#CMT---> Info: Document DataModelAthenaPool_python_init
#CMT---> Info: Document DataModelAthenaPoolConfDbMerge
#CMT---> Info: Document DataModelAthenaPoolMergeComponentsList
#CMT---> Info: Document DataModelAthenaPoolPoolCnvComponentsList
#CMT---> Info: Document DataModelAthenaPoolPoolCnv_optdebug_library
#CMT---> Info: Document DataModelAthenaPoolPoolCnvMergeComponentsList
#CMT---> Info: Document DataModelAthenaPoolDictDictMerge
#CMT---> Info: Document DataModelAthenaPoolDictDict_optdebug_library
#CMT---> Info: calculating dependencies for ../DataModelAthenaPool/DataModelAthenaPoolDict.h
#CMT--->#CMT---> Info: Library RDBAccessSvc
 Info: Document checkreq
#CMT---> Info: Document warning_depr_rootmap
#CMT---> Info: Document check_install_joboptions
#CMT---> Info: #CMT---> Info: Application geomdb2oracle
#CMT---> Info: Document install_includes
Application geomdb2sqlite
#CMT---> Info: Document install_joboptions
#CMT---> (geomdb2sqlite.make) /home/jwsmith/HDD/Gaudi/GaudiKernel/armv7l-fc21-gcc49-opt/GaudiKernel.stamp: No rule for such target
#CMT---> (geomdb2oracle.make) /home/jwsmith/HDD/Gaudi/GaudiKernel/armv7l-fc21-gcc49-opt/GaudiKernel.stamp: No rule for such target
#CMT---> Info: Document RDBAccessSvcConf
#CMT---> Info: Document RDBAccessSvcComponentsList
#CMT---> Info: Document RDBAccessSvc_optdebug_library
#CMT---> Info: Document RDBAccessSvcCLIDDB
#CMT---> Info: Document RDBAccessSvcMergeComponentsList
#CMT---> Info: Document RDBAccessSvc_python_init
#CMT---> Info: Document RDBAccessSvcConfDbMerge
#CMT---> Info: Document checkreq
#CMT---> Info: Document install_includes
#CMT---> Info: Library GeoModelUtilities
#CMT---> Info: Document GeoModelUtilities_optdebug_library
#CMT---> Info: Library GeoSpecialShapes
#CMT---> Info: Document install_includes
#CMT---> Info: Document checkreq
In file included from ../src/LArWheelCalculatorGeometry.cxx:1:0:
/home/jwsmith/HDD/AtlasOfflineBuild-framework/InstallArea/AtlasCore/AtlasCore-18.9.0/InstallArea/include/CxxUtils/CxxUtils/sincos.h: In constructor ‘CxxUtils::sincos::sincos(double)’:
/home/jwsmith/HDD/AtlasOfflineBuild-framework/InstallArea/AtlasCore/AtlasCore-18.9.0/InstallArea/include/CxxUtils/CxxUtils/sincos.h:79:23: error: no matching function for call to ‘CxxUtils::sincos::sincos(double&, double*, double*)’
   { sincos(x, &sn, &cs); }
                       ^
/home/jwsmith/HDD/AtlasOfflineBuild-framework/InstallArea/AtlasCore/AtlasCore-18.9.0/InstallArea/include/CxxUtils/CxxUtils/sincos.h:79:23: note: candidates are:
/home/jwsmith/HDD/AtlasOfflineBuild-framework/InstallArea/AtlasCore/AtlasCore-18.9.0/InstallArea/include/CxxUtils/CxxUtils/sincos.h:73:3: note: CxxUtils::sincos::sincos(double)
   sincos (double x)
   ^
/home/jwsmith/HDD/AtlasOfflineBuild-framework/InstallArea/AtlasCore/AtlasCore-18.9.0/InstallArea/include/CxxUtils/CxxUtils/sincos.h:73:3: note:   candidate expects 1 argument, 3 provided
/home/jwsmith/HDD/AtlasOfflineBuild-framework/InstallArea/AtlasCore/AtlasCore-18.9.0/InstallArea/include/CxxUtils/CxxUtils/sincos.h:70:8: note: constexpr CxxUtils::sincos::sincos(const CxxUtils::sincos&)
 struct sincos
        ^
/home/jwsmith/HDD/AtlasOfflineBuild-framework/InstallArea/AtlasCore/AtlasCore-18.9.0/InstallArea/include/CxxUtils/CxxUtils/sincos.h:70:8: note:   candidate expects 1 argument, 3 provided
/home/jwsmith/HDD/AtlasOfflineBuild-framework/InstallArea/AtlasCore/AtlasCore-18.9.0/InstallArea/include/CxxUtils/CxxUtils/sincos.h:70:8: note: constexpr CxxUtils::sincos::sincos(CxxUtils::sincos&&)
/home/jwsmith/HDD/AtlasOfflineBuild-framework/InstallArea/AtlasCore/AtlasCore-18.9.0/InstallArea/include/CxxUtils/CxxUtils/sincos.h:70:8: note:   candidate expects 1 argument, 3 provided
make[2]: [../armv7l-fc21-gcc49-opt/LArWheelCalculatorGeometry.o] Error 1 (ignored)
In file included from ../src/LArWheelCalculatorGeometry.cxx:1:0:
/home/jwsmith/HDD/AtlasOfflineBuild-framework/InstallArea/AtlasCore/AtlasCore-18.9.0/InstallArea/include/CxxUtils/CxxUtils/sincos.h: In constructor ‘CxxUtils::sincos::sincos(double)’:
/home/jwsmith/HDD/AtlasOfflineBuild-framework/InstallArea/AtlasCore/AtlasCore-18.9.0/InstallArea/include/CxxUtils/CxxUtils/sincos.h:79:23: error: no matching function for call to ‘CxxUtils::sincos::sincos(double&, double*, double*)’
   { sincos(x, &sn, &cs); }
                       ^
/home/jwsmith/HDD/AtlasOfflineBuild-framework/InstallArea/AtlasCore/AtlasCore-18.9.0/InstallArea/include/CxxUtils/CxxUtils/sincos.h:79:23: note: candidates are:
/home/jwsmith/HDD/AtlasOfflineBuild-framework/InstallArea/AtlasCore/AtlasCore-18.9.0/InstallArea/include/CxxUtils/CxxUtils/sincos.h:73:3: note: CxxUtils::sincos::sincos(double)
   sincos (double x)
   ^
/home/jwsmith/HDD/AtlasOfflineBuild-framework/InstallArea/AtlasCore/AtlasCore-18.9.0/InstallArea/include/CxxUtils/CxxUtils/sincos.h:73:3: note:   candidate expects 1 argument, 3 provided
/home/jwsmith/HDD/AtlasOfflineBuild-framework/InstallArea/AtlasCore/AtlasCore-18.9.0/InstallArea/include/CxxUtils/CxxUtils/sincos.h:70:8: note: constexpr CxxUtils::sincos::sincos(const CxxUtils::sincos&)
 struct sincos
        ^
/home/jwsmith/HDD/AtlasOfflineBuild-framework/InstallArea/AtlasCore/AtlasCore-18.9.0/InstallArea/include/CxxUtils/CxxUtils/sincos.h:70:8: note:   candidate expects 1 argument, 3 provided
/home/jwsmith/HDD/AtlasOfflineBuild-framework/InstallArea/AtlasCore/AtlasCore-18.9.0/InstallArea/include/CxxUtils/CxxUtils/sincos.h:70:8: note: constexpr CxxUtils::sincos::sincos(CxxUtils::sincos&&)
/home/jwsmith/HDD/AtlasOfflineBuild-framework/InstallArea/AtlasCore/AtlasCore-18.9.0/InstallArea/include/CxxUtils/CxxUtils/sincos.h:70:8: note:   candidate expects 1 argument, 3 provided
make[2]: [../armv7l-fc21-gcc49-opt/LArWheelCalculatorGeometry.o] Error 1 (ignored)
lcg-g++-4.9.2: error: ../armv7l-fc21-gcc49-opt/LArWheelCalculatorGeometry.o: No such file or directory
make[2]: [../armv7l-fc21-gcc49-opt/libGeoSpecialShapes.so] Error 1 (ignored)
#CMT---> Info: Document GeoSpecialShapes_optdebug_library
#CMT---> (GeoSpecialShapes_optdebug_library.make) ../armv7l-fc21-gcc49-opt/libGeoSpecialShapes.so: No rule for such target
objcopy: '../armv7l-fc21-gcc49-opt/libGeoSpecialShapes.so': No such file
make[2]: [../armv7l-fc21-gcc49-opt/libGeoSpecialShapes.so.debug] Error 1 (ignored)
objcopy: '../armv7l-fc21-gcc49-opt/libGeoSpecialShapes.so': No such file
make[2]: [../armv7l-fc21-gcc49-opt/libGeoSpecialShapes.so.debug] Error 1 (ignored)
objcopy: 'libGeoSpecialShapes.so': No such file
make[2]: [../armv7l-fc21-gcc49-opt/libGeoSpecialShapes.so.debug] Error 1 (ignored)
#CMT---> Info: Document warning_depr_rootmap
#CMT---> Info: Document checkreq
#CMT---> Info: Document check_install_joboptions
#CMT---> Info: Library GeoModelSvc
#CMT---> Info: Document install_includes
#CMT---> Info: Document install_joboptions
#CMT--->#CMT---> Info: Document GeoModelSvcComponentsList
 Info: Document GeoModelSvcConf
#CMT---> Info: Document GeoModelSvc_optdebug_library
#CMT---> Info: Document GeoModelSvcCLIDDB
#CMT---> Info: Document GeoModelSvcMergeComponentsList
#CMT---> Info: Document GeoModelSvc_python_init
#CMT---> Info: Document GeoModelSvcConfDbMerge
#CMT---> Info: Document checkreq
#CMT---> Info: Document warning_depr_rootmap
#CMT---> Info: Document check_install_joboptions
#CMT---> Info: Library IdDictDetDescrCnv
#CMT---> Info: Document install_includes
#CMT---> Info: Document install_joboptions
#CMT---> Info: Document IdDictDetDescrCnvConf
#CMT---> Info: #CMT---> Info: Document IdDictDetDescrCnv_optdebug_library
Document IdDictDetDescrCnvComponentsList
#CMT---> Info: Document IdDictDetDescrCnvCLIDDB
#CMT---> Info: Document IdDictDetDescrCnvMergeComponentsList
#CMT---> Info: Document IdDictDetDescrCnvConfDbMerge
#CMT---> Info: Document IdDictDetDescrCnv_python_init
#CMT---> Info: Document checkreq
#CMT---> Info: Document install_includes
#CMT---> Info: Library AtlasCLHEP_RandomGenerators
/usr/bin/ld: cannot find -ldSFMT-sse2
collect2: error: ld returned 1 exit status
make[2]: [../armv7l-fc21-gcc49-opt/libAtlasCLHEP_RandomGenerators.so] Error 1 (ignored)
#CMT---> Info: Document AtlasCLHEP_RandomGenerators_optdebug_library
#CMT---> (AtlasCLHEP_RandomGenerators_optdebug_library.make) ../armv7l-fc21-gcc49-opt/libAtlasCLHEP_RandomGenerators.so: No rule for such target
objcopy: '../armv7l-fc21-gcc49-opt/libAtlasCLHEP_RandomGenerators.so': No such file
make[2]: [../armv7l-fc21-gcc49-opt/libAtlasCLHEP_RandomGenerators.so.debug] Error 1 (ignored)
objcopy: '../armv7l-fc21-gcc49-opt/libAtlasCLHEP_RandomGenerators.so': No such file
make[2]: [../armv7l-fc21-gcc49-opt/libAtlasCLHEP_RandomGenerators.so.debug] Error 1 (ignored)
objcopy: 'libAtlasCLHEP_RandomGenerators.so': No such file
make[2]: [../armv7l-fc21-gcc49-opt/libAtlasCLHEP_RandomGenerators.so.debug] Error 1 (ignored)
#CMT---> Info: Document checkreq
#CMT---> Info: Document check_install_python_modules
#CMT---> Info: Document warning_depr_rootmap
#CMT---> Info: Library RngComps
#CMT---> Info: Document check_install_joboptions
#CMT---> Info: Document install_includes
#CMT---> Info: Document get_files
#CMT---> Info: Document install_python_modules
#CMT---> Info: Document install_joboptions
../src/AtDSFMTGenSvc.cxx:15:53: fatal error: AtlasCLHEP_RandomGenerators/dSFMTEngine.h: No such file or directory
 #include "AtlasCLHEP_RandomGenerators/dSFMTEngine.h"
                                                     ^
compilation terminated.
make[2]: [../armv7l-fc21-gcc49-opt/AtDSFMTGenSvc.o] Error 1 (ignored)
../src/AtDSFMTGenSvc.cxx:15:53: fatal error: AtlasCLHEP_RandomGenerators/dSFMTEngine.h: No such file or directory
 #include "AtlasCLHEP_RandomGenerators/dSFMTEngine.h"
                                                     ^
compilation terminated.
make[2]: [../armv7l-fc21-gcc49-opt/AtDSFMTGenSvc.o] Error 1 (ignored)
lcg-g++-4.9.2: error: ../armv7l-fc21-gcc49-opt/AtDSFMTGenSvc.o: No such file or directory
make[2]: [../armv7l-fc21-gcc49-opt/libRngComps.so] Error 1 (ignored)
#CMT---> Info: Document RngCompsComponentsList
#CMT---> Info: Document RngComps_optdebug_library
#CMT---> Info: Document RngCompsCLIDDB
#CMT---> Info: Document RngCompsConf
#CMT---> Warning: Source file ../armv7l-fc21-gcc49-opt/libRngComps.so not found
#CMT---> (RngCompsComponentsList.make) ../armv7l-fc21-gcc49-opt/libRngComps.so: No rule for such target
#CMT---> (RngComps_optdebug_library.make) ../armv7l-fc21-gcc49-opt/libRngComps.so: No rule for such target
#CMT---> (RngCompsCLIDDB.make) ../armv7l-fc21-gcc49-opt/libRngComps.so: No rule for such target
objcopy: '../armv7l-fc21-gcc49-opt/libRngComps.so': No such file
make[2]: [../armv7l-fc21-gcc49-opt/libRngComps.so.debug] Error 1 (ignored)
objcopy: '../armv7l-fc21-gcc49-opt/libRngComps.so': No such file
make[2]: [../armv7l-fc21-gcc49-opt/libRngComps.so.debug] Error 1 (ignored)
#CMT---> (RngCompsConf.make) ../armv7l-fc21-gcc49-opt/libRngComps.so: No rule for such target
ERROR: failed to load libRngComps.so
make[2]: [../armv7l-fc21-gcc49-opt/RngComps.components] Error 1 (ignored)
objcopy: 'libRngComps.so': No such file
make[2]: [../armv7l-fc21-gcc49-opt/libRngComps.so.debug] Error 1 (ignored)
#CMT---> Info: Document RngCompsMergeComponentsList
#CMT---> Warning: Source file ../armv7l-fc21-gcc49-opt/libRngComps.so not found
make[2]: [/home/jwsmith/HDD/AtlasOfflineBuild-framework/InstallArea/AtlasCore/AtlasCore-18.9.0/Control/RngComps/genConf/RngComps/RngCompsConf.py] Error 1 (ignored)
#CMT---> Info: Document RngCompsConfDbMerge
#CMT---> Warning: Source file ../armv7l-fc21-gcc49-opt/libRngComps.so not found
#CMT---> Info: Document RngComps_python_init
#CMT---> (RngCompsConfDbMerge.make) /home/jwsmith/HDD/AtlasOfflineBuild-framework/InstallArea/AtlasCore/AtlasCore-18.9.0/Control/RngComps/genConf/RngComps/RngComps.confdb: No rule for such target
make[2]: [/home/jwsmith/HDD/AtlasOfflineBuild-framework/InstallArea/AtlasCore/AtlasCore-18.9.0/InstallArea/share/RngComps_clid.db] Error 3 (ignored)
Traceback (most recent call last):
  File "/home/jwsmith/HDD/Gaudi/GaudiPolicy/scripts/merge_files.py", line 180, in <module>
    ignoreMissing = options.ignoreMissing)
  File "/home/jwsmith/HDD/Gaudi/GaudiPolicy/scripts/merge_files.py", line 66, in mergeFiles
    fileData = open(f, 'r').read()
IOError: [Errno 2] No such file or directory: '/home/jwsmith/HDD/AtlasOfflineBuild-framework/InstallArea/AtlasCore/AtlasCore-18.9.0/Control/RngComps/genConf/RngComps/RngComps.confdb'
make[2]: [/home/jwsmith/HDD/AtlasOfflineBuild-framework/InstallArea/AtlasCore/AtlasCore-18.9.0/Control/RngComps/genConf/RngComps/RngComps.confdb.stamp] Error 1 (ignored)
Traceback (most recent call last):
  File "/home/jwsmith/HDD/Gaudi/GaudiPolicy/scripts/merge_files.py", line 180, in <module>
    ignoreMissing = options.ignoreMissing)
  File "/home/jwsmith/HDD/Gaudi/GaudiPolicy/scripts/merge_files.py", line 66, in mergeFiles
    fileData = open(f, 'r').read()
IOError: [Errno 2] No such file or directory: '/home/jwsmith/HDD/AtlasOfflineBuild-framework/InstallArea/AtlasCore/AtlasCore-18.9.0/Control/RngComps/genConf/RngComps/RngComps.confdb'
make[2]: [/home/jwsmith/HDD/AtlasOfflineBuild-framework/InstallArea/AtlasCore/AtlasCore-18.9.0/InstallArea/armv7l-fc21-gcc49-opt/lib/jwsmith.confdb] Error 1 (ignored)
#CMT---> Info: Document checkreq
#CMT---> Info: Library AthenaServices
#CMT---> Info: Document check_install_python_modules
#CMT---> Info: Document warning_depr_rootmap
#CMT---> Info: Document check_install_joboptions
#CMT---> Info: Document get_files
#CMT---> Info: Document install_includes
#CMT---> Info: Document install_python_modules
#CMT---> Info: Document install_joboptions
In file included from ../src/FPEAudit.icc:5:0,
                 from ../src/FPEAudit.cxx:7:
../src/FPEAudit_linux.icc: In function ‘void FPEAudit::fpe_sig_action(int, siginfo_t*, void*)’:
../src/FPEAudit_linux.icc:49:19: warning: unused variable ‘uc’ [-Wunused-variable]
       ucontext_t *uc = (ucontext_t *)puc;
                   ^
../src/FPEAudit_linux.icc: In function ‘void FPEAudit::resolve(void*, MsgStream&, bool)’:
../src/FPEAudit_linux.icc:337:12: warning: unused variable ‘ibfd’ [-Wunused-variable]
       bfd *ibfd;
            ^
../src/FPEAudit_linux.icc:338:17: warning: unused variable ‘symtab’ [-Wunused-variable]
       asymbol **symtab;
                 ^
../src/FPEAudit_linux.icc:339:12: warning: unused variable ‘nsize’ [-Wunused-variable]
       long nsize;
            ^
../src/FPEAudit_linux.icc:340:14: warning: unused variable ‘matching’ [-Wunused-variable]
       char **matching;
              ^
../src/FPEAudit_linux.icc:341:17: warning: unused variable ‘text’ [-Wunused-variable]
       asection *text;
                 ^
../src/FPEAudit_linux.icc: At global scope:
../src/FPEAudit_linux.icc:335:24: warning: unused parameter ‘address’ [-Wunused-parameter]
     void resolve(void *address, MsgStream& msg, bool print=false)
                        ^
../src/FPEAudit_linux.icc:335:44: warning: unused parameter ‘msg’ [-Wunused-parameter]
     void resolve(void *address, MsgStream& msg, bool print=false)
                                            ^
../src/FPEAudit_linux.icc:335:60: warning: unused parameter ‘print’ [-Wunused-parameter]
     void resolve(void *address, MsgStream& msg, bool print=false)
                                                            ^
#CMT---> Info: Document AthenaServicesCLIDDB
#CMT---> Info: Document AthenaServices_optdebug_library
#CMT---> Info: Document AthenaServicesComponentsList
#CMT---> Info: Document AthenaServicesConf
#CMT---> Info: Document AthenaServicesMergeComponentsList
#CMT---> Info: Document AthenaServicesConfDbMerge
#CMT---> Info: Document AthenaServices_python_init
#CMT---> Info: Document check_install_python_modules
#CMT---> Info: Document checkreq
#CMT---> Info: Document check_install_joboptions
#CMT---> Info: Document install_includes
#CMT---> Info: Document install_python_modules
#CMT---> Info: Document install_joboptions
#CMT---> Info: Document warning_depr_rootmap
#CMT---> Info: Document check_install_python_modules
#CMT---> Info: Document check_install_joboptions
#CMT---> Info: Document checkreq
#CMT---> Info: Document check_install_runtime
#CMT---> Info: Document install_includes
#CMT---> Info: Library AthExThinningAlgs
#CMT---> Info: Library AthExThinningEvent
#CMT---> Info: Document install_joboptions
#CMT---> Info: Document install_python_modules
#CMT---> Info: Document install_runtime
#CMT---> Info: Document AthExThinningEventGen
#CMT---> Info: calculating dependencies for ../AthExThinning/AthExThinningEventDict.h
#CMT---> Info: Library AthExThinningEventDict
#CMT---> Info: Document check_install_AthExThinningEventDict_AthExThinningEventdictrootmap
#CMT---> Info: Document AthExThinningEvent_optdebug_library
#CMT---> Info: Document install_AthExThinningEventDict_AthExThinningEventdictrootmap
#CMT---> Info: Document AthExThinningPoolCnvGen
#CMT---> Info: calculating dependencies for /home/jwsmith/HDD/AtlasOfflineBuild-framework/InstallArea/AtlasCore/AtlasCore-18.9.0/Control/AthenaExamples/AthExThinning/AthExThinning/AthExParticles.h
#CMT---> Info: calculating dependencies for /home/jwsmith/HDD/AtlasOfflineBuild-framework/InstallArea/AtlasCore/AtlasCore-18.9.0/Control/AthenaExamples/AthExThinning/AthExThinning/AthExIParticles.h
#CMT---> Info: calculating dependencies for /home/jwsmith/HDD/AtlasOfflineBuild-framework/InstallArea/AtlasCore/AtlasCore-18.9.0/Control/AthenaExamples/AthExThinning/AthExThinning/AthExDecay.h
#CMT---> Info: calculating dependencies for /home/jwsmith/HDD/AtlasOfflineBuild-framework/InstallArea/AtlasCore/AtlasCore-18.9.0/Control/AthenaExamples/AthExThinning/AthExThinning/AthExElephantino.h
#CMT---> Info: calculating dependencies for /home/jwsmith/HDD/AtlasOfflineBuild-framework/InstallArea/AtlasCore/AtlasCore-18.9.0/Control/AthenaExamples/AthExThinning/AthExThinning/AthExFatObject.h
#CMT---> Info: Library AthExThinningPoolCnv
#CMT---> Info: Document install_pool_joboptions
#CMT---> Info: Document AthExThinningAlgsConf
#CMT---> Info: Document AthExThinningAlgsComponentsList
#CMT---> Info: Document AthExThinningAlgsCLIDDB
#CMT---> Info: Document AthExThinningAlgs_optdebug_library
#CMT---> Info: Document AthExThinningEventDict_optdebug_library
#CMT---> Info: Document AthExThinningEventDictMerge
#CMT---> Info: Document AthExThinning_python_init
#CMT---> Info: Document AthExThinningAlgsConfDbMerge
#CMT---> Info: Document AthExThinningAlgsMergeComponentsList
#CMT---> Info: calculating dependencies for ../AthExThinning/AthExThinningEventDict.h
#CMT---> Info: Document AthExThinningPoolCnv_optdebug_library
#CMT---> Info: Document AthExThinningPoolCnvComponentsList
#CMT---> Info: Document AthExThinningPoolCnvMergeComponentsList
#CMT---> Info: Document install_includes
#CMT---> Info: Document checkreq
#CMT---> Info: Document checkreq
#CMT---> Info: Document install_includes
#CMT---> Info: Document get_files
#CMT---> Info: Document checkreq
#CMT---> Info: Document install_includes
#CMT---> Info: Document get_files
#CMT---> Info: Document checkreq
#CMT---> Info: Document check_install_python_modules
#CMT---> Info: Document install_includes
#CMT---> Info: Document check_install_joboptions
#CMT---> Info: Document install_python_modules
#CMT---> Info: Document install_joboptions
#CMT---> Info: Document checkreq
#CMT---> Info: Document check_install_scripts
#CMT---> Info: Document install_includes
#CMT---> Info: Document install_scripts
#CMT---> Info: Document checkreq
#CMT---> Info: Document install_includes
