#CMT---> Warning: package not found: AtlasConditionsRunTime AtlasConditionsRunTime-* (requested by IOVDbTestAlg)
#CMT---> Warning: package not found: TDAQCPolicyExt v* TDAQCPolicy (requested by DataCollection)
#CMT---> Warning: package not found: AtlasConditionsRunTime AtlasConditionsRunTime-00-00-17 (requested by AtlasConditionsRelease)
Creating setup scripts.
Creating cleanup scripts.
#CMT---> Warning: package not found: AtlasConditionsRunTime AtlasConditionsRunTime-* (requested by IOVDbTestAlg)
#CMT---> Warning: package not found: TDAQCPolicyExt v* TDAQCPolicy (requested by DataCollection)
#CMT---> Warning: package not found: AtlasConditionsRunTime AtlasConditionsRunTime-00-00-17 (requested by AtlasConditionsRelease)
#CMT---> Warning: package not found: AtlasConditionsRunTime AtlasConditionsRunTime-* (requested by CoraCoolTest)
#CMT---> Warning: package not found: AtlasConditionsRunTime AtlasConditionsRunTime-* (requested by IOVDbTestAlg)
#CMT---> Warning: package not found: AtlasConditionsRunTime AtlasConditionsRunTime-* (requested by CoolConvUtilities)
#CMT---> Warning: package not found: AtlasConditionsRunTime AtlasConditionsRunTime-* (requested by PixelConditionsTools)
#CMT---> Warning: package not found: TDAQCPolicyExt v* TDAQCPolicy (requested by DataCollection)
#CMT---> Warning: package not found: AtlasConditionsRunTime AtlasConditionsRunTime-* (requested by SCT_ModuleDistortions)
#CMT---> Warning: package not found: AtlasConditionsRunTime AtlasConditionsRunTime-00-00-17 (requested by AtlasConditionsRelease)
Creating setup scripts.
Creating cleanup scripts.
Creating setup scripts.
Creating cleanup scripts.
Creating native_version file.
Creating setup scripts.
Creating cleanup scripts.
Creating native_version file.
Creating setup scripts.
Creating cleanup scripts.
Creating setup scripts.
Creating cleanup scripts.
Creating setup scripts.
Creating cleanup scripts.
Creating setup scripts.
Creating cleanup scripts.
Creating setup scripts.
Creating cleanup scripts.
Creating setup scripts.
Creating cleanup scripts.
Creating setup scripts.
Creating cleanup scripts.
Creating setup scripts.
Creating cleanup scripts.
Creating setup scripts.
Creating cleanup scripts.
Creating setup scripts.
Creating cleanup scripts.
Creating setup scripts.
Creating cleanup scripts.
Creating setup scripts.
Creating cleanup scripts.
Creating setup scripts.
Creating cleanup scripts.
Creating setup scripts.
Creating cleanup scripts.
Creating setup scripts.
Creating cleanup scripts.
Creating setup scripts.
Creating cleanup scripts.
Creating native_version file.
Creating setup scripts.
Creating cleanup scripts.
Creating native_version file.
Creating setup scripts.
Creating cleanup scripts.
Creating setup scripts.
Creating cleanup scripts.
Creating setup scripts.
Creating cleanup scripts.
Creating setup scripts.
Creating cleanup scripts.
Creating setup scripts.
Creating cleanup scripts.
Creating setup scripts.
Creating cleanup scripts.
Creating setup scripts.
Creating cleanup scripts.
Creating setup scripts.
Creating cleanup scripts.
Creating setup scripts.
Creating cleanup scripts.
Creating setup scripts.
Creating cleanup scripts.
Creating setup scripts.
Creating cleanup scripts.
Creating setup scripts.
Creating cleanup scripts.
Creating setup scripts.
Creating cleanup scripts.
Creating setup scripts.
Creating cleanup scripts.
Creating setup scripts.
Creating cleanup scripts.
Creating setup scripts.
Creating cleanup scripts.
#CMT---> Warning: package not found: AtlasConditionsRunTime AtlasConditionsRunTime-* (requested by CoraCoolTest)
Creating setup scripts.
Creating cleanup scripts.
Creating setup scripts.
Creating cleanup scripts.
Creating setup scripts.
Creating cleanup scripts.
Creating setup scripts.
Creating cleanup scripts.
Creating setup scripts.
Creating cleanup scripts.
Creating setup scripts.
Creating cleanup scripts.
Creating setup scripts.
Creating cleanup scripts.
Creating setup scripts.
Creating cleanup scripts.
Creating setup scripts.
Creating cleanup scripts.
Creating setup scripts.
Creating cleanup scripts.
Creating setup scripts.
Creating cleanup scripts.
Creating setup scripts.
Creating cleanup scripts.
Creating setup scripts.
Creating cleanup scripts.
Creating setup scripts.
Creating cleanup scripts.
Creating setup scripts.
Creating cleanup scripts.
Creating setup scripts.
Creating cleanup scripts.
Creating setup scripts.
Creating cleanup scripts.
Creating setup scripts.
Creating cleanup scripts.
Creating setup scripts.
Creating cleanup scripts.
Creating setup scripts.
Creating cleanup scripts.
Creating setup scripts.
Creating cleanup scripts.
Creating setup scripts.
Creating cleanup scripts.
Creating setup scripts.
Creating cleanup scripts.
Creating setup scripts.
Creating cleanup scripts.
Creating setup scripts.
Creating cleanup scripts.
Creating setup scripts.
Creating cleanup scripts.
Creating setup scripts.
Creating cleanup scripts.
Creating setup scripts.
Creating cleanup scripts.
Creating setup scripts.
Creating cleanup scripts.
Creating setup scripts.
Creating cleanup scripts.
Creating setup scripts.
Creating cleanup scripts.
Creating setup scripts.
Creating cleanup scripts.
Creating setup scripts.
Creating cleanup scripts.
Creating setup scripts.
Creating cleanup scripts.
Creating setup scripts.
Creating cleanup scripts.
Creating setup scripts.
Creating cleanup scripts.
Creating setup scripts.
Creating cleanup scripts.
Creating setup scripts.
Creating cleanup scripts.
Creating setup scripts.
Creating cleanup scripts.
Creating setup scripts.
Creating cleanup scripts.
Creating setup scripts.
Creating cleanup scripts.
Creating setup scripts.
Creating cleanup scripts.
#CMT---> Warning: package not found: AtlasConditionsRunTime AtlasConditionsRunTime-* (requested by CoolConvUtilities)
Creating setup scripts.
Creating cleanup scripts.
Creating setup scripts.
Creating cleanup scripts.
Creating setup scripts.
Creating cleanup scripts.
Creating setup scripts.
Creating cleanup scripts.
Creating setup scripts.
Creating cleanup scripts.
Creating setup scripts.
Creating cleanup scripts.
Creating setup scripts.
Creating cleanup scripts.
Creating setup scripts.
Creating cleanup scripts.
Creating setup scripts.
Creating cleanup scripts.
Creating setup scripts.
Creating cleanup scripts.
Creating setup scripts.
Creating cleanup scripts.
Creating setup scripts.
Creating cleanup scripts.
Creating setup scripts.
Creating cleanup scripts.
Creating setup scripts.
Creating cleanup scripts.
Creating setup scripts.
Creating cleanup scripts.
Creating setup scripts.
Creating cleanup scripts.
Creating setup scripts.
Creating cleanup scripts.
Creating setup scripts.
Creating cleanup scripts.
Creating setup scripts.
Creating cleanup scripts.
Creating setup scripts.
Creating cleanup scripts.
Creating setup scripts.
Creating cleanup scripts.
Creating setup scripts.
Creating cleanup scripts.
Creating setup scripts.
Creating cleanup scripts.
Creating setup scripts.
Creating cleanup scripts.
Creating setup scripts.
Creating cleanup scripts.
Creating setup scripts.
Creating cleanup scripts.
Creating setup scripts.
Creating cleanup scripts.
Creating setup scripts.
Creating cleanup scripts.
Creating setup scripts.
Creating cleanup scripts.
Creating setup scripts.
Creating cleanup scripts.
Creating setup scripts.
Creating cleanup scripts.
Creating setup scripts.
Creating cleanup scripts.
Creating setup scripts.
Creating cleanup scripts.
#CMT---> Warning: package not found: AtlasConditionsRunTime AtlasConditionsRunTime-* (requested by IOVDbTestAlg)
Creating setup scripts.
Creating cleanup scripts.
Creating setup scripts.
Creating cleanup scripts.
Creating setup scripts.
Creating cleanup scripts.
Creating setup scripts.
Creating cleanup scripts.
Creating setup scripts.
Creating cleanup scripts.
Creating setup scripts.
Creating cleanup scripts.
Creating setup scripts.
Creating cleanup scripts.
Creating setup scripts.
Creating cleanup scripts.
Creating setup scripts.
Creating cleanup scripts.
Creating setup scripts.
Creating cleanup scripts.
Creating setup scripts.
Creating cleanup scripts.
Creating setup scripts.
Creating cleanup scripts.
Creating setup scripts.
Creating cleanup scripts.
Creating setup scripts.
Creating cleanup scripts.
Creating setup scripts.
Creating cleanup scripts.
Creating setup scripts.
Creating cleanup scripts.
Creating setup scripts.
Creating cleanup scripts.
Creating setup scripts.
Creating cleanup scripts.
Creating setup scripts.
Creating cleanup scripts.
Creating setup scripts.
Creating cleanup scripts.
Creating setup scripts.
Creating cleanup scripts.
Creating setup scripts.
Creating cleanup scripts.
Creating setup scripts.
Creating cleanup scripts.
#CMT---> Warning: package not found: TDAQCPolicyExt v* TDAQCPolicy (requested by DataCollection)
Creating setup scripts.
Creating cleanup scripts.
Creating setup scripts.
Creating cleanup scripts.
Creating setup scripts.
Creating cleanup scripts.
Creating setup scripts.
Creating cleanup scripts.
#CMT---> Warning: package not found: AtlasConditionsRunTime AtlasConditionsRunTime-* (requested by PixelConditionsTools)
Creating setup scripts.
Creating cleanup scripts.
Creating setup scripts.
Creating cleanup scripts.
Creating setup scripts.
Creating cleanup scripts.
Creating setup scripts.
Creating cleanup scripts.
Creating setup scripts.
Creating cleanup scripts.
Creating setup scripts.
Creating cleanup scripts.
#CMT---> Warning: package not found: AtlasConditionsRunTime AtlasConditionsRunTime-* (requested by SCT_ModuleDistortions)
Creating setup scripts.
Creating cleanup scripts.
Creating setup scripts.
Creating cleanup scripts.
Creating setup scripts.
Creating cleanup scripts.
Creating setup scripts.
Creating cleanup scripts.
Creating setup scripts.
Creating cleanup scripts.
Creating setup scripts.
Creating cleanup scripts.
Creating setup scripts.
Creating cleanup scripts.
Creating setup scripts.
Creating cleanup scripts.
Creating setup scripts.
Creating cleanup scripts.
Creating setup scripts.
Creating cleanup scripts.
Creating setup scripts.
Creating cleanup scripts.
Creating setup scripts.
Creating cleanup scripts.
Creating setup scripts.
Creating cleanup scripts.
Creating setup scripts.
Creating cleanup scripts.
Creating setup scripts.
Creating cleanup scripts.
Creating setup scripts.
Creating cleanup scripts.
Creating setup scripts.
Creating cleanup scripts.
Creating setup scripts.
Creating cleanup scripts.
Creating setup scripts.
Creating cleanup scripts.
Creating setup scripts.
Creating cleanup scripts.
Creating setup scripts.
Creating cleanup scripts.
Creating setup scripts.
Creating cleanup scripts.
Creating setup scripts.
Creating cleanup scripts.
Creating setup scripts.
Creating cleanup scripts.
Creating setup scripts.
Creating cleanup scripts.
Creating setup scripts.
Creating cleanup scripts.
Creating setup scripts.
Creating cleanup scripts.
#CMT---> Warning: package not found: TDAQCPolicyExt v* TDAQCPolicy (requested by DataCollection)
Creating setup scripts.
Creating cleanup scripts.
#CMT---> Warning: package not found: TDAQCPolicyExt v* TDAQCPolicy (requested by DataCollection)
Creating setup scripts.
Creating cleanup scripts.
#CMT---> Warning: package not found: TDAQCPolicyExt v* TDAQCPolicy (requested by DataCollection)
Creating setup scripts.
Creating cleanup scripts.
Creating setup scripts.
Creating cleanup scripts.
Creating setup scripts.
Creating cleanup scripts.
Creating setup scripts.
Creating cleanup scripts.
Creating setup scripts.
Creating cleanup scripts.
Creating setup scripts.
Creating cleanup scripts.
Creating setup scripts.
Creating cleanup scripts.
Creating setup scripts.
Creating cleanup scripts.
Creating setup scripts.
Creating cleanup scripts.
Creating setup scripts.
Creating cleanup scripts.
Creating setup scripts.
Creating cleanup scripts.
Creating setup scripts.
Creating cleanup scripts.
Creating setup scripts.
Creating cleanup scripts.
Creating setup scripts.
Creating cleanup scripts.
Creating setup scripts.
Creating cleanup scripts.
Creating setup scripts.
Creating cleanup scripts.
Creating setup scripts.
Creating cleanup scripts.
Creating setup scripts.
Creating cleanup scripts.
Creating setup scripts.
Creating cleanup scripts.
Creating setup scripts.
Creating cleanup scripts.
Creating setup scripts.
Creating cleanup scripts.
Creating setup scripts.
Creating cleanup scripts.
Creating setup scripts.
Creating cleanup scripts.
Creating setup scripts.
Creating cleanup scripts.
Creating setup scripts.
Creating cleanup scripts.
Creating setup scripts.
Creating cleanup scripts.
Creating setup scripts.
Creating cleanup scripts.
Creating setup scripts.
Creating cleanup scripts.
Creating setup scripts.
Creating cleanup scripts.
Creating setup scripts.
Creating cleanup scripts.
Creating setup scripts.
Creating cleanup scripts.
Creating setup scripts.
Creating cleanup scripts.
Creating setup scripts.
Creating cleanup scripts.
Creating setup scripts.
Creating cleanup scripts.
Creating setup scripts.
Creating cleanup scripts.
#CMT---> Warning: package not found: AtlasConditionsRunTime AtlasConditionsRunTime-* (requested by IOVDbTestAlg)
#CMT---> Warning: package not found: TDAQCPolicyExt v* TDAQCPolicy (requested by DataCollection)
#CMT---> Warning: package not found: AtlasConditionsRunTime AtlasConditionsRunTime-00-00-17 (requested by AtlasConditionsRelease)
Creating setup scripts.
Creating cleanup scripts.
#CMT---> Warning: package not found: AtlasConditionsRunTime AtlasConditionsRunTime-* (requested by CoraCoolTest)
#CMT---> Warning: package not found: AtlasConditionsRunTime AtlasConditionsRunTime-* (requested by IOVDbTestAlg)
#CMT---> Warning: package not found: AtlasConditionsRunTime AtlasConditionsRunTime-* (requested by CoolConvUtilities)
#CMT---> Warning: package not found: AtlasConditionsRunTime AtlasConditionsRunTime-* (requested by PixelConditionsTools)
#CMT---> Warning: package not found: TDAQCPolicyExt v* TDAQCPolicy (requested by DataCollection)
#CMT---> Warning: package not found: AtlasConditionsRunTime AtlasConditionsRunTime-* (requested by SCT_ModuleDistortions)
#CMT---> Warning: package not found: AtlasConditionsRunTime AtlasConditionsRunTime-00-00-17 (requested by AtlasConditionsRelease)
#CMT---> (constituents.make) install_headers: No rule for such target
#CMT---> (constituents.make) install_headers: No rule for such target
#CMT---> (constituents.make) install_headers: No rule for such target
#CMT---> (constituents.make) install_headers: No rule for such target
#CMT---> (constituents.make) install_headers: No rule for such target
#CMT---> (constituents.make) install_headers: No rule for such target
#CMT---> (constituents.make) install_headers: No rule for such target
#CMT---> (constituents.make) install_headers: No rule for such target
#CMT---> (constituents.make) install_headers: No rule for such target
#CMT---> (constituents.make) install_headers: No rule for such target
#CMT---> (constituents.make) install_headers: No rule for such target
#CMT---> (constituents.make) install_headers: No rule for such target
#CMT---> (constituents.make) install_headers: No rule for such target
#CMT---> (constituents.make) install_headers: No rule for such target
#CMT---> (constituents.make) install_headers: No rule for such target
#CMT---> (constituents.make) install_headers: No rule for such target
#CMT---> (constituents.make) install_headers: No rule for such target
#CMT---> (constituents.make) install_headers: No rule for such target
#CMT---> (constituents.make) install_headers: No rule for such target
#CMT---> (constituents.make) install_headers: No rule for such target
#CMT---> (constituents.make) install_headers: No rule for such target
#CMT---> (constituents.make) install_headers: No rule for such target
#CMT---> (constituents.make) install_headers: No rule for such target
#CMT---> (constituents.make) install_headers: No rule for such target
#CMT---> (constituents.make) install_headers: No rule for such target
#CMT---> (constituents.make) install_headers: No rule for such target
#CMT---> (constituents.make) install_headers: No rule for such target
#CMT---> (constituents.make) install_headers: No rule for such target
#CMT---> (constituents.make) install_headers: No rule for such target
#CMT---> (constituents.make) install_headers: No rule for such target
#CMT---> (constituents.make) install_headers: No rule for such target
#CMT---> (constituents.make) install_headers: No rule for such target
#CMT---> (constituents.make) install_headers: No rule for such target
#CMT---> (constituents.make) install_headers: No rule for such target
#CMT---> (constituents.make) install_headers: No rule for such target
#CMT---> (constituents.make) install_headers: No rule for such target
#CMT---> Warning: package not found: AtlasConditionsRunTime AtlasConditionsRunTime-* (requested by CoraCoolTest)
#CMT---> (constituents.make) install_headers: No rule for such target
#CMT---> (constituents.make) install_headers: No rule for such target
#CMT---> (constituents.make) install_headers: No rule for such target
#CMT---> (constituents.make) install_headers: No rule for such target
#CMT---> (constituents.make) install_headers: No rule for such target
#CMT---> (constituents.make) install_headers: No rule for such target
#CMT---> (constituents.make) install_headers: No rule for such target
#CMT---> (constituents.make) install_headers: No rule for such target
#CMT---> (constituents.make) install_headers: No rule for such target
#CMT---> (constituents.make) install_headers: No rule for such target
#CMT---> (constituents.make) install_headers: No rule for such target
#CMT---> (constituents.make) install_headers: No rule for such target
#CMT---> (constituents.make) install_headers: No rule for such target
#CMT---> (constituents.make) install_headers: No rule for such target
#CMT---> (constituents.make) install_headers: No rule for such target
#CMT---> (constituents.make) install_headers: No rule for such target
#CMT---> (constituents.make) install_headers: No rule for such target
#CMT---> (constituents.make) install_headers: No rule for such target
#CMT---> (constituents.make) install_headers: No rule for such target
#CMT---> (constituents.make) install_headers: No rule for such target
#CMT---> (constituents.make) install_headers: No rule for such target
#CMT---> (constituents.make) install_headers: No rule for such target
#CMT---> (constituents.make) install_headers: No rule for such target
#CMT---> (constituents.make) install_headers: No rule for such target
#CMT---> (constituents.make) install_headers: No rule for such target
#CMT---> (constituents.make) install_headers: No rule for such target
#CMT---> (constituents.make) install_headers: No rule for such target
#CMT---> (constituents.make) install_headers: No rule for such target
#CMT---> (constituents.make) install_headers: No rule for such target
#CMT---> (constituents.make) install_headers: No rule for such target
#CMT---> (constituents.make) install_headers: No rule for such target
#CMT---> (constituents.make) install_headers: No rule for such target
#CMT---> (constituents.make) install_headers: No rule for such target
#CMT---> (constituents.make) install_headers: No rule for such target
#CMT---> (constituents.make) install_headers: No rule for such target
#CMT---> (constituents.make) install_headers: No rule for such target
#CMT---> (constituents.make) install_headers: No rule for such target
#CMT---> (constituents.make) install_headers: No rule for such target
#CMT---> (constituents.make) install_headers: No rule for such target
#CMT---> (constituents.make) install_headers: No rule for such target
#CMT---> (constituents.make) install_headers: No rule for such target
#CMT---> (constituents.make) install_headers: No rule for such target
#CMT---> Warning: package not found: AtlasConditionsRunTime AtlasConditionsRunTime-* (requested by CoolConvUtilities)
#CMT---> (constituents.make) install_headers: No rule for such target
#CMT---> (constituents.make) install_headers: No rule for such target
#CMT---> (constituents.make) install_headers: No rule for such target
#CMT---> (constituents.make) install_headers: No rule for such target
#CMT---> (constituents.make) install_headers: No rule for such target
#CMT---> (constituents.make) install_headers: No rule for such target
#CMT---> (constituents.make) install_headers: No rule for such target
#CMT---> (constituents.make) install_headers: No rule for such target
#CMT---> (constituents.make) install_headers: No rule for such target
#CMT---> (constituents.make) install_headers: No rule for such target
#CMT---> (constituents.make) install_headers: No rule for such target
#CMT---> (constituents.make) install_headers: No rule for such target
#CMT---> (constituents.make) install_headers: No rule for such target
#CMT---> (constituents.make) install_headers: No rule for such target
#CMT---> (constituents.make) install_headers: No rule for such target
#CMT---> (constituents.make) install_headers: No rule for such target
#CMT---> (constituents.make) install_headers: No rule for such target
#CMT---> (constituents.make) install_headers: No rule for such target
#CMT---> (constituents.make) install_headers: No rule for such target
#CMT---> (constituents.make) install_headers: No rule for such target
#CMT---> (constituents.make) install_headers: No rule for such target
#CMT---> (constituents.make) install_headers: No rule for such target
#CMT---> (constituents.make) install_headers: No rule for such target
#CMT---> (constituents.make) install_headers: No rule for such target
#CMT---> (constituents.make) install_headers: No rule for such target
#CMT---> (constituents.make) install_headers: No rule for such target
#CMT---> (constituents.make) install_headers: No rule for such target
#CMT---> (constituents.make) install_headers: No rule for such target
#CMT---> (constituents.make) install_headers: No rule for such target
#CMT---> (constituents.make) install_headers: No rule for such target
#CMT---> (constituents.make) install_headers: No rule for such target
#CMT---> (constituents.make) install_headers: No rule for such target
#CMT---> (constituents.make) install_headers: No rule for such target
#CMT---> Warning: package not found: AtlasConditionsRunTime AtlasConditionsRunTime-* (requested by IOVDbTestAlg)
#CMT---> (constituents.make) install_headers: No rule for such target
#CMT---> (constituents.make) install_headers: No rule for such target
#CMT---> (constituents.make) install_headers: No rule for such target
#CMT---> (constituents.make) install_headers: No rule for such target
#CMT---> (constituents.make) install_headers: No rule for such target
#CMT---> (constituents.make) install_headers: No rule for such target
#CMT---> (constituents.make) install_headers: No rule for such target
#CMT---> (constituents.make) install_headers: No rule for such target
#CMT---> (constituents.make) install_headers: No rule for such target
#CMT---> (constituents.make) install_headers: No rule for such target
#CMT---> (constituents.make) install_headers: No rule for such target
#CMT---> (constituents.make) install_headers: No rule for such target
#CMT---> (constituents.make) install_headers: No rule for such target
#CMT---> (constituents.make) install_headers: No rule for such target
#CMT---> (constituents.make) install_headers: No rule for such target
#CMT---> (constituents.make) install_headers: No rule for such target
#CMT---> (constituents.make) install_headers: No rule for such target
#CMT---> (constituents.make) install_headers: No rule for such target
#CMT---> (constituents.make) install_headers: No rule for such target
#CMT---> (constituents.make) install_headers: No rule for such target
#CMT---> (constituents.make) install_headers: No rule for such target
#CMT---> (constituents.make) install_headers: No rule for such target
#CMT---> (constituents.make) install_headers: No rule for such target
#CMT---> Warning: package not found: TDAQCPolicyExt v* TDAQCPolicy (requested by DataCollection)
#CMT---> (constituents.make) install_headers: No rule for such target
#CMT---> (constituents.make) install_headers: No rule for such target
#CMT---> (constituents.make) install_headers: No rule for such target
#CMT---> (constituents.make) install_headers: No rule for such target
#CMT---> Warning: package not found: AtlasConditionsRunTime AtlasConditionsRunTime-* (requested by PixelConditionsTools)
#CMT---> (constituents.make) install_headers: No rule for such target
#CMT---> (constituents.make) install_headers: No rule for such target
#CMT---> (constituents.make) install_headers: No rule for such target
#CMT---> (constituents.make) install_headers: No rule for such target
#CMT---> (constituents.make) install_headers: No rule for such target
#CMT---> (constituents.make) install_headers: No rule for such target
#CMT---> Warning: package not found: AtlasConditionsRunTime AtlasConditionsRunTime-* (requested by SCT_ModuleDistortions)
#CMT---> (constituents.make) install_headers: No rule for such target
#CMT---> (constituents.make) install_headers: No rule for such target
#CMT---> (constituents.make) install_headers: No rule for such target
#CMT---> (constituents.make) install_headers: No rule for such target
#CMT---> (constituents.make) install_headers: No rule for such target
#CMT---> (constituents.make) install_headers: No rule for such target
#CMT---> (constituents.make) install_headers: No rule for such target
#CMT---> (constituents.make) install_headers: No rule for such target
#CMT---> (constituents.make) install_headers: No rule for such target
#CMT---> (constituents.make) install_headers: No rule for such target
#CMT---> (constituents.make) install_headers: No rule for such target
#CMT---> (constituents.make) install_headers: No rule for such target
#CMT---> (constituents.make) install_headers: No rule for such target
#CMT---> (constituents.make) install_headers: No rule for such target
#CMT---> (constituents.make) install_headers: No rule for such target
#CMT---> (constituents.make) install_headers: No rule for such target
#CMT---> (constituents.make) install_headers: No rule for such target
#CMT---> (constituents.make) install_headers: No rule for such target
#CMT---> (constituents.make) install_headers: No rule for such target
#CMT---> (constituents.make) install_headers: No rule for such target
#CMT---> (constituents.make) install_headers: No rule for such target
#CMT---> (constituents.make) install_headers: No rule for such target
#CMT---> (constituents.make) install_headers: No rule for such target
#CMT---> (constituents.make) install_headers: No rule for such target
#CMT---> (constituents.make) install_headers: No rule for such target
#CMT---> (constituents.make) install_headers: No rule for such target
#CMT---> (constituents.make) install_headers: No rule for such target
#CMT---> Warning: package not found: TDAQCPolicyExt v* TDAQCPolicy (requested by DataCollection)
#CMT---> (constituents.make) install_headers: No rule for such target
#CMT---> Warning: package not found: TDAQCPolicyExt v* TDAQCPolicy (requested by DataCollection)
#CMT---> (constituents.make) install_headers: No rule for such target
#CMT---> Warning: package not found: TDAQCPolicyExt v* TDAQCPolicy (requested by DataCollection)
#CMT---> (constituents.make) install_headers: No rule for such target
#CMT---> (constituents.make) install_headers: No rule for such target
#CMT---> (constituents.make) install_headers: No rule for such target
#CMT---> (constituents.make) install_headers: No rule for such target
#CMT---> (constituents.make) install_headers: No rule for such target
#CMT---> (constituents.make) install_headers: No rule for such target
#CMT---> (constituents.make) install_headers: No rule for such target
#CMT---> (constituents.make) install_headers: No rule for such target
#CMT---> (constituents.make) install_headers: No rule for such target
#CMT---> (constituents.make) install_headers: No rule for such target
#CMT---> (constituents.make) install_headers: No rule for such target
#CMT---> (constituents.make) install_headers: No rule for such target
#CMT---> (constituents.make) install_headers: No rule for such target
#CMT---> (constituents.make) install_headers: No rule for such target
#CMT---> (constituents.make) install_headers: No rule for such target
#CMT---> (constituents.make) install_headers: No rule for such target
#CMT---> (constituents.make) install_headers: No rule for such target
#CMT---> (constituents.make) install_headers: No rule for such target
#CMT---> (constituents.make) install_headers: No rule for such target
#CMT---> (constituents.make) install_headers: No rule for such target
#CMT---> (constituents.make) install_headers: No rule for such target
#CMT---> (constituents.make) install_headers: No rule for such target
#CMT---> (constituents.make) install_headers: No rule for such target
#CMT---> (constituents.make) install_headers: No rule for such target
#CMT---> (constituents.make) install_headers: No rule for such target
#CMT---> (constituents.make) install_headers: No rule for such target
#CMT---> (constituents.make) install_headers: No rule for such target
#CMT---> (constituents.make) install_headers: No rule for such target
#CMT---> (constituents.make) install_headers: No rule for such target
#CMT---> (constituents.make) install_headers: No rule for such target
#CMT---> (constituents.make) install_headers: No rule for such target
#CMT---> (constituents.make) install_headers: No rule for such target
#CMT---> (constituents.make) install_headers: No rule for such target
#CMT---> (constituents.make) install_headers: No rule for such target
#CMT---> (constituents.make) install_headers: No rule for such target
#CMT---> Warning: package not found: AtlasConditionsRunTime AtlasConditionsRunTime-* (requested by IOVDbTestAlg)
#CMT---> Warning: package not found: TDAQCPolicyExt v* TDAQCPolicy (requested by DataCollection)
#CMT---> Warning: package not found: AtlasConditionsRunTime AtlasConditionsRunTime-00-00-17 (requested by AtlasConditionsRelease)
#CMT---> (constituents.make) install_headers: No rule for such target
#CMT---> Warning: package not found: AtlasConditionsRunTime AtlasConditionsRunTime-* (requested by CoraCoolTest)
#CMT---> Warning: package not found: AtlasConditionsRunTime AtlasConditionsRunTime-* (requested by IOVDbTestAlg)
#CMT---> Warning: package not found: AtlasConditionsRunTime AtlasConditionsRunTime-* (requested by CoolConvUtilities)
#CMT---> Warning: package not found: AtlasConditionsRunTime AtlasConditionsRunTime-* (requested by PixelConditionsTools)
#CMT---> Warning: package not found: TDAQCPolicyExt v* TDAQCPolicy (requested by DataCollection)
#CMT---> Warning: package not found: AtlasConditionsRunTime AtlasConditionsRunTime-* (requested by SCT_ModuleDistortions)
#CMT---> Warning: package not found: AtlasConditionsRunTime AtlasConditionsRunTime-00-00-17 (requested by AtlasConditionsRelease)
#CMT---> Info: Document checkreq
#CMT---> Info: Document checkreq
#CMT---> Info: Document check_install_
#CMT---> Info: Document install_jars
#CMT---> Warning: Source file /sw/lcg/external/Java/Xerces/2.9.0/share/xercesImpl.jar not found
#CMT---> Warning: Source file /sw/lcg/external/Java/Xerces/2.9.0/share/xml-apis.jar not found
#CMT---> (install_jars.make) /sw/lcg/external/Java/Xerces/2.9.0/share/xercesImpl.jar: No rule for such target
#CMT---> (install_jars.make) /sw/lcg/external/Java/Xerces/2.9.0/share/xml-apis.jar: No rule for such target
#CMT---> Info: Document install_
#CMT---> Info: Document checkreq
#CMT---> Info: Document install_jars
#CMT---> Warning: Source file /sw/lcg/external/Java/Log4J/1.2.14/share/dist/lib/log4j-1.2.14.jar not found
#CMT---> Info: Document check_install_
#CMT---> (install_jars.make) /sw/lcg/external/Java/Log4J/1.2.14/share/dist/lib/log4j-1.2.14.jar: No rule for such target
#CMT---> Info: Document install_
#CMT---> Info: Document checkreq
#CMT---> Info: Document install_includes
#CMT---> Info: Document install_root_include_path
#CMT---> Info: Document checkreq
#CMT---> Info: Document check_install_joboptions
#CMT---> Info: Document check_install_scripts
#CMT---> Info: Document check_install_python_modules
#CMT---> Info: Document install_root_include_path
#CMT---> Info: Document install_includes
#CMT---> Info: Document install_python_modules
#CMT---> Info: Document install_joboptions
#CMT---> Info: Document install_scripts
#CMT---> Info: Document checkreq
#CMT---> Info: Library MuonDetDescrUtils
#CMT---> Info: Application MuonSectorMappingTest
#CMT---> Info: Document install_root_include_path
#CMT---> Info: Document install_includes
#CMT---> Info: Document MuonDetDescrUtils_optdebug_library
#CMT---> Info: Document install_root_include_path
#CMT---> Info: Document install_includes
#CMT---> Info: Document checkreq
#CMT---> Info: Document checkreq
#CMT---> Info: Document install_includes
#CMT---> Info: Library MuonCablingTools
#CMT---> Info: Document check_install_runtime
#CMT---> Info: Document install_root_include_path
#CMT---> Info: Library CablingTools
#CMT---> Info: Document install_runtime
#CMT---> Info: Document MuonCablingTools_optdebug_library
#CMT---> Info: Document install_root_include_path
#CMT---> Info: Document check_install_runtime
#CMT---> Info: Document install_includes
#CMT---> Info: Document checkreq
#CMT---> Info: Document install_runtime
#CMT---> Info: Document install_root_include_path#CMT--->
#CMT---> Info: Document install_includes
 Info: Library AmdcCore
#CMT---> Info: Document checkreq
#CMT---> Info: calculating dependencies for ../src/GiveIrfuFileName.F90
#CMT---> Info: Document AmdcCore_optdebug_library
#CMT---> Info: Library AmdcStand
#CMT---> Info: Document checkreq
#CMT---> Info: Document install_root_include_path
#CMT---> Info: Document install_includes
#CMT---> Info: calculating dependencies for ../src/AmdcGeo.F90
#CMT---> Info: calculating dependencies for ../src/setcrlines.F90
#CMT---> Info: calculating dependencies for ../src/getamdcname.F90
#CMT---> Info: calculating dependencies for ../src/ricamdcvar.F90
#CMT---> Info: calculating dependencies for ../src/getnotnomgeo.F90
#CMT---> Info: calculating dependencies for ../src/innerstructure.F90
#CMT---> Info: calculating dependencies for ../src/fperformicscbaklocdisplacanddeform.F90
#CMT---> Info: calculating dependencies for ../src/amdcagddfromcar.F90
#CMT---> Info: calculating dependencies for ../src/remama.F90
#CMT---> Info: calculating dependencies for ../src/jget_jtyp_f_z.F90
#CMT---> Info: calculating dependencies for ../src/cutout.F90
#CMT---> Info: calculating dependencies for ../src/dim_t_mdt.F90
#CMT---> Info: calculating dependencies for ../src/f1perform.F90
#CMT---> Info: calculating dependencies for ../src/croisorder.F90
#CMT---> Info: calculating dependencies for ../src/setablines.F90
#CMT---> Info: calculating dependencies for ../src/checkparameters.F90
#CMT---> Info: calculating dependencies for ../src/code_jtyp_f_z_o_l.F90
#CMT---> Info: calculating dependencies for ../src/setnuil.F90
#CMT---> Info: calculating dependencies for ../src/reamat.F90
#CMT---> Info: calculating dependencies for ../src/fperformdirlocdisplacanddeform.F90
#CMT---> Info: calculating dependencies for ../src/write_amdc_fromcom.F90
#CMT---> Info: calculating dependencies for ../src/inside.F90
#CMT---> Info: calculating dependencies for ../src/get_station_szt_deformation.F90
#CMT---> Info: calculating dependencies for ../src/computeindextec.F90
#CMT---> Info: calculating dependencies for ../src/AmdcGet.F90
#CMT---> Info: calculating dependencies for ../src/j_valblank_char1.F90
#CMT---> Info: calculating dependencies for ../src/cldbco.F90
#CMT---> Info: calculating dependencies for ../src/groupchb.F90
#CMT---> Info: calculating dependencies for ../src/getcharandnum.F90
#CMT---> Info: calculating dependencies for ../src/jget_jtyp_g_o.F90
#CMT---> Info: calculating dependencies for ../src/inters.F90
#CMT---> Info: calculating dependencies for ../src/cscgeo.F90
#CMT---> Info: calculating dependencies for ../src/fgetranges.F90
#CMT---> Info: calculating dependencies for ../src/j_valnum_char1.F90
#CMT---> Info: calculating dependencies for ../src/fperformbaklocdisplacanddeform.F90
#CMT---> Info: calculating dependencies for ../src/AmdcWrite.F90
#CMT---> Info: calculating dependencies for ../src/mult3m3.F90
#CMT---> Info: calculating dependencies for ../src/tgccv.F90
#CMT---> Info: calculating dependencies for ../src/getindfromamdc.F90
#CMT---> Info: calculating dependencies for ../src/amdc2data.F90
#CMT---> Info: calculating dependencies for ../src/dim_station.F90
#CMT---> Info: calculating dependencies for ../src/fperformicscdirlocdisplacanddeform.F90
#CMT---> Info: calculating dependencies for ../src/swap_zt.F90
#CMT---> Info: calculating dependencies for ../src/get_station_abg_szt_transform.F90
#CMT---> Info: calculating dependencies for ../src/IsThereADisplaFromAMDC.F90
#CMT---> Info: calculating dependencies for ../src/fgetamdcagdd.F90
#CMT---> Info: calculating dependencies for ../src/bigamdcdump.F90
#CMT---> Info: calculating dependencies for ../src/jtrou.F90
#CMT---> Info: calculating dependencies for ../src/loadamdcagddfromstring.F90
#CMT---> Info: calculating dependencies for ../src/cutand.F90
#CMT---> Info: calculating dependencies for ../src/apply_szt_deformation.F90
#CMT---> Info: calculating dependencies for ../src/agddreadstatus.F90
#CMT---> Info: calculating dependencies for ../src/get_station_csc_abg_szt_transform.F90
#CMT---> Info: calculating dependencies for ../src/get_csc_szdim.F90
#CMT---> Info: calculating dependencies for ../src/readmdb.F90
#CMT---> Info: calculating dependencies for ../src/amdcread.F90
#CMT---> Info: calculating dependencies for ../src/get_station_csc_abg_szt_internalcsc.F90
#CMT---> Info: calculating dependencies for ../src/iiitgc.F90
#CMT---> Info: calculating dependencies for ../src/get_station_szt_transformation.F90
#CMT---> Info: calculating dependencies for ../src/apply_szt_transformation.F90
#CMT---> Info: calculating dependencies for ../src/write_amdc_agdd.F90
#CMT---> Info: calculating dependencies for ../src/fget.F90
#CMT---> Info: calculating dependencies for ../src/get_amdc_version.F90
#CMT---> Info: calculating dependencies for ../src/getamdcindfrom.F90
#CMT---> Info: calculating dependencies for ../src/f1get.F90
#CMT---> Info: calculating dependencies for ../src/controlaline.F90
#CMT---> Info: Document AmdcStand_optdebug_library
#CMT---> Info: Document check_install_runtime
#CMT---> Info: Document checkreq
#CMT---> Info: Document install_runtime
#CMT---> Info: Document checkreq
#CMT---> Info: Library BFieldCore
#CMT---> Info: Document install_includes
#CMT---> Info: Document install_root_include_path
#CMT---> Info: calculating dependencies for ../src/bscale.F
#CMT---> Info: calculating dependencies for ../src/binmagxx.F
#CMT---> Info: calculating dependencies for ../src/bprepa.F
#CMT---> Info: calculating dependencies for ../src/jtrouv.F
#CMT---> Info: calculating dependencies for ../src/geadfi.F
#CMT---> Info: calculating dependencies for ../src/reamag.F
#CMT---> Info: calculating dependencies for ../src/gbmaglxx.F
#CMT---> Info: calculating dependencies for ../src/bfelixxx.F
#CMT---> Info: calculating dependencies for ../src/nfchar.F
#CMT---> Info: calculating dependencies for ../src/binmag.F
#CMT---> Info: calculating dependencies for ../src/reamag_parameter.F
#CMT---> Info: calculating dependencies for ../src/unpnex.F
#CMT---> Info: calculating dependencies for ../src/getlimit.F
#CMT---> Info: calculating dependencies for ../src/binmagfull.F
#CMT---> Info: calculating dependencies for ../src/findmaph8.F
#CMT---> Info: calculating dependencies for ../src/rfelix.F
#CMT---> Info: calculating dependencies for ../src/adfafi.F
#CMT---> Info: calculating dependencies for ../src/gbmaglnotor.F
#CMT---> Info: calculating dependencies for ../src/rtesth8.F
#CMT---> Info: calculating dependencies for ../src/binmagfull-corrected.F
#CMT---> Info: calculating dependencies for ../src/rflgen.F
#CMT---> Info: calculating dependencies for ../src/gbmagl.F
#CMT---> Info: calculating dependencies for ../src/btesth8.F
#CMT---> Info: calculating dependencies for ../src/rbmagl.F
#CMT---> Info: calculating dependencies for ../src/setfieldinner.F
#CMT---> Info: calculating dependencies for ../src/solefittorsiml.F
#CMT---> Info: calculating dependencies for ../src/gbmaglfull.F
#CMT---> Info: calculating dependencies for ../src/bfelix.F
#CMT---> Info: calculating dependencies for ../src/solenoid.f90
#CMT---> Info: calculating dependencies for ../bsi/bsiinterp.F
#CMT---> Info: calculating dependencies for ../bsi/bsolcode.F
#CMT---> Info: Document BFieldCore_optdebug_library
#CMT---> Info: Document check_install_joboptions
#CMT---> Info: Document check_install_python_modules
#CMT---> Info: Document checkreq#CMT---> Info: Document check_install_scripts

#CMT---> Info: Document install_root_include_path
#CMT---> Info: Document install_includes
#CMT---> Info: Document install_scripts
#CMT---> Info: Document install_python_modules
#CMT---> Info: Document install_joboptions
#CMT---> Info: Document checkreq
#CMT---> Info: Document check_install_joboptions
#CMT---> Info: Document install_root_include_path
#CMT---> Info: Document install_includes
#CMT---> Info: Document install_joboptions
#CMT---> Info: Document checkreq
#CMT---> Info: Document check_install_xmls
#CMT---> Info: Document install_root_include_path
#CMT---> Info: Document install_includes
#CMT---> Info: Document install_xmls
#CMT---> Info: Document checkreq
#CMT---> Info: Document install_root_include_path
#CMT---> Info: Document install_includes
#CMT---> Info: Document check_install_python_modules
#CMT---> Info: Document install_python_modules
#CMT---> Info: Document checkreq
#CMT---> Info: Library LUCID_DigiTools
#CMT---> Info: Document install_root_include_path
#CMT---> Info: Document install_includes
#CMT---> Info: Document LUCID_DigiTools_optdebug_library
#CMT---> Info: Document check_install_
#CMT---> Info: Document install_root_include_path
#CMT---> Info: Document install_includes
#CMT---> Info: Document checkreq
#CMT---> Info: Document install_
#CMT---> Info: Document checkreq
#CMT---> Info: Document install_jars
#CMT---> Warning: Source file /external/JACE/1.1.rc1_04.1.5/release/lib/jace.jar not found
#CMT---> Info: Document check_install_
#CMT---> Info: Document install_sos
#CMT---> Warning: Source file /external/JACE/1.1.rc1_04.1.5/release/lib/linux/gcc/libjaced.so not found
#CMT---> Info: Document install_root_include_path
#CMT---> Info: Document install_includes
#CMT---> (install_jars.make) /external/JACE/1.1.rc1_04.1.5/release/lib/jace.jar: No rule for such target
#CMT---> (install_sos.make) /external/JACE/1.1.rc1_04.1.5/release/lib/linux/gcc/libjaced.so: No rule for such target
#CMT---> Info: Document install_
#CMT---> Info: Document checkreq
#CMT---> Info: Document install_root_include_path
#CMT---> Info: Document install_includes
#CMT---> Info: Document checkreq
#CMT---> Info: Document check_install_joboptions
#CMT---> Info: Document install_root_include_path
#CMT---> Info: Document check_install_python_modules
#CMT---> Info: Document install_includes
#CMT---> Info: Document install_joboptions
#CMT---> Info: Document install_python_modules
#CMT---> Info: Document check_install_arqpypython_modules_
#CMT---> Info: Document checkreq
#CMT---> Info: Document check_install_arqpyselectorpython_modules_selector
#CMT---> Info: Document check_install_arqpyhtmlpython_modules_html
#CMT---> Info: Document check_install_arqpyutilspython_modules_utils
#CMT---> Info: Document check_install_arqpyoutputpython_modules_output
#CMT---> Info: Document check_install_xml
#CMT---> Info: Document check_install_scripts
#CMT---> Info: Document check_install_html
#CMT---> Info: Document install_root_include_path
#CMT---> Info: Document install_includes
#CMT--->#CMT---> Info: Document install_arqpyhtmlpython_modules_html
 Info: Document install_arqpypython_modules_
#CMT---> Info: Document install_arqpyselectorpython_modules_selector
#CMT---> Info: Document install_arqpyutilspython_modules_utils
#CMT---> Info: Document install_arqpyoutputpython_modules_output
#CMT---> Info: Document install_scripts
#CMT---> Info: Document install_xml
#CMT---> Info: Document install_html
#CMT---> Info: Document checkreq
#CMT---> Info: Document check_install_scripts
#CMT---> Info: Document check_install_python_modules
#CMT---> Info: Document install_root_include_path
#CMT---> Info: Document install_includes
#CMT---> Info: Document install_python_modules
#CMT---> Info: Document install_scripts
#CMT---> Info: Document check_install_python_modules
#CMT---> Info: Document checkreq#CMT---> Info: Document install_root_include_path

#CMT---> Info: Document check_install_scripts
#CMT---> Info: Document install_includes
#CMT---> Info: Document install_scripts
#CMT---> Info: Document install_python_modules
#CMT---> Info: Document checkreq
#CMT---> Info: Document install_includes
#CMT---> Info: Document install_root_include_path
#CMT---> Info: Document checkreq
#CMT---> Info: Library InDetGeometryValidation
#CMT---> Info: Document check_install_joboptions
#CMT---> Info: Document check_install_runtime
#CMT---> Info: Document install_root_include_path
#CMT---> Info: Document install_includes
#CMT---> Info: Document install_joboptions
#CMT---> Info: Document install_runtime
#CMT---> Info: Document install_root_include_path
#CMT---> Info: Document checkreq
#CMT---> Info: Library CaloGeoHelpers
#CMT---> Info: Document install_includes
#CMT---> Info: Document CaloGeoHelpers_optdebug_library
#CMT---> Info: Document checkreq
#CMT---> Info: Document install_root_include_path
#CMT---> Info: Library egammaConditions
#CMT---> Info: Document install_includes
#CMT---> Info: Document egammaConditionsGen
#CMT---> Info: calculating dependencies for ../egammaConditions/egammaConditionsDict.h
#CMT---> Info: Library egammaConditionsDict
#CMT---> Info: Document check_install_egammaConditionsDict_egammaConditionsdictrootmap
#CMT---> Info: Document install_egammaConditionsDict_egammaConditionsdictrootmap
#CMT---> Info: Document egammaConditions_optdebug_library
#CMT---> Info: Document egammaConditionsDictMerge
#CMT---> Info: Document egammaConditionsDict_optdebug_library
#CMT---> Info: calculating dependencies for ../egammaConditions/egammaConditionsDict.h
#CMT---> Info: Document checkreq
#CMT---> Info: Document install_includes
#CMT---> Info: Document install_root_include_path
#CMT---> Info: Document GeoPrimitivesGen
#CMT---> Info: calculating dependencies for ../GeoPrimitives/GeoPrimitivesDict.h
#CMT---> Info: Document check_install_GeoPrimitivesDict_GeoPrimitivesdictrootmap
#CMT---> Info: Library GeoPrimitivesDict
#CMT---> Info: Document install_GeoPrimitivesDict_GeoPrimitivesdictrootmap
#CMT---> Info: Document GeoPrimitivesDictMerge
#CMT---> Info: Document GeoPrimitivesDict_optdebug_library
#CMT---> Info: calculating dependencies for ../GeoPrimitives/GeoPrimitivesDict.h
#CMT---> Info: Document checkreq
#CMT---> Info: Document install_root_include_path
#CMT---> Info: Document install_includes
#CMT---> Info: Document checkreq
#CMT---> Info: Library TrkEventPrimitives
#CMT---> Info: Document install_root_include_path
#CMT---> Info: Document install_includes
#CMT---> Info: Document TrkEventPrimitivesGen
#CMT---> Info: calculating dependencies for ../TrkEventPrimitives/TrkEventPrimitivesDict.h
#CMT---> Info: Library TrkEventPrimitivesDict
#CMT---> Info: Document check_install_TrkEventPrimitivesDict_TrkEventPrimitivesdictrootmap
#CMT---> Info: Document install_TrkEventPrimitivesDict_TrkEventPrimitivesdictrootmap
#CMT---> Info: Document TrkEventPrimitives_optdebug_library
#CMT---> Info: Document TrkEventPrimitivesDict_optdebug_library
#CMT---> Info: Document TrkEventPrimitivesDictMerge
#CMT---> Info: calculating dependencies for ../TrkEventPrimitives/TrkEventPrimitivesDict.h
#CMT---> Info: Document checkreq
#CMT---> Info: Document install_includes
#CMT---> Info: Document install_root_include_path
#CMT---> Info: Library TrkParametersBase
#CMT---> Info: Document TrkParametersBase_optdebug_library
#CMT---> Info: Document checkreq
#CMT---> Info: Document check_install_python_modules
#CMT---> Info: Library TileCalibBlobObjs
#CMT---> Info: Document install_includes
#CMT---> Info: Document install_root_include_path
#CMT---> Info: Document TileCalibBlobObjsGen
#CMT---> Info: calculating dependencies for ../TileCalibBlobObjs/TileCalibBlobObjsDict.h
#CMT---> Info: Document install_python_modules
#CMT---> Info: Library TileCalibBlobObjsDict
#CMT---> Info: Document check_install_TileCalibBlobObjsDict_TileCalibBlobObjsdictrootmap
#CMT---> Info: Document install_TileCalibBlobObjsDict_TileCalibBlobObjsdictrootmap
#CMT---> Info: Document TileCalibBlobObjs_optdebug_library
#CMT---> Info: Document TileCalibBlobObjsDict_optdebug_library
#CMT---> Info: Document TileCalibBlobObjsDictMerge
#CMT---> Info: calculating dependencies for ../TileCalibBlobObjs/TileCalibBlobObjsDict.h
#CMT---> Info: Document install_header_files
#CMT---> Info: Application CORAL-read
#CMT---> Info: Library PixelCoralClientUtils
#CMT---> Info: Document checkreq
#CMT---> Info: Application CORAL-create
#CMT---> Info: Application CORAL-fill
#CMT---> Info: Application CORAL-listVariables
#CMT---> Info: Application extractAnalysis
#CMT---> Info: Application extractSPM
#CMT---> Info: Application fixTimewalk
#CMT---> Info: Application talkToPCDDb
#CMT---> Info: Application calibDbInterface
#CMT---> Info: Document install_root_include_path
#CMT---> Info: Document install_includes
#CMT---> Info: Document PixelCoralClientUtils_optdebug_library
#CMT---> Info: Document checkreq
#CMT---> Info: Document check_install_python_modules
#CMT--->#CMT---> Info: Library DQUtils Info: Document install_includes

#CMT---> Info: Document check_install_scripts
#CMT---> Info: Document install_root_include_path
#CMT---> Info: Document DQUtilsGen
#CMT---> Info: Document install_scripts
#CMT---> Info: calculating dependencies for ../dict/dictionary.h
#CMT---> Info: Document install_python_modules
#CMT---> Info: Document check_install_DQUtilsDict_DQUtilsdictrootmap
#CMT---> Info: Library DQUtilsDict
#CMT---> Info: Document install_DQUtilsDict_DQUtilsdictrootmap
/home/jwsmith/HDD/lcgcmake-install-gcc49/LCGCMT/LCGCMT_71/LCG_Settings/../../../oracle/11.2.0.3.0/armv7l-fc21-gcc49-opt/lib/libclntsh.so: file not recognized: File format not recognized
collect2: error: ld returned 1 exit status
make[2]: [../armv7l-fc21-gcc49-opt/libDQUtils.so] Error 1 (ignored)
#CMT---> Info: Document DQUtils_optdebug_library
#CMT---> (DQUtils_optdebug_library.make) ../armv7l-fc21-gcc49-opt/libDQUtils.so: No rule for such target
objcopy: '../armv7l-fc21-gcc49-opt/libDQUtils.so': No such file
make[2]: [../armv7l-fc21-gcc49-opt/libDQUtils.so.debug] Error 1 (ignored)
objcopy: '../armv7l-fc21-gcc49-opt/libDQUtils.so': No such file
make[2]: [../armv7l-fc21-gcc49-opt/libDQUtils.so.debug] Error 1 (ignored)
objcopy: 'libDQUtils.so': No such file
make[2]: [../armv7l-fc21-gcc49-opt/libDQUtils.so.debug] Error 1 (ignored)
/usr/bin/ld: cannot find -lDQUtils
/usr/bin/ld: cannot find -lDQUtils
collect2: error: ld returned 1 exit status
make[2]: [../armv7l-fc21-gcc49-opt/libDQUtilsDict.so] Error 1 (ignored)
#CMT---> Info: Document DQUtilsDict_optdebug_library
#CMT---> Info: Document DQUtilsDictMerge
#CMT---> (DQUtilsDict_optdebug_library.make) ../armv7l-fc21-gcc49-opt/libDQUtilsDict.so: No rule for such target
objcopy: '../armv7l-fc21-gcc49-opt/libDQUtilsDict.so': No such file
make[2]: [../armv7l-fc21-gcc49-opt/libDQUtilsDict.so.debug] Error 1 (ignored)
#CMT---> Info: calculating dependencies for ../dict/dictionary.h
objcopy: '../armv7l-fc21-gcc49-opt/libDQUtilsDict.so': No such file
make[2]: [../armv7l-fc21-gcc49-opt/libDQUtilsDict.so.debug] Error 1 (ignored)
objcopy: 'libDQUtilsDict.so': No such file
make[2]: [../armv7l-fc21-gcc49-opt/libDQUtilsDict.so.debug] Error 1 (ignored)
#CMT---> Info: Document checkreq
#CMT---> Info: Document install_includes
#CMT---> Info: Document install_root_include_path
#CMT---> Info: Application CoraCoolExample
#CMT---> Info: Document checkreq
#CMT---> Info: Document install_includes
#CMT---> Info: Document install_root_include_path
#CMT---> Info: Document checkreq
#CMT---> Info: Library CaloCondBlobObjs
#CMT--->#CMT---> Info: Document install_root_include_path
 Info: Document install_includes
#CMT---> Info: Document CaloCondBlobObjsGen
#CMT---> Info: calculating dependencies for ../CaloCondBlobObjs/CaloCondBlobObjsDict.h
#CMT---> Info: Library CaloCondBlobObjsDict
#CMT---> Info: Document check_install_CaloCondBlobObjsDict_CaloCondBlobObjsdictrootmap
#CMT---> Info: Document install_CaloCondBlobObjsDict_CaloCondBlobObjsdictrootmap
#CMT---> Info: Document CaloCondBlobObjs_optdebug_library
#CMT---> Info: Document CaloCondBlobObjsDictMerge
#CMT---> Info: Document CaloCondBlobObjsDict_optdebug_library
#CMT---> Info: calculating dependencies for ../CaloCondBlobObjs/CaloCondBlobObjsDict.h
#CMT---> Info: Document checkreq
#CMT---> Info: Library RegSelLUT
#CMT---> Info: Document install_includes
#CMT---> Info: Document install_root_include_path
#CMT---> Info: Document RegSelLUT_optdebug_library
#CMT---> Info: Document install_root_include_path
#CMT---> Info: Document install_includes
#CMT---> Info: Document checkreq
#CMT---> Info: Document checkreq
#CMT---> Info: Document install_includes
#CMT---> Info: Document install_root_include_path
#CMT---> Info: Library RoiDescriptor
#CMT---> Info: Document RoiDescriptorGen
#CMT---> Info: calculating dependencies for ../RoiDescriptor/RoiDescriptorDict.h
#CMT---> Info: Document RoiDescriptor_optdebug_library
#CMT---> Info: Library RoiDescriptorDict
#CMT---> Info: Document check_install_RoiDescriptorDict_RoiDescriptordictrootmap
#CMT---> Info: Document install_RoiDescriptorDict_RoiDescriptordictrootmap
#CMT---> Info: Document RoiDescriptorDict_optdebug_library
#CMT---> Info: Document RoiDescriptorDictMerge
#CMT---> Info: calculating dependencies for ../RoiDescriptor/RoiDescriptorDict.h
#CMT---> Info: Document checkreq
#CMT---> Info: Library TrkDetDescrUtils
#CMT---> Info: Document install_includes
#CMT---> Info: Document install_root_include_path
#CMT---> Info: Document TrkDetDescrUtils_optdebug_library
#CMT---> Info: Document checkreq
#CMT---> Info: Document install_includes
#CMT---> Info: Library CaloConditions
#CMT---> Info: Document check_install_joboptions
#CMT---> Info: Document install_root_include_path
#CMT---> Info: Document CaloConditionsGen
#CMT---> Info: calculating dependencies for ../CaloConditions/CaloConditionsDict.h
#CMT---> Info: Document install_joboptions
#CMT---> Info: Library CaloConditionsDict
#CMT---> Info: Document check_install_CaloConditionsDict_CaloConditionsdictrootmap
#CMT---> Info: Document install_CaloConditionsDict_CaloConditionsdictrootmap
#CMT---> Info: Document CaloConditions_optdebug_library
#CMT---> Info: Document CaloConditionsDict_optdebug_library
#CMT---> Info: Document CaloConditionsDictMerge
#CMT---> Info: calculating dependencies for ../CaloConditions/CaloConditionsDict.h
#CMT---> Info: Document checkreq
#CMT---> Info: Library LUCID_Identifier
#CMT---> Info: #CMT---> Info: Document install_root_include_path
Document install_includes
#CMT---> Info: Document LUCID_Identifier_optdebug_library
#CMT---> Info: Document checkreq
#CMT---> Info: Document install_root_include_path
#CMT---> Info: Library ZdcIdentifier
#CMT---> Info: Application test_zdc_id
#CMT---> Info: Document install_includes
#CMT---> Info: Document ZdcIdentifier_optdebug_library
#CMT---> Info: Document checkreq
#CMT---> Info: Application test_indet_id
#CMT---> Info: Library InDetIdentifier
#CMT---> Info: Document install_includes
#CMT---> Info: Document install_root_include_path
#CMT---> Info: Document InDetIdentifierGen
#CMT---> Info: calculating dependencies for ../InDetIdentifier/InDetIdentifierDict.h
#CMT---> Info: Library InDetIdentifierDict
#CMT---> Info: Document check_install_InDetIdentifierDict_InDetIdentifierdictrootmap
#CMT---> Info: Document install_InDetIdentifierDict_InDetIdentifierdictrootmap
#CMT---> Info: Document InDetIdentifier_optdebug_library
#CMT---> Info: Document InDetIdentifierDict_optdebug_library
#CMT---> Info: Document InDetIdentifierDictMerge
#CMT---> Info: calculating dependencies for ../InDetIdentifier/InDetIdentifierDict.h
#CMT---> Info: Document install_includes
#CMT---> Info: Document install_root_include_path
#CMT---> Info: Document checkreq
#CMT---> Info: Document DetDescrGen
#CMT---> Info: calculating dependencies for ../DetDescrDictionary/DetDescrDictionaryDict.h
#CMT---> Info: Library DetDescrDict
#CMT---> Info: Document check_install_DetDescrDict_DetDescrdictrootmap
#CMT---> Info: Document install_DetDescrDict_DetDescrdictrootmap
#CMT---> Info: Document DetDescrDict_optdebug_library
#CMT---> Info: Document DetDescrDictMerge
#CMT---> Info: calculating dependencies for ../DetDescrDictionary/DetDescrDictionaryDict.h
#CMT---> Info: Document checkreq
#CMT---> Info: Document install_includes
#CMT--->#CMT---> Info: Library TBDetDescr
 Info: Document install_root_include_path
#CMT---> Info: Document TBDetDescrGen
#CMT---> Info: calculating dependencies for ../TBDetDescr/TBDetDescrDict.h
#CMT---> Info: Document TBDetDescr_optdebug_library
#CMT---> Info: Library TBDetDescrDict
#CMT---> Info: Document check_install_TBDetDescrDict_TBDetDescrdictrootmap
#CMT---> Info: Document install_TBDetDescrDict_TBDetDescrdictrootmap
#CMT---> Info: Document TBDetDescrDict_optdebug_library
#CMT---> Info: Document TBDetDescrDictMerge
#CMT---> Info: calculating dependencies for ../TBDetDescr/TBDetDescrDict.h
#CMT---> Info: Document checkreq
#CMT---> Info: Document install_includes
#CMT---> Info: Document install_root_include_path
#CMT---> Info: Library MuonByteStreamErrors
#CMT---> Info: Document MuonByteStreamErrorsGen
#CMT---> Info: calculating dependencies for ../MuonByteStreamErrors/MuonByteStreamErrorsDict.h
#CMT---> Info: Library MuonByteStreamErrorsDict
#CMT---> Info: Document check_install_MuonByteStreamErrorsDict_MuonByteStreamErrorsdictrootmap
#CMT---> Info: Document install_MuonByteStreamErrorsDict_MuonByteStreamErrorsdictrootmap
#CMT---> Info: Document MuonByteStreamErrors_optdebug_library
#CMT---> Info: Document MuonByteStreamErrorsDict_optdebug_library
#CMT---> Info: Document MuonByteStreamErrorsDictMerge
#CMT---> Info: calculating dependencies for ../MuonByteStreamErrors/MuonByteStreamErrorsDict.h
#CMT---> Info: Document checkreq
#CMT---> Info: Library PixelConditionsData
#CMT---> Info: Document install_root_include_path
#CMT---> Info: Document install_includes
#CMT---> Info: Document PixelConditionsData_optdebug_library
#CMT---> Info: Document install_includes
#CMT---> Info: Document checkreq
#CMT---> Info: Document install_root_include_path
#CMT---> Info: Document InDetByteStreamErrorsGen
#CMT---> Info: calculating dependencies for ../InDetByteStreamErrors/InDetByteStreamErrorsDict.h
#CMT---> Info: Document check_install_InDetByteStreamErrorsDict_InDetByteStreamErrorsdictrootmap
#CMT---> Info: Library InDetByteStreamErrorsDict
#CMT---> Info: Document install_InDetByteStreamErrorsDict_InDetByteStreamErrorsdictrootmap
#CMT---> Info: Document InDetByteStreamErrorsDict_optdebug_library
#CMT---> Info: Document InDetByteStreamErrorsDictMerge
#CMT---> Info: calculating dependencies for ../InDetByteStreamErrors/InDetByteStreamErrorsDict.h
#CMT---> Info: Document checkreq
#CMT---> Info: Library InDetAlignTrkInfo
#CMT---> Info: Document install_includes
#CMT---> Info: Document install_root_include_path
#CMT---> Info: Document InDetAlignTrkInfo_optdebug_library
#CMT---> Info: Document checkreq
#CMT---> Info: Document install_includes
#CMT---> Info: Document install_root_include_path
#CMT---> Info: Library LArG4RunControl
#CMT---> Info: Document LArG4RunControlGen
#CMT---> Info: calculating dependencies for ../LArG4RunControl/LArG4RunControlDict.h
#CMT---> Info: Library LArG4RunControlDict
#CMT---> Info: Document check_install_LArG4RunControlDict_LArG4RunControldictrootmap
#CMT---> Info: Document install_LArG4RunControlDict_LArG4RunControldictrootmap
#CMT---> Info: Document LArG4RunControl_optdebug_library
#CMT---> Info: Document LArG4RunControlDictMerge
#CMT---> Info: Document LArG4RunControlDict_optdebug_library
#CMT---> Info: calculating dependencies for ../LArG4RunControl/LArG4RunControlDict.h
#CMT---> Info: Library ZdcConditions
#CMT---> Info: Document install_includes
#CMT---> Info: Document install_root_include_path
#CMT---> Info: Document checkreq
In file included from ../src/ZdcCablingSvc.cxx:1:0:
/home/jwsmith/HDD/AtlasOfflineBuild-framework/InstallArea/AtlasConditions/AtlasConditions-20.1.0/ForwardDetectors/ZDC/ZdcConditions/ZdcConditions/ZdcCablingSvc.h:16:7: warning: class ZdcCablingSvc derives directly from Service; should derive from AthService instead.  (See <https://twiki.cern.ch/twiki/bin/view/AtlasComputing/ImprovingSoftware>.)
 class ZdcCablingSvc : public Service
       ^
#CMT---> Info: Document ZdcConditions_optdebug_library
#CMT---> Info: Document checkreq
#CMT---> Info: Library CaloIdentifier
#CMT---> Info: Document check_install_python_modules
#CMT---> Info: Document check_install_runtime
#CMT---> Info: Application test_lar_id
#CMT---> Info: Application test_cell_id
#CMT---> Info: Application test_calo_dm_id
#CMT---> Info: Application test_lvl1_id
#CMT---> Info: Document install_root_include_path
#CMT---> Info: Document install_includes
#CMT---> Info: Document install_runtime
#CMT---> Info: Document install_python_modules
#CMT---> Info: Document CaloIdentifierGen
#CMT---> Info: calculating dependencies for ../CaloIdentifier/CaloIdentifierDict.h
#CMT---> Info: Library CaloIdentifierDict
#CMT---> Info: Document check_install_CaloIdentifierDict_CaloIdentifierdictrootmap
#CMT---> Info: Document install_CaloIdentifierDict_CaloIdentifierdictrootmap
#CMT---> Info: Document CaloIdentifier_optdebug_library
#CMT---> Info: Document CaloIdentifierDict_optdebug_library
#CMT---> Info: Document CaloIdentifierDictMerge
#CMT---> Info: calculating dependencies for ../CaloIdentifier/CaloIdentifierDict.h
#CMT---> Info: Document checkreq
#CMT---> Info: Document check_install_runtime
#CMT---> Info: Document install_root_include_path
#CMT---> Info: Library CaloDmDetDescr
#CMT---> Info: Document install_includes
#CMT---> Info: Document install_runtime
#CMT---> Info: Document CaloDmDetDescr_optdebug_library
#CMT---> Info: Document checkreq
#CMT---> Info: Document install_root_include_path
#CMT---> Info: Document install_includes
#CMT---> Info: Library CaloTTDetDescr
#CMT---> Info: Document CaloTTDetDescr_optdebug_library
#CMT---> Info: Document checkreq
#CMT---> Info: Document install_includes
#CMT---> Info: Document check_install_python_modules
#CMT---> Info: Library TileIdentifier
#CMT---> Info: Document install_root_include_path
#CMT---> Info: Document TileIdentifierGen
#CMT---> Info: Document install_python_modules
#CMT---> Info: calculating dependencies for ../TileIdentifier/TileIdentifierDict.h
#CMT---> Info: Document check_install_TileIdentifierDict_TileIdentifierdictrootmap
#CMT---> Info: Library TileIdentifierDict
#CMT---> Info: Document install_TileIdentifierDict_TileIdentifierdictrootmap
#CMT---> Info: Document TileIdentifier_optdebug_library
#CMT---> Info: Document TileIdentifierDict_optdebug_library
#CMT---> Info: Document TileIdentifierDictMerge
#CMT---> Info: calculating dependencies for ../TileIdentifier/TileIdentifierDict.h
#CMT---> Info: Document checkreq
#CMT---> Info: Document install_includes
#CMT---> Info: Document install_root_include_path
#CMT---> Info: Library LArRecConditions
#CMT---> Info: Document LArRecConditionsGen
#CMT---> Info: calculating dependencies for ../LArRecConditions/LArRecConditionsDict.h
#CMT---> Info: Library LArRecConditionsDict
#CMT---> Info: Document check_install_LArRecConditionsDict_LArRecConditionsdictrootmap
#CMT---> Info: Document install_LArRecConditionsDict_LArRecConditionsdictrootmap
#CMT---> Info: Document LArRecConditions_optdebug_library
#CMT---> Info: Document LArRecConditionsDict_optdebug_library
#CMT---> Info: Document LArRecConditionsDictMerge
#CMT---> Info: calculating dependencies for ../LArRecConditions/LArRecConditionsDict.h
#CMT---> Info: #CMT---> Info: Library LArIdentifier
Document checkreq
#CMT---> Info: Application test_larhvid
#CMT---> Info: Application test_laronlineid
#CMT---> Info: Document install_includes
#CMT---> Info: Document install_root_include_path
#CMT---> Info: Document LArIdentifierGen
#CMT---> Info: calculating dependencies for ../LArIdentifier/LArIdentifierDict.h
#CMT---> Info: Library LArIdentifierDict
#CMT---> Info: Document check_install_LArIdentifierDict_LArIdentifierdictrootmap
#CMT---> Info: Document install_LArIdentifierDict_LArIdentifierdictrootmap
#CMT---> Info: Document LArIdentifier_optdebug_library
#CMT---> Info: Document LArIdentifierDict_optdebug_library
#CMT---> Info: Document LArIdentifierDictMerge
#CMT---> Info: calculating dependencies for ../LArIdentifier/LArIdentifierDict.h
#CMT---> Info: Document checkreq
#CMT---> Info: Document install_includes
#CMT---> Info: Document install_root_include_path
#CMT---> Info: Document LArElecCalibGen
#CMT---> Info: calculating dependencies for ../LArElecCalib/LArElecCalibDict.h
#CMT---> Info: Library LArElecCalibDict
#CMT---> Info: Document check_install_LArElecCalibDict_LArElecCalibdictrootmap
#CMT---> Info: Document install_LArElecCalibDict_LArElecCalibdictrootmap
#CMT---> Info: Document LArElecCalibDictMerge
#CMT---> Info: Document LArElecCalibDict_optdebug_library
#CMT---> Info: calculating dependencies for ../LArElecCalib/LArElecCalibDict.h
#CMT---> Info: Document checkreq
#CMT---> Info: #CMT---> Info: Document check_install_joboptions
Library TileIdCnv
#CMT---> Info: Document install_root_include_path
#CMT---> Info: Document install_includes
#CMT---> Info: Document install_joboptions
#CMT---> Info: Document TileIdCnvCLIDDB
#CMT---> Info: Document TileIdCnv_optdebug_library
#CMT---> Info: Document TileIdCnvComponentsList
#CMT---> Info: Document TileIdCnvMergeComponentsList
#CMT---> Info: Document checkreq
#CMT---> Info: Document check_install_joboptions
#CMT---> Info: Document install_root_include_path
#CMT---> Info: Library LArIdCnv
#CMT---> Info: Document install_includes
#CMT---> Info: Document install_joboptions
#CMT---> Info: Document LArIdCnvCLIDDB
#CMT---> Info: Document LArIdCnv_optdebug_library
#CMT---> Info: Document LArIdCnvComponentsList
#CMT---> Info: Document LArIdCnvMergeComponentsList
#CMT---> Info: Document checkreq
#CMT---> Info: Library InDetIdCnv
#CMT---> Info: Document check_install_joboptions
#CMT---> Info: Document install_root_include_path
#CMT---> Info: Document install_includes
#CMT---> Info: Document install_joboptions
#CMT---> Info: Document InDetIdCnvCLIDDB
#CMT---> Info: Document InDetIdCnv_optdebug_library
#CMT---> Info: Document InDetIdCnvComponentsList
#CMT---> Info: Document InDetIdCnvMergeComponentsList
#CMT---> Info: Document checkreq
#CMT---> Info: Document install_root_include_path
#CMT---> Info: Document install_includes#CMT---> Info: Library ForwardIdCnv

#CMT---> Info: Document ForwardIdCnvCLIDDB
#CMT---> Info: Document ForwardIdCnv_optdebug_library
#CMT---> Info: Document ForwardIdCnvComponentsList
#CMT---> Info: Document ForwardIdCnvMergeComponentsList
#CMT---> Info: Document checkreq
#CMT---> Info: Document check_install_joboptions
#CMT---> Info: Library CaloIdCnv
#CMT---> Info: Document install_root_include_path
#CMT---> Info: Document install_includes
#CMT---> Info: Document install_joboptions
#CMT---> Info: Document CaloIdCnvCLIDDB
#CMT---> Info: Document CaloIdCnv_optdebug_library
#CMT---> Info: Document CaloIdCnvComponentsList
#CMT---> Info: Document CaloIdCnvMergeComponentsList
#CMT---> Info: Document checkreq
#CMT---> Info: Document check_install_joboptions
#CMT---> Info: Library TBDetDescrAlg
#CMT---> Info: Library TBDetDescrAlgLib
#CMT---> Info: Document install_root_include_path
#CMT---> Info: Document install_includes
#CMT---> Info: Document install_joboptions
#CMT---> Info: Document TBDetDescrAlgLib_optdebug_library
#CMT---> Info: Document TBDetDescrAlgConf
#CMT---> Info: Document TBDetDescrAlgCLIDDB
#CMT---> Info: Document TBDetDescrAlg_optdebug_library
#CMT---> Info: Document TBDetDescrAlgComponentsList
#CMT---> Info: Document TBDetDescrAlg_python_init
#CMT---> Info: Document TBDetDescrAlgConfDbMerge
#CMT---> Info: Document TBDetDescrAlgMergeComponentsList
#CMT---> Info: Document checkreq
#CMT---> Info: Library TGCcablingInterface
#CMT---> Info: Library TGCcablingInterfaceLib
#CMT---> Info: Document check_install_python_modules
#CMT---> Info: Document install_root_include_path
#CMT---> Info: Document install_includes
#CMT---> Info: Document install_python_modules
#CMT---> Info: Document TGCcablingInterfaceLib_optdebug_library
#CMT---> Info: Document TGCcablingInterfaceConf
#CMT---> Info: Document TGCcablingInterfaceCLIDDB
#CMT---> Info: Document TGCcablingInterface_optdebug_library
#CMT---> Info: Document TGCcablingInterface_python_init
#CMT---> Info: Document TGCcablingInterfaceConfDbMerge
#CMT---> Info: Document TGCcablingInterfaceComponentsList
#CMT---> Info: Document TGCcablingInterfaceMergeComponentsList
#CMT---> Info: Document checkreq
#CMT---> Info: Library MuonIdHelpers
#CMT---> Info: Library MuonIdHelpersLib
#CMT---> Info: Application test_muon_id
#CMT---> Info: Document install_includes
#CMT---> Info: Document install_root_include_path
#CMT---> Info: Document MuonIdHelpersGen
#CMT---> Info: calculating dependencies for ../MuonIdHelpers/MuonIdHelpersDict.h
#CMT---> Info: Library MuonIdHelpersDict
#CMT---> Info: Document check_install_MuonIdHelpersDict_MuonIdHelpersdictrootmap
#CMT---> Info: Document install_MuonIdHelpersDict_MuonIdHelpersdictrootmap
#CMT---> Info: Document MuonIdHelpersLib_optdebug_library
#CMT--->#CMT---> Info: Document MuonIdHelpersCLIDDB
 Info: Document MuonIdHelpersConf
#CMT---> Info: Document MuonIdHelpers_optdebug_library
#CMT---> Info: Document MuonIdHelpers_python_init
#CMT---> Info: Document MuonIdHelpersConfDbMerge
#CMT---> Info: Document MuonIdHelpersComponentsList
#CMT---> Info: Document MuonIdHelpersDict_optdebug_library
#CMT---> Info: Document MuonIdHelpersDictMerge
#CMT---> Info: calculating dependencies for ../MuonIdHelpers/MuonIdHelpersDict.h
#CMT---> Info: Document MuonIdHelpersMergeComponentsList
#CMT---> Info: Document checkreq
#CMT---> Info: Document install_includes
#CMT--->#CMT---> Info: Document install_root_include_path
 Info: Library MuonIdCnv
#CMT---> Info: Document MuonIdCnvCLIDDB
#CMT---> Info: Document MuonIdCnv_optdebug_library
#CMT---> Info: Document MuonIdCnvComponentsList
#CMT---> Info: Document MuonIdCnvMergeComponentsList
#CMT---> Info: Document checkreq
#CMT--->#CMT---> Info: Document check_install_python_modules
 Info: Library MuonCalibIdentifier
#CMT---> Info: Document check_install_runtime
#CMT---> Info: Document install_includes
#CMT---> Info: Document install_root_include_path
#CMT---> Info: Document install_python_modules
#CMT---> Info: Document MuonCalibIdentifierGen#CMT--->
 Info: Document install_runtime
#CMT---> Info: calculating dependencies for ../MuonCalibIdentifier/DictHeaders.h
#CMT---> Info: Document MuonCalibIdentifier_python_init
#CMT---> Info: Library MuonCalibIdentifierDict
#CMT---> Info: Document check_install_MuonCalibIdentifierDict_MuonCalibIdentifierdictrootmap
#CMT---> Info: Document install_MuonCalibIdentifierDict_MuonCalibIdentifierdictrootmap
#CMT---> Info: Document MuonCalibIdentifier_optdebug_library
#CMT---> Info: Document MuonCalibIdentifierDict_optdebug_library
#CMT---> Info: Document MuonCalibIdentifierDictMerge
#CMT---> Info: calculating dependencies for ../MuonCalibIdentifier/DictHeaders.h
#CMT---> Info: Document checkreq
#CMT---> Info: Document check_install_python_modules
#CMT---> Info: Library TGCcabling
#CMT---> Info: Library TGCcablingLib
#CMT---> Info: Document check_install_runtime
#CMT---> Info: Document install_root_include_path
#CMT---> Info: Document install_includes
#CMT---> Info: Document install_python_modules
#CMT---> Info: Document install_runtime
#CMT---> Info: Document TGCcablingLib_optdebug_library
#CMT---> Info: Document TGCcablingConf
#CMT---> Info: Document TGCcablingCLIDDB
#CMT---> Info: Document TGCcabling_optdebug_library
#CMT---> Info: Document TGCcabling_python_init
#CMT---> Info: Document TGCcablingConfDbMerge
#CMT---> Info: Document TGCcablingComponentsList
#CMT---> Info: Document TGCcablingMergeComponentsList
#CMT---> Info: Document checkreq
#CMT--->#CMT---> Info: Library RPCcablingInterface
 Info: Library RPCcablingInterfaceLib
#CMT---> Info: Document check_install_python_modules
#CMT---> Info: Document install_includes
#CMT---> Info: Document install_root_include_path
#CMT---> Info: Document install_python_modules
#CMT---> Info: Document RPCcablingInterfaceLib_optdebug_library
#CMT---> Info: Document RPCcablingInterfaceConf
#CMT---> Info: Document RPCcablingInterface_optdebug_library
#CMT---> Info: Document RPCcablingInterfaceCLIDDB
#CMT---> Info: Document RPCcablingInterface_python_init
#CMT---> Info: Document RPCcablingInterfaceConfDbMerge
#CMT---> Info: Document RPCcablingInterfaceComponentsList
#CMT---> Info: Document RPCcablingInterfaceMergeComponentsList
#CMT---> Info: Document checkreq
#CMT---> Info: Document install_includes
#CMT---> Info: Document install_root_include_path
#CMT---> Info: Library MuonCablingData
#CMT---> Info: Document MuonCablingData_optdebug_library
#CMT---> Info: Document checkreq
#CMT---> Info: Document install_root_include_path
#CMT---> Info: Document install_includes
#CMT---> Info: Library MuonAlignmentData
#CMT---> Info: Document MuonAlignmentData_optdebug_library
#CMT---> Info: Document checkreq
#CMT---> Info: Document install_root_include_path
#CMT---> Info: Document install_includes
#CMT---> Info: Document checkreq
#CMT---> Info: Library CaloBadChannelTool#CMT---> Info: Document install_includes

#CMT---> Info: Document install_root_include_path
#CMT---> Info: Document CaloBadChannelTool_optdebug_library
#CMT---> Info: Document CaloBadChannelToolCLIDDB
#CMT---> Info: Document CaloBadChannelToolComponentsList
#CMT---> Info: Document CaloBadChannelToolMergeComponentsList
#CMT---> Info: Document checkreq
#CMT---> Info: Document check_install_python_modules
#CMT---> Info: Document check_install_scripts
#CMT---> Info: Document check_install_joboptions
#CMT---> Info: Document install_root_include_path
#CMT---> Info: Application AtlCoolCopy
#CMT---> Info: Document install_includes
#CMT---> Info: Document install_python_modules
#CMT---> Info: Document install_scripts
#CMT---> Info: Document install_joboptions
#CMT---> Info: Document checkreq
#CMT--->#CMT---> Info: Library TBCondRunParLib
 Info: Document check_install_joboptions
#CMT---> Info: Library TBCondRunPar
#CMT---> Info: Document install_root_include_path
#CMT---> Info: Document install_includes
#CMT---> Info: Document install_joboptions
#CMT---> Info: Document TBCondRunParLib_optdebug_library
#CMT---> Info: Document TBCondRunParConf
#CMT---> Info: Document TBCondRunParCLIDDB
#CMT---> Info: Document TBCondRunPar_optdebug_library
#CMT---> Info: Document TBCondRunPar_python_init
#CMT---> Info: Document TBCondRunParConfDbMerge
#CMT---> Info: Document TBCondRunParComponentsList
#CMT---> Info: Document TBCondRunParMergeComponentsList
#CMT---> Info: Library TBCaloConditionsLib
#CMT---> Info: Document checkreq
#CMT---> Info: Document check_install_joboptions
#CMT---> Info: Library TBCaloConditions
#CMT---> Info: Document install_root_include_path
#CMT---> Info: Document install_includes
#CMT---> Info: Document install_joboptions
#CMT---> Info: Document TBCaloConditionsLib_optdebug_library
#CMT---> Info: Document TBCaloConditionsConf
#CMT---> Info: Document TBCaloConditionsCLIDDB
#CMT---> Info: Document TBCaloConditions_optdebug_library
#CMT---> Info: Document TBCaloConditions_python_init
#CMT---> Info: Document TBCaloConditionsConfDbMerge
#CMT---> Info: Document TBCaloConditionsComponentsList
#CMT---> Info: Document TBCaloConditionsMergeComponentsList
#CMT---> Info: Library MuonTGC_CablingLib
#CMT---> Info: Document checkreq
#CMT---> Info: Library MuonTGC_Cabling
#CMT---> Info: Document check_install_python_modules
#CMT---> Info: Document install_includes
#CMT---> Info: Document check_install_runtime
#CMT---> Info: Document install_root_include_path
#CMT---> Info: Document install_python_modules
#CMT---> Info: Document install_runtime
#CMT---> Info: Document MuonTGC_CablingLib_optdebug_library
#CMT---> Info: Document MuonTGC_CablingConf
#CMT---> Info: Document MuonTGC_CablingCLIDDB
#CMT---> Info: Document MuonTGC_Cabling_optdebug_library
#CMT---> Info: Document MuonTGC_Cabling_python_init
#CMT---> Info: Document MuonTGC_CablingConfDbMerge
#CMT---> Info: Document MuonTGC_CablingComponentsList
#CMT---> Info: Document MuonTGC_CablingMergeComponentsList
#CMT---> Info: Document checkreq
#CMT---> Info: #CMT---> Info: Document check_install_runtime
Library MuonRPC_Cabling
#CMT---> Info: Document check_install_python_modules
#CMT---> Info: Document install_includes
#CMT---> Info: Document install_root_include_path
#CMT---> Info: Document install_python_modules
#CMT---> Info: Document install_runtime
#CMT---> Info: Document MuonRPC_CablingCLIDDB
#CMT---> Info: Document MuonRPC_Cabling_optdebug_library
#CMT---> Info: Document MuonRPC_CablingComponentsList
#CMT---> Info: Document MuonRPC_CablingMergeComponentsList
#CMT---> Info: Document checkreq
#CMT---> Info: Document check_install_runtime
#CMT---> Info: Library MagFieldServices
#CMT---> Info: Document check_install_python_modules
#CMT---> Info: Document install_includes
#CMT---> Info: Document install_root_include_path
#CMT---> Info: Document install_runtime
#CMT---> Info: Document install_python_modules
#CMT---> Info: Document MagFieldServicesCLIDDB
#CMT---> Info: Document MagFieldServices_optdebug_library
#CMT---> Info: Document MagFieldServicesComponentsList
#CMT---> Info: Document MagFieldServicesMergeComponentsList
#CMT---> Info: Library SCT_CablingLib
#CMT---> Info: Document checkreq
#CMT---> Info: Library SCT_Cabling#CMT---> Info: Document check_install_runtime

#CMT---> Info: Document install_root_include_path
#CMT---> Info: Document check_install_joboptions
#CMT---> Info: Document install_includes
#CMT---> Info: Document install_runtime
#CMT---> Info: Document install_joboptions
../src/SCT_CablingSvc.cxx:44:8: warning: bool {anonymous}::isOdd(const IdentifierHash&) defined but not used [-Wunused-function]
   bool isOdd(const IdentifierHash & hash){
        ^
#CMT---> Info: Document SCT_CablingLib_optdebug_library
#CMT---> Info: Document SCT_CablingConf
#CMT---> Info: Document SCT_Cabling_optdebug_library
#CMT---> Info: Document SCT_CablingCLIDDB
#CMT---> Info: Document SCT_CablingComponentsList
#CMT---> Info: Document SCT_Cabling_python_init
#CMT---> Info: Document SCT_CablingConfDbMerge
#CMT---> Info: Document SCT_CablingMergeComponentsList
#CMT---> Info: Document install_root_include_path
#CMT---> Info: Document checkreq
#CMT---> Info: Document install_includes
#CMT---> Info: Library SCT_ConditionsData
#CMT---> Info: Document SCT_ConditionsData_optdebug_library
#CMT---> Info: Document checkreq
#CMT---> Info: Library RegionSelectorLib
#CMT---> Info: Library RegionSelector
#CMT---> Info: Document check_install_python_modules
#CMT---> Info: Document check_install_joboptions
#CMT---> Info: Document install_includes
#CMT---> Info: Document install_root_include_path
#CMT---> Info: Document install_python_modules
#CMT---> Info: Document install_joboptions
In file included from ../src/components/RegionSelector_entries.cxx:3:0:
../src/components/../RegSelSvc.h:51:7: warning: class RegSelSvc derives directly from Service; should derive from AthService instead.  (See <https://twiki.cern.ch/twiki/bin/view/AtlasComputing/ImprovingSoftware>.)
 class RegSelSvc: public Service, virtual public IRegSelSvc, virtual public IIncidentListener {
       ^
In file included from ../src/RegSelSvc.cxx:3:0:
../src/RegSelSvc.h:51:7: warning: class RegSelSvc derives directly from Service; should derive from AthService instead.  (See <https://twiki.cern.ch/twiki/bin/view/AtlasComputing/ImprovingSoftware>.)
 class RegSelSvc: public Service, virtual public IRegSelSvc, virtual public IIncidentListener {
       ^
#CMT---> Info: Document RegionSelectorLib_optdebug_library
#CMT---> Info: Document RegionSelectorConf
#CMT---> Info: Document RegionSelectorCLIDDB
#CMT---> Info: Document RegionSelector_optdebug_library
#CMT---> Info: Document RegionSelector_python_init
#CMT---> Info: Document RegionSelectorConfDbMerge
#CMT---> Info: Document RegionSelectorComponentsList
#CMT---> Info: Document RegionSelectorMergeComponentsList
#CMT---> Info: Document checkreq
#CMT---> Info: Library DetDescrConditions
#CMT--->#CMT---> Info: Document install_root_include_path
 Info: Document install_includes
#CMT---> Info: Document DetDescrConditionsGen
#CMT---> Info: calculating dependencies for ../DetDescrConditions/DetDescrConditionsDict.h
#CMT---> Info: Document DetDescrConditions_optdebug_library
#CMT---> Info: Document check_install_DetDescrConditionsDict_DetDescrConditionsdictrootmap
#CMT---> Info: Library DetDescrConditionsDict
#CMT---> Info: Document install_DetDescrConditionsDict_DetDescrConditionsdictrootmap
#CMT---> Info: Document DetDescrConditionsDict_optdebug_library
#CMT---> Info: Document DetDescrConditionsDictMerge
#CMT---> Info: calculating dependencies for ../DetDescrConditions/DetDescrConditionsDict.h
#CMT---> Info: Document checkreq
#CMT---> Info: Document check_install_joboptions
#CMT---> Info: Library DetectorStatus
#CMT---> Info: Document check_install_python_modules
#CMT---> Info: Document check_install_scripts
#CMT---> Info: Document install_root_include_path
#CMT---> Info: Document install_includes
#CMT---> Info: Document install_joboptions
#CMT---> Info: Document install_python_modules
#CMT---> Info: Document install_scripts
In file included from ../src/DetStatusAlg.cxx:7:0:
/home/jwsmith/HDD/AtlasOfflineBuild-framework/InstallArea/AtlasConditions/AtlasConditions-20.1.0/DetectorDescription/DetDescrCond/DetectorStatus/DetectorStatus/DetStatusAlg.h:12:7: warning: class DetStatusAlg derives directly from Algorithm; should derive from AthAlgorithm instead.  (See <https://twiki.cern.ch/twiki/bin/view/AtlasComputing/ImprovingSoftware>.)
 class DetStatusAlg: public Algorithm {
       ^
In file included from ../src/DetStatusSvc.cxx:10:0:
../src/DetStatusSvc.h:13:7: warning: class DetStatusSvc derives directly from Service; should derive from AthService instead.  (See <https://twiki.cern.ch/twiki/bin/view/AtlasComputing/ImprovingSoftware>.)
 class DetStatusSvc : public virtual IDetStatusSvc, public virtual Service
       ^
In file included from ../src/components/DetectorStatus_entries.cxx:2:0:
../src/components/../DetStatusSvc.h:13:7: warning: class DetStatusSvc derives directly from Service; should derive from AthService instead.  (See <https://twiki.cern.ch/twiki/bin/view/AtlasComputing/ImprovingSoftware>.)
 class DetStatusSvc : public virtual IDetStatusSvc, public virtual Service
       ^
In file included from ../src/components/DetectorStatus_entries.cxx:3:0:
/home/jwsmith/HDD/AtlasOfflineBuild-framework/InstallArea/AtlasConditions/AtlasConditions-20.1.0/DetectorDescription/DetDescrCond/DetectorStatus/DetectorStatus/DetStatusAlg.h:12:7: warning: class DetStatusAlg derives directly from Algorithm; should derive from AthAlgorithm instead.  (See <https://twiki.cern.ch/twiki/bin/view/AtlasComputing/ImprovingSoftware>.)
 class DetStatusAlg: public Algorithm {
       ^
#CMT---> Info: Document DetectorStatus_optdebug_library
#CMT---> Info: Document DetectorStatusCLIDDB
#CMT---> Info: Document DetectorStatusComponentsList
#CMT---> Info: Document DetectorStatusMergeComponentsList
#CMT---> Info: Document checkreq
#CMT---> Info: Document install_includes
#CMT---> Info: Document install_root_include_path
#CMT---> Info: Library TRT_ConditionsData
#CMT---> Info: Document TRT_ConditionsDataGen
#CMT---> Info: calculating dependencies for ../TRT_ConditionsData/TRT_ConditionsDataDict.h
#CMT---> Info: Document TRT_ConditionsData_optdebug_library
#CMT---> Info: Document check_install_TRT_ConditionsDataDict_TRT_ConditionsDatadictrootmap
#CMT---> Info: Library TRT_ConditionsDataDict
#CMT---> Info: Document install_TRT_ConditionsDataDict_TRT_ConditionsDatadictrootmap
#CMT---> Info: Document TRT_ConditionsDataDictMerge
#CMT---> Info: Document TRT_ConditionsDataDict_optdebug_library
#CMT---> Info: calculating dependencies for ../TRT_ConditionsData/TRT_ConditionsDataDict.h
#CMT---> Info: Document checkreq
#CMT---> Info: Library LArToolsLib
#CMT---> Info: Library LArTools
#CMT---> Info: Document check_install_python_modules
#CMT---> Info: Document check_install_joboptions
#CMT---> Info: Document install_includes
#CMT---> Info: Document check_install_runtime
#CMT---> Info: Document install_root_include_path
#CMT---> Info: Document install_python_modules
#CMT---> Info: Document install_joboptions
#CMT---> Info: Document install_runtime
#CMT---> Info: Document LArToolsGen
#CMT---> Info: calculating dependencies for ../LArTools/LArToolsDict.h
#CMT---> Info: Document LArToolsLib_optdebug_library
#CMT---> Info: Document LArToolsCLIDDB
#CMT---> Info: Document LArTools_optdebug_library
#CMT---> Info: Document LArToolsConf
#CMT---> Info: Document LArToolsComponentsList
#CMT---> Info: Document LArTools_python_init
#CMT---> Info: Document LArToolsConfDbMerge
#CMT---> Info: Document LArToolsMergeComponentsList
#CMT---> Info: Document check_install_LArToolsDict_LArToolsdictrootmap
#CMT---> Info: Library LArToolsDict
#CMT---> Info: Document install_LArToolsDict_LArToolsdictrootmap
#CMT---> Info: Document LArToolsDict_optdebug_library
#CMT---> Info: Document LArToolsDictMerge
#CMT---> Info: calculating dependencies for ../LArTools/LArToolsDict.h
#CMT---> Info: Document checkreq
#CMT---> Info: Document check_install_joboptions
#CMT---> Info: Document check_install_python_modules#CMT--->
 Info: Library LArRawConditions
#CMT---> Info: Document install_includes
#CMT---> Info: Document install_root_include_path
#CMT---> Info: Document LArRawConditions1Gen
#CMT---> Info: Document LArRawConditions2Gen
#CMT---> Info: Document install_python_modules
#CMT---> Info: calculating dependencies for ../LArRawConditions/LArRawConditionsDict1.h
#CMT---> Info: calculating dependencies for ../LArRawConditions/LArRawConditionsDict2.h
#CMT---> Info: Document install_joboptions
#CMT---> Info: Library LArRawConditions2Dict
#CMT---> Info: Document check_install_LArRawConditions2Dict_LArRawConditions2dictrootmap
#CMT---> Info: Document install_LArRawConditions2Dict_LArRawConditions2dictrootmap
#CMT---> Info: Library LArRawConditions1Dict
#CMT---> Info: Document check_install_LArRawConditions1Dict_LArRawConditions1dictrootmap
#CMT---> Info: Document install_LArRawConditions1Dict_LArRawConditions1dictrootmap
#CMT---> Info: Document LArRawConditions_optdebug_library
#CMT---> Info: Document LArRawConditions2DictMerge
#CMT---> Info: Document LArRawConditions2Dict_optdebug_library
#CMT---> Info: calculating dependencies for ../LArRawConditions/LArRawConditionsDict2.h
#CMT---> Info: Document LArRawConditions1Dict_optdebug_library
#CMT---> Info: Document LArRawConditions1DictMerge
#CMT---> Info: calculating dependencies for ../LArRawConditions/LArRawConditionsDict1.h
#CMT---> Info: Document checkreq
#CMT---> Info: Document install_root_include_path
#CMT---> Info: Document install_includes
#CMT---> Info: Library LArCOOLConditions
#CMT---> Info: Document LArCOOLConditionsGen
#CMT---> Info: calculating dependencies for ../LArCOOLConditions/LArCOOLConditionsDict.h
#CMT---> Info: Library LArCOOLConditionsDict
#CMT---> Info: Document check_install_LArCOOLConditionsDict_LArCOOLConditionsdictrootmap
#CMT---> Info: Document install_LArCOOLConditionsDict_LArCOOLConditionsdictrootmap
#CMT---> Info: Document LArCOOLConditions_optdebug_library
#CMT---> Info: Document LArCOOLConditionsDict_optdebug_library
#CMT---> Info: Document LArCOOLConditionsDictMerge
#CMT---> Info: calculating dependencies for ../LArCOOLConditions/LArCOOLConditionsDict.h
#CMT---> Info: Document checkreq
#CMT---> Info: Library LArBadChannelToolLib
#CMT---> Info: Library LArBadChannelTool
#CMT---> Info: Document check_install_joboptions
#CMT---> Info: Document check_install_python_modules
#CMT---> Info: Document install_includes
#CMT---> Info: Document check_install_scripts
#CMT---> Info: Document install_root_include_path
#CMT---> Info: Document install_joboptions
#CMT---> Info: Document install_python_modules
#CMT---> Info: Document BadChanGen
#CMT---> Info: Document install_scripts
#CMT---> Info: calculating dependencies for ../LArBadChannelTool/LArBadChannelDBToolsDict.h
#CMT---> Info: Document LArBadChannelToolLib_optdebug_library
#CMT---> Info: Document LArBadChannelToolConf
#CMT---> Info: Document LArBadChannelToolCLIDDB
#CMT---> Info: Document LArBadChannelTool_optdebug_library
#CMT---> Info: Document LArBadChannelToolComponentsList
#CMT---> Info: Document LArBadChannelTool_python_init
#CMT---> Info: Document LArBadChannelToolConfDbMerge
#CMT---> Info: Document LArBadChannelToolMergeComponentsList
#CMT---> Info: Library BadChanDict
#CMT---> Info: Document check_install_BadChanDict_BadChandictrootmap
#CMT---> Info: Document install_BadChanDict_BadChandictrootmap
#CMT---> Info: Document BadChanDict_optdebug_library
#CMT---> Info: Document BadChanDictMerge
#CMT---> Info: calculating dependencies for ../LArBadChannelTool/LArBadChannelDBToolsDict.h
#CMT---> Info: Document checkreq
#CMT---> Info: Library TrigT1CaloCalibConditions
#CMT---> Info: Document install_includes
#CMT---> Info: Document check_install_joboptions
#CMT---> Info: Document install_root_include_path
#CMT---> Info: Document TrigT1CaloCalibConditionsGen
#CMT---> Info: Document install_joboptions
#CMT---> Info: calculating dependencies for ../TrigT1CaloCalibConditions/TrigT1CaloCalibConditionsDict.h
#CMT---> Info: Library TrigT1CaloCalibConditionsDict
#CMT---> Info: Document check_install_TrigT1CaloCalibConditionsDict_TrigT1CaloCalibConditionsdictrootmap
#CMT---> Info: Document install_TrigT1CaloCalibConditionsDict_TrigT1CaloCalibConditionsdictrootmap
#CMT---> Info: Document TrigT1CaloCalibConditions_optdebug_library
#CMT---> Info: Document TrigT1CaloCalibConditionsDict_optdebug_library
#CMT---> Info: Document TrigT1CaloCalibConditionsDictMerge
#CMT---> Info: calculating dependencies for ../TrigT1CaloCalibConditions/TrigT1CaloCalibConditionsDict.h
#CMT---> Info: Document checkreq
#CMT---> Info: Library CaloTriggerToolLib
#CMT--->#CMT---> Info:  Info: Document check_install_joboptionsLibrary CaloTriggerTool

#CMT---> Info: Document install_includes
#CMT---> Info: Document install_root_include_path
#CMT---> Info: Document install_joboptions
#CMT---> Info: Document CaloTriggerToolGen
#CMT---> Info: calculating dependencies for ../CaloTriggerTool/CaloTriggerToolDict.h
#CMT---> Info: Library CaloTriggerToolDict
#CMT---> Info: Document check_install_CaloTriggerToolDict_CaloTriggerTooldictrootmap
#CMT---> Info: Document install_CaloTriggerToolDict_CaloTriggerTooldictrootmap
#CMT---> Info: Document CaloTriggerToolLib_optdebug_library
#CMT---> Info: Document CaloTriggerToolConf
#CMT---> Info: Document CaloTriggerTool_optdebug_library
#CMT---> Info: Document CaloTriggerToolCLIDDB
#CMT---> Info: Document CaloTriggerToolConfDbMerge
#CMT---> Info: Document CaloTriggerTool_python_init
#CMT---> Info: Document CaloTriggerToolComponentsList
#CMT---> Info: Document CaloTriggerToolMergeComponentsList
#CMT---> Info: Document CaloTriggerToolDict_optdebug_library
#CMT---> Info: Document CaloTriggerToolDictMerge
#CMT---> Info: calculating dependencies for ../CaloTriggerTool/CaloTriggerToolDict.h
#CMT---> Info: Document checkreq
#CMT---> Info: Document check_install_python_modules
#CMT---> Info: Library MuonMDT_CablingLib
#CMT---> Info: Library MuonMDT_Cabling
#CMT---> Info: Document install_root_include_path
#CMT---> Info: Document install_includes
#CMT---> Info: Document install_python_modules
In file included from ../src/components/MuonMDT_Cabling_entries.cxx:4:0:
/home/jwsmith/HDD/AtlasOfflineBuild-framework/InstallArea/AtlasConditions/AtlasConditions-20.1.0/MuonSpectrometer/MuonCablings/MuonMDT_Cabling/MuonMDT_Cabling/MdtTestCabling.h:24:7: warning: class MdtTestCabling derives directly from Algorithm; should derive from AthAlgorithm instead.  (See <https://twiki.cern.ch/twiki/bin/view/AtlasComputing/ImprovingSoftware>.)
 class MdtTestCabling : public Algorithm {
       ^
In file included from ../src/MdtTestCabling.cxx:1:0:
/home/jwsmith/HDD/AtlasOfflineBuild-framework/InstallArea/AtlasConditions/AtlasConditions-20.1.0/MuonSpectrometer/MuonCablings/MuonMDT_Cabling/MuonMDT_Cabling/MdtTestCabling.h:24:7: warning: class MdtTestCabling derives directly from Algorithm; should derive from AthAlgorithm instead.  (See <https://twiki.cern.ch/twiki/bin/view/AtlasComputing/ImprovingSoftware>.)
 class MdtTestCabling : public Algorithm {
       ^
#CMT---> Info: Document MuonMDT_CablingLib_optdebug_library
#CMT---> Info: Document MuonMDT_CablingConf
#CMT---> Info: Document MuonMDT_CablingCLIDDB
#CMT---> Info: Document MuonMDT_Cabling_optdebug_library
#CMT---> Info: Document MuonMDT_Cabling_python_init
#CMT---> Info: Document MuonMDT_CablingConfDbMerge
#CMT---> Info: Document MuonMDT_CablingComponentsList
#CMT---> Info: Document MuonMDT_CablingMergeComponentsList
#CMT---> Info: Document checkreq
#CMT---> Info: Document check_install_python_modules
#CMT---> Info: Library MuonCablingServersLib
#CMT---> Info: Library MuonCablingServers
#CMT---> Info: Document install_root_include_path
#CMT---> Info: Document install_includes
#CMT---> Info: Document install_python_modules
In file included from ../src/RPCcablingServerSvc.cxx:1:0:
/home/jwsmith/HDD/AtlasOfflineBuild-framework/InstallArea/AtlasConditions/AtlasConditions-20.1.0/MuonSpectrometer/MuonCablings/MuonCablingServers/MuonCablingServers/RPCcablingServerSvc.h:15:7: warning: class RPCcablingServerSvc derives directly from Service; should derive from AthService instead.  (See <https://twiki.cern.ch/twiki/bin/view/AtlasComputing/ImprovingSoftware>.)
 class RPCcablingServerSvc : public Service, 
       ^
In file included from ../src/components/MuonCablingServers_entries.cxx:2:0:
/home/jwsmith/HDD/AtlasOfflineBuild-framework/InstallArea/AtlasConditions/AtlasConditions-20.1.0/MuonSpectrometer/MuonCablings/MuonCablingServers/MuonCablingServers/RPCcablingServerSvc.h:15:7: warning: class RPCcablingServerSvc derives directly from Service; should derive from AthService instead.  (See <https://twiki.cern.ch/twiki/bin/view/AtlasComputing/ImprovingSoftware>.)
 class RPCcablingServerSvc : public Service, 
       ^
In file included from ../src/TGCcablingServerSvc.cxx:14:0:
/home/jwsmith/HDD/AtlasOfflineBuild-framework/InstallArea/AtlasConditions/AtlasConditions-20.1.0/MuonSpectrometer/MuonCablings/MuonCablingServers/MuonCablingServers/TGCcablingServerSvc.h:13:7: warning: class TGCcablingServerSvc derives directly from Service; should derive from AthService instead.  (See <https://twiki.cern.ch/twiki/bin/view/AtlasComputing/ImprovingSoftware>.)
 class TGCcablingServerSvc : public Service, 
       ^
In file included from ../src/components/MuonCablingServers_entries.cxx:3:0:
/home/jwsmith/HDD/AtlasOfflineBuild-framework/InstallArea/AtlasConditions/AtlasConditions-20.1.0/MuonSpectrometer/MuonCablings/MuonCablingServers/MuonCablingServers/TGCcablingServerSvc.h:13:7: warning: class TGCcablingServerSvc derives directly from Service; should derive from AthService instead.  (See <https://twiki.cern.ch/twiki/bin/view/AtlasComputing/ImprovingSoftware>.)
 class TGCcablingServerSvc : public Service, 
       ^
#CMT---> Info: Document MuonCablingServersLib_optdebug_library
#CMT---> Info: Document MuonCablingServersCLIDDB
#CMT---> Info: Document MuonCablingServersConf
#CMT---> Info: Document MuonCablingServers_optdebug_library
#CMT---> Info: Document MuonCablingServersComponentsList
#CMT---> Info: Document MuonCablingServers_python_init
#CMT---> Info: Document MuonCablingServersConfDbMerge
#CMT---> Info: Document MuonCablingServersMergeComponentsList
#CMT--->#CMT---> Info: Document checkreq
#CMT---> Info: Document install_includes
 Info: Library IOVDbTestConditions
#CMT---> Info: Document install_root_include_path
#CMT---> Info: Document IOVDbTestConditionsGen
#CMT---> Info: calculating dependencies for ../IOVDbTestConditions/IOVDbTestConditionsDict.h
#CMT---> Info: Document IOVDbTestConditions_optdebug_library
#CMT---> Info: Library IOVDbTestConditionsDict
#CMT---> Info: Document check_install_IOVDbTestConditionsDict_IOVDbTestConditionsdictrootmap
#CMT---> Info: Document install_IOVDbTestConditionsDict_IOVDbTestConditionsdictrootmap
#CMT---> Info: Document IOVDbTestConditionsDictMerge
#CMT---> Info: Document IOVDbTestConditionsDict_optdebug_library
#CMT---> Info: calculating dependencies for ../IOVDbTestConditions/IOVDbTestConditionsDict.h
#CMT---> Info: Document checkreq
#CMT---> Info: Document check_install_scripts
#CMT---> Info: Document install_root_include_path
#CMT---> Info: Library DetDescrCondTools
#CMT---> Info: Document install_includes
#CMT---> Info: Document install_scripts
In file included from ../src/CoolStrFileSvc.cxx:9:0:
../src/CoolStrFileSvc.h:10:7: warning: class CoolStrFileSvc derives directly from Service; should derive from AthService instead.  (See <https://twiki.cern.ch/twiki/bin/view/AtlasComputing/ImprovingSoftware>.)
 class CoolStrFileSvc : public virtual ICoolStrFileSvc, public virtual Service
       ^
In file included from ../src/components/DetDescrCondTools_entries.cxx:1:0:
/home/jwsmith/HDD/AtlasOfflineBuild-framework/InstallArea/AtlasConditions/AtlasConditions-20.1.0/DetectorDescription/DetDescrCond/DetDescrCondTools/DetDescrCondTools/AlignTransTool.h:26:7: warning: class AlignTransTool derives directly from AlgTool; should derive from AthAlgTool instead.  (See <https://twiki.cern.ch/twiki/bin/view/AtlasComputing/ImprovingSoftware>.)
 class AlignTransTool: public AlgTool {
       ^
In file included from ../src/components/DetDescrCondTools_entries.cxx:2:0:
../src/components/../CoolStrFileSvc.h:10:7: warning: class CoolStrFileSvc derives directly from Service; should derive from AthService instead.  (See <https://twiki.cern.ch/twiki/bin/view/AtlasComputing/ImprovingSoftware>.)
 class CoolStrFileSvc : public virtual ICoolStrFileSvc, public virtual Service
       ^
In file included from ../src/components/DetDescrCondTools_entries.cxx:3:0:
../src/components/../CoolHistSvc.h:15:7: warning: class CoolHistSvc derives directly from Service; should derive from AthService instead.  (See <https://twiki.cern.ch/twiki/bin/view/AtlasComputing/ImprovingSoftware>.)
 class CoolHistSvc : public virtual ICoolHistSvc, 
       ^
In file included from ../src/CoolHistSvc.cxx:25:0:
../src/CoolHistSvc.h:15:7: warning: class CoolHistSvc derives directly from Service; should derive from AthService instead.  (See <https://twiki.cern.ch/twiki/bin/view/AtlasComputing/ImprovingSoftware>.)
 class CoolHistSvc : public virtual ICoolHistSvc, 
       ^
In file included from ../src/AlignTransTool.cxx:11:0:
/home/jwsmith/HDD/AtlasOfflineBuild-framework/InstallArea/AtlasConditions/AtlasConditions-20.1.0/DetectorDescription/DetDescrCond/DetDescrCondTools/DetDescrCondTools/AlignTransTool.h:26:7: warning: class AlignTransTool derives directly from AlgTool; should derive from AthAlgTool instead.  (See <https://twiki.cern.ch/twiki/bin/view/AtlasComputing/ImprovingSoftware>.)
 class AlignTransTool: public AlgTool {
       ^
#CMT---> Info: Document DetDescrCondToolsCLIDDB
#CMT---> Info: Document DetDescrCondTools_optdebug_library
#CMT---> Info: Document DetDescrCondToolsComponentsList
#CMT---> Info: Document DetDescrCondToolsMergeComponentsList
#CMT---> Info: Document checkreq
#CMT---> Info: Document install_includes
#CMT---> Info: Document install_root_include_path
#CMT---> Info: Document TBDetDescrAthenaPoolPoolCnvGen
#CMT---> Info: calculating dependencies for /home/jwsmith/HDD/AtlasOfflineBuild-framework/InstallArea/AtlasConditions/AtlasConditions-20.1.0/TestBeam/TBDetDescr/TBDetDescr/TBElementContainer.h
#CMT---> Info: Document install_pool_joboptions
#CMT---> Info: Library TBDetDescrAthenaPoolPoolCnv
#CMT---> Info: Document TBDetDescrAthenaPoolPoolCnvComponentsList
#CMT---> Info: Document TBDetDescrAthenaPoolPoolCnv_optdebug_library
#CMT---> Info: Document TBDetDescrAthenaPoolPoolCnvMergeComponentsList
#CMT---> Info: Document checkreq
#CMT---> Info: Document install_includes
#CMT---> Info: Document install_root_include_path
#CMT---> Info: Document MuonConditionsAthenaPoolGen
#CMT---> Info: calculating dependencies for ../MuonConditionsAthenaPool/MuonConditionsAthenaPoolDict.h
#CMT---> Info: Library MuonConditionsAthenaPoolDict
#CMT---> Info: Document check_install_MuonConditionsAthenaPoolDict_MuonConditionsAthenaPooldictrootmap
#CMT---> Info: Document install_MuonConditionsAthenaPoolDict_MuonConditionsAthenaPooldictrootmap
#CMT---> Info: Document MuonConditionsAthenaPoolPoolCnvGen
#CMT---> Info: Document MuonConditionsAthenaPoolDict_optdebug_library
#CMT---> Info: Document MuonConditionsAthenaPoolDictMerge
#CMT---> Info: calculating dependencies for ../MuonConditionsAthenaPool/MuonConditionsAthenaPoolDict.h
#CMT---> Info: calculating dependencies for /home/jwsmith/HDD/AtlasOfflineBuild-framework/InstallArea/AtlasConditions/AtlasConditions-20.1.0/MuonSpectrometer/MuonConditions/MuonByteStreamErrors/MuonByteStreamErrors/RpcByteStreamErrorContainer.h
#CMT---> Info: Document install_pool_joboptions
#CMT---> Info: Library MuonConditionsAthenaPoolPoolCnv
#CMT---> Info: Document MuonConditionsAthenaPoolPoolCnv_optdebug_library
#CMT---> Info: Document MuonConditionsAthenaPoolPoolCnvComponentsList
#CMT---> Info: Document MuonConditionsAthenaPoolPoolCnvMergeComponentsList
#CMT---> Info: Document checkreq
#CMT---> Info: Document install_includes
#CMT---> Info: Document install_root_include_path
#CMT---> Info: Library LArCondTPCnv
#CMT---> Info: Document ARA_LArCondTPCnvGen
#CMT---> Info: Document LArCondTPCnvGen
#CMT---> Info: Document OLD_LArCondTPCnvGen
#CMT---> Info: calculating dependencies for ../LArCondTPCnv/LArCondTPCnvDict.h
#CMT---> Info: calculating dependencies for ../LArCondTPCnv/LArCondTPCnvDict.h
#CMT---> Info: calculating dependencies for ../LArCondTPCnv/LArCondTPCnvDict.h
#CMT---> Info: Library LArCondTPCnvDict
#CMT---> Info: Document check_install_LArCondTPCnvDict_LArCondTPCnvdictrootmap
#CMT---> Info: Library ARA_LArCondTPCnvDict
#CMT---> Info: Document check_install_ARA_LArCondTPCnvDict_ARA_LArCondTPCnvdictrootmap
#CMT---> Info: Library OLD_LArCondTPCnvDict
#CMT---> Info: Document check_install_OLD_LArCondTPCnvDict_OLD_LArCondTPCnvdictrootmap
#CMT---> Info: Document install_LArCondTPCnvDict_LArCondTPCnvdictrootmap
#CMT---> Info: Document install_ARA_LArCondTPCnvDict_ARA_LArCondTPCnvdictrootmap
#CMT---> Info: Document install_OLD_LArCondTPCnvDict_OLD_LArCondTPCnvdictrootmap
#CMT---> Info: Document LArCondTPCnv_optdebug_library
#CMT---> Info: Document LArCondTPCnvComponentsList
#CMT---> Info: Document LArCondTPCnvMergeComponentsList
#CMT---> Info: Document LArCondTPCnvDict_optdebug_library
#CMT---> Info: Document LArCondTPCnvDictMerge
#CMT---> Info: Document OLD_LArCondTPCnvDict_optdebug_library
#CMT---> Info: Document OLD_LArCondTPCnvDictMerge
#CMT---> Info: calculating dependencies for ../LArCondTPCnv/LArCondTPCnvDict.h
#CMT---> Info: calculating dependencies for ../LArCondTPCnv/LArCondTPCnvDict.h
#CMT---> Info: Document ARA_LArCondTPCnvDict_optdebug_library
#CMT---> Info: Document ARA_LArCondTPCnvDictMerge
#CMT---> Info: calculating dependencies for ../LArCondTPCnv/LArCondTPCnvDict.h
#CMT---> Info: Document checkreq
#CMT---> Info: Document check_install_joboptions
#CMT---> Info: Document install_root_include_path
#CMT---> Info: Document LArCondAthenaPoolPoolCnvGen
#CMT---> Info: Document install_includes
#CMT---> Info: calculating dependencies for /home/jwsmith/HDD/AtlasOfflineBuild-framework/InstallArea/AtlasConditions/AtlasConditions-20.1.0/LArCalorimeter/LArRawConditions/LArRawConditions/LArAutoCorrComplete.h
#CMT---> Info: Document install_joboptions
#CMT---> Info: calculating dependencies for /home/jwsmith/HDD/AtlasOfflineBuild-framework/InstallArea/AtlasConditions/AtlasConditions-20.1.0/LArCalorimeter/LArRawConditions/LArRawConditions/LArAutoCorrMC.h
#CMT---> Info: calculating dependencies for /home/jwsmith/HDD/AtlasOfflineBuild-framework/InstallArea/AtlasConditions/AtlasConditions-20.1.0/LArCalorimeter/LArRawConditions/LArRawConditions/LArCaliPulseParamsComplete.h
#CMT---> Info: calculating dependencies for /home/jwsmith/HDD/AtlasOfflineBuild-framework/InstallArea/AtlasConditions/AtlasConditions-20.1.0/LArCalorimeter/LArRawConditions/LArRawConditions/LArDAC2uAComplete.h
#CMT---> Info: calculating dependencies for /home/jwsmith/HDD/AtlasOfflineBuild-framework/InstallArea/AtlasConditions/AtlasConditions-20.1.0/LArCalorimeter/LArRawConditions/LArRawConditions/LArDAC2uAMC.h
#CMT---> Info: calculating dependencies for /home/jwsmith/HDD/AtlasOfflineBuild-framework/InstallArea/AtlasConditions/AtlasConditions-20.1.0/LArCalorimeter/LArRawConditions/LArRawConditions/LArDetCellParamsComplete.h
#CMT---> Info: calculating dependencies for /home/jwsmith/HDD/AtlasOfflineBuild-framework/InstallArea/AtlasConditions/AtlasConditions-20.1.0/LArCalorimeter/LArRawConditions/LArRawConditions/LArfSamplComplete.h
#CMT---> Info: calculating dependencies for /home/jwsmith/HDD/AtlasOfflineBuild-framework/InstallArea/AtlasConditions/AtlasConditions-20.1.0/LArCalorimeter/LArRawConditions/LArRawConditions/LArfSamplMC.h
#CMT---> Info: calculating dependencies for /home/jwsmith/HDD/AtlasOfflineBuild-framework/InstallArea/AtlasConditions/AtlasConditions-20.1.0/LArCalorimeter/LArRawConditions/LArRawConditions/LArH6OscillationComplete.h
#CMT---> Info: calculating dependencies for /home/jwsmith/HDD/AtlasOfflineBuild-framework/InstallArea/AtlasConditions/AtlasConditions-20.1.0/LArCalorimeter/LArRawConditions/LArRawConditions/LArMinBiasComplete.h
#CMT---> Info: calculating dependencies for /home/jwsmith/HDD/AtlasOfflineBuild-framework/InstallArea/AtlasConditions/AtlasConditions-20.1.0/LArCalorimeter/LArRawConditions/LArRawConditions/LArMinBiasMC.h
#CMT---> Info: calculating dependencies for /home/jwsmith/HDD/AtlasOfflineBuild-framework/InstallArea/AtlasConditions/AtlasConditions-20.1.0/LArCalorimeter/LArRawConditions/LArRawConditions/LArMinBiasAverageComplete.h
#CMT---> Info: calculating dependencies for /home/jwsmith/HDD/AtlasOfflineBuild-framework/InstallArea/AtlasConditions/AtlasConditions-20.1.0/LArCalorimeter/LArRawConditions/LArRawConditions/LArMinBiasAverageMC.h
#CMT---> Info: calculating dependencies for /home/jwsmith/HDD/AtlasOfflineBuild-framework/InstallArea/AtlasConditions/AtlasConditions-20.1.0/LArCalorimeter/LArRawConditions/LArRawConditions/LArMphysOverMcalComplete.h
#CMT---> Info: calculating dependencies for /home/jwsmith/HDD/AtlasOfflineBuild-framework/InstallArea/AtlasConditions/AtlasConditions-20.1.0/LArCalorimeter/LArRawConditions/LArRawConditions/LArMphysOverMcalMC.h
#CMT---> Info: calculating dependencies for /home/jwsmith/HDD/AtlasOfflineBuild-framework/InstallArea/AtlasConditions/AtlasConditions-20.1.0/LArCalorimeter/LArRawConditions/LArRawConditions/LArNoiseComplete.h
#CMT---> Info: calculating dependencies for /home/jwsmith/HDD/AtlasOfflineBuild-framework/InstallArea/AtlasConditions/AtlasConditions-20.1.0/LArCalorimeter/LArRawConditions/LArRawConditions/LArNoiseMC.h
#CMT---> Info: calculating dependencies for /home/jwsmith/HDD/AtlasOfflineBuild-framework/InstallArea/AtlasConditions/AtlasConditions-20.1.0/LArCalorimeter/LArRawConditions/LArRawConditions/LArOFCComplete.h
#CMT---> Info: calculating dependencies for /home/jwsmith/HDD/AtlasOfflineBuild-framework/InstallArea/AtlasConditions/AtlasConditions-20.1.0/LArCalorimeter/LArRawConditions/LArRawConditions/LArOFCMC.h
#CMT---> Info: calculating dependencies for /home/jwsmith/HDD/AtlasOfflineBuild-framework/InstallArea/AtlasConditions/AtlasConditions-20.1.0/LArCalorimeter/LArRawConditions/LArRawConditions/LArPedestalComplete.h
#CMT---> Info: calculating dependencies for /home/jwsmith/HDD/AtlasOfflineBuild-framework/InstallArea/AtlasConditions/AtlasConditions-20.1.0/LArCalorimeter/LArRawConditions/LArRawConditions/LArPedestalMC.h
#CMT---> Info: calculating dependencies for /home/jwsmith/HDD/AtlasOfflineBuild-framework/InstallArea/AtlasConditions/AtlasConditions-20.1.0/LArCalorimeter/LArRawConditions/LArRawConditions/LArPhysCaliTdiffComplete.h
#CMT---> Info: calculating dependencies for /home/jwsmith/HDD/AtlasOfflineBuild-framework/InstallArea/AtlasConditions/AtlasConditions-20.1.0/LArCalorimeter/LArRawConditions/LArRawConditions/LArRampComplete.h
#CMT---> Info: calculating dependencies for /home/jwsmith/HDD/AtlasOfflineBuild-framework/InstallArea/AtlasConditions/AtlasConditions-20.1.0/LArCalorimeter/LArRawConditions/LArRawConditions/LArRampMC.h
#CMT---> Info: calculating dependencies for /home/jwsmith/HDD/AtlasOfflineBuild-framework/InstallArea/AtlasConditions/AtlasConditions-20.1.0/LArCalorimeter/LArRawConditions/LArRawConditions/LArShapeComplete.h
#CMT---> Info: calculating dependencies for /home/jwsmith/HDD/AtlasOfflineBuild-framework/InstallArea/AtlasConditions/AtlasConditions-20.1.0/LArCalorimeter/LArRawConditions/LArRawConditions/LArShapeMC.h
#CMT---> Info: calculating dependencies for /home/jwsmith/HDD/AtlasOfflineBuild-framework/InstallArea/AtlasConditions/AtlasConditions-20.1.0/LArCalorimeter/LArRawConditions/LArRawConditions/LArShape32MC.h
#CMT---> Info: calculating dependencies for /home/jwsmith/HDD/AtlasOfflineBuild-framework/InstallArea/AtlasConditions/AtlasConditions-20.1.0/LArCalorimeter/LArRawConditions/LArRawConditions/LArTdriftComplete.h
#CMT---> Info: calculating dependencies for /home/jwsmith/HDD/AtlasOfflineBuild-framework/InstallArea/AtlasConditions/AtlasConditions-20.1.0/LArCalorimeter/LArRawConditions/LArRawConditions/LAruA2MeVComplete.h
#CMT---> Info: calculating dependencies for /home/jwsmith/HDD/AtlasOfflineBuild-framework/InstallArea/AtlasConditions/AtlasConditions-20.1.0/LArCalorimeter/LArRawConditions/LArRawConditions/LAruA2MeVMC.h
#CMT---> Info: calculating dependencies for /home/jwsmith/HDD/AtlasOfflineBuild-framework/InstallArea/AtlasConditions/AtlasConditions-20.1.0/LArCalorimeter/LArRawConditions/LArRawConditions/LArWFParamsContainer.h
#CMT---> Info: calculating dependencies for /home/jwsmith/HDD/AtlasOfflineBuild-framework/InstallArea/AtlasConditions/AtlasConditions-20.1.0/LArCalorimeter/LArRawConditions/LArRawConditions/LArOFCBinComplete.h
#CMT---> Info: calculating dependencies for /home/jwsmith/HDD/AtlasOfflineBuild-framework/InstallArea/AtlasConditions/AtlasConditions-20.1.0/LArCalorimeter/LArRawConditions/LArRawConditions/LArRinjComplete.h
#CMT---> Info: calculating dependencies for /home/jwsmith/HDD/AtlasOfflineBuild-framework/InstallArea/AtlasConditions/AtlasConditions-20.1.0/LArCalorimeter/LArRawConditions/LArRawConditions/LArCableLengthComplete.h
#CMT---> Info: calculating dependencies for /home/jwsmith/HDD/AtlasOfflineBuild-framework/InstallArea/AtlasConditions/AtlasConditions-20.1.0/LArCalorimeter/LArRawConditions/LArRawConditions/LArCableAttenuationComplete.h
#CMT---> Info: calculating dependencies for /home/jwsmith/HDD/AtlasOfflineBuild-framework/InstallArea/AtlasConditions/AtlasConditions-20.1.0/LArCalorimeter/LArRawConditions/LArRawConditions/LArTshaperComplete.h
#CMT---> Info: calculating dependencies for /home/jwsmith/HDD/AtlasOfflineBuild-framework/InstallArea/AtlasConditions/AtlasConditions-20.1.0/LArCalorimeter/LArRawConditions/LArRawConditions/LArEMEC_CphiComplete.h
#CMT---> Info: calculating dependencies for /home/jwsmith/HDD/AtlasOfflineBuild-framework/InstallArea/AtlasConditions/AtlasConditions-20.1.0/LArCalorimeter/LArRawConditions/LArRawConditions/LArEMEC_HValphaComplete.h
#CMT---> Info: calculating dependencies for /home/jwsmith/HDD/AtlasOfflineBuild-framework/InstallArea/AtlasConditions/AtlasConditions-20.1.0/LArCalorimeter/LArRawConditions/LArRawConditions/LArEMEC_HVbetaComplete.h
#CMT---> Info: calculating dependencies for /home/jwsmith/HDD/AtlasOfflineBuild-framework/InstallArea/AtlasConditions/AtlasConditions-20.1.0/LArCalorimeter/LArRawConditions/LArRawConditions/LArCaliWaveContainer.h
#CMT---> Info: calculating dependencies for /home/jwsmith/HDD/AtlasOfflineBuild-framework/InstallArea/AtlasConditions/AtlasConditions-20.1.0/LArCalorimeter/LArRawConditions/LArRawConditions/LArPhysWaveContainer.h
#CMT---> Info: calculating dependencies for /home/jwsmith/HDD/AtlasOfflineBuild-framework/InstallArea/AtlasConditions/AtlasConditions-20.1.0/LArCalorimeter/LArRawConditions/LArRawConditions/LArHVScaleCorrComplete.h
#CMT---> Info: calculating dependencies for /home/jwsmith/HDD/AtlasOfflineBuild-framework/InstallArea/AtlasConditions/AtlasConditions-20.1.0/LArCalorimeter/LArRawConditions/LArRawConditions/LArDSPThresholdsComplete.h
#CMT---> Info: calculating dependencies for /home/jwsmith/HDD/AtlasOfflineBuild-framework/InstallArea/AtlasConditions/AtlasConditions-20.1.0/LArCalorimeter/LArRawConditions/LArRawConditions/LArFEBTimeOffset.h
#CMT---> Info: calculating dependencies for /home/jwsmith/HDD/AtlasOfflineBuild-framework/InstallArea/AtlasConditions/AtlasConditions-20.1.0/LArCalorimeter/LArRawConditions/LArRawConditions/LArCalibParams.h
#CMT---> Info: calculating dependencies for /home/jwsmith/HDD/AtlasOfflineBuild-framework/InstallArea/AtlasConditions/AtlasConditions-20.1.0/LArCalorimeter/LArRawConditions/LArRawConditions/LArGlobalTimeOffset.h
#CMT---> Info: calculating dependencies for /home/jwsmith/HDD/AtlasOfflineBuild-framework/InstallArea/AtlasConditions/AtlasConditions-20.1.0/LArCalorimeter/LArRawConditions/LArRawConditions/LArCaliPulseParamsVsCalib.h
#CMT---> Info: Library LArCondAthenaPoolPoolCnv
#CMT---> Info: Document install_pool_joboptions
#CMT---> Info: Document LArCondAthenaPoolPoolCnv_optdebug_library
#CMT---> Info: Document LArCondAthenaPoolPoolCnvComponentsList
#CMT---> Info: Document LArCondAthenaPoolPoolCnvMergeComponentsList
#CMT---> Info: Document checkreq
#CMT---> Info: #CMT---> Info: Document install_includes
Document install_root_include_path
#CMT---> Info: Document InDetConditionsAthenaPoolCnvGen
#CMT---> Info: calculating dependencies for ../InDetConditionsAthenaPool/InDetConditionsAthenaPoolCnvDict.h
#CMT---> Info: Document check_install_InDetConditionsAthenaPoolCnvDict_InDetConditionsAthenaPoolCnvdictrootmap
#CMT---> Info: Library InDetConditionsAthenaPoolCnvDict
#CMT---> Info: Document install_InDetConditionsAthenaPoolCnvDict_InDetConditionsAthenaPoolCnvdictrootmap
#CMT---> Info: Document InDetConditionsAthenaPoolCnvDict_optdebug_library
#CMT---> Info: Document InDetConditionsAthenaPoolCnvDictMerge
#CMT---> Info: Document InDetConditionsAthenaPoolPoolCnvGen
#CMT---> Info: calculating dependencies for ../InDetConditionsAthenaPool/InDetConditionsAthenaPoolCnvDict.h
#CMT---> Info: calculating dependencies for /home/jwsmith/HDD/AtlasOfflineBuild-framework/InstallArea/AtlasConditions/AtlasConditions-20.1.0/InnerDetector/InDetConditions/TRT_ConditionsData/TRT_ConditionsData/TRTRtFloat.h
#CMT---> Info: calculating dependencies for /home/jwsmith/HDD/AtlasOfflineBuild-framework/InstallArea/AtlasConditions/AtlasConditions-20.1.0/InnerDetector/InDetConditions/TRT_ConditionsData/TRT_ConditionsData/TRTWeiFloat.h
#CMT---> Info: calculating dependencies for /home/jwsmith/HDD/AtlasOfflineBuild-framework/InstallArea/AtlasConditions/AtlasConditions-20.1.0/InnerDetector/InDetConditions/TRT_ConditionsData/TRT_ConditionsData/TRTAliFloat.h
#CMT---> Info: calculating dependencies for /home/jwsmith/HDD/AtlasOfflineBuild-framework/InstallArea/AtlasConditions/AtlasConditions-20.1.0/InnerDetector/InDetConditions/TRT_ConditionsData/TRT_ConditionsData/TRTStrawStatusData.h
#CMT---> Info: calculating dependencies for /home/jwsmith/HDD/AtlasOfflineBuild-framework/InstallArea/AtlasConditions/AtlasConditions-20.1.0/InnerDetector/InDetConditions/TRT_ConditionsData/TRT_ConditionsData/FloatArrayStore.h
#CMT---> Info: calculating dependencies for /home/jwsmith/HDD/AtlasOfflineBuild-framework/InstallArea/AtlasConditions/AtlasConditions-20.1.0/InnerDetector/InDetConditions/TRT_ConditionsData/TRT_ConditionsData/StrawT0Container.h
#CMT---> Info: calculating dependencies for /home/jwsmith/HDD/AtlasOfflineBuild-framework/InstallArea/AtlasConditions/AtlasConditions-20.1.0/InnerDetector/InDetConditions/TRT_ConditionsData/TRT_ConditionsData/RtRelationContainer.h
#CMT---> Info: calculating dependencies for /home/jwsmith/HDD/AtlasOfflineBuild-framework/InstallArea/AtlasConditions/AtlasConditions-20.1.0/InnerDetector/InDetConditions/TRT_ConditionsData/TRT_ConditionsData/StrawDxContainer.h
#CMT---> Info: calculating dependencies for /home/jwsmith/HDD/AtlasOfflineBuild-framework/InstallArea/AtlasConditions/AtlasConditions-20.1.0/InnerDetector/InDetConditions/TRT_ConditionsData/TRT_ConditionsData/StrawT0MultChanContainer.h
#CMT---> Info: calculating dependencies for /home/jwsmith/HDD/AtlasOfflineBuild-framework/InstallArea/AtlasConditions/AtlasConditions-20.1.0/InnerDetector/InDetConditions/TRT_ConditionsData/TRT_ConditionsData/RtRelationMultChanContainer.h
#CMT---> Info: calculating dependencies for /home/jwsmith/HDD/AtlasOfflineBuild-framework/InstallArea/AtlasConditions/AtlasConditions-20.1.0/InnerDetector/InDetConditions/TRT_ConditionsData/TRT_ConditionsData/StrawDxMultChanContainer.h
#CMT---> Info: calculating dependencies for /home/jwsmith/HDD/AtlasOfflineBuild-framework/InstallArea/AtlasConditions/AtlasConditions-20.1.0/InnerDetector/InDetConditions/TRT_ConditionsData/TRT_ConditionsData/StrawStatusMultChanContainer.h
#CMT---> Info: calculating dependencies for /home/jwsmith/HDD/AtlasOfflineBuild-framework/InstallArea/AtlasConditions/AtlasConditions-20.1.0/InnerDetector/InDetConditions/TRT_ConditionsData/TRT_ConditionsData/StrawStatusContainer.h
#CMT---> Info: calculating dependencies for /home/jwsmith/HDD/AtlasOfflineBuild-framework/InstallArea/AtlasConditions/AtlasConditions-20.1.0/InnerDetector/InDetConditions/InDetByteStreamErrors/InDetByteStreamErrors/InDetBSErrContainer.h
#CMT---> Info: calculating dependencies for /home/jwsmith/HDD/AtlasOfflineBuild-framework/InstallArea/AtlasConditions/AtlasConditions-20.1.0/InnerDetector/InDetConditions/InDetByteStreamErrors/InDetByteStreamErrors/TRT_BSIdErrContainer.h
#CMT---> Info: calculating dependencies for /home/jwsmith/HDD/AtlasOfflineBuild-framework/InstallArea/AtlasConditions/AtlasConditions-20.1.0/InnerDetector/InDetConditions/InDetByteStreamErrors/InDetByteStreamErrors/TRT_BSErrContainer.h
#CMT---> Info: Document install_pool_joboptions
#CMT---> Info: Library InDetConditionsAthenaPoolPoolCnv
#CMT---> Info: Document InDetConditionsAthenaPoolPoolCnvComponentsList
#CMT---> Info: Document InDetConditionsAthenaPoolPoolCnv_optdebug_library
#CMT---> Info: Document InDetConditionsAthenaPoolPoolCnvMergeComponentsList
#CMT---> Info: Document checkreq
#CMT---> Info: Document install_includes
#CMT---> Info: Library DetDescrCondTPCnv
#CMT---> Info: Document install_root_include_path
#CMT---> Info: Document DetDescrCondTPCnvGen
#CMT---> Info: calculating dependencies for ../DetDescrCondTPCnv/DetDescrCondTPCnvDict.h
#CMT---> Info: Library DetDescrCondTPCnvDict
#CMT---> Info: Document check_install_DetDescrCondTPCnvDict_DetDescrCondTPCnvdictrootmap
#CMT---> Info: Document install_DetDescrCondTPCnvDict_DetDescrCondTPCnvdictrootmap
#CMT---> Info: Document DetDescrCondTPCnv_optdebug_library
#CMT---> Info: Document DetDescrCondTPCnvComponentsList
#CMT---> Info: Document DetDescrCondTPCnvMergeComponentsList
#CMT---> Info: Document DetDescrCondTPCnvDict_optdebug_library
#CMT---> Info: Document DetDescrCondTPCnvDictMerge
#CMT---> Info: calculating dependencies for ../DetDescrCondTPCnv/DetDescrCondTPCnvDict.h
#CMT---> Info: Document checkreq
#CMT---> Info: Document DetDescrCondAthenaPoolPoolCnvGen
#CMT---> Info: Document install_root_include_path
#CMT---> Info: Document install_includes
#CMT---> Info: calculating dependencies for /home/jwsmith/HDD/AtlasOfflineBuild-framework/InstallArea/AtlasConditions/AtlasConditions-20.1.0/DetectorDescription/DetDescrCond/DetDescrConditions/DetDescrConditions/AlignableTransform.h
#CMT---> Info: calculating dependencies for /home/jwsmith/HDD/AtlasOfflineBuild-framework/InstallArea/AtlasConditions/AtlasConditions-20.1.0/DetectorDescription/DetDescrCond/DetDescrConditions/DetDescrConditions/AlignableTransformContainer.h
#CMT---> Info: calculating dependencies for /home/jwsmith/HDD/AtlasOfflineBuild-framework/InstallArea/AtlasConditions/AtlasConditions-20.1.0/DetectorDescription/DetDescrCond/DetDescrConditions/DetDescrConditions/DetCondCFloat.h
#CMT---> Info: calculating dependencies for /home/jwsmith/HDD/AtlasOfflineBuild-framework/InstallArea/AtlasConditions/AtlasConditions-20.1.0/DetectorDescription/DetDescrCond/DetDescrConditions/DetDescrConditions/DetCondKeyTrans.h
#CMT---> Info: calculating dependencies for /home/jwsmith/HDD/AtlasOfflineBuild-framework/InstallArea/AtlasConditions/AtlasConditions-20.1.0/DetectorDescription/DetDescrCond/DetDescrConditions/DetDescrConditions/DetStatusMap.h
#CMT---> Info: Document install_pool_joboptions
#CMT---> Info: Library DetDescrCondAthenaPoolPoolCnv
#CMT---> Info: Document DetDescrCondAthenaPoolPoolCnv_optdebug_library
#CMT---> Info: Document DetDescrCondAthenaPoolPoolCnvComponentsList
#CMT---> Info: Document DetDescrCondAthenaPoolPoolCnvMergeComponentsList
#CMT---> Info: Document checkreq
#CMT---> Info: Document install_root_include_path
#CMT---> Info: Document install_includes
#CMT---> Info: Document check_install_joboptions
#CMT---> Info: Document CaloCondAthenaPoolPoolCnvGen
#CMT---> Info: calculating dependencies for /home/jwsmith/HDD/AtlasOfflineBuild-framework/InstallArea/AtlasConditions/AtlasConditions-20.1.0/Calorimeter/CaloTriggerTool/CaloTriggerTool/LArTTCellMap.h
#CMT---> Info: calculating dependencies for /home/jwsmith/HDD/AtlasOfflineBuild-framework/InstallArea/AtlasConditions/AtlasConditions-20.1.0/Calorimeter/CaloTriggerTool/CaloTriggerTool/CaloTTOnOffIdMap.h
#CMT---> Info: calculating dependencies for /home/jwsmith/HDD/AtlasOfflineBuild-framework/InstallArea/AtlasConditions/AtlasConditions-20.1.0/Calorimeter/CaloTriggerTool/CaloTriggerTool/CaloTTOnAttrIdMap.h
#CMT---> Info: calculating dependencies for /home/jwsmith/HDD/AtlasOfflineBuild-framework/InstallArea/AtlasConditions/AtlasConditions-20.1.0/Calorimeter/CaloTriggerTool/CaloTriggerTool/CaloTTPpmRxIdMap.h
#CMT---> Info: Document install_joboptions
#CMT---> Info: calculating dependencies for /home/jwsmith/HDD/AtlasOfflineBuild-framework/InstallArea/AtlasConditions/AtlasConditions-20.1.0/Calorimeter/CaloConditions/CaloConditions/ToolConstants.h
#CMT---> Info: calculating dependencies for /home/jwsmith/HDD/AtlasOfflineBuild-framework/InstallArea/AtlasConditions/AtlasConditions-20.1.0/Calorimeter/CaloConditions/CaloConditions/CaloCellFactor.h
#CMT---> Info: calculating dependencies for /home/jwsmith/HDD/AtlasOfflineBuild-framework/InstallArea/AtlasConditions/AtlasConditions-20.1.0/Calorimeter/CaloConditions/CaloConditions/CaloCellPositionShift.h
#CMT---> Info: calculating dependencies for /home/jwsmith/HDD/AtlasOfflineBuild-framework/InstallArea/AtlasConditions/AtlasConditions-20.1.0/Calorimeter/CaloConditions/CaloConditions/CaloHadWeight.h
#CMT---> Info: calculating dependencies for /home/jwsmith/HDD/AtlasOfflineBuild-framework/InstallArea/AtlasConditions/AtlasConditions-20.1.0/Calorimeter/CaloConditions/CaloConditions/CaloEMFrac.h
#CMT---> Info: calculating dependencies for /home/jwsmith/HDD/AtlasOfflineBuild-framework/InstallArea/AtlasConditions/AtlasConditions-20.1.0/Calorimeter/CaloConditions/CaloConditions/CaloHadDMCoeff.h
#CMT---> Info: calculating dependencies for /home/jwsmith/HDD/AtlasOfflineBuild-framework/InstallArea/AtlasConditions/AtlasConditions-20.1.0/Calorimeter/CaloConditions/CaloConditions/CaloHadDMCoeff2.h
#CMT---> Info: calculating dependencies for /home/jwsmith/HDD/AtlasOfflineBuild-framework/InstallArea/AtlasConditions/AtlasConditions-20.1.0/Calorimeter/CaloConditions/CaloConditions/CaloLocalHadCoeff.h
#CMT---> Info: Document install_pool_joboptions
#CMT---> Info: Library CaloCondAthenaPoolPoolCnv
#CMT---> Info: Document CaloCondAthenaPoolPoolCnv_optdebug_library
#CMT---> Info: Document CaloCondAthenaPoolPoolCnvComponentsList
#CMT---> Info: Document CaloCondAthenaPoolPoolCnvMergeComponentsList
#CMT---> Info: Document IOVDbTestAthenaPoolPoolCnvGen
#CMT---> Info: Document checkreq
#CMT---> Info: Document install_includes
#CMT---> Info: Document install_root_include_path
#CMT---> Info: calculating dependencies for /home/jwsmith/HDD/AtlasOfflineBuild-framework/InstallArea/AtlasConditions/AtlasConditions-20.1.0/AtlasTest/DatabaseTest/IOVDbTestConditions/IOVDbTestConditions/IOVDbTestAmdbCorrection.h
#CMT---> Info: calculating dependencies for /home/jwsmith/HDD/AtlasOfflineBuild-framework/InstallArea/AtlasConditions/AtlasConditions-20.1.0/AtlasTest/DatabaseTest/IOVDbTestConditions/IOVDbTestConditions/IOVDbTestMDTEleMap.h
#CMT---> Info: calculating dependencies for /home/jwsmith/HDD/AtlasOfflineBuild-framework/InstallArea/AtlasConditions/AtlasConditions-20.1.0/AtlasTest/DatabaseTest/IOVDbTestConditions/IOVDbTestConditions/IOVDbTestMDTEleMapColl.h
#CMT---> Info: #CMT---> Info: Library IOVDbTestAthenaPoolPoolCnv
Document install_pool_joboptions
#CMT---> Info: Document IOVDbTestAthenaPoolPoolCnv_optdebug_library
#CMT---> Info: Document IOVDbTestAthenaPoolPoolCnvComponentsList
#CMT---> Info: Document IOVDbTestAthenaPoolPoolCnvMergeComponentsList
#CMT---> Info: Document checkreq
#CMT---> Info: Document check_install_joboptions
#CMT---> Info: Library TrigT1CaloCondSvc
#CMT---> Info: Document install_root_include_path
#CMT---> Info: Document install_includes
#CMT---> Info: Document install_joboptions
In file included from ../src/L1CaloCondSvc.cxx:9:0:
/home/jwsmith/HDD/AtlasOfflineBuild-framework/InstallArea/AtlasConditions/AtlasConditions-20.1.0/Trigger/TrigT1/TrigT1CaloCondSvc/TrigT1CaloCondSvc/L1CaloCondSvc.h:29:7: warning: class L1CaloCondSvc derives directly from Service; should derive from AthService instead.  (See <https://twiki.cern.ch/twiki/bin/view/AtlasComputing/ImprovingSoftware>.)
 class L1CaloCondSvc :  virtual public IInterface, virtual public Service
       ^
In file included from ../src/components/TrigT1CaloCondSvc_entries.cxx:3:0:
/home/jwsmith/HDD/AtlasOfflineBuild-framework/InstallArea/AtlasConditions/AtlasConditions-20.1.0/Trigger/TrigT1/TrigT1CaloCondSvc/TrigT1CaloCondSvc/L1CaloCondSvc.h:29:7: warning: class L1CaloCondSvc derives directly from Service; should derive from AthService instead.  (See <https://twiki.cern.ch/twiki/bin/view/AtlasComputing/ImprovingSoftware>.)
 class L1CaloCondSvc :  virtual public IInterface, virtual public Service
       ^
#CMT---> Info: Document TrigT1CaloCondSvcCLIDDB
#CMT---> Info: Document TrigT1CaloCondSvc_optdebug_library
#CMT---> Info: Document TrigT1CaloCondSvcComponentsList
#CMT---> Info: Document TrigT1CaloCondSvcMergeComponentsList
#CMT---> Info: Document checkreq
#CMT---> Info: Document install_root_include_path
#CMT---> Info: Document check_install_joboptions
#CMT---> Info: Library AthExBeginRun
#CMT---> Info: Document install_includes
#CMT---> Info: Document install_joboptions
#CMT---> Info: Document AthExBeginRun_optdebug_library
#CMT---> Info: Document AthExBeginRunCLIDDB
#CMT---> Info: Document AthExBeginRunComponentsList
#CMT---> Info: Document AthExBeginRunMergeComponentsList
#CMT--->#CMT---> Info: Document check_install_joboptions
 Info: Document checkreq
#CMT--->#CMT---> Info: Library IOVDbTestAlg
 Info: Document install_root_include_path
#CMT---> Info: Document install_includes
#CMT---> Info: Document install_joboptions
In file included from ../src/IOVDbTestAlg_entries.cxx:3:0:
/home/jwsmith/HDD/AtlasOfflineBuild-framework/InstallArea/AtlasConditions/AtlasConditions-20.1.0/AtlasTest/DatabaseTest/IOVDbTestAlg/IOVDbTestAlg/IOVDbTestAlg.h:30:7: warning: class IOVDbTestAlg derives directly from Algorithm; should derive from AthAlgorithm instead.  (See <https://twiki.cern.ch/twiki/bin/view/AtlasComputing/ImprovingSoftware>.)
 class IOVDbTestAlg: public Algorithm 
       ^
In file included from ../src/IOVDbTestAlg_entries.cxx:4:0:
/home/jwsmith/HDD/AtlasOfflineBuild-framework/InstallArea/AtlasConditions/AtlasConditions-20.1.0/AtlasTest/DatabaseTest/IOVDbTestAlg/IOVDbTestAlg/IOVDbTestCoolDCS.h:14:7: warning: class IOVDbTestCoolDCS derives directly from Algorithm; should derive from AthAlgorithm instead.  (See <https://twiki.cern.ch/twiki/bin/view/AtlasComputing/ImprovingSoftware>.)
 class IOVDbTestCoolDCS: public Algorithm
       ^
In file included from ../src/IOVDbTestAlg.cxx:3:0:
/home/jwsmith/HDD/AtlasOfflineBuild-framework/InstallArea/AtlasConditions/AtlasConditions-20.1.0/AtlasTest/DatabaseTest/IOVDbTestAlg/IOVDbTestAlg/IOVDbTestAlg.h:30:7: warning: class IOVDbTestAlg derives directly from Algorithm; should derive from AthAlgorithm instead.  (See <https://twiki.cern.ch/twiki/bin/view/AtlasComputing/ImprovingSoftware>.)
 class IOVDbTestAlg: public Algorithm 
       ^
In file included from ../src/IOVDbTestCoolDCS.cxx:11:0:
/home/jwsmith/HDD/AtlasOfflineBuild-framework/InstallArea/AtlasConditions/AtlasConditions-20.1.0/AtlasTest/DatabaseTest/IOVDbTestAlg/IOVDbTestAlg/IOVDbTestCoolDCS.h:14:7: warning: class IOVDbTestCoolDCS derives directly from Algorithm; should derive from AthAlgorithm instead.  (See <https://twiki.cern.ch/twiki/bin/view/AtlasComputing/ImprovingSoftware>.)
 class IOVDbTestCoolDCS: public Algorithm
       ^
#CMT---> Info: Document IOVDbTestAlgCLIDDB
#CMT---> Info: Document IOVDbTestAlg_optdebug_library
#CMT---> Info: Document IOVDbTestAlgComponentsList
#CMT---> Info: Document IOVDbTestAlgMergeComponentsList
#CMT---> Info: Document install_root_include_path
#CMT---> Info: Document install_includes
#CMT---> Info: Document checkreq
#CMT---> Info: Library MuonGMdbObjects
#CMT---> Info: Document MuonGMdbObjects_optdebug_library
#CMT---> Info: Document checkreq
#CMT---> Info: Document check_install_joboptions
#CMT---> Info: Document install_root_include_path
#CMT---> Info: Library BFieldAth
#CMT---> Info: Document install_includes
#CMT---> Info: Document install_joboptions
In file included from ../src/MagFieldAthenaSvc.cxx:1:0:
../src/MagFieldAthenaSvc.h:23:7: warning: class MagFieldAthenaSvc derives directly from Service; should derive from AthService instead.  (See <https://twiki.cern.ch/twiki/bin/view/AtlasComputing/ImprovingSoftware>.)
 class MagFieldAthenaSvc : public Service , virtual public IMagFieldAthenaSvc {
       ^
In file included from ../src/components/MagFieldAthenaSvc_entries.cxx:2:0:
../src/components/../MagFieldAthenaSvc.h:23:7: warning: class MagFieldAthenaSvc derives directly from Service; should derive from AthService instead.  (See <https://twiki.cern.ch/twiki/bin/view/AtlasComputing/ImprovingSoftware>.)
 class MagFieldAthenaSvc : public Service , virtual public IMagFieldAthenaSvc {
       ^
#CMT---> Info: Document BFieldAthCLIDDB
#CMT---> Info: Document BFieldAth_optdebug_library
#CMT---> Info: Document BFieldAthComponentsList
#CMT---> Info: Document BFieldAthMergeComponentsList
#CMT---> Info: Document checkreq
#CMT---> Info: Document install_root_include_path
#CMT---> Info: Document install_includes
#CMT---> Info: Library GeometryDBSvc
#CMT---> Info: Document GeometryDBSvcCLIDDB
#CMT---> Info: Document GeometryDBSvc_optdebug_library
#CMT---> Info: Document GeometryDBSvcComponentsList
#CMT---> Info: Document GeometryDBSvcMergeComponentsList
#CMT---> Info: Document checkreq
#CMT---> Info: Library CSCcabling
#CMT---> Info: #CMT---> Info: Document install_root_include_path
Library CSCcablingLib
#CMT---> Info: Document install_includes
#CMT---> Info: Document CSCcablingLib_optdebug_library
#CMT---> Info: Document CSCcablingConf
#CMT---> Info: Document CSCcabling_optdebug_library
#CMT---> Info: Document CSCcablingCLIDDB
#CMT---> Info: Document CSCcabling_python_init
#CMT---> Info: Document CSCcablingConfDbMerge
#CMT---> Info: Document CSCcablingComponentsList
#CMT---> Info: Document CSCcablingMergeComponentsList
#CMT--->#CMT---> Info: Document check_install_joboptions
#CMT---> Info: Document check_install_python_modules
 Info: Document checkreq
#CMT---> Info: Library SubDetectorEnvelopes
#CMT---> Info: Document install_root_include_path
#CMT---> Info: Document install_includes
#CMT---> Info: Document install_joboptions
#CMT---> Info: Document install_python_modules
#CMT---> Info: Document SubDetectorEnvelopesCLIDDB
#CMT---> Info: Document SubDetectorEnvelopes_optdebug_library
#CMT---> Info: Document SubDetectorEnvelopesComponentsList
#CMT---> Info: Document SubDetectorEnvelopesMergeComponentsList
#CMT---> Info: Document checkreq
#CMT---> Info: Document install_includes
#CMT---> Info: Document install_root_include_path
#CMT---> Info: Library LArGeoH6Cryostats
#CMT---> Info: Document LArGeoH6Cryostats_optdebug_library
#CMT---> Info: Document checkreq
#CMT---> Info: Document install_root_include_path
#CMT---> Info: Document install_includes
#CMT---> Info: Library LArGeoMiniFcal
#CMT---> Info: Document LArGeoMiniFcal_optdebug_library
#CMT---> Info: Document checkreq
#CMT---> Info: Document install_root_include_path
#CMT---> Info: Document install_includes
#CMT---> Info: Library LArGeoCode
#CMT---> Info: Document LArGeoCode_optdebug_library
#CMT---> Info: Document install_root_include_path
#CMT---> Info: #CMT---> Info: Document install_includes
Document checkreq
#CMT---> Info: Library LArGeoRAL
#CMT---> Info: Document LArGeoRAL_optdebug_library
#CMT---> Info: Document checkreq
#CMT---> Info: #CMT---> Info: Library ALFA_Geometry
Document install_root_include_path
#CMT---> Info: Document check_install_runtime
#CMT---> Info: Document install_includes
#CMT---> Info: Document install_runtime
#CMT---> Info: Document ALFA_Geometry_optdebug_library
#CMT---> Info: Document checkreq
#CMT---> Info: Document check_install_runtime
#CMT---> Info: Document install_root_include_path
#CMT---> Info: Library AFP_Geometry
#CMT---> Info: Document install_includes
#CMT---> Info: Document install_runtime
#CMT---> Info: Document AFP_Geometry_optdebug_library
#CMT---> Info: Document checkreq
#CMT---> Info: Document install_root_include_path
#CMT---> Info: Document install_includes
#CMT---> Info: Library TrkDetElementBase
#CMT---> Info: Document TrkDetElementBase_optdebug_library
#CMT---> Info: Document checkreq
#CMT---> Info: Document install_root_include_path
#CMT---> Info: Library TrkSurfaces
#CMT---> Info: Document install_includes
#CMT---> Info: Document TrkSurfacesGen
#CMT---> Info: calculating dependencies for ../TrkSurfaces/TrkSurfacesDict.h
make[2]: [../armv7l-fc21-gcc49-opt/dict/TrkSurfaces/TrkSurfacesDict.xml.stamp] Error 2 (ignored)
#CMT---> Info: Library TrkSurfacesDict
#CMT---> Info: Document check_install_TrkSurfacesDict_TrkSurfacesdictrootmap
#CMT---> Info: Document install_TrkSurfacesDict_TrkSurfacesdictrootmap
#CMT---> Warning: Source file ../armv7l-fc21-gcc49-opt/dict/TrkSurfaces/TrkSurfacesDict.dsomap not found
#CMT---> Info: Document TrkSurfaces_optdebug_library
#CMT---> (TrkSurfacesDict.make) TrkSurfacesDictinstall: No rule for such target
#CMT---> Info: Document TrkSurfacesDictMerge
#CMT---> Info: Document TrkSurfacesDict_optdebug_library
#CMT---> (TrkSurfacesDict_optdebug_library.make) ../armv7l-fc21-gcc49-opt/libTrkSurfacesDict.so: No rule for such target
objcopy: '../armv7l-fc21-gcc49-opt/libTrkSurfacesDict.so': No such file
make[2]: [../armv7l-fc21-gcc49-opt/libTrkSurfacesDict.so.debug] Error 1 (ignored)
#CMT---> Info: calculating dependencies for ../TrkSurfaces/TrkSurfacesDict.h
objcopy: '../armv7l-fc21-gcc49-opt/libTrkSurfacesDict.so': No such file
make[2]: [../armv7l-fc21-gcc49-opt/libTrkSurfacesDict.so.debug] Error 1 (ignored)
objcopy: 'libTrkSurfacesDict.so': No such file
make[2]: [../armv7l-fc21-gcc49-opt/libTrkSurfacesDict.so.debug] Error 1 (ignored)
#CMT---> Info: Document checkreq
#CMT---> Info: Document install_includes
#CMT---> Info: Library TrkPatternParameters
#CMT---> Info: Document install_root_include_path
#CMT---> Info: Document TrkPatternParameters_optdebug_library
#CMT---> Info: #CMT---> Info: Library TrkAlignableSurfaces
#CMT---> Info: Document install_includes
Document checkreq
#CMT---> Info: Document install_root_include_path
#CMT---> Info: Document TrkAlignableSurfaces_optdebug_library
#CMT---> Info: Document checkreq
#CMT---> Info: Library TrkDistortedSurfaces
#CMT---> Info: Document install_includes
#CMT---> Info: Document install_root_include_path
#CMT---> Info: Document TrkDistortedSurfaces_optdebug_library
#CMT---> Info: Document checkreq
#CMT---> Info: Library MuonReadoutGeometry
#CMT---> Info: Document install_includes
#CMT---> Info: Document install_root_include_path
#CMT---> Info: Document MuonReadoutGeometry_optdebug_library
#CMT---> Info: Document checkreq
#CMT---> Info: #CMT---> Info: Document install_root_include_path
Library MuonRegionSelector
#CMT---> Info: Document check_install_joboptions
#CMT---> Info: Document install_includes
#CMT---> Info: Document install_joboptions
/usr/bin/ld: cannot find -lTrkSurfaces
collect2: error: ld returned 1 exit status
make[2]: [../armv7l-fc21-gcc49-opt/libMuonRegionSelector.so] Error 1 (ignored)
#CMT---> Info: Document MuonRegionSelectorCLIDDB
#CMT---> Info: Document MuonRegionSelector_optdebug_library
#CMT---> (MuonRegionSelector_optdebug_library.make) ../armv7l-fc21-gcc49-opt/libMuonRegionSelector.so: No rule for such target
#CMT---> (MuonRegionSelectorCLIDDB.make) ../armv7l-fc21-gcc49-opt/libMuonRegionSelector.so: No rule for such target
objcopy: '../armv7l-fc21-gcc49-opt/libMuonRegionSelector.so': No such file
make[2]: [../armv7l-fc21-gcc49-opt/libMuonRegionSelector.so.debug] Error 1 (ignored)
objcopy: '../armv7l-fc21-gcc49-opt/libMuonRegionSelector.so': No such file
make[2]: [../armv7l-fc21-gcc49-opt/libMuonRegionSelector.so.debug] Error 1 (ignored)
objcopy: 'libMuonRegionSelector.so': No such file
make[2]: [../armv7l-fc21-gcc49-opt/libMuonRegionSelector.so.debug] Error 1 (ignored)
#CMT---> Info: Document MuonRegionSelectorComponentsList
#CMT---> (MuonRegionSelectorComponentsList.make) ../armv7l-fc21-gcc49-opt/libMuonRegionSelector.so: No rule for such target
ERROR: failed to load libMuonRegionSelector.so
make[2]: [../armv7l-fc21-gcc49-opt/MuonRegionSelector.components] Error 1 (ignored)
#CMT---> Info: Document MuonRegionSelectorMergeComponentsList
#CMT---> Warning: Source file ../armv7l-fc21-gcc49-opt/libMuonRegionSelector.so not found
#CMT---> Info: Document checkreq
#CMT---> Info: Library AmdcAthLib
#CMT---> Info: Library AmdcAth
#CMT---> Info: Document check_install_joboptions
#CMT---> Info: Document install_root_include_path
#CMT---> Info: Document install_includes
#CMT---> Info: Document install_joboptions
/usr/bin/ld: cannot find -lTrkSurfaces
collect2: error: ld returned 1 exit status
make[2]: [../armv7l-fc21-gcc49-opt/libAmdcAthLib.so] Error 1 (ignored)
#CMT---> Info: Document AmdcAthLib_optdebug_library
#CMT---> (AmdcAthLib_optdebug_library.make) ../armv7l-fc21-gcc49-opt/libAmdcAthLib.so: No rule for such target
objcopy: '../armv7l-fc21-gcc49-opt/libAmdcAthLib.so': No such file
make[2]: [../armv7l-fc21-gcc49-opt/libAmdcAthLib.so.debug] Error 1 (ignored)
objcopy: '../armv7l-fc21-gcc49-opt/libAmdcAthLib.so': No such file
make[2]: [../armv7l-fc21-gcc49-opt/libAmdcAthLib.so.debug] Error 1 (ignored)
objcopy: 'libAmdcAthLib.so': No such file
make[2]: [../armv7l-fc21-gcc49-opt/libAmdcAthLib.so.debug] Error 1 (ignored)
/usr/bin/ld: cannot find -lAmdcAthLib
/usr/bin/ld: cannot find -lTrkSurfaces
collect2: error: ld returned 1 exit status
make[2]: [../armv7l-fc21-gcc49-opt/libAmdcAth.so] Error 1 (ignored)
#CMT---> Info: Document AmdcAthCLIDDB
#CMT---> Info: Document AmdcAthConf
#CMT---> Warning: Source file ../armv7l-fc21-gcc49-opt/libAmdcAth.so not found
#CMT---> Info: Document AmdcAth_optdebug_library
#CMT---> (AmdcAthCLIDDB.make) ../armv7l-fc21-gcc49-opt/libAmdcAth.so: No rule for such target
#CMT---> (AmdcAth_optdebug_library.make) ../armv7l-fc21-gcc49-opt/libAmdcAth.so: No rule for such target
#CMT---> (AmdcAthConf.make) ../armv7l-fc21-gcc49-opt/libAmdcAth.so: No rule for such target
objcopy: '../armv7l-fc21-gcc49-opt/libAmdcAth.so': No such file
make[2]: [../armv7l-fc21-gcc49-opt/libAmdcAth.so.debug] Error 1 (ignored)
objcopy: '../armv7l-fc21-gcc49-opt/libAmdcAth.so': No such file
make[2]: [../armv7l-fc21-gcc49-opt/libAmdcAth.so.debug] Error 1 (ignored)
objcopy: 'libAmdcAth.so': No such file
make[2]: [../armv7l-fc21-gcc49-opt/libAmdcAth.so.debug] Error 1 (ignored)
make[2]: [/home/jwsmith/HDD/AtlasOfflineBuild-framework/InstallArea/AtlasConditions/AtlasConditions-20.1.0/MuonSpectrometer/Amdcsimrec/AmdcAth/genConf/AmdcAth/AmdcAthConf.py] Error 1 (ignored)
#CMT---> Info: Document AmdcAth_python_init
#CMT---> Info: Document AmdcAthConfDbMerge
#CMT---> Warning: Source file ../armv7l-fc21-gcc49-opt/libAmdcAth.so not found
make[2]: [/home/jwsmith/HDD/InstallArea/share/AmdcAth_clid.db] Error 3 (ignored)
#CMT---> Info: Document AmdcAthComponentsList
#CMT---> (AmdcAthComponentsList.make) ../armv7l-fc21-gcc49-opt/libAmdcAth.so: No rule for such target
ERROR: failed to load libAmdcAth.so
make[2]: [../armv7l-fc21-gcc49-opt/AmdcAth.components] Error 1 (ignored)
#CMT---> Info: Document AmdcAthMergeComponentsList
#CMT---> Warning: Source file ../armv7l-fc21-gcc49-opt/libAmdcAth.so not found
#CMT---> Info: Document checkreq
#CMT---> Info: Document check_install_python_modules
#CMT---> Info: Library RPCgeometryLib
#CMT---> Info: Library RPCgeometry
#CMT---> Info: Document check_install_runtime
#CMT---> Info: Document install_root_include_path
#CMT---> Info: Document install_includes
#CMT---> Info: Document install_python_modules
#CMT---> Info: Document install_runtime
In file included from ../src/RPCgeometrySvc.cxx:17:0:
/home/jwsmith/HDD/AtlasOfflineBuild-framework/InstallArea/AtlasConditions/AtlasConditions-20.1.0/MuonSpectrometer/MuonCablings/RPCgeometry/RPCgeometry/RPCgeometrySvc.h:43:7: warning: class RPCgeometrySvc derives directly from Service; should derive from AthService instead.  (See <https://twiki.cern.ch/twiki/bin/view/AtlasComputing/ImprovingSoftware>.)
 class RPCgeometrySvc : public Service,
       ^
In file included from ../src/components/RPCgeometry_entries.cxx:2:0:
/home/jwsmith/HDD/AtlasOfflineBuild-framework/InstallArea/AtlasConditions/AtlasConditions-20.1.0/MuonSpectrometer/MuonCablings/RPCgeometry/RPCgeometry/RPCgeometrySvc.h:43:7: warning: class RPCgeometrySvc derives directly from Service; should derive from AthService instead.  (See <https://twiki.cern.ch/twiki/bin/view/AtlasComputing/ImprovingSoftware>.)
 class RPCgeometrySvc : public Service,
       ^
/usr/bin/ld: cannot find -lAmdcAthLib
collect2: error: ld returned 1 exit status
make[2]: [../armv7l-fc21-gcc49-opt/libRPCgeometryLib.so] Error 1 (ignored)
#CMT---> Info: Document RPCgeometryLib_optdebug_library
#CMT---> (RPCgeometryLib_optdebug_library.make) ../armv7l-fc21-gcc49-opt/libRPCgeometryLib.so: No rule for such target
objcopy: '../armv7l-fc21-gcc49-opt/libRPCgeometryLib.so': No such file
make[2]: [../armv7l-fc21-gcc49-opt/libRPCgeometryLib.so.debug] Error 1 (ignored)
objcopy: '../armv7l-fc21-gcc49-opt/libRPCgeometryLib.so': No such file
make[2]: [../armv7l-fc21-gcc49-opt/libRPCgeometryLib.so.debug] Error 1 (ignored)
objcopy: 'libRPCgeometryLib.so': No such file
make[2]: [../armv7l-fc21-gcc49-opt/libRPCgeometryLib.so.debug] Error 1 (ignored)
/usr/bin/ld: cannot find -lRPCgeometryLib
/usr/bin/ld: cannot find -lAmdcAthLib
collect2: error: ld returned 1 exit status
make[2]: [../armv7l-fc21-gcc49-opt/libRPCgeometry.so] Error 1 (ignored)
#CMT---> Info: Document RPCgeometryConf
#CMT---> Warning: Source file ../armv7l-fc21-gcc49-opt/libRPCgeometry.so not found
#CMT---> Info: Document RPCgeometryCLIDDB
#CMT---> Info: Document RPCgeometry_optdebug_library
#CMT---> (RPCgeometryConf.make) ../armv7l-fc21-gcc49-opt/libRPCgeometry.so: No rule for such target
#CMT---> (RPCgeometry_optdebug_library.make) ../armv7l-fc21-gcc49-opt/libRPCgeometry.so: No rule for such target
#CMT---> (RPCgeometryCLIDDB.make) ../armv7l-fc21-gcc49-opt/libRPCgeometry.so: No rule for such target
objcopy: '../armv7l-fc21-gcc49-opt/libRPCgeometry.so': No such file
make[2]: [../armv7l-fc21-gcc49-opt/libRPCgeometry.so.debug] Error 1 (ignored)
objcopy: '../armv7l-fc21-gcc49-opt/libRPCgeometry.so': No such file
make[2]: [../armv7l-fc21-gcc49-opt/libRPCgeometry.so.debug] Error 1 (ignored)
objcopy: 'libRPCgeometry.so': No such file
make[2]: [../armv7l-fc21-gcc49-opt/libRPCgeometry.so.debug] Error 1 (ignored)
make[2]: [/home/jwsmith/HDD/AtlasOfflineBuild-framework/InstallArea/AtlasConditions/AtlasConditions-20.1.0/MuonSpectrometer/MuonCablings/RPCgeometry/genConf/RPCgeometry/RPCgeometryConf.py] Error 1 (ignored)
#CMT---> Info: Document RPCgeometryConfDbMerge
#CMT---> Warning: Source file ../armv7l-fc21-gcc49-opt/libRPCgeometry.so not found
#CMT---> Info: Document RPCgeometry_python_init
#CMT---> Info: Document RPCgeometryComponentsList
#CMT---> (RPCgeometryComponentsList.make) ../armv7l-fc21-gcc49-opt/libRPCgeometry.so: No rule for such target
ERROR: failed to load libRPCgeometry.so
make[2]: [../armv7l-fc21-gcc49-opt/RPCgeometry.components] Error 1 (ignored)
#CMT---> Info: Document RPCgeometryMergeComponentsList
#CMT---> Warning: Source file ../armv7l-fc21-gcc49-opt/libRPCgeometry.so not found
#CMT---> Info: Document checkreq
#CMT---> Info: Library AmdcMGMLib
#CMT---> Info: Document check_install_joboptions
#CMT---> Info: Library AmdcMGM
#CMT---> Info: Document install_root_include_path
#CMT---> Info: Document install_includes
#CMT---> Info: Document install_joboptions
/usr/bin/ld: cannot find -lAmdcAthLib
/usr/bin/ld: cannot find -lTrkSurfaces
collect2: error: ld returned 1 exit status
make[2]: [../armv7l-fc21-gcc49-opt/libAmdcMGMLib.so] Error 1 (ignored)
#CMT---> Info: Document AmdcMGMLib_optdebug_library
#CMT---> (AmdcMGMLib_optdebug_library.make) ../armv7l-fc21-gcc49-opt/libAmdcMGMLib.so: No rule for such target
objcopy: '../armv7l-fc21-gcc49-opt/libAmdcMGMLib.so': No such file
make[2]: [../armv7l-fc21-gcc49-opt/libAmdcMGMLib.so.debug] Error 1 (ignored)
objcopy: '../armv7l-fc21-gcc49-opt/libAmdcMGMLib.so': No such file
make[2]: [../armv7l-fc21-gcc49-opt/libAmdcMGMLib.so.debug] Error 1 (ignored)
objcopy: 'libAmdcMGMLib.so': No such file
make[2]: [../armv7l-fc21-gcc49-opt/libAmdcMGMLib.so.debug] Error 1 (ignored)
/usr/bin/ld: cannot find -lAmdcMGMLib
/usr/bin/ld: cannot find -lAmdcAthLib
/usr/bin/ld: cannot find -lTrkSurfaces
collect2: error: ld returned 1 exit status
make[2]: [../armv7l-fc21-gcc49-opt/libAmdcMGM.so] Error 1 (ignored)
#CMT---> Info: Document AmdcMGMConf
#CMT---> Warning: Source file ../armv7l-fc21-gcc49-opt/libAmdcMGM.so not found
#CMT---> Info: Document AmdcMGMCLIDDB
#CMT---> Info: Document AmdcMGM_optdebug_library
#CMT---> (AmdcMGMConf.make) ../armv7l-fc21-gcc49-opt/libAmdcMGM.so: No rule for such target
#CMT---> (AmdcMGM_optdebug_library.make) ../armv7l-fc21-gcc49-opt/libAmdcMGM.so: No rule for such target
#CMT---> (AmdcMGMCLIDDB.make) ../armv7l-fc21-gcc49-opt/libAmdcMGM.so: No rule for such target
objcopy: '../armv7l-fc21-gcc49-opt/libAmdcMGM.so': No such file
make[2]: [../armv7l-fc21-gcc49-opt/libAmdcMGM.so.debug] Error 1 (ignored)
objcopy: '../armv7l-fc21-gcc49-opt/libAmdcMGM.so': No such file
make[2]: [../armv7l-fc21-gcc49-opt/libAmdcMGM.so.debug] Error 1 (ignored)
objcopy: 'libAmdcMGM.so': No such file
make[2]: [../armv7l-fc21-gcc49-opt/libAmdcMGM.so.debug] Error 1 (ignored)
make[2]: [/home/jwsmith/HDD/AtlasOfflineBuild-framework/InstallArea/AtlasConditions/AtlasConditions-20.1.0/MuonSpectrometer/Amdcsimrec/AmdcMGM/genConf/AmdcMGM/AmdcMGMConf.py] Error 1 (ignored)
#CMT---> Info: Document AmdcMGM_python_init
#CMT---> Info: Document AmdcMGMConfDbMerge
#CMT---> Warning: Source file ../armv7l-fc21-gcc49-opt/libAmdcMGM.so not found
make[2]: [/home/jwsmith/HDD/InstallArea/share/AmdcMGM_clid.db] Error 3 (ignored)
#CMT---> Info: Document AmdcMGMComponentsList
#CMT---> (AmdcMGMComponentsList.make) ../armv7l-fc21-gcc49-opt/libAmdcMGM.so: No rule for such target
ERROR: failed to load libAmdcMGM.so
make[2]: [../armv7l-fc21-gcc49-opt/AmdcMGM.components] Error 1 (ignored)
#CMT---> Info: Document AmdcMGMMergeComponentsList
#CMT---> Warning: Source file ../armv7l-fc21-gcc49-opt/libAmdcMGM.so not found
#CMT---> Info: Document checkreq
#CMT---> Info: Library InDetReadoutGeometry
#CMT---> Info: Document install_root_include_path
#CMT---> Info: Document install_includes
/usr/bin/ld: cannot find -lTrkSurfaces
collect2: error: ld returned 1 exit status
make[2]: [../armv7l-fc21-gcc49-opt/libInDetReadoutGeometry.so] Error 1 (ignored)
#CMT---> Info: Document InDetReadoutGeometry_optdebug_library
#CMT---> (InDetReadoutGeometry_optdebug_library.make) ../armv7l-fc21-gcc49-opt/libInDetReadoutGeometry.so: No rule for such target
objcopy: '../armv7l-fc21-gcc49-opt/libInDetReadoutGeometry.so': No such file
make[2]: [../armv7l-fc21-gcc49-opt/libInDetReadoutGeometry.so.debug] Error 1 (ignored)
objcopy: '../armv7l-fc21-gcc49-opt/libInDetReadoutGeometry.so': No such file
make[2]: [../armv7l-fc21-gcc49-opt/libInDetReadoutGeometry.so.debug] Error 1 (ignored)
objcopy: 'libInDetReadoutGeometry.so': No such file
make[2]: [../armv7l-fc21-gcc49-opt/libInDetReadoutGeometry.so.debug] Error 1 (ignored)
#CMT---> Warning: package not found: TDAQCPolicyExt v* TDAQCPolicy (requested by DataCollection)
#CMT---> Info: Document checkreq
#CMT---> Info: #CMT---> Info: Library TRT_Cabling
Document check_install_runtime
#CMT---> Info: Document install_root_include_path
#CMT---> Info: Document install_includes
#CMT---> Info: Document install_runtime
In file included from ../src/TRT_FillCablingData_DC1.cxx:6:0:
../src/TRT_FillCablingData_DC1.h:22:67: fatal error: eformat/SourceIdentifier.h: No such file or directory
 #include "eformat/SourceIdentifier.h"  // change to new eformat v3
                                                                   ^
compilation terminated.
In file included from ../src/TRT_FillCablingData_DC3.cxx:38:0:
../src/TRT_FillCablingData_DC3.h:22:67: fatal error: eformat/SourceIdentifier.h: No such file or directory
 #include "eformat/SourceIdentifier.h"  // change to new eformat v3
                                                                   ^
compilation terminated.
In file included from ../src/TRT_FillCablingData_DC2.cxx:6:0:
../src/TRT_FillCablingData_DC2.h:21:67: fatal error: eformat/SourceIdentifier.h: No such file or directory
 #include "eformat/SourceIdentifier.h"  // change to new eformat v3
                                                                   ^
compilation terminated.
../src/TRT_FillCablingData_SR1.cxx:23:67: fatal error: eformat/SourceIdentifier.h: No such file or directory
 #include "eformat/SourceIdentifier.h"  // change to new eformat v3
                                                                   ^
compilation terminated.
make[2]: [../armv7l-fc21-gcc49-opt/TRT_FillCablingData_SR1.o] Error 1 (ignored)
make[2]: [../armv7l-fc21-gcc49-opt/TRT_FillCablingData_DC3.o] Error 1 (ignored)
make[2]: [../armv7l-fc21-gcc49-opt/TRT_FillCablingData_DC1.o] Error 1 (ignored)
make[2]: [../armv7l-fc21-gcc49-opt/TRT_FillCablingData_DC2.o] Error 1 (ignored)
In file included from ../src/TRT_FillCablingData_SR1_ECC.cxx:22:0:
../src/TRT_FillCablingData_SR1_ECC.h:23:67: fatal error: eformat/SourceIdentifier.h: No such file or directory
 #include "eformat/SourceIdentifier.h"  // change to new eformat v3
                                                                   ^
compilation terminated.
In file included from ../src/TRT_CablingSvc.h:8:0,
                 from ../src/TRT_CablingSvc.cxx:7:
/home/jwsmith/HDD/AtlasOfflineBuild-framework/InstallArea/AtlasConditions/AtlasConditions-20.1.0/InnerDetector/InDetDetDescr/TRT_Cabling/TRT_Cabling/ITRT_CablingSvc.h:10:38: fatal error: eformat/SourceIdentifier.h: No such file or directory
 #include "eformat/SourceIdentifier.h"
                                      ^
compilation terminated.
In file included from ../src/components/../TRT_CablingSvc.h:8:0,
                 from ../src/components/TRT_Cabling_entries.cxx:1:
/home/jwsmith/HDD/AtlasOfflineBuild-framework/InstallArea/AtlasConditions/AtlasConditions-20.1.0/InnerDetector/InDetDetDescr/TRT_Cabling/TRT_Cabling/ITRT_CablingSvc.h:10:38: fatal error: eformat/SourceIdentifier.h: No such file or directory
 #include "eformat/SourceIdentifier.h"
                                      ^
compilation terminated.
In file included from ../src/TRT_FillCablingData_TB04.cxx:20:0:
../src/TRT_FillCablingData_TB04.h:23:67: fatal error: eformat/SourceIdentifier.h: No such file or directory
 #include "eformat/SourceIdentifier.h"  // change to new eformat v3
                                                                   ^
compilation terminated.
make[2]: [../armv7l-fc21-gcc49-opt/TRT_CablingSvc.o] Error 1 (ignored)
make[2]: [../armv7l-fc21-gcc49-opt/TRT_Cabling_entries.o] Error 1 (ignored)
make[2]: [../armv7l-fc21-gcc49-opt/TRT_FillCablingData_SR1_ECC.o] Error 1 (ignored)
make[2]: [../armv7l-fc21-gcc49-opt/TRT_FillCablingData_TB04.o] Error 1 (ignored)
../src/TRT_FillCablingData_SR1.cxx:23:67: fatal error: eformat/SourceIdentifier.h: No such file or directory
 #include "eformat/SourceIdentifier.h"  // change to new eformat v3
                                                                   ^
compilation terminated.
make[2]: [../armv7l-fc21-gcc49-opt/TRT_FillCablingData_SR1.o] Error 1 (ignored)
In file included from ../src/TRT_FillCablingData_DC3.cxx:38:0:
../src/TRT_FillCablingData_DC3.h:22:67: fatal error: eformat/SourceIdentifier.h: No such file or directory
 #include "eformat/SourceIdentifier.h"  // change to new eformat v3
                                                                   ^
compilation terminated.
In file included from ../src/TRT_FillCablingData_DC1.cxx:6:0:
../src/TRT_FillCablingData_DC1.h:22:67: fatal error: eformat/SourceIdentifier.h: No such file or directory
 #include "eformat/SourceIdentifier.h"  // change to new eformat v3
                                                                   ^
In file included from ../src/TRT_FillCablingData_DC2.cxx:6:0:
../src/TRT_FillCablingData_DC2.h:21:67: fatal error: eformat/SourceIdentifier.h: No such file or directory
 #include "eformat/SourceIdentifier.h"  // change to new eformat v3
                                                                   ^
compilation terminated.
compilation terminated.
In file included from ../src/TRT_FillCablingData_SR1_ECC.cxx:22:0:
../src/TRT_FillCablingData_SR1_ECC.h:23:67: fatal error: eformat/SourceIdentifier.h: No such file or directory
 #include "eformat/SourceIdentifier.h"  // change to new eformat v3
                                                                   ^
compilation terminated.
make[2]: [../armv7l-fc21-gcc49-opt/TRT_FillCablingData_DC3.o] Error 1 (ignored)
make[2]: [../armv7l-fc21-gcc49-opt/TRT_FillCablingData_DC1.o] Error 1 (ignored)
make[2]: [../armv7l-fc21-gcc49-opt/TRT_FillCablingData_DC2.o] Error 1 (ignored)
make[2]: [../armv7l-fc21-gcc49-opt/TRT_FillCablingData_SR1_ECC.o] Error 1 (ignored)
In file included from ../src/TRT_CablingSvc.h:8:0,
                 from ../src/TRT_CablingSvc.cxx:7:
/home/jwsmith/HDD/AtlasOfflineBuild-framework/InstallArea/AtlasConditions/AtlasConditions-20.1.0/InnerDetector/InDetDetDescr/TRT_Cabling/TRT_Cabling/ITRT_CablingSvc.h:10:38: fatal error: eformat/SourceIdentifier.h: No such file or directory
 #include "eformat/SourceIdentifier.h"
                                      ^
compilation terminated.
In file included from ../src/components/../TRT_CablingSvc.h:8:0,
                 from ../src/components/TRT_Cabling_entries.cxx:1:
/home/jwsmith/HDD/AtlasOfflineBuild-framework/InstallArea/AtlasConditions/AtlasConditions-20.1.0/InnerDetector/InDetDetDescr/TRT_Cabling/TRT_Cabling/ITRT_CablingSvc.h:10:38: fatal error: eformat/SourceIdentifier.h: No such file or directory
 #include "eformat/SourceIdentifier.h"
                                      ^
compilation terminated.
In file included from ../src/TRT_FillCablingData_TB04.cxx:20:0:
../src/TRT_FillCablingData_TB04.h:23:67: fatal error: eformat/SourceIdentifier.h: No such file or directory
 #include "eformat/SourceIdentifier.h"  // change to new eformat v3
                                                                   ^
compilation terminated.
make[2]: [../armv7l-fc21-gcc49-opt/TRT_CablingSvc.o] Error 1 (ignored)
make[2]: [../armv7l-fc21-gcc49-opt/TRT_Cabling_entries.o] Error 1 (ignored)
make[2]: [../armv7l-fc21-gcc49-opt/TRT_FillCablingData_TB04.o] Error 1 (ignored)
lcg-g++-4.9.0: error: ../armv7l-fc21-gcc49-opt/TRT_FillCablingData_DC3.o: No such file or directory
lcg-g++-4.9.0: error: ../armv7l-fc21-gcc49-opt/TRT_FillCablingData_DC1.o: No such file or directory
lcg-g++-4.9.0: error: ../armv7l-fc21-gcc49-opt/TRT_FillCablingData_DC2.o: No such file or directory
lcg-g++-4.9.0: error: ../armv7l-fc21-gcc49-opt/TRT_FillCablingData_SR1.o: No such file or directory
lcg-g++-4.9.0: error: ../armv7l-fc21-gcc49-opt/TRT_FillCablingData_SR1_ECC.o: No such file or directory
lcg-g++-4.9.0: error: ../armv7l-fc21-gcc49-opt/TRT_CablingSvc.o: No such file or directory
lcg-g++-4.9.0: error: ../armv7l-fc21-gcc49-opt/TRT_FillCablingData_TB04.o: No such file or directory
lcg-g++-4.9.0: error: ../armv7l-fc21-gcc49-opt/TRT_Cabling_entries.o: No such file or directory
make[2]: [../armv7l-fc21-gcc49-opt/libTRT_Cabling.so] Error 1 (ignored)
#CMT---> Info: Document TRT_CablingCLIDDB
#CMT---> Info: Document TRT_Cabling_optdebug_library
#CMT---> (TRT_CablingCLIDDB.make) ../armv7l-fc21-gcc49-opt/libTRT_Cabling.so: No rule for such target
#CMT---> (TRT_Cabling_optdebug_library.make) ../armv7l-fc21-gcc49-opt/libTRT_Cabling.so: No rule for such target
objcopy: '../armv7l-fc21-gcc49-opt/libTRT_Cabling.so': No such file
make[2]: [../armv7l-fc21-gcc49-opt/libTRT_Cabling.so.debug] Error 1 (ignored)
objcopy: '../armv7l-fc21-gcc49-opt/libTRT_Cabling.so': No such file
make[2]: [../armv7l-fc21-gcc49-opt/libTRT_Cabling.so.debug] Error 1 (ignored)
objcopy: 'libTRT_Cabling.so': No such file
make[2]: [../armv7l-fc21-gcc49-opt/libTRT_Cabling.so.debug] Error 1 (ignored)
make[2]: [/home/jwsmith/HDD/InstallArea/share/TRT_Cabling_clid.db] Error 3 (ignored)
#CMT---> Info: Document TRT_CablingComponentsList
#CMT---> (TRT_CablingComponentsList.make) ../armv7l-fc21-gcc49-opt/libTRT_Cabling.so: No rule for such target
ERROR: failed to load libTRT_Cabling.so
make[2]: [../armv7l-fc21-gcc49-opt/TRT_Cabling.components] Error 1 (ignored)
#CMT---> Info: Document TRT_CablingMergeComponentsList
#CMT---> Warning: Source file ../armv7l-fc21-gcc49-opt/libTRT_Cabling.so not found
#CMT---> Info: Library SiPropertiesSvcLib
#CMT---> Info: Document checkreq
#CMT---> Info: Document install_root_include_path
#CMT---> Info: Library SiPropertiesSvc
#CMT---> Info: Document install_includes
/usr/bin/ld: cannot find -lInDetReadoutGeometry
/usr/bin/ld: cannot find -lTrkSurfaces
collect2: error: ld returned 1 exit status
make[2]: [../armv7l-fc21-gcc49-opt/libSiPropertiesSvcLib.so] Error 1 (ignored)
#CMT---> Info: Document SiPropertiesSvcLib_optdebug_library
#CMT---> (SiPropertiesSvcLib_optdebug_library.make) ../armv7l-fc21-gcc49-opt/libSiPropertiesSvcLib.so: No rule for such target
objcopy: '../armv7l-fc21-gcc49-opt/libSiPropertiesSvcLib.so': No such file
make[2]: [../armv7l-fc21-gcc49-opt/libSiPropertiesSvcLib.so.debug] Error 1 (ignored)
objcopy: '../armv7l-fc21-gcc49-opt/libSiPropertiesSvcLib.so': No such file
make[2]: [../armv7l-fc21-gcc49-opt/libSiPropertiesSvcLib.so.debug] Error 1 (ignored)
objcopy: 'libSiPropertiesSvcLib.so': No such file
make[2]: [../armv7l-fc21-gcc49-opt/libSiPropertiesSvcLib.so.debug] Error 1 (ignored)
/usr/bin/ld: cannot find -lSiPropertiesSvcLib
/usr/bin/ld: cannot find -lInDetReadoutGeometry
/usr/bin/ld: cannot find -lTrkSurfaces
collect2: error: ld returned 1 exit status
make[2]: [../armv7l-fc21-gcc49-opt/libSiPropertiesSvc.so] Error 1 (ignored)
#CMT---> Info: Document SiPropertiesSvcConf
#CMT---> Warning: Source file ../armv7l-fc21-gcc49-opt/libSiPropertiesSvc.so not found
#CMT---> Info: Document SiPropertiesSvcCLIDDB
#CMT---> Info: Document SiPropertiesSvc_optdebug_library
#CMT---> (SiPropertiesSvcConf.make) ../armv7l-fc21-gcc49-opt/libSiPropertiesSvc.so: No rule for such target
#CMT---> (SiPropertiesSvcCLIDDB.make) ../armv7l-fc21-gcc49-opt/libSiPropertiesSvc.so: No rule for such target
#CMT---> (SiPropertiesSvc_optdebug_library.make) ../armv7l-fc21-gcc49-opt/libSiPropertiesSvc.so: No rule for such target
objcopy: '../armv7l-fc21-gcc49-opt/libSiPropertiesSvc.so': No such file
make[2]: [../armv7l-fc21-gcc49-opt/libSiPropertiesSvc.so.debug] Error 1 (ignored)
objcopy: '../armv7l-fc21-gcc49-opt/libSiPropertiesSvc.so': No such file
make[2]: [../armv7l-fc21-gcc49-opt/libSiPropertiesSvc.so.debug] Error 1 (ignored)
objcopy: 'libSiPropertiesSvc.so': No such file
make[2]: [../armv7l-fc21-gcc49-opt/libSiPropertiesSvc.so.debug] Error 1 (ignored)
make[2]: [/home/jwsmith/HDD/AtlasOfflineBuild-framework/InstallArea/AtlasConditions/AtlasConditions-20.1.0/InnerDetector/InDetConditions/SiPropertiesSvc/genConf/SiPropertiesSvc/SiPropertiesSvcConf.py] Error 1 (ignored)
#CMT---> Info: Document SiPropertiesSvc_python_init
#CMT---> Info: Document SiPropertiesSvcConfDbMerge
#CMT---> Warning: Source file ../armv7l-fc21-gcc49-opt/libSiPropertiesSvc.so not found
make[2]: [/home/jwsmith/HDD/InstallArea/share/SiPropertiesSvc_clid.db] Error 3 (ignored)
#CMT---> Info: Document SiPropertiesSvcComponentsList
#CMT---> (SiPropertiesSvcComponentsList.make) ../armv7l-fc21-gcc49-opt/libSiPropertiesSvc.so: No rule for such target
ERROR: failed to load libSiPropertiesSvc.so
make[2]: [../armv7l-fc21-gcc49-opt/SiPropertiesSvc.components] Error 1 (ignored)
#CMT---> Info: Document SiPropertiesSvcMergeComponentsList
#CMT---> Warning: Source file ../armv7l-fc21-gcc49-opt/libSiPropertiesSvc.so not found
#CMT---> Info: Document check_install_joboptions
#CMT---> Info: Document install_root_include_path
#CMT---> Info: Document checkreq
#CMT---> Info: Library InDetDetDescrExample
#CMT---> Info: Document install_includes
#CMT---> Info: Document install_joboptions
/usr/bin/ld: cannot find -lSiPropertiesSvcLib
/usr/bin/ld: cannot find -lInDetReadoutGeometry
/usr/bin/ld: cannot find -lTrkSurfaces
collect2: error: ld returned 1 exit status
make[2]: [../armv7l-fc21-gcc49-opt/libInDetDetDescrExample.so] Error 1 (ignored)
#CMT---> Info: Document InDetDetDescrExampleCLIDDB
#CMT---> Info: Document InDetDetDescrExample_optdebug_library
#CMT---> (InDetDetDescrExample_optdebug_library.make) ../armv7l-fc21-gcc49-opt/libInDetDetDescrExample.so: No rule for such target
#CMT---> (InDetDetDescrExampleCLIDDB.make) ../armv7l-fc21-gcc49-opt/libInDetDetDescrExample.so: No rule for such target
objcopy: '../armv7l-fc21-gcc49-opt/libInDetDetDescrExample.so': No such file
make[2]: [../armv7l-fc21-gcc49-opt/libInDetDetDescrExample.so.debug] Error 1 (ignored)
objcopy: '../armv7l-fc21-gcc49-opt/libInDetDetDescrExample.so': No such file
make[2]: [../armv7l-fc21-gcc49-opt/libInDetDetDescrExample.so.debug] Error 1 (ignored)
objcopy: 'libInDetDetDescrExample.so': No such file
make[2]: [../armv7l-fc21-gcc49-opt/libInDetDetDescrExample.so.debug] Error 1 (ignored)
make[2]: [/home/jwsmith/HDD/InstallArea/share/InDetDetDescrExample_clid.db] Error 3 (ignored)
#CMT---> Info: Document InDetDetDescrExampleComponentsList
#CMT---> (InDetDetDescrExampleComponentsList.make) ../armv7l-fc21-gcc49-opt/libInDetDetDescrExample.so: No rule for such target
ERROR: failed to load libInDetDetDescrExample.so
make[2]: [../armv7l-fc21-gcc49-opt/InDetDetDescrExample.components] Error 1 (ignored)
#CMT---> Info: Document InDetDetDescrExampleMergeComponentsList
#CMT---> Warning: Source file ../armv7l-fc21-gcc49-opt/libInDetDetDescrExample.so not found
#CMT---> Info: Document check_install_python_modules
#CMT---> Info: Document checkreq
#CMT---> Info: Library SiLorentzAngleSvc
#CMT---> Info: Document install_root_include_path
#CMT---> Info: Document install_includes
#CMT---> Info: Document install_python_modules
/usr/bin/ld: cannot find -lSiPropertiesSvcLib
/usr/bin/ld: cannot find -lInDetReadoutGeometry
/usr/bin/ld: cannot find -lTrkSurfaces
collect2: error: ld returned 1 exit status
make[2]: [../armv7l-fc21-gcc49-opt/libSiLorentzAngleSvc.so] Error 1 (ignored)
#CMT---> Info: Document SiLorentzAngleSvc_optdebug_library
#CMT---> Info: Document SiLorentzAngleSvcCLIDDB
#CMT---> (SiLorentzAngleSvc_optdebug_library.make) ../armv7l-fc21-gcc49-opt/libSiLorentzAngleSvc.so: No rule for such target
#CMT---> (SiLorentzAngleSvcCLIDDB.make) ../armv7l-fc21-gcc49-opt/libSiLorentzAngleSvc.so: No rule for such target
objcopy: '../armv7l-fc21-gcc49-opt/libSiLorentzAngleSvc.so': No such file
make[2]: [../armv7l-fc21-gcc49-opt/libSiLorentzAngleSvc.so.debug] Error 1 (ignored)
objcopy: '../armv7l-fc21-gcc49-opt/libSiLorentzAngleSvc.so': No such file
make[2]: [../armv7l-fc21-gcc49-opt/libSiLorentzAngleSvc.so.debug] Error 1 (ignored)
objcopy: 'libSiLorentzAngleSvc.so': No such file
make[2]: [../armv7l-fc21-gcc49-opt/libSiLorentzAngleSvc.so.debug] Error 1 (ignored)
make[2]: [/home/jwsmith/HDD/InstallArea/share/SiLorentzAngleSvc_clid.db] Error 3 (ignored)
#CMT---> Info: Document SiLorentzAngleSvcComponentsList
#CMT---> (SiLorentzAngleSvcComponentsList.make) ../armv7l-fc21-gcc49-opt/libSiLorentzAngleSvc.so: No rule for such target
ERROR: failed to load libSiLorentzAngleSvc.so
make[2]: [../armv7l-fc21-gcc49-opt/SiLorentzAngleSvc.components] Error 1 (ignored)
#CMT---> Info: Document SiLorentzAngleSvcMergeComponentsList
#CMT---> Warning: Source file ../armv7l-fc21-gcc49-opt/libSiLorentzAngleSvc.so not found
#CMT---> Warning: package not found: AtlasConditionsRunTime AtlasConditionsRunTime-* (requested by PixelConditionsTools)
#CMT---> Info: Document checkreq
#CMT---> Info: Library PixelConditionsTools
#CMT---> Info: Document check_install_joboptions
#CMT---> Info: Document check_install_runtime
#CMT---> Info: Document install_root_include_path
#CMT---> Info: Document install_includes
#CMT---> Info: Document install_joboptions
#CMT---> Info: Document install_runtime
../src/PixelDistortionsTool.cxx:11:59: fatal error: AtlasCLHEP_RandomGenerators/RandGaussZiggurat.h: No such file or directory
 #include "AtlasCLHEP_RandomGenerators/RandGaussZiggurat.h"
                                                           ^
compilation terminated.
make[2]: [../armv7l-fc21-gcc49-opt/PixelDistortionsTool.o] Error 1 (ignored)
../src/PixelDistortionsTool.cxx:11:59: fatal error: AtlasCLHEP_RandomGenerators/RandGaussZiggurat.h: No such file or directory
 #include "AtlasCLHEP_RandomGenerators/RandGaussZiggurat.h"
                                                           ^
compilation terminated.
make[2]: [../armv7l-fc21-gcc49-opt/PixelDistortionsTool.o] Error 1 (ignored)
lcg-g++-4.9.0: error: ../armv7l-fc21-gcc49-opt/PixelDistortionsTool.o: No such file or directory
make[2]: [../armv7l-fc21-gcc49-opt/libPixelConditionsTools.so] Error 1 (ignored)
#CMT---> Info: Document PixelConditionsToolsCLIDDB
#CMT---> Info: Document PixelConditionsTools_optdebug_library
#CMT---> (PixelConditionsTools_optdebug_library.make) ../armv7l-fc21-gcc49-opt/libPixelConditionsTools.so: No rule for such target
#CMT---> (PixelConditionsToolsCLIDDB.make) ../armv7l-fc21-gcc49-opt/libPixelConditionsTools.so: No rule for such target
objcopy: '../armv7l-fc21-gcc49-opt/libPixelConditionsTools.so': No such file
make[2]: [../armv7l-fc21-gcc49-opt/libPixelConditionsTools.so.debug] Error 1 (ignored)
objcopy: '../armv7l-fc21-gcc49-opt/libPixelConditionsTools.so': No such file
make[2]: [../armv7l-fc21-gcc49-opt/libPixelConditionsTools.so.debug] Error 1 (ignored)
objcopy: 'libPixelConditionsTools.so': No such file
make[2]: [../armv7l-fc21-gcc49-opt/libPixelConditionsTools.so.debug] Error 1 (ignored)
make[2]: [/home/jwsmith/HDD/InstallArea/share/PixelConditionsTools_clid.db] Error 3 (ignored)
#CMT---> Info: Document PixelConditionsToolsComponentsList
#CMT---> (PixelConditionsToolsComponentsList.make) ../armv7l-fc21-gcc49-opt/libPixelConditionsTools.so: No rule for such target
ERROR: failed to load libPixelConditionsTools.so
make[2]: [../armv7l-fc21-gcc49-opt/PixelConditionsTools.components] Error 1 (ignored)
#CMT---> Info: Document PixelConditionsToolsMergeComponentsList
#CMT---> Warning: Source file ../armv7l-fc21-gcc49-opt/libPixelConditionsTools.so not found
#CMT---> Info: Document checkreq
#CMT---> Info: Document check_install_joboptions
#CMT---> Info: Document install_root_include_path
#CMT---> Info: Library DetDescrCondExample
#CMT---> Info: Document install_includes
#CMT---> Info: Document install_joboptions
In file included from ../src/ReadWriteCoolStrFile.cxx:8:0:
/home/jwsmith/HDD/AtlasOfflineBuild-framework/InstallArea/AtlasConditions/AtlasConditions-20.1.0/DetectorDescription/DetDescrCond/DetDescrCondExample/DetDescrCondExample/ReadWriteCoolStrFile.h:15:7: warning: class ReadWriteCoolStrFile derives directly from Algorithm; should derive from AthAlgorithm instead.  (See <https://twiki.cern.ch/twiki/bin/view/AtlasComputing/ImprovingSoftware>.)
 class ReadWriteCoolStrFile: public Algorithm
       ^
In file included from ../src/ReadTopTrans.cxx:14:0:
/home/jwsmith/HDD/AtlasOfflineBuild-framework/InstallArea/AtlasConditions/AtlasConditions-20.1.0/DetectorDescription/DetDescrCond/DetDescrCondExample/DetDescrCondExample/ReadTopTrans.h:14:7: warning: class ReadTopTrans derives directly from Algorithm; should derive from AthAlgorithm instead.  (See <https://twiki.cern.ch/twiki/bin/view/AtlasComputing/ImprovingSoftware>.)
 class ReadTopTrans: public Algorithm, virtual public IIncidentListener
       ^
In file included from ../src/ReadAlignTrans.cxx:13:0:
/home/jwsmith/HDD/AtlasOfflineBuild-framework/InstallArea/AtlasConditions/AtlasConditions-20.1.0/DetectorDescription/DetDescrCond/DetDescrCondExample/DetDescrCondExample/ReadAlignTrans.h:22:7: warning: class ReadAlignTrans derives directly from Algorithm; should derive from AthAlgorithm instead.  (See <https://twiki.cern.ch/twiki/bin/view/AtlasComputing/ImprovingSoftware>.)
 class ReadAlignTrans: public Algorithm
       ^
In file included from ../src/CoolHistExample.cxx:11:0:
/home/jwsmith/HDD/AtlasOfflineBuild-framework/InstallArea/AtlasConditions/AtlasConditions-20.1.0/DetectorDescription/DetDescrCond/DetDescrCondExample/DetDescrCondExample/CoolHistExample.h:18:7: warning: class CoolHistExample derives directly from Algorithm; should derive from AthAlgorithm instead.  (See <https://twiki.cern.ch/twiki/bin/view/AtlasComputing/ImprovingSoftware>.)
 class CoolHistExample: public Algorithm
       ^
In file included from ../src/components/DetDescrCondExample_entries.cxx:2:0:
/home/jwsmith/HDD/AtlasOfflineBuild-framework/InstallArea/AtlasConditions/AtlasConditions-20.1.0/DetectorDescription/DetDescrCond/DetDescrCondExample/DetDescrCondExample/ReadAlignTrans.h:22:7: warning: class ReadAlignTrans derives directly from Algorithm; should derive from AthAlgorithm instead.  (See <https://twiki.cern.ch/twiki/bin/view/AtlasComputing/ImprovingSoftware>.)
 class ReadAlignTrans: public Algorithm
       ^
In file included from ../src/components/DetDescrCondExample_entries.cxx:3:0:
/home/jwsmith/HDD/AtlasOfflineBuild-framework/InstallArea/AtlasConditions/AtlasConditions-20.1.0/DetectorDescription/DetDescrCond/DetDescrCondExample/DetDescrCondExample/ReadTopTrans.h:14:7: warning: class ReadTopTrans derives directly from Algorithm; should derive from AthAlgorithm instead.  (See <https://twiki.cern.ch/twiki/bin/view/AtlasComputing/ImprovingSoftware>.)
 class ReadTopTrans: public Algorithm, virtual public IIncidentListener
       ^
In file included from ../src/components/DetDescrCondExample_entries.cxx:4:0:
/home/jwsmith/HDD/AtlasOfflineBuild-framework/InstallArea/AtlasConditions/AtlasConditions-20.1.0/DetectorDescription/DetDescrCond/DetDescrCondExample/DetDescrCondExample/ReadWriteCoolStrFile.h:15:7: warning: class ReadWriteCoolStrFile derives directly from Algorithm; should derive from AthAlgorithm instead.  (See <https://twiki.cern.ch/twiki/bin/view/AtlasComputing/ImprovingSoftware>.)
 class ReadWriteCoolStrFile: public Algorithm
       ^
In file included from ../src/components/DetDescrCondExample_entries.cxx:5:0:
/home/jwsmith/HDD/AtlasOfflineBuild-framework/InstallArea/AtlasConditions/AtlasConditions-20.1.0/DetectorDescription/DetDescrCond/DetDescrCondExample/DetDescrCondExample/CoolHistExample.h:18:7: warning: class CoolHistExample derives directly from Algorithm; should derive from AthAlgorithm instead.  (See <https://twiki.cern.ch/twiki/bin/view/AtlasComputing/ImprovingSoftware>.)
 class CoolHistExample: public Algorithm
       ^
/usr/bin/ld: cannot find -lInDetReadoutGeometry
/usr/bin/ld: cannot find -lTrkSurfaces
collect2: error: ld returned 1 exit status
make[2]: [../armv7l-fc21-gcc49-opt/libDetDescrCondExample.so] Error 1 (ignored)
#CMT---> Info: Document DetDescrCondExample_optdebug_library
#CMT---> Info: Document DetDescrCondExampleCLIDDB
#CMT---> (DetDescrCondExample_optdebug_library.make) ../armv7l-fc21-gcc49-opt/libDetDescrCondExample.so: No rule for such target
#CMT---> (DetDescrCondExampleCLIDDB.make) ../armv7l-fc21-gcc49-opt/libDetDescrCondExample.so: No rule for such target
objcopy: '../armv7l-fc21-gcc49-opt/libDetDescrCondExample.so': No such file
make[2]: [../armv7l-fc21-gcc49-opt/libDetDescrCondExample.so.debug] Error 1 (ignored)
objcopy: '../armv7l-fc21-gcc49-opt/libDetDescrCondExample.so': No such file
make[2]: [../armv7l-fc21-gcc49-opt/libDetDescrCondExample.so.debug] Error 1 (ignored)
objcopy: 'libDetDescrCondExample.so': No such file
make[2]: [../armv7l-fc21-gcc49-opt/libDetDescrCondExample.so.debug] Error 1 (ignored)
make[2]: [/home/jwsmith/HDD/InstallArea/share/DetDescrCondExample_clid.db] Error 3 (ignored)
#CMT---> Info: Document DetDescrCondExampleComponentsList
#CMT---> (DetDescrCondExampleComponentsList.make) ../armv7l-fc21-gcc49-opt/libDetDescrCondExample.so: No rule for such target
ERROR: failed to load libDetDescrCondExample.so
make[2]: [../armv7l-fc21-gcc49-opt/DetDescrCondExample.components] Error 1 (ignored)
#CMT---> Info: Document DetDescrCondExampleMergeComponentsList
#CMT---> Warning: Source file ../armv7l-fc21-gcc49-opt/libDetDescrCondExample.so not found
#CMT---> Info: Document install_root_include_path
#CMT---> Info: Document install_includes
#CMT---> Info: Document checkreq
#CMT---> Info: Document checkreq
#CMT---> Info: Library TrkMaterialOnTrack
#CMT---> Info: Document install_includes
#CMT---> Info: Document install_root_include_path
#CMT---> Info: Document TrkMaterialOnTrackGen
#CMT---> Info: calculating dependencies for ../TrkMaterialOnTrack/TrkMaterialOnTrackDict.h
make[2]: [../armv7l-fc21-gcc49-opt/dict/TrkMaterialOnTrack/TrkMaterialOnTrackDict.xml.stamp] Error 2 (ignored)
#CMT---> Info: Library TrkMaterialOnTrackDict
#CMT---> Info: Document check_install_TrkMaterialOnTrackDict_TrkMaterialOnTrackdictrootmap
#CMT---> Info: Document install_TrkMaterialOnTrackDict_TrkMaterialOnTrackdictrootmap
#CMT---> Warning: Source file ../armv7l-fc21-gcc49-opt/dict/TrkMaterialOnTrack/TrkMaterialOnTrackDict.dsomap not found
/usr/bin/ld: cannot find -lTrkSurfaces
collect2: error: ld returned 1 exit status
make[2]: [../armv7l-fc21-gcc49-opt/libTrkMaterialOnTrack.so] Error 1 (ignored)
#CMT---> Info: Document TrkMaterialOnTrack_optdebug_library
#CMT---> (TrkMaterialOnTrackDict.make) TrkMaterialOnTrackDictinstall: No rule for such target
#CMT---> (TrkMaterialOnTrack_optdebug_library.make) ../armv7l-fc21-gcc49-opt/libTrkMaterialOnTrack.so: No rule for such target
#CMT---> Info: Document TrkMaterialOnTrackDictMerge
#CMT---> Info: Document TrkMaterialOnTrackDict_optdebug_library
objcopy: '../armv7l-fc21-gcc49-opt/libTrkMaterialOnTrack.so': No such file
make[2]: [../armv7l-fc21-gcc49-opt/libTrkMaterialOnTrack.so.debug] Error 1 (ignored)
objcopy: '../armv7l-fc21-gcc49-opt/libTrkMaterialOnTrack.so': No such file
make[2]: [../armv7l-fc21-gcc49-opt/libTrkMaterialOnTrack.so.debug] Error 1 (ignored)
objcopy: 'libTrkMaterialOnTrack.so': No such file
make[2]: [../armv7l-fc21-gcc49-opt/libTrkMaterialOnTrack.so.debug] Error 1 (ignored)
#CMT---> (TrkMaterialOnTrackDict_optdebug_library.make) ../armv7l-fc21-gcc49-opt/libTrkMaterialOnTrackDict.so: No rule for such target
objcopy: '../armv7l-fc21-gcc49-opt/libTrkMaterialOnTrackDict.so': No such file
make[2]: [../armv7l-fc21-gcc49-opt/libTrkMaterialOnTrackDict.so.debug] Error 1 (ignored)
objcopy: '../armv7l-fc21-gcc49-opt/libTrkMaterialOnTrackDict.so': No such file
make[2]: [../armv7l-fc21-gcc49-opt/libTrkMaterialOnTrackDict.so.debug] Error 1 (ignored)
#CMT---> Info: calculating dependencies for ../TrkMaterialOnTrack/TrkMaterialOnTrackDict.h
objcopy: 'libTrkMaterialOnTrackDict.so': No such file
make[2]: [../armv7l-fc21-gcc49-opt/libTrkMaterialOnTrackDict.so.debug] Error 1 (ignored)
#CMT---> Info: Document install_includes
#CMT---> Info: #CMT---> Info: Document install_root_include_path
#CMT---> Info: Document checkreq
Library TrkParameters
#CMT---> Info: Document TrkParametersGen
#CMT---> Info: calculating dependencies for ../TrkParameters/TrkParametersDict.h
make[2]: [../armv7l-fc21-gcc49-opt/dict/TrkParameters/TrkParametersDict.xml.stamp] Error 2 (ignored)
#CMT---> Info: Library TrkParametersDict
#CMT---> Info: Document check_install_TrkParametersDict_TrkParametersdictrootmap
#CMT---> Info: Document install_TrkParametersDict_TrkParametersdictrootmap
#CMT---> Warning: Source file ../armv7l-fc21-gcc49-opt/dict/TrkParameters/TrkParametersDict.dsomap not found
/usr/bin/ld: cannot find -lTrkSurfaces
collect2: error: ld returned 1 exit status
make[2]: [../armv7l-fc21-gcc49-opt/libTrkParameters.so] Error 1 (ignored)
#CMT---> Info: Document TrkParameters_optdebug_library
#CMT---> (TrkParametersDict.make) TrkParametersDictinstall: No rule for such target
#CMT---> (TrkParameters_optdebug_library.make) ../armv7l-fc21-gcc49-opt/libTrkParameters.so: No rule for such target
#CMT---> Info: Document TrkParametersDictMerge
#CMT---> Info: Document TrkParametersDict_optdebug_library
objcopy: '../armv7l-fc21-gcc49-opt/libTrkParameters.so': No such file
make[2]: [../armv7l-fc21-gcc49-opt/libTrkParameters.so.debug] Error 1 (ignored)
objcopy: '../armv7l-fc21-gcc49-opt/libTrkParameters.so': No such file
make[2]: [../armv7l-fc21-gcc49-opt/libTrkParameters.so.debug] Error 1 (ignored)
objcopy: 'libTrkParameters.so': No such file
make[2]: [../armv7l-fc21-gcc49-opt/libTrkParameters.so.debug] Error 1 (ignored)
#CMT---> (TrkParametersDict_optdebug_library.make) ../armv7l-fc21-gcc49-opt/libTrkParametersDict.so: No rule for such target
objcopy: '../armv7l-fc21-gcc49-opt/libTrkParametersDict.so': No such file
make[2]: [../armv7l-fc21-gcc49-opt/libTrkParametersDict.so.debug] Error 1 (ignored)
objcopy: '../armv7l-fc21-gcc49-opt/libTrkParametersDict.so': No such file
make[2]: [../armv7l-fc21-gcc49-opt/libTrkParametersDict.so.debug] Error 1 (ignored)
#CMT---> Info: calculating dependencies for ../TrkParameters/TrkParametersDict.h
objcopy: 'libTrkParametersDict.so': No such file
make[2]: [../armv7l-fc21-gcc49-opt/libTrkParametersDict.so.debug] Error 1 (ignored)
#CMT---> Info: Document checkreq
#CMT---> Info: Library TrkParametersIdentificationHelpers
#CMT---> Info: Document install_root_include_path
#CMT---> Info: Application TestTrkParametersIdentificationHelpers
#CMT---> Info: Document install_includes
../src/TrackParametersIdentificationHelper.cxx:7:36: warning: TrackParametersIdentifier Trk::getIdentifier(const TrackParameters&) defined but not used [-Wunused-function]
   static TrackParametersIdentifier getIdentifier( const Trk::TrackParameters& pars ) {
                                    ^
/usr/bin/ld: cannot find -lTrkParameters
/usr/bin/ld: cannot find -lTrkSurfaces
collect2: error: ld returned 1 exit status
make[2]: [../armv7l-fc21-gcc49-opt/libTrkParametersIdentificationHelpers.so] Error 1 (ignored)
#CMT---> Info: Document TrkParametersIdentificationHelpers_optdebug_library
#CMT---> (TrkParametersIdentificationHelpers_optdebug_library.make) ../armv7l-fc21-gcc49-opt/libTrkParametersIdentificationHelpers.so: No rule for such target
objcopy: '../armv7l-fc21-gcc49-opt/libTrkParametersIdentificationHelpers.so': No such file
make[2]: [../armv7l-fc21-gcc49-opt/libTrkParametersIdentificationHelpers.so.debug] Error 1 (ignored)
objcopy: '../armv7l-fc21-gcc49-opt/libTrkParametersIdentificationHelpers.so': No such file
make[2]: [../armv7l-fc21-gcc49-opt/libTrkParametersIdentificationHelpers.so.debug] Error 1 (ignored)
objcopy: 'libTrkParametersIdentificationHelpers.so': No such file
make[2]: [../armv7l-fc21-gcc49-opt/libTrkParametersIdentificationHelpers.so.debug] Error 1 (ignored)
/usr/bin/ld: cannot find -lTrkParametersIdentificationHelpers
/usr/bin/ld: cannot find -lTrkParameters
/usr/bin/ld: cannot find -lTrkSurfaces
collect2: error: ld returned 1 exit status
make[2]: [../armv7l-fc21-gcc49-opt/TestTrkParametersIdentificationHelpers.exe] Error 1 (ignored)
objcopy: stnmPizr: debuglink section already exists
#CMT---> Warning: package not found: AtlasConditionsRunTime AtlasConditionsRunTime-* (requested by SCT_ModuleDistortions)
#CMT---> Info: #CMT--->Library SCT_ModuleDistortions
 Info: Document check_install_runtime
#CMT---> Info: Document checkreq
#CMT---> Info: Document check_install_joboptions
#CMT---> Info: Document install_root_include_path
#CMT---> Info: Document install_includes
#CMT---> Info: Document install_joboptions
#CMT---> Info: Document install_runtime
/usr/bin/ld: cannot find -lInDetReadoutGeometry
/usr/bin/ld: cannot find -lTrkParameters
/usr/bin/ld: cannot find -lTrkSurfaces
collect2: error: ld returned 1 exit status
make[2]: [../armv7l-fc21-gcc49-opt/libSCT_ModuleDistortions.so] Error 1 (ignored)
#CMT---> Info: Document SCT_ModuleDistortions_optdebug_library
#CMT---> Info: Document SCT_ModuleDistortionsCLIDDB
#CMT---> (SCT_ModuleDistortionsCLIDDB.make) ../armv7l-fc21-gcc49-opt/libSCT_ModuleDistortions.so: No rule for such target
#CMT---> (SCT_ModuleDistortions_optdebug_library.make) ../armv7l-fc21-gcc49-opt/libSCT_ModuleDistortions.so: No rule for such target
objcopy: '../armv7l-fc21-gcc49-opt/libSCT_ModuleDistortions.so': No such file
make[2]: [../armv7l-fc21-gcc49-opt/libSCT_ModuleDistortions.so.debug] Error 1 (ignored)
objcopy: '../armv7l-fc21-gcc49-opt/libSCT_ModuleDistortions.so': No such file
make[2]: [../armv7l-fc21-gcc49-opt/libSCT_ModuleDistortions.so.debug] Error 1 (ignored)
objcopy: 'libSCT_ModuleDistortions.so': No such file
make[2]: [../armv7l-fc21-gcc49-opt/libSCT_ModuleDistortions.so.debug] Error 1 (ignored)
make[2]: [/home/jwsmith/HDD/InstallArea/share/SCT_ModuleDistortions_clid.db] Error 3 (ignored)
#CMT---> Info: Document SCT_ModuleDistortionsComponentsList
#CMT---> (SCT_ModuleDistortionsComponentsList.make) ../armv7l-fc21-gcc49-opt/libSCT_ModuleDistortions.so: No rule for such target
ERROR: failed to load libSCT_ModuleDistortions.so
make[2]: [../armv7l-fc21-gcc49-opt/SCT_ModuleDistortions.components] Error 1 (ignored)
#CMT---> Info: Document SCT_ModuleDistortionsMergeComponentsList
#CMT---> Warning: Source file ../armv7l-fc21-gcc49-opt/libSCT_ModuleDistortions.so not found
#CMT---> Info: Document checkreq
#CMT---> Info: Library TrkGeometrySurfaces
#CMT---> Info: Document install_includes
#CMT---> Info: Document install_root_include_path
/usr/bin/ld: cannot find -lTrkSurfaces
collect2: error: ld returned 1 exit status
make[2]: [../armv7l-fc21-gcc49-opt/libTrkGeometrySurfaces.so] Error 1 (ignored)
#CMT---> Info: Document TrkGeometrySurfaces_optdebug_library
#CMT---> (TrkGeometrySurfaces_optdebug_library.make) ../armv7l-fc21-gcc49-opt/libTrkGeometrySurfaces.so: No rule for such target
objcopy: '../armv7l-fc21-gcc49-opt/libTrkGeometrySurfaces.so': No such file
make[2]: [../armv7l-fc21-gcc49-opt/libTrkGeometrySurfaces.so.debug] Error 1 (ignored)
objcopy: '../armv7l-fc21-gcc49-opt/libTrkGeometrySurfaces.so': No such file
make[2]: [../armv7l-fc21-gcc49-opt/libTrkGeometrySurfaces.so.debug] Error 1 (ignored)
objcopy: 'libTrkGeometrySurfaces.so': No such file
make[2]: [../armv7l-fc21-gcc49-opt/libTrkGeometrySurfaces.so.debug] Error 1 (ignored)
#CMT---> Info: Document checkreq
#CMT---> Info: Document install_root_include_path
#CMT---> Info: #CMT---> Info: Library TrkVolumes
Document install_includes
/usr/bin/ld: cannot find -lTrkGeometrySurfaces
/usr/bin/ld: cannot find -lTrkParameters
/usr/bin/ld: cannot find -lTrkSurfaces
collect2: error: ld returned 1 exit status
make[2]: [../armv7l-fc21-gcc49-opt/libTrkVolumes.so] Error 1 (ignored)
#CMT---> Info: Document TrkVolumes_optdebug_library
#CMT---> (TrkVolumes_optdebug_library.make) ../armv7l-fc21-gcc49-opt/libTrkVolumes.so: No rule for such target
objcopy: '../armv7l-fc21-gcc49-opt/libTrkVolumes.so': No such file
make[2]: [../armv7l-fc21-gcc49-opt/libTrkVolumes.so.debug] Error 1 (ignored)
objcopy: '../armv7l-fc21-gcc49-opt/libTrkVolumes.so': No such file
make[2]: [../armv7l-fc21-gcc49-opt/libTrkVolumes.so.debug] Error 1 (ignored)
objcopy: 'libTrkVolumes.so': No such file
make[2]: [../armv7l-fc21-gcc49-opt/libTrkVolumes.so.debug] Error 1 (ignored)
#CMT---> Info: Document install_includes
#CMT---> Info: Document checkreq
#CMT---> Info: Document install_root_include_path
#CMT---> Info: Library TrkGeometry
#CMT---> Info: Document TrkGeometryGen
#CMT---> Info: calculating dependencies for ../TrkGeometry/TrkGeometryDict.h
make[2]: [../armv7l-fc21-gcc49-opt/dict/TrkGeometry/TrkGeometryDict.xml.stamp] Error 2 (ignored)
#CMT---> Info: Library TrkGeometryDict
#CMT---> Info: Document check_install_TrkGeometryDict_TrkGeometrydictrootmap
#CMT---> Info: Document install_TrkGeometryDict_TrkGeometrydictrootmap
#CMT---> Warning: Source file ../armv7l-fc21-gcc49-opt/dict/TrkGeometry/TrkGeometryDict.dsomap not found
/usr/bin/ld: cannot find -lTrkVolumes
/usr/bin/ld: cannot find -lTrkParameters
/usr/bin/ld: cannot find -lTrkGeometrySurfaces
/usr/bin/ld: cannot find -lTrkSurfaces
collect2: error: ld returned 1 exit status
make[2]: [../armv7l-fc21-gcc49-opt/libTrkGeometry.so] Error 1 (ignored)
#CMT---> Info: Document TrkGeometry_optdebug_library
#CMT---> (TrkGeometryDict.make) TrkGeometryDictinstall: No rule for such target
#CMT---> (TrkGeometry_optdebug_library.make) ../armv7l-fc21-gcc49-opt/libTrkGeometry.so: No rule for such target
#CMT---> Info: Document TrkGeometryDict_optdebug_library
#CMT---> Info: Document TrkGeometryDictMerge
objcopy: '../armv7l-fc21-gcc49-opt/libTrkGeometry.so': No such file
make[2]: [../armv7l-fc21-gcc49-opt/libTrkGeometry.so.debug] Error 1 (ignored)
objcopy: '../armv7l-fc21-gcc49-opt/libTrkGeometry.so': No such file
make[2]: [../armv7l-fc21-gcc49-opt/libTrkGeometry.so.debug] Error 1 (ignored)
objcopy: 'libTrkGeometry.so': No such file
make[2]: [../armv7l-fc21-gcc49-opt/libTrkGeometry.so.debug] Error 1 (ignored)
#CMT---> (TrkGeometryDict_optdebug_library.make) ../armv7l-fc21-gcc49-opt/libTrkGeometryDict.so: No rule for such target
objcopy: '../armv7l-fc21-gcc49-opt/libTrkGeometryDict.so': No such file
make[2]: [../armv7l-fc21-gcc49-opt/libTrkGeometryDict.so.debug] Error 1 (ignored)
objcopy: '../armv7l-fc21-gcc49-opt/libTrkGeometryDict.so': No such file
make[2]: [../armv7l-fc21-gcc49-opt/libTrkGeometryDict.so.debug] Error 1 (ignored)
#CMT---> Info: calculating dependencies for ../TrkGeometry/TrkGeometryDict.h
objcopy: 'libTrkGeometryDict.so': No such file
make[2]: [../armv7l-fc21-gcc49-opt/libTrkGeometryDict.so.debug] Error 1 (ignored)
#CMT---> Info: Document checkreq
#CMT---> Info: Document install_includes
#CMT---> Info: Library TrkExUtils
#CMT---> Info: Document install_root_include_path
/usr/bin/ld: cannot find -lTrkGeometry
/usr/bin/ld: cannot find -lTrkVolumes
/usr/bin/ld: cannot find -lTrkParameters
/usr/bin/ld: cannot find -lTrkGeometrySurfaces
/usr/bin/ld: cannot find -lTrkSurfaces
/usr/bin/ld: cannot find -lTrkMaterialOnTrack
collect2: error: ld returned 1 exit status
make[2]: [../armv7l-fc21-gcc49-opt/libTrkExUtils.so] Error 1 (ignored)
#CMT---> Info: Document TrkExUtils_optdebug_library
#CMT---> (TrkExUtils_optdebug_library.make) ../armv7l-fc21-gcc49-opt/libTrkExUtils.so: No rule for such target
objcopy: '../armv7l-fc21-gcc49-opt/libTrkExUtils.so': No such file
make[2]: [../armv7l-fc21-gcc49-opt/libTrkExUtils.so.debug] Error 1 (ignored)
objcopy: '../armv7l-fc21-gcc49-opt/libTrkExUtils.so': No such file
make[2]: [../armv7l-fc21-gcc49-opt/libTrkExUtils.so.debug] Error 1 (ignored)
objcopy: 'libTrkExUtils.so': No such file
make[2]: [../armv7l-fc21-gcc49-opt/libTrkExUtils.so.debug] Error 1 (ignored)
#CMT---> Info: Document install_includes
#CMT---> Info: Document checkreq
#CMT--->#CMT---> Info: Document install_root_include_path
 Info: Library TrkDetDescrTPCnv
#CMT---> Info: Document TrkDetDescrTPCnvGen
#CMT---> Info: calculating dependencies for ../TrkDetDescrTPCnv/TrkDetDescrTPCnvDict.h
make[2]: [../armv7l-fc21-gcc49-opt/dict/TrkDetDescrTPCnv/TrkDetDescrTPCnvDict.xml.stamp] Error 2 (ignored)
#CMT---> Info: Library TrkDetDescrTPCnvDict
#CMT---> Info: Document check_install_TrkDetDescrTPCnvDict_TrkDetDescrTPCnvdictrootmap
#CMT---> Info: Document install_TrkDetDescrTPCnvDict_TrkDetDescrTPCnvdictrootmap
#CMT---> Warning: Source file ../armv7l-fc21-gcc49-opt/dict/TrkDetDescrTPCnv/TrkDetDescrTPCnvDict.dsomap not found
/usr/bin/ld: cannot find -lTrkGeometry
/usr/bin/ld: cannot find -lTrkVolumes
/usr/bin/ld: cannot find -lTrkParameters
/usr/bin/ld: cannot find -lTrkGeometrySurfaces
/usr/bin/ld: cannot find -lTrkSurfaces
collect2: error: ld returned 1 exit status
make[2]: [../armv7l-fc21-gcc49-opt/libTrkDetDescrTPCnv.so] Error 1 (ignored)
#CMT---> Info: Document TrkDetDescrTPCnv_optdebug_library
#CMT---> Info: Document TrkDetDescrTPCnvComponentsList
#CMT---> (TrkDetDescrTPCnvDict.make) TrkDetDescrTPCnvDictinstall: No rule for such target
#CMT---> (TrkDetDescrTPCnv_optdebug_library.make) ../armv7l-fc21-gcc49-opt/libTrkDetDescrTPCnv.so: No rule for such target
#CMT---> (TrkDetDescrTPCnvComponentsList.make) ../armv7l-fc21-gcc49-opt/libTrkDetDescrTPCnv.so: No rule for such target
#CMT---> Info: Document TrkDetDescrTPCnvDict_optdebug_library
#CMT--->objcopy: '../armv7l-fc21-gcc49-opt/libTrkDetDescrTPCnv.so': No such file
 Info: Document TrkDetDescrTPCnvDictMerge
make[2]: [../armv7l-fc21-gcc49-opt/libTrkDetDescrTPCnv.so.debug] Error 1 (ignored)
objcopy: '../armv7l-fc21-gcc49-opt/libTrkDetDescrTPCnv.so': No such file
make[2]: [../armv7l-fc21-gcc49-opt/libTrkDetDescrTPCnv.so.debug] Error 1 (ignored)
objcopy: 'libTrkDetDescrTPCnv.so': No such file
make[2]: [../armv7l-fc21-gcc49-opt/libTrkDetDescrTPCnv.so.debug] Error 1 (ignored)
ERROR: failed to load libTrkDetDescrTPCnv.so
make[2]: [../armv7l-fc21-gcc49-opt/TrkDetDescrTPCnv.components] Error 1 (ignored)
#CMT---> (TrkDetDescrTPCnvDict_optdebug_library.make) ../armv7l-fc21-gcc49-opt/libTrkDetDescrTPCnvDict.so: No rule for such target
objcopy: '../armv7l-fc21-gcc49-opt/libTrkDetDescrTPCnvDict.so': No such file
make[2]: [../armv7l-fc21-gcc49-opt/libTrkDetDescrTPCnvDict.so.debug] Error 1 (ignored)
objcopy: '../armv7l-fc21-gcc49-opt/libTrkDetDescrTPCnvDict.so': No such file
make[2]: [../armv7l-fc21-gcc49-opt/libTrkDetDescrTPCnvDict.so.debug] Error 1 (ignored)
#CMT---> Info: Document TrkDetDescrTPCnvMergeComponentsList
#CMT---> Warning: Source file ../armv7l-fc21-gcc49-opt/libTrkDetDescrTPCnv.so not found
objcopy: 'libTrkDetDescrTPCnvDict.so': No such file
#CMT---> Info: calculating dependencies for ../TrkDetDescrTPCnv/TrkDetDescrTPCnvDict.h
make[2]: [../armv7l-fc21-gcc49-opt/libTrkDetDescrTPCnvDict.so.debug] Error 1 (ignored)
#CMT---> Info: Document TrkDetDescrAthenaPoolPoolCnvGen
#CMT---> Info: Document install_root_include_path
#CMT---> Info: Document checkreq
#CMT---> Info: Document install_includes
#CMT---> Info: calculating dependencies for /home/jwsmith/HDD/AtlasOfflineBuild-framework/InstallArea/AtlasConditions/AtlasConditions-20.1.0/Tracking/TrkDetDescr/TrkGeometry/TrkGeometry/MaterialStepCollection.h
#CMT---> Info: calculating dependencies for /home/jwsmith/HDD/AtlasOfflineBuild-framework/InstallArea/AtlasConditions/AtlasConditions-20.1.0/Tracking/TrkDetDescr/TrkGeometry/TrkGeometry/LayerMaterialMap.h
#CMT---> Info: calculating dependencies for /home/jwsmith/HDD/AtlasOfflineBuild-framework/InstallArea/AtlasConditions/AtlasConditions-20.1.0/Tracking/TrkDetDescr/TrkGeometry/TrkGeometry/ElementTable.h
#CMT---> Info: Library TrkDetDescrAthenaPoolPoolCnv
#CMT---> Info: Document install_pool_joboptions
/usr/bin/ld: cannot find -lTrkDetDescrTPCnv
/usr/bin/ld: cannot find -lTrkGeometry
/usr/bin/ld: cannot find -lTrkVolumes
/usr/bin/ld: cannot find -lTrkParameters
/usr/bin/ld: cannot find -lTrkGeometrySurfaces
/usr/bin/ld: cannot find -lTrkSurfaces
collect2: error: ld returned 1 exit status
make[2]: [../armv7l-fc21-gcc49-opt/libTrkDetDescrAthenaPoolPoolCnv.so] Error 1 (ignored)
#CMT---> Info: Document TrkDetDescrAthenaPoolPoolCnvComponentsList
#CMT---> Info: Document TrkDetDescrAthenaPoolPoolCnv_optdebug_library
#CMT---> (TrkDetDescrAthenaPoolPoolCnvComponentsList.make) ../armv7l-fc21-gcc49-opt/libTrkDetDescrAthenaPoolPoolCnv.so: No rule for such target
#CMT---> (TrkDetDescrAthenaPoolPoolCnv_optdebug_library.make) ../armv7l-fc21-gcc49-opt/libTrkDetDescrAthenaPoolPoolCnv.so: No rule for such target
objcopy: '../armv7l-fc21-gcc49-opt/libTrkDetDescrAthenaPoolPoolCnv.so': No such file
make[2]: [../armv7l-fc21-gcc49-opt/libTrkDetDescrAthenaPoolPoolCnv.so.debug] Error 1 (ignored)
objcopy: '../armv7l-fc21-gcc49-opt/libTrkDetDescrAthenaPoolPoolCnv.so': No such file
make[2]: [../armv7l-fc21-gcc49-opt/libTrkDetDescrAthenaPoolPoolCnv.so.debug] Error 1 (ignored)
objcopy: 'libTrkDetDescrAthenaPoolPoolCnv.so': No such file
make[2]: [../armv7l-fc21-gcc49-opt/libTrkDetDescrAthenaPoolPoolCnv.so.debug] Error 1 (ignored)
ERROR: failed to load libTrkDetDescrAthenaPoolPoolCnv.so
make[2]: [../armv7l-fc21-gcc49-opt/TrkDetDescrAthenaPoolPoolCnv.components] Error 1 (ignored)
#CMT---> Info: Document TrkDetDescrAthenaPoolPoolCnvMergeComponentsList
#CMT---> Warning: Source file ../armv7l-fc21-gcc49-opt/libTrkDetDescrAthenaPoolPoolCnv.so not found
#CMT---> Info: Document install_includes#CMT---> Info: Library TrkDetDescrGeoModelCnv

#CMT---> Info: Document install_root_include_path
#CMT---> Info: Document checkreq
/usr/bin/ld: cannot find -lTrkGeometry
/usr/bin/ld: cannot find -lTrkVolumes
/usr/bin/ld: cannot find -lTrkParameters
/usr/bin/ld: cannot find -lTrkGeometrySurfaces
/usr/bin/ld: cannot find -lTrkSurfaces
collect2: error: ld returned 1 exit status
make[2]: [../armv7l-fc21-gcc49-opt/libTrkDetDescrGeoModelCnv.so] Error 1 (ignored)
#CMT---> Info: Document TrkDetDescrGeoModelCnv_optdebug_library
#CMT---> (TrkDetDescrGeoModelCnv_optdebug_library.make) ../armv7l-fc21-gcc49-opt/libTrkDetDescrGeoModelCnv.so: No rule for such target
objcopy: '../armv7l-fc21-gcc49-opt/libTrkDetDescrGeoModelCnv.so': No such file
make[2]: [../armv7l-fc21-gcc49-opt/libTrkDetDescrGeoModelCnv.so.debug] Error 1 (ignored)
objcopy: '../armv7l-fc21-gcc49-opt/libTrkDetDescrGeoModelCnv.so': No such file
make[2]: [../armv7l-fc21-gcc49-opt/libTrkDetDescrGeoModelCnv.so.debug] Error 1 (ignored)
objcopy: 'libTrkDetDescrGeoModelCnv.so': No such file
make[2]: [../armv7l-fc21-gcc49-opt/libTrkDetDescrGeoModelCnv.so.debug] Error 1 (ignored)
#CMT---> Info: Document checkreq
#CMT--->#CMT---> Info: Document install_root_include_path
 Info: Document install_includes
#CMT---> Info: Document install_root_include_path
#CMT---> Info: Library TrkDetDescrTools
#CMT---> Info: Document checkreq
#CMT---> Info: Document install_includes
/usr/bin/ld: cannot find -lTrkGeometry
/usr/bin/ld: cannot find -lTrkVolumes
/usr/bin/ld: cannot find -lTrkGeometrySurfaces
/usr/bin/ld: cannot find -lTrkParameters
/usr/bin/ld: cannot find -lTrkMaterialOnTrack
collect2: error: ld returned 1 exit status
make[2]: [../armv7l-fc21-gcc49-opt/libTrkDetDescrTools.so] Error 1 (ignored)
#CMT---> Info: Document TrkDetDescrToolsCLIDDB
#CMT---> Info: Document TrkDetDescrTools_optdebug_library
#CMT---> (TrkDetDescrToolsCLIDDB.make) ../armv7l-fc21-gcc49-opt/libTrkDetDescrTools.so: No rule for such target
#CMT---> (TrkDetDescrTools_optdebug_library.make) ../armv7l-fc21-gcc49-opt/libTrkDetDescrTools.so: No rule for such target
objcopy: '../armv7l-fc21-gcc49-opt/libTrkDetDescrTools.so': No such file
make[2]: [../armv7l-fc21-gcc49-opt/libTrkDetDescrTools.so.debug] Error 1 (ignored)
objcopy: '../armv7l-fc21-gcc49-opt/libTrkDetDescrTools.so': No such file
make[2]: [../armv7l-fc21-gcc49-opt/libTrkDetDescrTools.so.debug] Error 1 (ignored)
objcopy: 'libTrkDetDescrTools.so': No such file
make[2]: [../armv7l-fc21-gcc49-opt/libTrkDetDescrTools.so.debug] Error 1 (ignored)
make[2]: [/home/jwsmith/HDD/InstallArea/share/TrkDetDescrTools_clid.db] Error 3 (ignored)
#CMT---> Info: Document TrkDetDescrToolsComponentsList
#CMT---> (TrkDetDescrToolsComponentsList.make) ../armv7l-fc21-gcc49-opt/libTrkDetDescrTools.so: No rule for such target
ERROR: failed to load libTrkDetDescrTools.so
make[2]: [../armv7l-fc21-gcc49-opt/TrkDetDescrTools.components] Error 1 (ignored)
#CMT---> Info: Document TrkDetDescrToolsMergeComponentsList
#CMT---> Warning: Source file ../armv7l-fc21-gcc49-opt/libTrkDetDescrTools.so not found
#CMT---> Info: Library TrkDetDescrSvcLib
#CMT---> Info: Document checkreq
#CMT---> Info: Library TrkDetDescrSvc
#CMT---> Info: Document check_install_python_modules
#CMT---> Info: Document install_root_include_path
#CMT---> Info: Document install_includes
#CMT---> Info: Document install_python_modules
In file included from ../src/TrackingVolumesSvc.cxx:6:0:
/home/jwsmith/HDD/AtlasOfflineBuild-framework/InstallArea/AtlasConditions/AtlasConditions-20.1.0/Tracking/TrkDetDescr/TrkDetDescrSvc/TrkDetDescrSvc/TrackingVolumesSvc.h:34:9: warning: class Trk::TrackingVolumesSvc derives directly from Service; should derive from AthService instead.  (See <https://twiki.cern.ch/twiki/bin/view/AtlasComputing/ImprovingSoftware>.)
   class TrackingVolumesSvc : public Service, virtual public ITrackingVolumesSvc {
         ^
In file included from ../src/components/TrkDetDescrSvc_entries.cxx:2:0:
/home/jwsmith/HDD/AtlasOfflineBuild-framework/InstallArea/AtlasConditions/AtlasConditions-20.1.0/Tracking/TrkDetDescr/TrkDetDescrSvc/TrkDetDescrSvc/TrackingVolumesSvc.h:34:9: warning: class Trk::TrackingVolumesSvc derives directly from Service; should derive from AthService instead.  (See <https://twiki.cern.ch/twiki/bin/view/AtlasComputing/ImprovingSoftware>.)
   class TrackingVolumesSvc : public Service, virtual public ITrackingVolumesSvc {
         ^
/usr/bin/ld: cannot find -lTrkGeometry
/usr/bin/ld: cannot find -lTrkVolumes
/usr/bin/ld: cannot find -lTrkGeometrySurfaces
/usr/bin/ld: cannot find -lTrkParameters
/usr/bin/ld: cannot find -lTrkMaterialOnTrack
collect2: error: ld returned 1 exit status
make[2]: [../armv7l-fc21-gcc49-opt/libTrkDetDescrSvcLib.so] Error 1 (ignored)
#CMT---> Info: Document TrkDetDescrSvcLib_optdebug_library
#CMT---> (TrkDetDescrSvcLib_optdebug_library.make) ../armv7l-fc21-gcc49-opt/libTrkDetDescrSvcLib.so: No rule for such target
objcopy: '../armv7l-fc21-gcc49-opt/libTrkDetDescrSvcLib.so': No such file
make[2]: [../armv7l-fc21-gcc49-opt/libTrkDetDescrSvcLib.so.debug] Error 1 (ignored)
objcopy: '../armv7l-fc21-gcc49-opt/libTrkDetDescrSvcLib.so': No such file
make[2]: [../armv7l-fc21-gcc49-opt/libTrkDetDescrSvcLib.so.debug] Error 1 (ignored)
objcopy: 'libTrkDetDescrSvcLib.so': No such file
make[2]: [../armv7l-fc21-gcc49-opt/libTrkDetDescrSvcLib.so.debug] Error 1 (ignored)
/usr/bin/ld: cannot find -lTrkDetDescrSvcLib
/usr/bin/ld: cannot find -lTrkGeometry
/usr/bin/ld: cannot find -lTrkVolumes
/usr/bin/ld: cannot find -lTrkGeometrySurfaces
/usr/bin/ld: cannot find -lTrkParameters
/usr/bin/ld: cannot find -lTrkMaterialOnTrack
collect2: error: ld returned 1 exit status
make[2]: [../armv7l-fc21-gcc49-opt/libTrkDetDescrSvc.so] Error 1 (ignored)
#CMT---> Info: Document TrkDetDescrSvcConf
#CMT---> Warning: Source file ../armv7l-fc21-gcc49-opt/libTrkDetDescrSvc.so not found
#CMT---> Info: Document TrkDetDescrSvc_optdebug_library
#CMT---> Info: Document TrkDetDescrSvcCLIDDB
#CMT---> (TrkDetDescrSvcConf.make) ../armv7l-fc21-gcc49-opt/libTrkDetDescrSvc.so: No rule for such target
#CMT---> (TrkDetDescrSvc_optdebug_library.make) ../armv7l-fc21-gcc49-opt/libTrkDetDescrSvc.so: No rule for such target
#CMT---> (TrkDetDescrSvcCLIDDB.make) ../armv7l-fc21-gcc49-opt/libTrkDetDescrSvc.so: No rule for such target
objcopy: '../armv7l-fc21-gcc49-opt/libTrkDetDescrSvc.so': No such file
make[2]: [../armv7l-fc21-gcc49-opt/libTrkDetDescrSvc.so.debug] Error 1 (ignored)
objcopy: '../armv7l-fc21-gcc49-opt/libTrkDetDescrSvc.so': No such file
make[2]: [../armv7l-fc21-gcc49-opt/libTrkDetDescrSvc.so.debug] Error 1 (ignored)
objcopy: 'libTrkDetDescrSvc.so': No such file
make[2]: [../armv7l-fc21-gcc49-opt/libTrkDetDescrSvc.so.debug] Error 1 (ignored)
make[2]: [/home/jwsmith/HDD/AtlasOfflineBuild-framework/InstallArea/AtlasConditions/AtlasConditions-20.1.0/Tracking/TrkDetDescr/TrkDetDescrSvc/genConf/TrkDetDescrSvc/TrkDetDescrSvcConf.py] Error 1 (ignored)
#CMT---> Info: Document TrkDetDescrSvc_python_init
#CMT---> Info: Document TrkDetDescrSvcConfDbMerge
#CMT---> Warning: Source file ../armv7l-fc21-gcc49-opt/libTrkDetDescrSvc.so not found
make[2]: [/home/jwsmith/HDD/InstallArea/share/TrkDetDescrSvc_clid.db] Error 3 (ignored)
#CMT---> Info: Document TrkDetDescrSvcComponentsList
#CMT---> (TrkDetDescrSvcComponentsList.make) ../armv7l-fc21-gcc49-opt/libTrkDetDescrSvc.so: No rule for such target
ERROR: failed to load libTrkDetDescrSvc.so
make[2]: [../armv7l-fc21-gcc49-opt/TrkDetDescrSvc.components] Error 1 (ignored)
#CMT---> Info: Document TrkDetDescrSvcMergeComponentsList
#CMT---> Warning: Source file ../armv7l-fc21-gcc49-opt/libTrkDetDescrSvc.so not found
#CMT---> Info: Document checkreq
#CMT---> Info: Document check_install_joboptions
#CMT---> Info: Document check_install_python_modules
#CMT---> Info: Library MuonTrackingGeometry
#CMT---> Info: Document install_root_include_path#CMT--->
 Info: Document install_includes
#CMT---> Info: Document install_joboptions
#CMT---> Info: Document install_python_modules
/usr/bin/ld: cannot find -lTrkDetDescrGeoModelCnv
/usr/bin/ld: cannot find -lTrkGeometry
/usr/bin/ld: cannot find -lTrkVolumes
/usr/bin/ld: cannot find -lTrkGeometrySurfaces
/usr/bin/ld: cannot find -lTrkParameters
/usr/bin/ld: cannot find -lTrkSurfaces
/usr/bin/ld: cannot find -lTrkMaterialOnTrack
collect2: error: ld returned 1 exit status
make[2]: [../armv7l-fc21-gcc49-opt/libMuonTrackingGeometry.so] Error 1 (ignored)
#CMT---> Info: Document MuonTrackingGeometryCLIDDB
#CMT---> Info: Document MuonTrackingGeometry_optdebug_library
#CMT---> (MuonTrackingGeometry_optdebug_library.make) ../armv7l-fc21-gcc49-opt/libMuonTrackingGeometry.so: No rule for such target
#CMT---> (MuonTrackingGeometryCLIDDB.make) ../armv7l-fc21-gcc49-opt/libMuonTrackingGeometry.so: No rule for such target
objcopy: '../armv7l-fc21-gcc49-opt/libMuonTrackingGeometry.so': No such file
make[2]: [../armv7l-fc21-gcc49-opt/libMuonTrackingGeometry.so.debug] Error 1 (ignored)
objcopy: '../armv7l-fc21-gcc49-opt/libMuonTrackingGeometry.so': No such file
make[2]: [../armv7l-fc21-gcc49-opt/libMuonTrackingGeometry.so.debug] Error 1 (ignored)
objcopy: 'libMuonTrackingGeometry.so': No such file
make[2]: [../armv7l-fc21-gcc49-opt/libMuonTrackingGeometry.so.debug] Error 1 (ignored)
make[2]: [/home/jwsmith/HDD/InstallArea/share/MuonTrackingGeometry_clid.db] Error 3 (ignored)
#CMT---> Info: Document MuonTrackingGeometryComponentsList
#CMT---> (MuonTrackingGeometryComponentsList.make) ../armv7l-fc21-gcc49-opt/libMuonTrackingGeometry.so: No rule for such target
ERROR: failed to load libMuonTrackingGeometry.so
make[2]: [../armv7l-fc21-gcc49-opt/MuonTrackingGeometry.components] Error 1 (ignored)
#CMT---> Info: Document MuonTrackingGeometryMergeComponentsList
#CMT---> Warning: Source file ../armv7l-fc21-gcc49-opt/libMuonTrackingGeometry.so not found
#CMT---> Info: Library LArHV
#CMT---> Info: Document install_includes
#CMT---> Info: Document install_root_include_path
#CMT---> Info: Document checkreq
#CMT---> Info: Document LArHV_optdebug_library
#CMT---> Info: Document checkreq
#CMT---> Info: Document check_install_joboptions
#CMT---> Info: Library MuonGeoModel
#CMT---> Info: Library MuonGeoModelLib
#CMT---> Info: Document install_root_include_path
#CMT---> Info: Document install_includes
#CMT---> Info: Document install_joboptions
make[2]: [../armv7l-fc21-gcc49-opt/RDBReaderAtlas.o] Interrupt (ignored)
make[2]: [../armv7l-fc21-gcc49-opt/MuonDetectorTool.o] Interrupt (ignored)
make[2]: [../armv7l-fc21-gcc49-opt/DBReader.o] Interrupt (ignored)
make[2]: [../armv7l-fc21-gcc49-opt/RpcLayer.o] Interrupt (ignored)
make[1]: [MuonGeoModelLibcompile] Interrupt (ignored)
make: [all] Interrupt (ignored)
